[2022-06-07 04:32:06,666] {taskinstance.py:876} INFO - Dependencies all met for <TaskInstance: my_first_dag.sleep 2022-06-07T04:31:06.213006+00:00 [queued]>
[2022-06-07 04:32:06,672] {taskinstance.py:876} INFO - Dependencies all met for <TaskInstance: my_first_dag.sleep 2022-06-07T04:31:06.213006+00:00 [queued]>
[2022-06-07 04:32:06,673] {taskinstance.py:1067} INFO - 
--------------------------------------------------------------------------------
[2022-06-07 04:32:06,673] {taskinstance.py:1068} INFO - Starting attempt 1 of 1
[2022-06-07 04:32:06,673] {taskinstance.py:1069} INFO - 
--------------------------------------------------------------------------------
[2022-06-07 04:32:06,677] {taskinstance.py:1087} INFO - Executing <Task(BashOperator): sleep> on 2022-06-07T04:31:06.213006+00:00
[2022-06-07 04:32:06,681] {standard_task_runner.py:52} INFO - Started process 1518 to run task
[2022-06-07 04:32:06,682] {standard_task_runner.py:76} INFO - Running: ['***', 'tasks', 'run', 'my_first_dag', 'sleep', '2022-06-07T04:31:06.213006+00:00', '--job-id', '5', '--pool', 'default_pool', '--raw', '--subdir', 'DAGS_FOLDER/test.py', '--cfg-path', '/tmp/tmpp5q3okzl', '--error-file', '/tmp/tmp8pu6_amv']
[2022-06-07 04:32:06,683] {standard_task_runner.py:77} INFO - Job 5: Subtask sleep
[2022-06-07 04:32:06,698] {logging_mixin.py:104} INFO - Running <TaskInstance: my_first_dag.sleep 2022-06-07T04:31:06.213006+00:00 [running]> on host a5dfe0d23405
[2022-06-07 04:32:06,720] {taskinstance.py:1282} INFO - Exporting the following env vars:
AIRFLOW_CTX_DAG_OWNER=jovyan
AIRFLOW_CTX_DAG_ID=my_first_dag
AIRFLOW_CTX_TASK_ID=sleep
AIRFLOW_CTX_EXECUTION_DATE=2022-06-07T04:31:06.213006+00:00
AIRFLOW_CTX_DAG_RUN_ID=manual__2022-06-07T04:31:06.213006+00:00
[2022-06-07 04:32:06,720] {subprocess.py:52} INFO - Tmp dir root location: 
 /tmp
[2022-06-07 04:32:06,720] {subprocess.py:63} INFO - Running command: ['bash', '-c', 'sleep 3']
[2022-06-07 04:32:06,725] {subprocess.py:75} INFO - Output:
[2022-06-07 04:32:09,727] {subprocess.py:83} INFO - Command exited with return code 0
[2022-06-07 04:32:09,746] {taskinstance.py:1191} INFO - Marking task as SUCCESS. dag_id=my_first_dag, task_id=sleep, execution_date=20220607T043106, start_date=20220607T043206, end_date=20220607T043209
[2022-06-07 04:32:09,770] {taskinstance.py:1245} INFO - 1 downstream tasks scheduled from follow-on schedule check
[2022-06-07 04:32:09,784] {local_task_job.py:151} INFO - Task exited with return code 0
