[2022-06-07 06:26:43,198] {taskinstance.py:876} INFO - Dependencies all met for <TaskInstance: my_first_dag.sleep 2022-06-07T06:26:39.824637+00:00 [queued]>
[2022-06-07 06:26:43,261] {taskinstance.py:876} INFO - Dependencies all met for <TaskInstance: my_first_dag.sleep 2022-06-07T06:26:39.824637+00:00 [queued]>
[2022-06-07 06:26:43,263] {taskinstance.py:1067} INFO - 
--------------------------------------------------------------------------------
[2022-06-07 06:26:43,265] {taskinstance.py:1068} INFO - Starting attempt 1 of 1
[2022-06-07 06:26:43,276] {taskinstance.py:1069} INFO - 
--------------------------------------------------------------------------------
[2022-06-07 06:26:43,303] {taskinstance.py:1087} INFO - Executing <Task(BashOperator): sleep> on 2022-06-07T06:26:39.824637+00:00
[2022-06-07 06:26:43,324] {standard_task_runner.py:52} INFO - Started process 8752 to run task
[2022-06-07 06:26:43,332] {standard_task_runner.py:76} INFO - Running: ['***', 'tasks', 'run', 'my_first_dag', 'sleep', '2022-06-07T06:26:39.824637+00:00', '--job-id', '17', '--pool', 'default_pool', '--raw', '--subdir', 'DAGS_FOLDER/test.py', '--cfg-path', '/tmp/tmpze_aquo9', '--error-file', '/tmp/tmpky5ckczb']
[2022-06-07 06:26:43,334] {standard_task_runner.py:77} INFO - Job 17: Subtask sleep
[2022-06-07 06:26:43,488] {logging_mixin.py:104} INFO - Running <TaskInstance: my_first_dag.sleep 2022-06-07T06:26:39.824637+00:00 [running]> on host 5b2048768e87
[2022-06-07 06:26:43,640] {taskinstance.py:1282} INFO - Exporting the following env vars:
AIRFLOW_CTX_DAG_OWNER=jovyan
AIRFLOW_CTX_DAG_ID=my_first_dag
AIRFLOW_CTX_TASK_ID=sleep
AIRFLOW_CTX_EXECUTION_DATE=2022-06-07T06:26:39.824637+00:00
AIRFLOW_CTX_DAG_RUN_ID=manual__2022-06-07T06:26:39.824637+00:00
[2022-06-07 06:26:43,644] {subprocess.py:52} INFO - Tmp dir root location: 
 /tmp
[2022-06-07 06:26:43,646] {subprocess.py:63} INFO - Running command: ['bash', '-c', 'sleep 3']
[2022-06-07 06:26:43,658] {subprocess.py:75} INFO - Output:
[2022-06-07 06:26:46,723] {subprocess.py:83} INFO - Command exited with return code 0
[2022-06-07 06:26:46,838] {taskinstance.py:1191} INFO - Marking task as SUCCESS. dag_id=my_first_dag, task_id=sleep, execution_date=20220607T062639, start_date=20220607T062643, end_date=20220607T062646
[2022-06-07 06:26:46,930] {taskinstance.py:1245} INFO - 1 downstream tasks scheduled from follow-on schedule check
[2022-06-07 06:26:46,977] {local_task_job.py:151} INFO - Task exited with return code 0
