[2022-06-07 06:26:42,587] {taskinstance.py:876} INFO - Dependencies all met for <TaskInstance: my_first_dag.print_date 2022-06-07T06:26:41.871484+00:00 [queued]>
[2022-06-07 06:26:42,631] {taskinstance.py:876} INFO - Dependencies all met for <TaskInstance: my_first_dag.print_date 2022-06-07T06:26:41.871484+00:00 [queued]>
[2022-06-07 06:26:42,632] {taskinstance.py:1067} INFO - 
--------------------------------------------------------------------------------
[2022-06-07 06:26:42,632] {taskinstance.py:1068} INFO - Starting attempt 1 of 1
[2022-06-07 06:26:42,633] {taskinstance.py:1069} INFO - 
--------------------------------------------------------------------------------
[2022-06-07 06:26:42,638] {taskinstance.py:1087} INFO - Executing <Task(BashOperator): print_date> on 2022-06-07T06:26:41.871484+00:00
[2022-06-07 06:26:42,643] {standard_task_runner.py:52} INFO - Started process 21435 to run task
[2022-06-07 06:26:42,645] {standard_task_runner.py:76} INFO - Running: ['***', 'tasks', 'run', 'my_first_dag', 'print_date', '2022-06-07T06:26:41.871484+00:00', '--job-id', '16', '--pool', 'default_pool', '--raw', '--subdir', 'DAGS_FOLDER/test.py', '--cfg-path', '/tmp/tmpypq7vdy8', '--error-file', '/tmp/tmp2ytoa69q']
[2022-06-07 06:26:42,645] {standard_task_runner.py:77} INFO - Job 16: Subtask print_date
[2022-06-07 06:26:42,665] {logging_mixin.py:104} INFO - Running <TaskInstance: my_first_dag.print_date 2022-06-07T06:26:41.871484+00:00 [running]> on host a5dfe0d23405
[2022-06-07 06:26:42,698] {taskinstance.py:1282} INFO - Exporting the following env vars:
AIRFLOW_CTX_DAG_OWNER=jovyan
AIRFLOW_CTX_DAG_ID=my_first_dag
AIRFLOW_CTX_TASK_ID=print_date
AIRFLOW_CTX_EXECUTION_DATE=2022-06-07T06:26:41.871484+00:00
AIRFLOW_CTX_DAG_RUN_ID=manual__2022-06-07T06:26:41.871484+00:00
[2022-06-07 06:26:42,699] {subprocess.py:52} INFO - Tmp dir root location: 
 /tmp
[2022-06-07 06:26:42,700] {subprocess.py:63} INFO - Running command: ['bash', '-c', 'date']
[2022-06-07 06:26:42,706] {subprocess.py:75} INFO - Output:
[2022-06-07 06:26:42,708] {subprocess.py:79} INFO - Tue Jun  7 06:26:42 UTC 2022
[2022-06-07 06:26:42,709] {subprocess.py:83} INFO - Command exited with return code 0
[2022-06-07 06:26:42,727] {taskinstance.py:1191} INFO - Marking task as SUCCESS. dag_id=my_first_dag, task_id=print_date, execution_date=20220607T062641, start_date=20220607T062642, end_date=20220607T062642
[2022-06-07 06:26:42,745] {taskinstance.py:1245} INFO - 1 downstream tasks scheduled from follow-on schedule check
[2022-06-07 06:26:42,776] {local_task_job.py:151} INFO - Task exited with return code 0
