[2022-06-07 06:26:50,081] {taskinstance.py:876} INFO - Dependencies all met for <TaskInstance: my_first_dag.print_date 2022-06-07T06:26:49.546229+00:00 [queued]>
[2022-06-07 06:26:50,095] {taskinstance.py:876} INFO - Dependencies all met for <TaskInstance: my_first_dag.print_date 2022-06-07T06:26:49.546229+00:00 [queued]>
[2022-06-07 06:26:50,095] {taskinstance.py:1067} INFO - 
--------------------------------------------------------------------------------
[2022-06-07 06:26:50,095] {taskinstance.py:1068} INFO - Starting attempt 1 of 1
[2022-06-07 06:26:50,097] {taskinstance.py:1069} INFO - 
--------------------------------------------------------------------------------
[2022-06-07 06:26:50,103] {taskinstance.py:1087} INFO - Executing <Task(BashOperator): print_date> on 2022-06-07T06:26:49.546229+00:00
[2022-06-07 06:26:50,108] {standard_task_runner.py:52} INFO - Started process 21444 to run task
[2022-06-07 06:26:50,111] {standard_task_runner.py:76} INFO - Running: ['***', 'tasks', 'run', 'my_first_dag', 'print_date', '2022-06-07T06:26:49.546229+00:00', '--job-id', '25', '--pool', 'default_pool', '--raw', '--subdir', 'DAGS_FOLDER/test.py', '--cfg-path', '/tmp/tmpn77oh_0l', '--error-file', '/tmp/tmpkzu7hy31']
[2022-06-07 06:26:50,111] {standard_task_runner.py:77} INFO - Job 25: Subtask print_date
[2022-06-07 06:26:50,133] {logging_mixin.py:104} INFO - Running <TaskInstance: my_first_dag.print_date 2022-06-07T06:26:49.546229+00:00 [running]> on host a5dfe0d23405
[2022-06-07 06:26:50,185] {taskinstance.py:1282} INFO - Exporting the following env vars:
AIRFLOW_CTX_DAG_OWNER=jovyan
AIRFLOW_CTX_DAG_ID=my_first_dag
AIRFLOW_CTX_TASK_ID=print_date
AIRFLOW_CTX_EXECUTION_DATE=2022-06-07T06:26:49.546229+00:00
AIRFLOW_CTX_DAG_RUN_ID=manual__2022-06-07T06:26:49.546229+00:00
[2022-06-07 06:26:50,186] {subprocess.py:52} INFO - Tmp dir root location: 
 /tmp
[2022-06-07 06:26:50,186] {subprocess.py:63} INFO - Running command: ['bash', '-c', 'date']
[2022-06-07 06:26:50,197] {subprocess.py:75} INFO - Output:
[2022-06-07 06:26:50,202] {subprocess.py:79} INFO - Tue Jun  7 06:26:50 UTC 2022
[2022-06-07 06:26:50,202] {subprocess.py:83} INFO - Command exited with return code 0
[2022-06-07 06:26:50,238] {taskinstance.py:1191} INFO - Marking task as SUCCESS. dag_id=my_first_dag, task_id=print_date, execution_date=20220607T062649, start_date=20220607T062650, end_date=20220607T062650
[2022-06-07 06:26:50,278] {taskinstance.py:1245} INFO - 1 downstream tasks scheduled from follow-on schedule check
[2022-06-07 06:26:50,323] {local_task_job.py:151} INFO - Task exited with return code 0
