[2022-06-07 04:32:05,358] {taskinstance.py:876} INFO - Dependencies all met for <TaskInstance: my_first_dag.print_date 2022-06-07T04:31:06.213006+00:00 [queued]>
[2022-06-07 04:32:05,365] {taskinstance.py:876} INFO - Dependencies all met for <TaskInstance: my_first_dag.print_date 2022-06-07T04:31:06.213006+00:00 [queued]>
[2022-06-07 04:32:05,365] {taskinstance.py:1067} INFO - 
--------------------------------------------------------------------------------
[2022-06-07 04:32:05,365] {taskinstance.py:1068} INFO - Starting attempt 1 of 1
[2022-06-07 04:32:05,366] {taskinstance.py:1069} INFO - 
--------------------------------------------------------------------------------
[2022-06-07 04:32:05,369] {taskinstance.py:1087} INFO - Executing <Task(BashOperator): print_date> on 2022-06-07T04:31:06.213006+00:00
[2022-06-07 04:32:05,373] {standard_task_runner.py:52} INFO - Started process 1515 to run task
[2022-06-07 04:32:05,375] {standard_task_runner.py:76} INFO - Running: ['***', 'tasks', 'run', 'my_first_dag', 'print_date', '2022-06-07T04:31:06.213006+00:00', '--job-id', '2', '--pool', 'default_pool', '--raw', '--subdir', 'DAGS_FOLDER/test.py', '--cfg-path', '/tmp/tmpgzswyv49', '--error-file', '/tmp/tmpmk2l8pzt']
[2022-06-07 04:32:05,375] {standard_task_runner.py:77} INFO - Job 2: Subtask print_date
[2022-06-07 04:32:05,404] {logging_mixin.py:104} INFO - Running <TaskInstance: my_first_dag.print_date 2022-06-07T04:31:06.213006+00:00 [running]> on host a5dfe0d23405
[2022-06-07 04:32:05,449] {taskinstance.py:1282} INFO - Exporting the following env vars:
AIRFLOW_CTX_DAG_OWNER=jovyan
AIRFLOW_CTX_DAG_ID=my_first_dag
AIRFLOW_CTX_TASK_ID=print_date
AIRFLOW_CTX_EXECUTION_DATE=2022-06-07T04:31:06.213006+00:00
AIRFLOW_CTX_DAG_RUN_ID=manual__2022-06-07T04:31:06.213006+00:00
[2022-06-07 04:32:05,449] {subprocess.py:52} INFO - Tmp dir root location: 
 /tmp
[2022-06-07 04:32:05,449] {subprocess.py:63} INFO - Running command: ['bash', '-c', 'date']
[2022-06-07 04:32:05,455] {subprocess.py:75} INFO - Output:
[2022-06-07 04:32:05,457] {subprocess.py:79} INFO - Tue Jun  7 04:32:05 UTC 2022
[2022-06-07 04:32:05,457] {subprocess.py:83} INFO - Command exited with return code 0
[2022-06-07 04:32:05,470] {taskinstance.py:1191} INFO - Marking task as SUCCESS. dag_id=my_first_dag, task_id=print_date, execution_date=20220607T043106, start_date=20220607T043205, end_date=20220607T043205
[2022-06-07 04:32:05,484] {taskinstance.py:1245} INFO - 1 downstream tasks scheduled from follow-on schedule check
[2022-06-07 04:32:05,506] {local_task_job.py:151} INFO - Task exited with return code 0
