[2022-06-07 07:52:42,835] {taskinstance.py:876} INFO - Dependencies all met for <TaskInstance: my_python_dag.task_4 2022-06-07T07:52:27.249227+00:00 [queued]>
[2022-06-07 07:52:42,895] {taskinstance.py:876} INFO - Dependencies all met for <TaskInstance: my_python_dag.task_4 2022-06-07T07:52:27.249227+00:00 [queued]>
[2022-06-07 07:52:42,897] {taskinstance.py:1067} INFO - 
--------------------------------------------------------------------------------
[2022-06-07 07:52:42,899] {taskinstance.py:1068} INFO - Starting attempt 1 of 1
[2022-06-07 07:52:42,909] {taskinstance.py:1069} INFO - 
--------------------------------------------------------------------------------
[2022-06-07 07:52:42,950] {taskinstance.py:1087} INFO - Executing <Task(PythonOperator): task_4> on 2022-06-07T07:52:27.249227+00:00
[2022-06-07 07:52:42,981] {standard_task_runner.py:52} INFO - Started process 207 to run task
[2022-06-07 07:52:42,991] {standard_task_runner.py:76} INFO - Running: ['***', 'tasks', 'run', 'my_python_dag', 'task_4', '2022-06-07T07:52:27.249227+00:00', '--job-id', '66', '--pool', 'default_pool', '--raw', '--subdir', 'DAGS_FOLDER/test2.py', '--cfg-path', '/tmp/tmpzlkinp19', '--error-file', '/tmp/tmprkep9mwz']
[2022-06-07 07:52:42,994] {standard_task_runner.py:77} INFO - Job 66: Subtask task_4
[2022-06-07 07:52:43,281] {logging_mixin.py:104} INFO - Running <TaskInstance: my_python_dag.task_4 2022-06-07T07:52:27.249227+00:00 [running]> on host d775c049e98a
[2022-06-07 07:52:43,448] {taskinstance.py:1282} INFO - Exporting the following env vars:
AIRFLOW_CTX_DAG_OWNER=jovyan
AIRFLOW_CTX_DAG_ID=my_python_dag
AIRFLOW_CTX_TASK_ID=task_4
AIRFLOW_CTX_EXECUTION_DATE=2022-06-07T07:52:27.249227+00:00
AIRFLOW_CTX_DAG_RUN_ID=manual__2022-06-07T07:52:27.249227+00:00
[2022-06-07 07:52:43,451] {logging_mixin.py:104} INFO - ============================================================
[2022-06-07 07:52:43,453] {logging_mixin.py:104} INFO - fruit_name: cherry
[2022-06-07 07:52:43,455] {logging_mixin.py:104} INFO - ============================================================
[2022-06-07 07:52:43,549] {logging_mixin.py:104} INFO - {'conf': <***.configuration.AirflowConfigParser object at 0x4004da4eb8>,
 'dag': <DAG: my_python_dag>,
 'dag_run': <DagRun my_python_dag @ 2022-06-07 07:52:27.249227+00:00: manual__2022-06-07T07:52:27.249227+00:00, externally triggered: True>,
 'ds': '2022-06-07',
 'ds_nodash': '20220607',
 'execution_date': DateTime(2022, 6, 7, 7, 52, 27, 249227, tzinfo=Timezone('+00:00')),
 'inlets': [],
 'macros': <module '***.macros' from '/home/***/.local/lib/python3.6/site-packages/***/macros/__init__.py'>,
 'next_ds': '2022-06-07',
 'next_ds_nodash': '20220607',
 'next_execution_date': DateTime(2022, 6, 7, 7, 52, 27, 249227, tzinfo=Timezone('+00:00')),
 'outlets': [],
 'params': {},
 'prev_ds': '2022-06-07',
 'prev_ds_nodash': '20220607',
 'prev_execution_date': DateTime(2022, 6, 7, 7, 52, 27, 249227, tzinfo=Timezone('+00:00')),
 'prev_execution_date_success': <Proxy at 0x40318322c8 with factory <function TaskInstance.get_template_context.<locals>.<lambda> at 0x4031844c80>>,
 'prev_start_date_success': <Proxy at 0x40325359c8 with factory <function TaskInstance.get_template_context.<locals>.<lambda> at 0x4031907bf8>>,
 'run_id': 'manual__2022-06-07T07:52:27.249227+00:00',
 'task': <Task(PythonOperator): task_4>,
 'task_instance': <TaskInstance: my_python_dag.task_4 2022-06-07T07:52:27.249227+00:00 [running]>,
 'task_instance_key_str': 'my_python_dag__task_4__20220607',
 'templates_dict': None,
 'test_mode': False,
 'ti': <TaskInstance: my_python_dag.task_4 2022-06-07T07:52:27.249227+00:00 [running]>,
 'tomorrow_ds': '2022-06-08',
 'tomorrow_ds_nodash': '20220608',
 'ts': '2022-06-07T07:52:27.249227+00:00',
 'ts_nodash': '20220607T075227',
 'ts_nodash_with_tz': '20220607T075227.249227+0000',
 'var': {'json': None, 'value': None},
 'yesterday_ds': '2022-06-06',
 'yesterday_ds_nodash': '20220606'}
[2022-06-07 07:52:43,552] {logging_mixin.py:104} INFO - ============================================================
[2022-06-07 07:52:43,554] {python.py:151} INFO - Done. Returned value was: print complete!!!
[2022-06-07 07:52:43,625] {taskinstance.py:1191} INFO - Marking task as SUCCESS. dag_id=my_python_dag, task_id=task_4, execution_date=20220607T075227, start_date=20220607T075242, end_date=20220607T075243
[2022-06-07 07:52:43,695] {taskinstance.py:1245} INFO - 0 downstream tasks scheduled from follow-on schedule check
[2022-06-07 07:52:43,734] {local_task_job.py:151} INFO - Task exited with return code 0
