[2022-06-07 06:26:41,320] {taskinstance.py:876} INFO - Dependencies all met for <TaskInstance: my_first_dag.print_date 2022-06-07T06:26:39.824637+00:00 [queued]>
[2022-06-07 06:26:41,368] {taskinstance.py:876} INFO - Dependencies all met for <TaskInstance: my_first_dag.print_date 2022-06-07T06:26:39.824637+00:00 [queued]>
[2022-06-07 06:26:41,369] {taskinstance.py:1067} INFO - 
--------------------------------------------------------------------------------
[2022-06-07 06:26:41,370] {taskinstance.py:1068} INFO - Starting attempt 1 of 1
[2022-06-07 06:26:41,381] {taskinstance.py:1069} INFO - 
--------------------------------------------------------------------------------
[2022-06-07 06:26:41,407] {taskinstance.py:1087} INFO - Executing <Task(BashOperator): print_date> on 2022-06-07T06:26:39.824637+00:00
[2022-06-07 06:26:41,430] {standard_task_runner.py:52} INFO - Started process 8744 to run task
[2022-06-07 06:26:41,438] {standard_task_runner.py:76} INFO - Running: ['***', 'tasks', 'run', 'my_first_dag', 'print_date', '2022-06-07T06:26:39.824637+00:00', '--job-id', '15', '--pool', 'default_pool', '--raw', '--subdir', 'DAGS_FOLDER/test.py', '--cfg-path', '/tmp/tmplojiq6kf', '--error-file', '/tmp/tmpzfoz0n8b']
[2022-06-07 06:26:41,441] {standard_task_runner.py:77} INFO - Job 15: Subtask print_date
[2022-06-07 06:26:41,577] {logging_mixin.py:104} INFO - Running <TaskInstance: my_first_dag.print_date 2022-06-07T06:26:39.824637+00:00 [running]> on host 5b2048768e87
[2022-06-07 06:26:41,694] {taskinstance.py:1282} INFO - Exporting the following env vars:
AIRFLOW_CTX_DAG_OWNER=jovyan
AIRFLOW_CTX_DAG_ID=my_first_dag
AIRFLOW_CTX_TASK_ID=print_date
AIRFLOW_CTX_EXECUTION_DATE=2022-06-07T06:26:39.824637+00:00
AIRFLOW_CTX_DAG_RUN_ID=manual__2022-06-07T06:26:39.824637+00:00
[2022-06-07 06:26:41,697] {subprocess.py:52} INFO - Tmp dir root location: 
 /tmp
[2022-06-07 06:26:41,700] {subprocess.py:63} INFO - Running command: ['bash', '-c', 'date']
[2022-06-07 06:26:41,713] {subprocess.py:75} INFO - Output:
[2022-06-07 06:26:41,781] {subprocess.py:79} INFO - Tue Jun  7 06:26:41 UTC 2022
[2022-06-07 06:26:41,783] {subprocess.py:83} INFO - Command exited with return code 0
[2022-06-07 06:26:41,838] {taskinstance.py:1191} INFO - Marking task as SUCCESS. dag_id=my_first_dag, task_id=print_date, execution_date=20220607T062639, start_date=20220607T062641, end_date=20220607T062641
[2022-06-07 06:26:41,908] {taskinstance.py:1245} INFO - 1 downstream tasks scheduled from follow-on schedule check
[2022-06-07 06:26:41,932] {local_task_job.py:151} INFO - Task exited with return code 0
