[2022-06-07 06:26:50,610] {taskinstance.py:876} INFO - Dependencies all met for <TaskInstance: my_first_dag.print_whoami 2022-06-07T06:26:44.410172+00:00 [queued]>
[2022-06-07 06:26:50,664] {taskinstance.py:876} INFO - Dependencies all met for <TaskInstance: my_first_dag.print_whoami 2022-06-07T06:26:44.410172+00:00 [queued]>
[2022-06-07 06:26:50,665] {taskinstance.py:1067} INFO - 
--------------------------------------------------------------------------------
[2022-06-07 06:26:50,667] {taskinstance.py:1068} INFO - Starting attempt 1 of 1
[2022-06-07 06:26:50,678] {taskinstance.py:1069} INFO - 
--------------------------------------------------------------------------------
[2022-06-07 06:26:50,707] {taskinstance.py:1087} INFO - Executing <Task(BashOperator): print_whoami> on 2022-06-07T06:26:44.410172+00:00
[2022-06-07 06:26:50,730] {standard_task_runner.py:52} INFO - Started process 8788 to run task
[2022-06-07 06:26:50,738] {standard_task_runner.py:76} INFO - Running: ['***', 'tasks', 'run', 'my_first_dag', 'print_whoami', '2022-06-07T06:26:44.410172+00:00', '--job-id', '26', '--pool', 'default_pool', '--raw', '--subdir', 'DAGS_FOLDER/test.py', '--cfg-path', '/tmp/tmpmfdd0ih8', '--error-file', '/tmp/tmp9oo94w85']
[2022-06-07 06:26:50,740] {standard_task_runner.py:77} INFO - Job 26: Subtask print_whoami
[2022-06-07 06:26:50,905] {logging_mixin.py:104} INFO - Running <TaskInstance: my_first_dag.print_whoami 2022-06-07T06:26:44.410172+00:00 [running]> on host 5b2048768e87
[2022-06-07 06:26:51,081] {taskinstance.py:1282} INFO - Exporting the following env vars:
AIRFLOW_CTX_DAG_OWNER=jovyan
AIRFLOW_CTX_DAG_ID=my_first_dag
AIRFLOW_CTX_TASK_ID=print_whoami
AIRFLOW_CTX_EXECUTION_DATE=2022-06-07T06:26:44.410172+00:00
AIRFLOW_CTX_DAG_RUN_ID=manual__2022-06-07T06:26:44.410172+00:00
[2022-06-07 06:26:51,085] {subprocess.py:52} INFO - Tmp dir root location: 
 /tmp
[2022-06-07 06:26:51,087] {subprocess.py:63} INFO - Running command: ['bash', '-c', 'whoami']
[2022-06-07 06:26:51,104] {subprocess.py:75} INFO - Output:
[2022-06-07 06:26:51,171] {subprocess.py:79} INFO - default
[2022-06-07 06:26:51,173] {subprocess.py:83} INFO - Command exited with return code 0
[2022-06-07 06:26:51,227] {taskinstance.py:1191} INFO - Marking task as SUCCESS. dag_id=my_first_dag, task_id=print_whoami, execution_date=20220607T062644, start_date=20220607T062650, end_date=20220607T062651
[2022-06-07 06:26:51,301] {taskinstance.py:1245} INFO - 0 downstream tasks scheduled from follow-on schedule check
[2022-06-07 06:26:51,319] {local_task_job.py:151} INFO - Task exited with return code 0
