[2022-06-07 04:48:54,275] {taskinstance.py:876} INFO - Dependencies all met for <TaskInstance: my_first_dag.print_whoami 2022-06-07T04:48:47.458396+00:00 [queued]>
[2022-06-07 04:48:54,284] {taskinstance.py:876} INFO - Dependencies all met for <TaskInstance: my_first_dag.print_whoami 2022-06-07T04:48:47.458396+00:00 [queued]>
[2022-06-07 04:48:54,284] {taskinstance.py:1067} INFO - 
--------------------------------------------------------------------------------
[2022-06-07 04:48:54,284] {taskinstance.py:1068} INFO - Starting attempt 1 of 1
[2022-06-07 04:48:54,285] {taskinstance.py:1069} INFO - 
--------------------------------------------------------------------------------
[2022-06-07 04:48:54,298] {taskinstance.py:1087} INFO - Executing <Task(BashOperator): print_whoami> on 2022-06-07T04:48:47.458396+00:00
[2022-06-07 04:48:54,303] {standard_task_runner.py:52} INFO - Started process 5258 to run task
[2022-06-07 04:48:54,306] {standard_task_runner.py:76} INFO - Running: ['***', 'tasks', 'run', 'my_first_dag', 'print_whoami', '2022-06-07T04:48:47.458396+00:00', '--job-id', '11', '--pool', 'default_pool', '--raw', '--subdir', 'DAGS_FOLDER/test.py', '--cfg-path', '/tmp/tmpuomhjc70', '--error-file', '/tmp/tmp85f9gqwh']
[2022-06-07 04:48:54,306] {standard_task_runner.py:77} INFO - Job 11: Subtask print_whoami
[2022-06-07 04:48:54,393] {logging_mixin.py:104} INFO - Running <TaskInstance: my_first_dag.print_whoami 2022-06-07T04:48:47.458396+00:00 [running]> on host 6e7d0d9f14a6
[2022-06-07 04:48:54,458] {taskinstance.py:1282} INFO - Exporting the following env vars:
AIRFLOW_CTX_DAG_OWNER=jovyan
AIRFLOW_CTX_DAG_ID=my_first_dag
AIRFLOW_CTX_TASK_ID=print_whoami
AIRFLOW_CTX_EXECUTION_DATE=2022-06-07T04:48:47.458396+00:00
AIRFLOW_CTX_DAG_RUN_ID=manual__2022-06-07T04:48:47.458396+00:00
[2022-06-07 04:48:54,458] {subprocess.py:52} INFO - Tmp dir root location: 
 /tmp
[2022-06-07 04:48:54,458] {subprocess.py:63} INFO - Running command: ['bash', '-c', 'whoami']
[2022-06-07 04:48:54,507] {subprocess.py:75} INFO - Output:
[2022-06-07 04:48:54,510] {subprocess.py:79} INFO - default
[2022-06-07 04:48:54,510] {subprocess.py:83} INFO - Command exited with return code 0
[2022-06-07 04:48:54,549] {taskinstance.py:1191} INFO - Marking task as SUCCESS. dag_id=my_first_dag, task_id=print_whoami, execution_date=20220607T044847, start_date=20220607T044854, end_date=20220607T044854
[2022-06-07 04:48:54,583] {taskinstance.py:1245} INFO - 0 downstream tasks scheduled from follow-on schedule check
[2022-06-07 04:48:54,636] {local_task_job.py:151} INFO - Task exited with return code 0
