[2022-06-07 04:48:49,640] {taskinstance.py:876} INFO - Dependencies all met for <TaskInstance: my_first_dag.sleep 2022-06-07T04:48:47.458396+00:00 [queued]>
[2022-06-07 04:48:49,702] {taskinstance.py:876} INFO - Dependencies all met for <TaskInstance: my_first_dag.sleep 2022-06-07T04:48:47.458396+00:00 [queued]>
[2022-06-07 04:48:49,705] {taskinstance.py:1067} INFO - 
--------------------------------------------------------------------------------
[2022-06-07 04:48:49,707] {taskinstance.py:1068} INFO - Starting attempt 1 of 1
[2022-06-07 04:48:49,719] {taskinstance.py:1069} INFO - 
--------------------------------------------------------------------------------
[2022-06-07 04:48:49,753] {taskinstance.py:1087} INFO - Executing <Task(BashOperator): sleep> on 2022-06-07T04:48:47.458396+00:00
[2022-06-07 04:48:49,779] {standard_task_runner.py:52} INFO - Started process 1863 to run task
[2022-06-07 04:48:49,788] {standard_task_runner.py:76} INFO - Running: ['***', 'tasks', 'run', 'my_first_dag', 'sleep', '2022-06-07T04:48:47.458396+00:00', '--job-id', '10', '--pool', 'default_pool', '--raw', '--subdir', 'DAGS_FOLDER/test.py', '--cfg-path', '/tmp/tmpzkchz7og', '--error-file', '/tmp/tmpjkmt607p']
[2022-06-07 04:48:49,790] {standard_task_runner.py:77} INFO - Job 10: Subtask sleep
[2022-06-07 04:48:49,940] {logging_mixin.py:104} INFO - Running <TaskInstance: my_first_dag.sleep 2022-06-07T04:48:47.458396+00:00 [running]> on host 5b2048768e87
[2022-06-07 04:48:50,080] {taskinstance.py:1282} INFO - Exporting the following env vars:
AIRFLOW_CTX_DAG_OWNER=jovyan
AIRFLOW_CTX_DAG_ID=my_first_dag
AIRFLOW_CTX_TASK_ID=sleep
AIRFLOW_CTX_EXECUTION_DATE=2022-06-07T04:48:47.458396+00:00
AIRFLOW_CTX_DAG_RUN_ID=manual__2022-06-07T04:48:47.458396+00:00
[2022-06-07 04:48:50,085] {subprocess.py:52} INFO - Tmp dir root location: 
 /tmp
[2022-06-07 04:48:50,089] {subprocess.py:63} INFO - Running command: ['bash', '-c', 'sleep 3']
[2022-06-07 04:48:50,109] {subprocess.py:75} INFO - Output:
[2022-06-07 04:48:53,181] {subprocess.py:83} INFO - Command exited with return code 0
[2022-06-07 04:48:53,261] {taskinstance.py:1191} INFO - Marking task as SUCCESS. dag_id=my_first_dag, task_id=sleep, execution_date=20220607T044847, start_date=20220607T044849, end_date=20220607T044853
[2022-06-07 04:48:53,349] {taskinstance.py:1245} INFO - 1 downstream tasks scheduled from follow-on schedule check
[2022-06-07 04:48:53,393] {local_task_job.py:151} INFO - Task exited with return code 0
