[2022-06-07 04:48:47,846] {taskinstance.py:876} INFO - Dependencies all met for <TaskInstance: my_first_dag.print_date 2022-06-07T04:48:47.458396+00:00 [queued]>
[2022-06-07 04:48:47,866] {taskinstance.py:876} INFO - Dependencies all met for <TaskInstance: my_first_dag.print_date 2022-06-07T04:48:47.458396+00:00 [queued]>
[2022-06-07 04:48:47,866] {taskinstance.py:1067} INFO - 
--------------------------------------------------------------------------------
[2022-06-07 04:48:47,866] {taskinstance.py:1068} INFO - Starting attempt 1 of 1
[2022-06-07 04:48:47,868] {taskinstance.py:1069} INFO - 
--------------------------------------------------------------------------------
[2022-06-07 04:48:47,875] {taskinstance.py:1087} INFO - Executing <Task(BashOperator): print_date> on 2022-06-07T04:48:47.458396+00:00
[2022-06-07 04:48:47,880] {standard_task_runner.py:52} INFO - Started process 5255 to run task
[2022-06-07 04:48:47,883] {standard_task_runner.py:76} INFO - Running: ['***', 'tasks', 'run', 'my_first_dag', 'print_date', '2022-06-07T04:48:47.458396+00:00', '--job-id', '9', '--pool', 'default_pool', '--raw', '--subdir', 'DAGS_FOLDER/test.py', '--cfg-path', '/tmp/tmpf7h22_6_', '--error-file', '/tmp/tmpjw4a6ycc']
[2022-06-07 04:48:47,883] {standard_task_runner.py:77} INFO - Job 9: Subtask print_date
[2022-06-07 04:48:47,992] {logging_mixin.py:104} INFO - Running <TaskInstance: my_first_dag.print_date 2022-06-07T04:48:47.458396+00:00 [running]> on host 6e7d0d9f14a6
[2022-06-07 04:48:48,057] {taskinstance.py:1282} INFO - Exporting the following env vars:
AIRFLOW_CTX_DAG_OWNER=jovyan
AIRFLOW_CTX_DAG_ID=my_first_dag
AIRFLOW_CTX_TASK_ID=print_date
AIRFLOW_CTX_EXECUTION_DATE=2022-06-07T04:48:47.458396+00:00
AIRFLOW_CTX_DAG_RUN_ID=manual__2022-06-07T04:48:47.458396+00:00
[2022-06-07 04:48:48,058] {subprocess.py:52} INFO - Tmp dir root location: 
 /tmp
[2022-06-07 04:48:48,058] {subprocess.py:63} INFO - Running command: ['bash', '-c', 'date']
[2022-06-07 04:48:48,105] {subprocess.py:75} INFO - Output:
[2022-06-07 04:48:48,109] {subprocess.py:79} INFO - Tue Jun  7 04:48:48 UTC 2022
[2022-06-07 04:48:48,109] {subprocess.py:83} INFO - Command exited with return code 0
[2022-06-07 04:48:48,144] {taskinstance.py:1191} INFO - Marking task as SUCCESS. dag_id=my_first_dag, task_id=print_date, execution_date=20220607T044847, start_date=20220607T044847, end_date=20220607T044848
[2022-06-07 04:48:48,176] {taskinstance.py:1245} INFO - 1 downstream tasks scheduled from follow-on schedule check
[2022-06-07 04:48:48,254] {local_task_job.py:151} INFO - Task exited with return code 0
