[2022-06-07 07:46:49,916] {taskinstance.py:876} INFO - Dependencies all met for <TaskInstance: my_python_dag.task_4 2022-06-07T07:46:34.983583+00:00 [queued]>
[2022-06-07 07:46:49,982] {taskinstance.py:876} INFO - Dependencies all met for <TaskInstance: my_python_dag.task_4 2022-06-07T07:46:34.983583+00:00 [queued]>
[2022-06-07 07:46:49,984] {taskinstance.py:1067} INFO - 
--------------------------------------------------------------------------------
[2022-06-07 07:46:49,985] {taskinstance.py:1068} INFO - Starting attempt 1 of 1
[2022-06-07 07:46:49,997] {taskinstance.py:1069} INFO - 
--------------------------------------------------------------------------------
[2022-06-07 07:46:50,030] {taskinstance.py:1087} INFO - Executing <Task(PythonOperator): task_4> on 2022-06-07T07:46:34.983583+00:00
[2022-06-07 07:46:50,061] {standard_task_runner.py:52} INFO - Started process 14436 to run task
[2022-06-07 07:46:50,070] {standard_task_runner.py:76} INFO - Running: ['***', 'tasks', 'run', 'my_python_dag', 'task_4', '2022-06-07T07:46:34.983583+00:00', '--job-id', '60', '--pool', 'default_pool', '--raw', '--subdir', 'DAGS_FOLDER/test2.py', '--cfg-path', '/tmp/tmp9293l9ny', '--error-file', '/tmp/tmppoffqryz']
[2022-06-07 07:46:50,073] {standard_task_runner.py:77} INFO - Job 60: Subtask task_4
[2022-06-07 07:46:50,239] {logging_mixin.py:104} INFO - Running <TaskInstance: my_python_dag.task_4 2022-06-07T07:46:34.983583+00:00 [running]> on host 5b2048768e87
[2022-06-07 07:46:50,404] {taskinstance.py:1282} INFO - Exporting the following env vars:
AIRFLOW_CTX_DAG_OWNER=jovyan
AIRFLOW_CTX_DAG_ID=my_python_dag
AIRFLOW_CTX_TASK_ID=task_4
AIRFLOW_CTX_EXECUTION_DATE=2022-06-07T07:46:34.983583+00:00
AIRFLOW_CTX_DAG_RUN_ID=manual__2022-06-07T07:46:34.983583+00:00
[2022-06-07 07:46:50,407] {logging_mixin.py:104} INFO - ============================================================
[2022-06-07 07:46:50,409] {logging_mixin.py:104} INFO - fruit_name: cherry
[2022-06-07 07:46:50,409] {logging_mixin.py:104} INFO - ============================================================
[2022-06-07 07:46:50,495] {logging_mixin.py:104} INFO - {'conf': <***.configuration.AirflowConfigParser object at 0x4005536dd8>,
 'dag': <DAG: my_python_dag>,
 'dag_run': <DagRun my_python_dag @ 2022-06-07 07:46:34.983583+00:00: manual__2022-06-07T07:46:34.983583+00:00, externally triggered: True>,
 'ds': '2022-06-07',
 'ds_nodash': '20220607',
 'execution_date': DateTime(2022, 6, 7, 7, 46, 34, 983583, tzinfo=Timezone('+00:00')),
 'inlets': [],
 'macros': <module '***.macros' from '/home/***/.local/lib/python3.6/site-packages/***/macros/__init__.py'>,
 'next_ds': '2022-06-07',
 'next_ds_nodash': '20220607',
 'next_execution_date': DateTime(2022, 6, 7, 7, 46, 34, 983583, tzinfo=Timezone('+00:00')),
 'outlets': [],
 'params': {},
 'prev_ds': '2022-06-07',
 'prev_ds_nodash': '20220607',
 'prev_execution_date': DateTime(2022, 6, 7, 7, 46, 34, 983583, tzinfo=Timezone('+00:00')),
 'prev_execution_date_success': <Proxy at 0x4032e92f88 with factory <function TaskInstance.get_template_context.<locals>.<lambda> at 0x4032eac6a8>>,
 'prev_start_date_success': <Proxy at 0x40336c3448 with factory <function TaskInstance.get_template_context.<locals>.<lambda> at 0x4032eadb70>>,
 'run_id': 'manual__2022-06-07T07:46:34.983583+00:00',
 'task': <Task(PythonOperator): task_4>,
 'task_instance': <TaskInstance: my_python_dag.task_4 2022-06-07T07:46:34.983583+00:00 [running]>,
 'task_instance_key_str': 'my_python_dag__task_4__20220607',
 'templates_dict': None,
 'test_mode': False,
 'ti': <TaskInstance: my_python_dag.task_4 2022-06-07T07:46:34.983583+00:00 [running]>,
 'tomorrow_ds': '2022-06-08',
 'tomorrow_ds_nodash': '20220608',
 'ts': '2022-06-07T07:46:34.983583+00:00',
 'ts_nodash': '20220607T074634',
 'ts_nodash_with_tz': '20220607T074634.983583+0000',
 'var': {'json': None, 'value': None},
 'yesterday_ds': '2022-06-06',
 'yesterday_ds_nodash': '20220606'}
[2022-06-07 07:46:50,497] {logging_mixin.py:104} INFO - ============================================================
[2022-06-07 07:46:50,499] {python.py:151} INFO - Done. Returned value was: print complete!!!
[2022-06-07 07:46:50,562] {taskinstance.py:1191} INFO - Marking task as SUCCESS. dag_id=my_python_dag, task_id=task_4, execution_date=20220607T074634, start_date=20220607T074649, end_date=20220607T074650
[2022-06-07 07:46:50,635] {taskinstance.py:1245} INFO - 0 downstream tasks scheduled from follow-on schedule check
[2022-06-07 07:46:50,651] {local_task_job.py:151} INFO - Task exited with return code 0
