[2022-06-07 06:26:48,365] {taskinstance.py:876} INFO - Dependencies all met for <TaskInstance: my_first_dag.print_whoami 2022-06-07T06:26:41.871484+00:00 [queued]>
[2022-06-07 06:26:48,420] {taskinstance.py:876} INFO - Dependencies all met for <TaskInstance: my_first_dag.print_whoami 2022-06-07T06:26:41.871484+00:00 [queued]>
[2022-06-07 06:26:48,427] {taskinstance.py:1067} INFO - 
--------------------------------------------------------------------------------
[2022-06-07 06:26:48,428] {taskinstance.py:1068} INFO - Starting attempt 1 of 1
[2022-06-07 06:26:48,440] {taskinstance.py:1069} INFO - 
--------------------------------------------------------------------------------
[2022-06-07 06:26:48,471] {taskinstance.py:1087} INFO - Executing <Task(BashOperator): print_whoami> on 2022-06-07T06:26:41.871484+00:00
[2022-06-07 06:26:48,494] {standard_task_runner.py:52} INFO - Started process 8771 to run task
[2022-06-07 06:26:48,503] {standard_task_runner.py:76} INFO - Running: ['***', 'tasks', 'run', 'my_first_dag', 'print_whoami', '2022-06-07T06:26:41.871484+00:00', '--job-id', '23', '--pool', 'default_pool', '--raw', '--subdir', 'DAGS_FOLDER/test.py', '--cfg-path', '/tmp/tmpt0ov_scx', '--error-file', '/tmp/tmp5wxjh92g']
[2022-06-07 06:26:48,505] {standard_task_runner.py:77} INFO - Job 23: Subtask print_whoami
[2022-06-07 06:26:48,683] {logging_mixin.py:104} INFO - Running <TaskInstance: my_first_dag.print_whoami 2022-06-07T06:26:41.871484+00:00 [running]> on host 5b2048768e87
[2022-06-07 06:26:48,846] {taskinstance.py:1282} INFO - Exporting the following env vars:
AIRFLOW_CTX_DAG_OWNER=jovyan
AIRFLOW_CTX_DAG_ID=my_first_dag
AIRFLOW_CTX_TASK_ID=print_whoami
AIRFLOW_CTX_EXECUTION_DATE=2022-06-07T06:26:41.871484+00:00
AIRFLOW_CTX_DAG_RUN_ID=manual__2022-06-07T06:26:41.871484+00:00
[2022-06-07 06:26:48,850] {subprocess.py:52} INFO - Tmp dir root location: 
 /tmp
[2022-06-07 06:26:48,852] {subprocess.py:63} INFO - Running command: ['bash', '-c', 'whoami']
[2022-06-07 06:26:48,866] {subprocess.py:75} INFO - Output:
[2022-06-07 06:26:48,933] {subprocess.py:79} INFO - default
[2022-06-07 06:26:48,935] {subprocess.py:83} INFO - Command exited with return code 0
[2022-06-07 06:26:48,987] {taskinstance.py:1191} INFO - Marking task as SUCCESS. dag_id=my_first_dag, task_id=print_whoami, execution_date=20220607T062641, start_date=20220607T062648, end_date=20220607T062648
[2022-06-07 06:26:49,049] {taskinstance.py:1245} INFO - 0 downstream tasks scheduled from follow-on schedule check
[2022-06-07 06:26:49,078] {local_task_job.py:151} INFO - Task exited with return code 0
