[2022-06-07 06:26:51,418] {taskinstance.py:876} INFO - Dependencies all met for <TaskInstance: my_first_dag.sleep 2022-06-07T06:26:49.546229+00:00 [queued]>
[2022-06-07 06:26:51,429] {taskinstance.py:876} INFO - Dependencies all met for <TaskInstance: my_first_dag.sleep 2022-06-07T06:26:49.546229+00:00 [queued]>
[2022-06-07 06:26:51,429] {taskinstance.py:1067} INFO - 
--------------------------------------------------------------------------------
[2022-06-07 06:26:51,429] {taskinstance.py:1068} INFO - Starting attempt 1 of 1
[2022-06-07 06:26:51,430] {taskinstance.py:1069} INFO - 
--------------------------------------------------------------------------------
[2022-06-07 06:26:51,446] {taskinstance.py:1087} INFO - Executing <Task(BashOperator): sleep> on 2022-06-07T06:26:49.546229+00:00
[2022-06-07 06:26:51,452] {standard_task_runner.py:52} INFO - Started process 25652 to run task
[2022-06-07 06:26:51,455] {standard_task_runner.py:76} INFO - Running: ['***', 'tasks', 'run', 'my_first_dag', 'sleep', '2022-06-07T06:26:49.546229+00:00', '--job-id', '27', '--pool', 'default_pool', '--raw', '--subdir', 'DAGS_FOLDER/test.py', '--cfg-path', '/tmp/tmpr04sw3va', '--error-file', '/tmp/tmp6qc52d5h']
[2022-06-07 06:26:51,455] {standard_task_runner.py:77} INFO - Job 27: Subtask sleep
[2022-06-07 06:26:51,553] {logging_mixin.py:104} INFO - Running <TaskInstance: my_first_dag.sleep 2022-06-07T06:26:49.546229+00:00 [running]> on host 6e7d0d9f14a6
[2022-06-07 06:26:51,586] {taskinstance.py:1282} INFO - Exporting the following env vars:
AIRFLOW_CTX_DAG_OWNER=jovyan
AIRFLOW_CTX_DAG_ID=my_first_dag
AIRFLOW_CTX_TASK_ID=sleep
AIRFLOW_CTX_EXECUTION_DATE=2022-06-07T06:26:49.546229+00:00
AIRFLOW_CTX_DAG_RUN_ID=manual__2022-06-07T06:26:49.546229+00:00
[2022-06-07 06:26:51,586] {subprocess.py:52} INFO - Tmp dir root location: 
 /tmp
[2022-06-07 06:26:51,587] {subprocess.py:63} INFO - Running command: ['bash', '-c', 'sleep 3']
[2022-06-07 06:26:51,644] {subprocess.py:75} INFO - Output:
[2022-06-07 06:26:54,647] {subprocess.py:83} INFO - Command exited with return code 0
[2022-06-07 06:26:54,702] {taskinstance.py:1191} INFO - Marking task as SUCCESS. dag_id=my_first_dag, task_id=sleep, execution_date=20220607T062649, start_date=20220607T062651, end_date=20220607T062654
[2022-06-07 06:26:54,737] {taskinstance.py:1245} INFO - 1 downstream tasks scheduled from follow-on schedule check
[2022-06-07 06:26:54,835] {local_task_job.py:151} INFO - Task exited with return code 0
