[2022-06-07 06:26:46,022] {taskinstance.py:876} INFO - Dependencies all met for <TaskInstance: my_first_dag.sleep 2022-06-07T06:26:44.410172+00:00 [queued]>
[2022-06-07 06:26:46,028] {taskinstance.py:876} INFO - Dependencies all met for <TaskInstance: my_first_dag.sleep 2022-06-07T06:26:44.410172+00:00 [queued]>
[2022-06-07 06:26:46,029] {taskinstance.py:1067} INFO - 
--------------------------------------------------------------------------------
[2022-06-07 06:26:46,029] {taskinstance.py:1068} INFO - Starting attempt 1 of 1
[2022-06-07 06:26:46,030] {taskinstance.py:1069} INFO - 
--------------------------------------------------------------------------------
[2022-06-07 06:26:46,033] {taskinstance.py:1087} INFO - Executing <Task(BashOperator): sleep> on 2022-06-07T06:26:44.410172+00:00
[2022-06-07 06:26:46,037] {standard_task_runner.py:52} INFO - Started process 21438 to run task
[2022-06-07 06:26:46,038] {standard_task_runner.py:76} INFO - Running: ['***', 'tasks', 'run', 'my_first_dag', 'sleep', '2022-06-07T06:26:44.410172+00:00', '--job-id', '20', '--pool', 'default_pool', '--raw', '--subdir', 'DAGS_FOLDER/test.py', '--cfg-path', '/tmp/tmpxjz7whc3', '--error-file', '/tmp/tmptr9q5vtz']
[2022-06-07 06:26:46,038] {standard_task_runner.py:77} INFO - Job 20: Subtask sleep
[2022-06-07 06:26:46,057] {logging_mixin.py:104} INFO - Running <TaskInstance: my_first_dag.sleep 2022-06-07T06:26:44.410172+00:00 [running]> on host a5dfe0d23405
[2022-06-07 06:26:46,086] {taskinstance.py:1282} INFO - Exporting the following env vars:
AIRFLOW_CTX_DAG_OWNER=jovyan
AIRFLOW_CTX_DAG_ID=my_first_dag
AIRFLOW_CTX_TASK_ID=sleep
AIRFLOW_CTX_EXECUTION_DATE=2022-06-07T06:26:44.410172+00:00
AIRFLOW_CTX_DAG_RUN_ID=manual__2022-06-07T06:26:44.410172+00:00
[2022-06-07 06:26:46,086] {subprocess.py:52} INFO - Tmp dir root location: 
 /tmp
[2022-06-07 06:26:46,086] {subprocess.py:63} INFO - Running command: ['bash', '-c', 'sleep 3']
[2022-06-07 06:26:46,091] {subprocess.py:75} INFO - Output:
[2022-06-07 06:26:49,093] {subprocess.py:83} INFO - Command exited with return code 0
[2022-06-07 06:26:49,104] {taskinstance.py:1191} INFO - Marking task as SUCCESS. dag_id=my_first_dag, task_id=sleep, execution_date=20220607T062644, start_date=20220607T062646, end_date=20220607T062649
[2022-06-07 06:26:49,115] {taskinstance.py:1245} INFO - 1 downstream tasks scheduled from follow-on schedule check
[2022-06-07 06:26:49,140] {local_task_job.py:151} INFO - Task exited with return code 0
