[2022-06-07 06:26:52,737] {taskinstance.py:876} INFO - Dependencies all met for <TaskInstance: my_first_dag.print_whoami 2022-06-07T06:26:47.144850+00:00 [queued]>
[2022-06-07 06:26:52,747] {taskinstance.py:876} INFO - Dependencies all met for <TaskInstance: my_first_dag.print_whoami 2022-06-07T06:26:47.144850+00:00 [queued]>
[2022-06-07 06:26:52,747] {taskinstance.py:1067} INFO - 
--------------------------------------------------------------------------------
[2022-06-07 06:26:52,747] {taskinstance.py:1068} INFO - Starting attempt 1 of 1
[2022-06-07 06:26:52,748] {taskinstance.py:1069} INFO - 
--------------------------------------------------------------------------------
[2022-06-07 06:26:52,752] {taskinstance.py:1087} INFO - Executing <Task(BashOperator): print_whoami> on 2022-06-07T06:26:47.144850+00:00
[2022-06-07 06:26:52,756] {standard_task_runner.py:52} INFO - Started process 21454 to run task
[2022-06-07 06:26:52,758] {standard_task_runner.py:76} INFO - Running: ['***', 'tasks', 'run', 'my_first_dag', 'print_whoami', '2022-06-07T06:26:47.144850+00:00', '--job-id', '28', '--pool', 'default_pool', '--raw', '--subdir', 'DAGS_FOLDER/test.py', '--cfg-path', '/tmp/tmpamxpzxwe', '--error-file', '/tmp/tmp15qt6vyx']
[2022-06-07 06:26:52,758] {standard_task_runner.py:77} INFO - Job 28: Subtask print_whoami
[2022-06-07 06:26:52,774] {logging_mixin.py:104} INFO - Running <TaskInstance: my_first_dag.print_whoami 2022-06-07T06:26:47.144850+00:00 [running]> on host a5dfe0d23405
[2022-06-07 06:26:52,797] {taskinstance.py:1282} INFO - Exporting the following env vars:
AIRFLOW_CTX_DAG_OWNER=jovyan
AIRFLOW_CTX_DAG_ID=my_first_dag
AIRFLOW_CTX_TASK_ID=print_whoami
AIRFLOW_CTX_EXECUTION_DATE=2022-06-07T06:26:47.144850+00:00
AIRFLOW_CTX_DAG_RUN_ID=manual__2022-06-07T06:26:47.144850+00:00
[2022-06-07 06:26:52,799] {subprocess.py:52} INFO - Tmp dir root location: 
 /tmp
[2022-06-07 06:26:52,800] {subprocess.py:63} INFO - Running command: ['bash', '-c', 'whoami']
[2022-06-07 06:26:52,829] {subprocess.py:75} INFO - Output:
[2022-06-07 06:26:52,831] {subprocess.py:79} INFO - default
[2022-06-07 06:26:52,831] {subprocess.py:83} INFO - Command exited with return code 0
[2022-06-07 06:26:52,848] {taskinstance.py:1191} INFO - Marking task as SUCCESS. dag_id=my_first_dag, task_id=print_whoami, execution_date=20220607T062647, start_date=20220607T062652, end_date=20220607T062652
[2022-06-07 06:26:52,864] {taskinstance.py:1245} INFO - 0 downstream tasks scheduled from follow-on schedule check
[2022-06-07 06:26:52,889] {local_task_job.py:151} INFO - Task exited with return code 0
