[2022-06-07 07:29:42,583] {taskinstance.py:876} INFO - Dependencies all met for <TaskInstance: my_python_dag.task_3 2022-06-07T07:29:40.707038+00:00 [queued]>
[2022-06-07 07:29:42,590] {taskinstance.py:876} INFO - Dependencies all met for <TaskInstance: my_python_dag.task_3 2022-06-07T07:29:40.707038+00:00 [queued]>
[2022-06-07 07:29:42,590] {taskinstance.py:1067} INFO - 
--------------------------------------------------------------------------------
[2022-06-07 07:29:42,590] {taskinstance.py:1068} INFO - Starting attempt 1 of 1
[2022-06-07 07:29:42,591] {taskinstance.py:1069} INFO - 
--------------------------------------------------------------------------------
[2022-06-07 07:29:42,598] {taskinstance.py:1087} INFO - Executing <Task(PythonOperator): task_3> on 2022-06-07T07:29:40.707038+00:00
[2022-06-07 07:29:42,603] {standard_task_runner.py:52} INFO - Started process 38738 to run task
[2022-06-07 07:29:42,606] {standard_task_runner.py:76} INFO - Running: ['***', 'tasks', 'run', 'my_python_dag', 'task_3', '2022-06-07T07:29:40.707038+00:00', '--job-id', '35', '--pool', 'default_pool', '--raw', '--subdir', 'DAGS_FOLDER/test2.py', '--cfg-path', '/tmp/tmpetpxt411', '--error-file', '/tmp/tmplukajla_']
[2022-06-07 07:29:42,607] {standard_task_runner.py:77} INFO - Job 35: Subtask task_3
[2022-06-07 07:29:42,682] {logging_mixin.py:104} INFO - Running <TaskInstance: my_python_dag.task_3 2022-06-07T07:29:40.707038+00:00 [running]> on host 6e7d0d9f14a6
[2022-06-07 07:29:42,712] {taskinstance.py:1282} INFO - Exporting the following env vars:
AIRFLOW_CTX_DAG_OWNER=jovyan
AIRFLOW_CTX_DAG_ID=my_python_dag
AIRFLOW_CTX_TASK_ID=task_3
AIRFLOW_CTX_EXECUTION_DATE=2022-06-07T07:29:40.707038+00:00
AIRFLOW_CTX_DAG_RUN_ID=manual__2022-06-07T07:29:40.707038+00:00
[2022-06-07 07:29:42,712] {logging_mixin.py:104} INFO - ============================================================
[2022-06-07 07:29:42,712] {logging_mixin.py:104} INFO - seconds:10
[2022-06-07 07:29:42,712] {logging_mixin.py:104} INFO - ============================================================
[2022-06-07 07:29:42,729] {logging_mixin.py:104} INFO - {'conf': <***.configuration.AirflowConfigParser object at 0x7f5843e33d68>,
 'dag': <DAG: my_python_dag>,
 'dag_run': <DagRun my_python_dag @ 2022-06-07 07:29:40.707038+00:00: manual__2022-06-07T07:29:40.707038+00:00, externally triggered: True>,
 'ds': '2022-06-07',
 'ds_nodash': '20220607',
 'execution_date': DateTime(2022, 6, 7, 7, 29, 40, 707038, tzinfo=Timezone('+00:00')),
 'inlets': [],
 'macros': <module '***.macros' from '/home/***/.local/lib/python3.6/site-packages/***/macros/__init__.py'>,
 'next_ds': '2022-06-07',
 'next_ds_nodash': '20220607',
 'next_execution_date': DateTime(2022, 6, 7, 7, 29, 40, 707038, tzinfo=Timezone('+00:00')),
 'outlets': [],
 'params': {},
 'prev_ds': '2022-06-07',
 'prev_ds_nodash': '20220607',
 'prev_execution_date': DateTime(2022, 6, 7, 7, 29, 40, 707038, tzinfo=Timezone('+00:00')),
 'prev_execution_date_success': <Proxy at 0x7f5838e44e48 with factory <function TaskInstance.get_template_context.<locals>.<lambda> at 0x7f5838e81620>>,
 'prev_start_date_success': <Proxy at 0x7f5838d84748 with factory <function TaskInstance.get_template_context.<locals>.<lambda> at 0x7f5838dd4048>>,
 'run_id': 'manual__2022-06-07T07:29:40.707038+00:00',
 'task': <Task(PythonOperator): task_3>,
 'task_instance': <TaskInstance: my_python_dag.task_3 2022-06-07T07:29:40.707038+00:00 [running]>,
 'task_instance_key_str': 'my_python_dag__task_3__20220607',
 'templates_dict': None,
 'test_mode': False,
 'ti': <TaskInstance: my_python_dag.task_3 2022-06-07T07:29:40.707038+00:00 [running]>,
 'tomorrow_ds': '2022-06-08',
 'tomorrow_ds_nodash': '20220608',
 'ts': '2022-06-07T07:29:40.707038+00:00',
 'ts_nodash': '20220607T072940',
 'ts_nodash_with_tz': '20220607T072940.707038+0000',
 'var': {'json': None, 'value': None},
 'yesterday_ds': '2022-06-06',
 'yesterday_ds_nodash': '20220606'}
[2022-06-07 07:29:42,729] {logging_mixin.py:104} INFO - ============================================================
[2022-06-07 07:29:42,729] {logging_mixin.py:104} INFO - sleeping...
[2022-06-07 07:29:52,739] {python.py:151} INFO - Done. Returned value was: sleep well!!!
[2022-06-07 07:29:52,772] {taskinstance.py:1191} INFO - Marking task as SUCCESS. dag_id=my_python_dag, task_id=task_3, execution_date=20220607T072940, start_date=20220607T072942, end_date=20220607T072952
[2022-06-07 07:29:52,804] {taskinstance.py:1245} INFO - 0 downstream tasks scheduled from follow-on schedule check
[2022-06-07 07:29:52,901] {local_task_job.py:151} INFO - Task exited with return code 0
