[2022-06-07 04:32:05,512] {taskinstance.py:876} INFO - Dependencies all met for <TaskInstance: my_first_dag.print_date 2022-06-07T04:29:18.502695+00:00 [queued]>
[2022-06-07 04:32:05,524] {taskinstance.py:876} INFO - Dependencies all met for <TaskInstance: my_first_dag.print_date 2022-06-07T04:29:18.502695+00:00 [queued]>
[2022-06-07 04:32:05,524] {taskinstance.py:1067} INFO - 
--------------------------------------------------------------------------------
[2022-06-07 04:32:05,524] {taskinstance.py:1068} INFO - Starting attempt 1 of 1
[2022-06-07 04:32:05,525] {taskinstance.py:1069} INFO - 
--------------------------------------------------------------------------------
[2022-06-07 04:32:05,530] {taskinstance.py:1087} INFO - Executing <Task(BashOperator): print_date> on 2022-06-07T04:29:18.502695+00:00
[2022-06-07 04:32:05,536] {standard_task_runner.py:52} INFO - Started process 1757 to run task
[2022-06-07 04:32:05,539] {standard_task_runner.py:76} INFO - Running: ['***', 'tasks', 'run', 'my_first_dag', 'print_date', '2022-06-07T04:29:18.502695+00:00', '--job-id', '4', '--pool', 'default_pool', '--raw', '--subdir', 'DAGS_FOLDER/test.py', '--cfg-path', '/tmp/tmpgrewq5_4', '--error-file', '/tmp/tmp2qaktvl4']
[2022-06-07 04:32:05,539] {standard_task_runner.py:77} INFO - Job 4: Subtask print_date
[2022-06-07 04:32:05,658] {logging_mixin.py:104} INFO - Running <TaskInstance: my_first_dag.print_date 2022-06-07T04:29:18.502695+00:00 [running]> on host 6e7d0d9f14a6
[2022-06-07 04:32:05,692] {taskinstance.py:1282} INFO - Exporting the following env vars:
AIRFLOW_CTX_DAG_OWNER=jovyan
AIRFLOW_CTX_DAG_ID=my_first_dag
AIRFLOW_CTX_TASK_ID=print_date
AIRFLOW_CTX_EXECUTION_DATE=2022-06-07T04:29:18.502695+00:00
AIRFLOW_CTX_DAG_RUN_ID=manual__2022-06-07T04:29:18.502695+00:00
[2022-06-07 04:32:05,693] {subprocess.py:52} INFO - Tmp dir root location: 
 /tmp
[2022-06-07 04:32:05,693] {subprocess.py:63} INFO - Running command: ['bash', '-c', 'date']
[2022-06-07 04:32:05,816] {subprocess.py:75} INFO - Output:
[2022-06-07 04:32:05,819] {subprocess.py:79} INFO - Tue Jun  7 04:32:05 UTC 2022
[2022-06-07 04:32:05,819] {subprocess.py:83} INFO - Command exited with return code 0
[2022-06-07 04:32:05,850] {taskinstance.py:1191} INFO - Marking task as SUCCESS. dag_id=my_first_dag, task_id=print_date, execution_date=20220607T042918, start_date=20220607T043205, end_date=20220607T043205
[2022-06-07 04:32:05,882] {taskinstance.py:1245} INFO - 1 downstream tasks scheduled from follow-on schedule check
[2022-06-07 04:32:05,949] {local_task_job.py:151} INFO - Task exited with return code 0
