[2022-06-07 01:21:25,119] {scheduler_job.py:182} INFO - Started process (PID=148) to work on /home/airflow/.local/lib/python3.6/site-packages/airflow/example_dags/example_xcom.py
[2022-06-07 01:21:25,120] {scheduler_job.py:633} INFO - Processing file /home/airflow/.local/lib/python3.6/site-packages/airflow/example_dags/example_xcom.py for tasks to queue
[2022-06-07 01:21:25,120] {logging_mixin.py:104} INFO - [2022-06-07 01:21:25,120] {dagbag.py:487} INFO - Filling up the DagBag from /home/airflow/.local/lib/python3.6/site-packages/airflow/example_dags/example_xcom.py
[2022-06-07 01:21:25,125] {scheduler_job.py:643} INFO - DAG(s) dict_keys(['example_xcom']) retrieved from /home/airflow/.local/lib/python3.6/site-packages/airflow/example_dags/example_xcom.py
[2022-06-07 01:21:25,981] {logging_mixin.py:104} INFO - [2022-06-07 01:21:25,980] {dag.py:1832} INFO - Sync 1 DAGs
[2022-06-07 01:21:25,985] {logging_mixin.py:104} INFO - [2022-06-07 01:21:25,984] {dag.py:1851} INFO - Creating ORM DAG for example_xcom
[2022-06-07 01:21:25,987] {logging_mixin.py:104} INFO - [2022-06-07 01:21:25,987] {dag.py:2305} INFO - Setting next_dagrun for example_xcom to 2022-06-05 00:00:00+00:00
[2022-06-07 01:21:25,991] {scheduler_job.py:190} INFO - Processing /home/airflow/.local/lib/python3.6/site-packages/airflow/example_dags/example_xcom.py took 0.873 seconds
[2022-06-07 01:21:56,963] {scheduler_job.py:182} INFO - Started process (PID=291) to work on /home/airflow/.local/lib/python3.6/site-packages/airflow/example_dags/example_xcom.py
[2022-06-07 01:21:56,964] {scheduler_job.py:633} INFO - Processing file /home/airflow/.local/lib/python3.6/site-packages/airflow/example_dags/example_xcom.py for tasks to queue
[2022-06-07 01:21:56,964] {logging_mixin.py:104} INFO - [2022-06-07 01:21:56,964] {dagbag.py:487} INFO - Filling up the DagBag from /home/airflow/.local/lib/python3.6/site-packages/airflow/example_dags/example_xcom.py
[2022-06-07 01:21:56,970] {scheduler_job.py:643} INFO - DAG(s) dict_keys(['example_xcom']) retrieved from /home/airflow/.local/lib/python3.6/site-packages/airflow/example_dags/example_xcom.py
[2022-06-07 01:21:56,981] {logging_mixin.py:104} INFO - [2022-06-07 01:21:56,981] {dag.py:1832} INFO - Sync 1 DAGs
[2022-06-07 01:21:56,987] {logging_mixin.py:104} INFO - [2022-06-07 01:21:56,987] {dag.py:2305} INFO - Setting next_dagrun for example_xcom to 2022-06-05 00:00:00+00:00
[2022-06-07 01:21:56,992] {scheduler_job.py:190} INFO - Processing /home/airflow/.local/lib/python3.6/site-packages/airflow/example_dags/example_xcom.py took 0.030 seconds
[2022-06-07 01:22:27,702] {scheduler_job.py:182} INFO - Started process (PID=420) to work on /home/airflow/.local/lib/python3.6/site-packages/airflow/example_dags/example_xcom.py
[2022-06-07 01:22:27,703] {scheduler_job.py:633} INFO - Processing file /home/airflow/.local/lib/python3.6/site-packages/airflow/example_dags/example_xcom.py for tasks to queue
[2022-06-07 01:22:27,703] {logging_mixin.py:104} INFO - [2022-06-07 01:22:27,703] {dagbag.py:487} INFO - Filling up the DagBag from /home/airflow/.local/lib/python3.6/site-packages/airflow/example_dags/example_xcom.py
[2022-06-07 01:22:27,709] {scheduler_job.py:643} INFO - DAG(s) dict_keys(['example_xcom']) retrieved from /home/airflow/.local/lib/python3.6/site-packages/airflow/example_dags/example_xcom.py
[2022-06-07 01:22:27,718] {logging_mixin.py:104} INFO - [2022-06-07 01:22:27,718] {dag.py:1832} INFO - Sync 1 DAGs
[2022-06-07 01:22:27,724] {logging_mixin.py:104} INFO - [2022-06-07 01:22:27,724] {dag.py:2305} INFO - Setting next_dagrun for example_xcom to 2022-06-05 00:00:00+00:00
[2022-06-07 01:22:27,728] {scheduler_job.py:190} INFO - Processing /home/airflow/.local/lib/python3.6/site-packages/airflow/example_dags/example_xcom.py took 0.027 seconds
[2022-06-07 01:22:58,441] {scheduler_job.py:182} INFO - Started process (PID=517) to work on /home/airflow/.local/lib/python3.6/site-packages/airflow/example_dags/example_xcom.py
[2022-06-07 01:22:58,442] {scheduler_job.py:633} INFO - Processing file /home/airflow/.local/lib/python3.6/site-packages/airflow/example_dags/example_xcom.py for tasks to queue
[2022-06-07 01:22:58,442] {logging_mixin.py:104} INFO - [2022-06-07 01:22:58,442] {dagbag.py:487} INFO - Filling up the DagBag from /home/airflow/.local/lib/python3.6/site-packages/airflow/example_dags/example_xcom.py
[2022-06-07 01:22:58,448] {scheduler_job.py:643} INFO - DAG(s) dict_keys(['example_xcom']) retrieved from /home/airflow/.local/lib/python3.6/site-packages/airflow/example_dags/example_xcom.py
[2022-06-07 01:22:58,456] {logging_mixin.py:104} INFO - [2022-06-07 01:22:58,456] {dag.py:1832} INFO - Sync 1 DAGs
[2022-06-07 01:22:58,463] {logging_mixin.py:104} INFO - [2022-06-07 01:22:58,462] {dag.py:2305} INFO - Setting next_dagrun for example_xcom to 2022-06-05 00:00:00+00:00
[2022-06-07 01:22:58,467] {scheduler_job.py:190} INFO - Processing /home/airflow/.local/lib/python3.6/site-packages/airflow/example_dags/example_xcom.py took 0.027 seconds
[2022-06-07 01:23:29,237] {scheduler_job.py:182} INFO - Started process (PID=647) to work on /home/airflow/.local/lib/python3.6/site-packages/airflow/example_dags/example_xcom.py
[2022-06-07 01:23:29,238] {scheduler_job.py:633} INFO - Processing file /home/airflow/.local/lib/python3.6/site-packages/airflow/example_dags/example_xcom.py for tasks to queue
[2022-06-07 01:23:29,238] {logging_mixin.py:104} INFO - [2022-06-07 01:23:29,238] {dagbag.py:487} INFO - Filling up the DagBag from /home/airflow/.local/lib/python3.6/site-packages/airflow/example_dags/example_xcom.py
[2022-06-07 01:23:29,244] {scheduler_job.py:643} INFO - DAG(s) dict_keys(['example_xcom']) retrieved from /home/airflow/.local/lib/python3.6/site-packages/airflow/example_dags/example_xcom.py
[2022-06-07 01:23:29,253] {logging_mixin.py:104} INFO - [2022-06-07 01:23:29,253] {dag.py:1832} INFO - Sync 1 DAGs
[2022-06-07 01:23:29,259] {logging_mixin.py:104} INFO - [2022-06-07 01:23:29,259] {dag.py:2305} INFO - Setting next_dagrun for example_xcom to 2022-06-05 00:00:00+00:00
[2022-06-07 01:23:29,270] {scheduler_job.py:190} INFO - Processing /home/airflow/.local/lib/python3.6/site-packages/airflow/example_dags/example_xcom.py took 0.034 seconds
[2022-06-07 01:24:00,035] {scheduler_job.py:182} INFO - Started process (PID=777) to work on /home/airflow/.local/lib/python3.6/site-packages/airflow/example_dags/example_xcom.py
[2022-06-07 01:24:00,036] {scheduler_job.py:633} INFO - Processing file /home/airflow/.local/lib/python3.6/site-packages/airflow/example_dags/example_xcom.py for tasks to queue
[2022-06-07 01:24:00,036] {logging_mixin.py:104} INFO - [2022-06-07 01:24:00,036] {dagbag.py:487} INFO - Filling up the DagBag from /home/airflow/.local/lib/python3.6/site-packages/airflow/example_dags/example_xcom.py
[2022-06-07 01:24:00,042] {scheduler_job.py:643} INFO - DAG(s) dict_keys(['example_xcom']) retrieved from /home/airflow/.local/lib/python3.6/site-packages/airflow/example_dags/example_xcom.py
[2022-06-07 01:24:00,051] {logging_mixin.py:104} INFO - [2022-06-07 01:24:00,051] {dag.py:1832} INFO - Sync 1 DAGs
[2022-06-07 01:24:00,057] {logging_mixin.py:104} INFO - [2022-06-07 01:24:00,057] {dag.py:2305} INFO - Setting next_dagrun for example_xcom to 2022-06-05 00:00:00+00:00
[2022-06-07 01:24:00,062] {scheduler_job.py:190} INFO - Processing /home/airflow/.local/lib/python3.6/site-packages/airflow/example_dags/example_xcom.py took 0.028 seconds
[2022-06-07 01:24:30,773] {scheduler_job.py:182} INFO - Started process (PID=907) to work on /home/airflow/.local/lib/python3.6/site-packages/airflow/example_dags/example_xcom.py
[2022-06-07 01:24:30,774] {scheduler_job.py:633} INFO - Processing file /home/airflow/.local/lib/python3.6/site-packages/airflow/example_dags/example_xcom.py for tasks to queue
[2022-06-07 01:24:30,774] {logging_mixin.py:104} INFO - [2022-06-07 01:24:30,774] {dagbag.py:487} INFO - Filling up the DagBag from /home/airflow/.local/lib/python3.6/site-packages/airflow/example_dags/example_xcom.py
[2022-06-07 01:24:30,780] {scheduler_job.py:643} INFO - DAG(s) dict_keys(['example_xcom']) retrieved from /home/airflow/.local/lib/python3.6/site-packages/airflow/example_dags/example_xcom.py
[2022-06-07 01:24:30,788] {logging_mixin.py:104} INFO - [2022-06-07 01:24:30,788] {dag.py:1832} INFO - Sync 1 DAGs
[2022-06-07 01:24:30,794] {logging_mixin.py:104} INFO - [2022-06-07 01:24:30,794] {dag.py:2305} INFO - Setting next_dagrun for example_xcom to 2022-06-05 00:00:00+00:00
[2022-06-07 01:24:30,799] {scheduler_job.py:190} INFO - Processing /home/airflow/.local/lib/python3.6/site-packages/airflow/example_dags/example_xcom.py took 0.027 seconds
[2022-06-07 01:25:01,491] {scheduler_job.py:182} INFO - Started process (PID=1004) to work on /home/airflow/.local/lib/python3.6/site-packages/airflow/example_dags/example_xcom.py
[2022-06-07 01:25:01,491] {scheduler_job.py:633} INFO - Processing file /home/airflow/.local/lib/python3.6/site-packages/airflow/example_dags/example_xcom.py for tasks to queue
[2022-06-07 01:25:01,491] {logging_mixin.py:104} INFO - [2022-06-07 01:25:01,491] {dagbag.py:487} INFO - Filling up the DagBag from /home/airflow/.local/lib/python3.6/site-packages/airflow/example_dags/example_xcom.py
[2022-06-07 01:25:01,497] {scheduler_job.py:643} INFO - DAG(s) dict_keys(['example_xcom']) retrieved from /home/airflow/.local/lib/python3.6/site-packages/airflow/example_dags/example_xcom.py
[2022-06-07 01:25:01,506] {logging_mixin.py:104} INFO - [2022-06-07 01:25:01,506] {dag.py:1832} INFO - Sync 1 DAGs
[2022-06-07 01:25:01,512] {logging_mixin.py:104} INFO - [2022-06-07 01:25:01,512] {dag.py:2305} INFO - Setting next_dagrun for example_xcom to 2022-06-05 00:00:00+00:00
[2022-06-07 01:25:01,524] {scheduler_job.py:190} INFO - Processing /home/airflow/.local/lib/python3.6/site-packages/airflow/example_dags/example_xcom.py took 0.034 seconds
[2022-06-07 01:25:32,208] {scheduler_job.py:182} INFO - Started process (PID=1134) to work on /home/airflow/.local/lib/python3.6/site-packages/airflow/example_dags/example_xcom.py
[2022-06-07 01:25:32,209] {scheduler_job.py:633} INFO - Processing file /home/airflow/.local/lib/python3.6/site-packages/airflow/example_dags/example_xcom.py for tasks to queue
[2022-06-07 01:25:32,209] {logging_mixin.py:104} INFO - [2022-06-07 01:25:32,209] {dagbag.py:487} INFO - Filling up the DagBag from /home/airflow/.local/lib/python3.6/site-packages/airflow/example_dags/example_xcom.py
[2022-06-07 01:25:32,217] {scheduler_job.py:643} INFO - DAG(s) dict_keys(['example_xcom']) retrieved from /home/airflow/.local/lib/python3.6/site-packages/airflow/example_dags/example_xcom.py
[2022-06-07 01:25:32,226] {logging_mixin.py:104} INFO - [2022-06-07 01:25:32,226] {dag.py:1832} INFO - Sync 1 DAGs
[2022-06-07 01:25:32,232] {logging_mixin.py:104} INFO - [2022-06-07 01:25:32,232] {dag.py:2305} INFO - Setting next_dagrun for example_xcom to 2022-06-05 00:00:00+00:00
[2022-06-07 01:25:32,238] {scheduler_job.py:190} INFO - Processing /home/airflow/.local/lib/python3.6/site-packages/airflow/example_dags/example_xcom.py took 0.030 seconds
[2022-06-07 01:26:02,982] {scheduler_job.py:182} INFO - Started process (PID=1263) to work on /home/airflow/.local/lib/python3.6/site-packages/airflow/example_dags/example_xcom.py
[2022-06-07 01:26:02,983] {scheduler_job.py:633} INFO - Processing file /home/airflow/.local/lib/python3.6/site-packages/airflow/example_dags/example_xcom.py for tasks to queue
[2022-06-07 01:26:02,983] {logging_mixin.py:104} INFO - [2022-06-07 01:26:02,983] {dagbag.py:487} INFO - Filling up the DagBag from /home/airflow/.local/lib/python3.6/site-packages/airflow/example_dags/example_xcom.py
[2022-06-07 01:26:02,990] {scheduler_job.py:643} INFO - DAG(s) dict_keys(['example_xcom']) retrieved from /home/airflow/.local/lib/python3.6/site-packages/airflow/example_dags/example_xcom.py
[2022-06-07 01:26:02,999] {logging_mixin.py:104} INFO - [2022-06-07 01:26:02,999] {dag.py:1832} INFO - Sync 1 DAGs
[2022-06-07 01:26:03,005] {logging_mixin.py:104} INFO - [2022-06-07 01:26:03,005] {dag.py:2305} INFO - Setting next_dagrun for example_xcom to 2022-06-05 00:00:00+00:00
[2022-06-07 01:26:03,009] {scheduler_job.py:190} INFO - Processing /home/airflow/.local/lib/python3.6/site-packages/airflow/example_dags/example_xcom.py took 0.028 seconds
[2022-06-07 01:26:33,651] {scheduler_job.py:182} INFO - Started process (PID=1393) to work on /home/airflow/.local/lib/python3.6/site-packages/airflow/example_dags/example_xcom.py
[2022-06-07 01:26:33,651] {scheduler_job.py:633} INFO - Processing file /home/airflow/.local/lib/python3.6/site-packages/airflow/example_dags/example_xcom.py for tasks to queue
[2022-06-07 01:26:33,651] {logging_mixin.py:104} INFO - [2022-06-07 01:26:33,651] {dagbag.py:487} INFO - Filling up the DagBag from /home/airflow/.local/lib/python3.6/site-packages/airflow/example_dags/example_xcom.py
[2022-06-07 01:26:33,656] {scheduler_job.py:643} INFO - DAG(s) dict_keys(['example_xcom']) retrieved from /home/airflow/.local/lib/python3.6/site-packages/airflow/example_dags/example_xcom.py
[2022-06-07 01:26:33,665] {logging_mixin.py:104} INFO - [2022-06-07 01:26:33,665] {dag.py:1832} INFO - Sync 1 DAGs
[2022-06-07 01:26:33,671] {logging_mixin.py:104} INFO - [2022-06-07 01:26:33,671] {dag.py:2305} INFO - Setting next_dagrun for example_xcom to 2022-06-05 00:00:00+00:00
[2022-06-07 01:26:33,676] {scheduler_job.py:190} INFO - Processing /home/airflow/.local/lib/python3.6/site-packages/airflow/example_dags/example_xcom.py took 0.027 seconds
[2022-06-07 01:27:04,450] {scheduler_job.py:182} INFO - Started process (PID=1490) to work on /home/airflow/.local/lib/python3.6/site-packages/airflow/example_dags/example_xcom.py
[2022-06-07 01:27:04,451] {scheduler_job.py:633} INFO - Processing file /home/airflow/.local/lib/python3.6/site-packages/airflow/example_dags/example_xcom.py for tasks to queue
[2022-06-07 01:27:04,452] {logging_mixin.py:104} INFO - [2022-06-07 01:27:04,452] {dagbag.py:487} INFO - Filling up the DagBag from /home/airflow/.local/lib/python3.6/site-packages/airflow/example_dags/example_xcom.py
[2022-06-07 01:27:04,466] {scheduler_job.py:643} INFO - DAG(s) dict_keys(['example_xcom']) retrieved from /home/airflow/.local/lib/python3.6/site-packages/airflow/example_dags/example_xcom.py
[2022-06-07 01:27:04,478] {logging_mixin.py:104} INFO - [2022-06-07 01:27:04,478] {dag.py:1832} INFO - Sync 1 DAGs
[2022-06-07 01:27:04,488] {logging_mixin.py:104} INFO - [2022-06-07 01:27:04,487] {dag.py:2305} INFO - Setting next_dagrun for example_xcom to 2022-06-05 00:00:00+00:00
[2022-06-07 01:27:04,493] {scheduler_job.py:190} INFO - Processing /home/airflow/.local/lib/python3.6/site-packages/airflow/example_dags/example_xcom.py took 0.045 seconds
[2022-06-07 01:27:35,113] {scheduler_job.py:182} INFO - Started process (PID=1620) to work on /home/airflow/.local/lib/python3.6/site-packages/airflow/example_dags/example_xcom.py
[2022-06-07 01:27:35,114] {scheduler_job.py:633} INFO - Processing file /home/airflow/.local/lib/python3.6/site-packages/airflow/example_dags/example_xcom.py for tasks to queue
[2022-06-07 01:27:35,114] {logging_mixin.py:104} INFO - [2022-06-07 01:27:35,114] {dagbag.py:487} INFO - Filling up the DagBag from /home/airflow/.local/lib/python3.6/site-packages/airflow/example_dags/example_xcom.py
[2022-06-07 01:27:35,122] {scheduler_job.py:643} INFO - DAG(s) dict_keys(['example_xcom']) retrieved from /home/airflow/.local/lib/python3.6/site-packages/airflow/example_dags/example_xcom.py
[2022-06-07 01:27:35,130] {logging_mixin.py:104} INFO - [2022-06-07 01:27:35,130] {dag.py:1832} INFO - Sync 1 DAGs
[2022-06-07 01:27:35,136] {logging_mixin.py:104} INFO - [2022-06-07 01:27:35,136] {dag.py:2305} INFO - Setting next_dagrun for example_xcom to 2022-06-05 00:00:00+00:00
[2022-06-07 01:27:35,140] {scheduler_job.py:190} INFO - Processing /home/airflow/.local/lib/python3.6/site-packages/airflow/example_dags/example_xcom.py took 0.028 seconds
