[2022-06-07 01:21:14,976] {scheduler_job.py:182} INFO - Started process (PID=80) to work on /home/airflow/.local/lib/python3.6/site-packages/airflow/example_dags/example_kubernetes_executor.py
[2022-06-07 01:21:14,977] {scheduler_job.py:633} INFO - Processing file /home/airflow/.local/lib/python3.6/site-packages/airflow/example_dags/example_kubernetes_executor.py for tasks to queue
[2022-06-07 01:21:14,977] {logging_mixin.py:104} INFO - [2022-06-07 01:21:14,977] {dagbag.py:487} INFO - Filling up the DagBag from /home/airflow/.local/lib/python3.6/site-packages/airflow/example_dags/example_kubernetes_executor.py
[2022-06-07 01:21:14,987] {scheduler_job.py:643} INFO - DAG(s) dict_keys(['example_kubernetes_executor']) retrieved from /home/airflow/.local/lib/python3.6/site-packages/airflow/example_dags/example_kubernetes_executor.py
[2022-06-07 01:21:17,142] {logging_mixin.py:104} INFO - [2022-06-07 01:21:17,142] {dag.py:1832} INFO - Sync 1 DAGs
[2022-06-07 01:21:17,147] {logging_mixin.py:104} INFO - [2022-06-07 01:21:17,147] {dag.py:1851} INFO - Creating ORM DAG for example_kubernetes_executor
[2022-06-07 01:21:17,149] {logging_mixin.py:104} INFO - [2022-06-07 01:21:17,149] {dag.py:2305} INFO - Setting next_dagrun for example_kubernetes_executor to None
[2022-06-07 01:21:17,154] {scheduler_job.py:190} INFO - Processing /home/airflow/.local/lib/python3.6/site-packages/airflow/example_dags/example_kubernetes_executor.py took 2.179 seconds
[2022-06-07 01:21:47,358] {scheduler_job.py:182} INFO - Started process (PID=240) to work on /home/airflow/.local/lib/python3.6/site-packages/airflow/example_dags/example_kubernetes_executor.py
[2022-06-07 01:21:47,360] {scheduler_job.py:633} INFO - Processing file /home/airflow/.local/lib/python3.6/site-packages/airflow/example_dags/example_kubernetes_executor.py for tasks to queue
[2022-06-07 01:21:47,360] {logging_mixin.py:104} INFO - [2022-06-07 01:21:47,360] {dagbag.py:487} INFO - Filling up the DagBag from /home/airflow/.local/lib/python3.6/site-packages/airflow/example_dags/example_kubernetes_executor.py
[2022-06-07 01:21:47,367] {scheduler_job.py:643} INFO - DAG(s) dict_keys(['example_kubernetes_executor']) retrieved from /home/airflow/.local/lib/python3.6/site-packages/airflow/example_dags/example_kubernetes_executor.py
[2022-06-07 01:21:47,375] {logging_mixin.py:104} INFO - [2022-06-07 01:21:47,375] {dag.py:1832} INFO - Sync 1 DAGs
[2022-06-07 01:21:47,381] {logging_mixin.py:104} INFO - [2022-06-07 01:21:47,381] {dag.py:2305} INFO - Setting next_dagrun for example_kubernetes_executor to None
[2022-06-07 01:21:47,386] {scheduler_job.py:190} INFO - Processing /home/airflow/.local/lib/python3.6/site-packages/airflow/example_dags/example_kubernetes_executor.py took 0.031 seconds
[2022-06-07 01:22:18,249] {scheduler_job.py:182} INFO - Started process (PID=369) to work on /home/airflow/.local/lib/python3.6/site-packages/airflow/example_dags/example_kubernetes_executor.py
[2022-06-07 01:22:18,249] {scheduler_job.py:633} INFO - Processing file /home/airflow/.local/lib/python3.6/site-packages/airflow/example_dags/example_kubernetes_executor.py for tasks to queue
[2022-06-07 01:22:18,250] {logging_mixin.py:104} INFO - [2022-06-07 01:22:18,250] {dagbag.py:487} INFO - Filling up the DagBag from /home/airflow/.local/lib/python3.6/site-packages/airflow/example_dags/example_kubernetes_executor.py
[2022-06-07 01:22:18,258] {scheduler_job.py:643} INFO - DAG(s) dict_keys(['example_kubernetes_executor']) retrieved from /home/airflow/.local/lib/python3.6/site-packages/airflow/example_dags/example_kubernetes_executor.py
[2022-06-07 01:22:18,267] {logging_mixin.py:104} INFO - [2022-06-07 01:22:18,267] {dag.py:1832} INFO - Sync 1 DAGs
[2022-06-07 01:22:18,273] {logging_mixin.py:104} INFO - [2022-06-07 01:22:18,273] {dag.py:2305} INFO - Setting next_dagrun for example_kubernetes_executor to None
[2022-06-07 01:22:18,284] {scheduler_job.py:190} INFO - Processing /home/airflow/.local/lib/python3.6/site-packages/airflow/example_dags/example_kubernetes_executor.py took 0.036 seconds
[2022-06-07 01:22:49,050] {scheduler_job.py:182} INFO - Started process (PID=475) to work on /home/airflow/.local/lib/python3.6/site-packages/airflow/example_dags/example_kubernetes_executor.py
[2022-06-07 01:22:49,050] {scheduler_job.py:633} INFO - Processing file /home/airflow/.local/lib/python3.6/site-packages/airflow/example_dags/example_kubernetes_executor.py for tasks to queue
[2022-06-07 01:22:49,050] {logging_mixin.py:104} INFO - [2022-06-07 01:22:49,050] {dagbag.py:487} INFO - Filling up the DagBag from /home/airflow/.local/lib/python3.6/site-packages/airflow/example_dags/example_kubernetes_executor.py
[2022-06-07 01:22:49,057] {scheduler_job.py:643} INFO - DAG(s) dict_keys(['example_kubernetes_executor']) retrieved from /home/airflow/.local/lib/python3.6/site-packages/airflow/example_dags/example_kubernetes_executor.py
[2022-06-07 01:22:49,066] {logging_mixin.py:104} INFO - [2022-06-07 01:22:49,066] {dag.py:1832} INFO - Sync 1 DAGs
[2022-06-07 01:22:49,072] {logging_mixin.py:104} INFO - [2022-06-07 01:22:49,072] {dag.py:2305} INFO - Setting next_dagrun for example_kubernetes_executor to None
[2022-06-07 01:22:49,076] {scheduler_job.py:190} INFO - Processing /home/airflow/.local/lib/python3.6/site-packages/airflow/example_dags/example_kubernetes_executor.py took 0.028 seconds
[2022-06-07 01:23:19,876] {scheduler_job.py:182} INFO - Started process (PID=596) to work on /home/airflow/.local/lib/python3.6/site-packages/airflow/example_dags/example_kubernetes_executor.py
[2022-06-07 01:23:19,876] {scheduler_job.py:633} INFO - Processing file /home/airflow/.local/lib/python3.6/site-packages/airflow/example_dags/example_kubernetes_executor.py for tasks to queue
[2022-06-07 01:23:19,877] {logging_mixin.py:104} INFO - [2022-06-07 01:23:19,877] {dagbag.py:487} INFO - Filling up the DagBag from /home/airflow/.local/lib/python3.6/site-packages/airflow/example_dags/example_kubernetes_executor.py
[2022-06-07 01:23:19,883] {scheduler_job.py:643} INFO - DAG(s) dict_keys(['example_kubernetes_executor']) retrieved from /home/airflow/.local/lib/python3.6/site-packages/airflow/example_dags/example_kubernetes_executor.py
[2022-06-07 01:23:19,892] {logging_mixin.py:104} INFO - [2022-06-07 01:23:19,892] {dag.py:1832} INFO - Sync 1 DAGs
[2022-06-07 01:23:19,897] {logging_mixin.py:104} INFO - [2022-06-07 01:23:19,897] {dag.py:2305} INFO - Setting next_dagrun for example_kubernetes_executor to None
[2022-06-07 01:23:19,903] {scheduler_job.py:190} INFO - Processing /home/airflow/.local/lib/python3.6/site-packages/airflow/example_dags/example_kubernetes_executor.py took 0.028 seconds
[2022-06-07 01:23:50,571] {scheduler_job.py:182} INFO - Started process (PID=726) to work on /home/airflow/.local/lib/python3.6/site-packages/airflow/example_dags/example_kubernetes_executor.py
[2022-06-07 01:23:50,571] {scheduler_job.py:633} INFO - Processing file /home/airflow/.local/lib/python3.6/site-packages/airflow/example_dags/example_kubernetes_executor.py for tasks to queue
[2022-06-07 01:23:50,571] {logging_mixin.py:104} INFO - [2022-06-07 01:23:50,571] {dagbag.py:487} INFO - Filling up the DagBag from /home/airflow/.local/lib/python3.6/site-packages/airflow/example_dags/example_kubernetes_executor.py
[2022-06-07 01:23:50,578] {scheduler_job.py:643} INFO - DAG(s) dict_keys(['example_kubernetes_executor']) retrieved from /home/airflow/.local/lib/python3.6/site-packages/airflow/example_dags/example_kubernetes_executor.py
[2022-06-07 01:23:50,587] {logging_mixin.py:104} INFO - [2022-06-07 01:23:50,587] {dag.py:1832} INFO - Sync 1 DAGs
[2022-06-07 01:23:50,593] {logging_mixin.py:104} INFO - [2022-06-07 01:23:50,593] {dag.py:2305} INFO - Setting next_dagrun for example_kubernetes_executor to None
[2022-06-07 01:23:50,623] {scheduler_job.py:190} INFO - Processing /home/airflow/.local/lib/python3.6/site-packages/airflow/example_dags/example_kubernetes_executor.py took 0.053 seconds
[2022-06-07 01:24:21,369] {scheduler_job.py:182} INFO - Started process (PID=856) to work on /home/airflow/.local/lib/python3.6/site-packages/airflow/example_dags/example_kubernetes_executor.py
[2022-06-07 01:24:21,369] {scheduler_job.py:633} INFO - Processing file /home/airflow/.local/lib/python3.6/site-packages/airflow/example_dags/example_kubernetes_executor.py for tasks to queue
[2022-06-07 01:24:21,370] {logging_mixin.py:104} INFO - [2022-06-07 01:24:21,369] {dagbag.py:487} INFO - Filling up the DagBag from /home/airflow/.local/lib/python3.6/site-packages/airflow/example_dags/example_kubernetes_executor.py
[2022-06-07 01:24:21,379] {scheduler_job.py:643} INFO - DAG(s) dict_keys(['example_kubernetes_executor']) retrieved from /home/airflow/.local/lib/python3.6/site-packages/airflow/example_dags/example_kubernetes_executor.py
[2022-06-07 01:24:21,387] {logging_mixin.py:104} INFO - [2022-06-07 01:24:21,387] {dag.py:1832} INFO - Sync 1 DAGs
[2022-06-07 01:24:21,393] {logging_mixin.py:104} INFO - [2022-06-07 01:24:21,393] {dag.py:2305} INFO - Setting next_dagrun for example_kubernetes_executor to None
[2022-06-07 01:24:21,397] {scheduler_job.py:190} INFO - Processing /home/airflow/.local/lib/python3.6/site-packages/airflow/example_dags/example_kubernetes_executor.py took 0.032 seconds
[2022-06-07 01:24:52,109] {scheduler_job.py:182} INFO - Started process (PID=963) to work on /home/airflow/.local/lib/python3.6/site-packages/airflow/example_dags/example_kubernetes_executor.py
[2022-06-07 01:24:52,110] {scheduler_job.py:633} INFO - Processing file /home/airflow/.local/lib/python3.6/site-packages/airflow/example_dags/example_kubernetes_executor.py for tasks to queue
[2022-06-07 01:24:52,110] {logging_mixin.py:104} INFO - [2022-06-07 01:24:52,110] {dagbag.py:487} INFO - Filling up the DagBag from /home/airflow/.local/lib/python3.6/site-packages/airflow/example_dags/example_kubernetes_executor.py
[2022-06-07 01:24:52,117] {scheduler_job.py:643} INFO - DAG(s) dict_keys(['example_kubernetes_executor']) retrieved from /home/airflow/.local/lib/python3.6/site-packages/airflow/example_dags/example_kubernetes_executor.py
[2022-06-07 01:24:52,126] {logging_mixin.py:104} INFO - [2022-06-07 01:24:52,126] {dag.py:1832} INFO - Sync 1 DAGs
[2022-06-07 01:24:52,132] {logging_mixin.py:104} INFO - [2022-06-07 01:24:52,132] {dag.py:2305} INFO - Setting next_dagrun for example_kubernetes_executor to None
[2022-06-07 01:24:52,137] {scheduler_job.py:190} INFO - Processing /home/airflow/.local/lib/python3.6/site-packages/airflow/example_dags/example_kubernetes_executor.py took 0.029 seconds
[2022-06-07 01:25:22,823] {scheduler_job.py:182} INFO - Started process (PID=1083) to work on /home/airflow/.local/lib/python3.6/site-packages/airflow/example_dags/example_kubernetes_executor.py
[2022-06-07 01:25:22,823] {scheduler_job.py:633} INFO - Processing file /home/airflow/.local/lib/python3.6/site-packages/airflow/example_dags/example_kubernetes_executor.py for tasks to queue
[2022-06-07 01:25:22,824] {logging_mixin.py:104} INFO - [2022-06-07 01:25:22,824] {dagbag.py:487} INFO - Filling up the DagBag from /home/airflow/.local/lib/python3.6/site-packages/airflow/example_dags/example_kubernetes_executor.py
[2022-06-07 01:25:22,832] {scheduler_job.py:643} INFO - DAG(s) dict_keys(['example_kubernetes_executor']) retrieved from /home/airflow/.local/lib/python3.6/site-packages/airflow/example_dags/example_kubernetes_executor.py
[2022-06-07 01:25:22,842] {logging_mixin.py:104} INFO - [2022-06-07 01:25:22,842] {dag.py:1832} INFO - Sync 1 DAGs
[2022-06-07 01:25:22,848] {logging_mixin.py:104} INFO - [2022-06-07 01:25:22,848] {dag.py:2305} INFO - Setting next_dagrun for example_kubernetes_executor to None
[2022-06-07 01:25:22,854] {scheduler_job.py:190} INFO - Processing /home/airflow/.local/lib/python3.6/site-packages/airflow/example_dags/example_kubernetes_executor.py took 0.032 seconds
[2022-06-07 01:25:53,598] {scheduler_job.py:182} INFO - Started process (PID=1213) to work on /home/airflow/.local/lib/python3.6/site-packages/airflow/example_dags/example_kubernetes_executor.py
[2022-06-07 01:25:53,599] {scheduler_job.py:633} INFO - Processing file /home/airflow/.local/lib/python3.6/site-packages/airflow/example_dags/example_kubernetes_executor.py for tasks to queue
[2022-06-07 01:25:53,599] {logging_mixin.py:104} INFO - [2022-06-07 01:25:53,599] {dagbag.py:487} INFO - Filling up the DagBag from /home/airflow/.local/lib/python3.6/site-packages/airflow/example_dags/example_kubernetes_executor.py
[2022-06-07 01:25:53,606] {scheduler_job.py:643} INFO - DAG(s) dict_keys(['example_kubernetes_executor']) retrieved from /home/airflow/.local/lib/python3.6/site-packages/airflow/example_dags/example_kubernetes_executor.py
[2022-06-07 01:25:53,615] {logging_mixin.py:104} INFO - [2022-06-07 01:25:53,615] {dag.py:1832} INFO - Sync 1 DAGs
[2022-06-07 01:25:53,622] {logging_mixin.py:104} INFO - [2022-06-07 01:25:53,621] {dag.py:2305} INFO - Setting next_dagrun for example_kubernetes_executor to None
[2022-06-07 01:25:53,626] {scheduler_job.py:190} INFO - Processing /home/airflow/.local/lib/python3.6/site-packages/airflow/example_dags/example_kubernetes_executor.py took 0.029 seconds
[2022-06-07 01:26:24,330] {scheduler_job.py:182} INFO - Started process (PID=1342) to work on /home/airflow/.local/lib/python3.6/site-packages/airflow/example_dags/example_kubernetes_executor.py
[2022-06-07 01:26:24,330] {scheduler_job.py:633} INFO - Processing file /home/airflow/.local/lib/python3.6/site-packages/airflow/example_dags/example_kubernetes_executor.py for tasks to queue
[2022-06-07 01:26:24,331] {logging_mixin.py:104} INFO - [2022-06-07 01:26:24,331] {dagbag.py:487} INFO - Filling up the DagBag from /home/airflow/.local/lib/python3.6/site-packages/airflow/example_dags/example_kubernetes_executor.py
[2022-06-07 01:26:24,335] {scheduler_job.py:643} INFO - DAG(s) dict_keys(['example_kubernetes_executor']) retrieved from /home/airflow/.local/lib/python3.6/site-packages/airflow/example_dags/example_kubernetes_executor.py
[2022-06-07 01:26:24,348] {logging_mixin.py:104} INFO - [2022-06-07 01:26:24,348] {dag.py:1832} INFO - Sync 1 DAGs
[2022-06-07 01:26:24,354] {logging_mixin.py:104} INFO - [2022-06-07 01:26:24,354] {dag.py:2305} INFO - Setting next_dagrun for example_kubernetes_executor to None
[2022-06-07 01:26:24,359] {scheduler_job.py:190} INFO - Processing /home/airflow/.local/lib/python3.6/site-packages/airflow/example_dags/example_kubernetes_executor.py took 0.030 seconds
[2022-06-07 01:26:54,990] {scheduler_job.py:182} INFO - Started process (PID=1472) to work on /home/airflow/.local/lib/python3.6/site-packages/airflow/example_dags/example_kubernetes_executor.py
[2022-06-07 01:26:54,990] {scheduler_job.py:633} INFO - Processing file /home/airflow/.local/lib/python3.6/site-packages/airflow/example_dags/example_kubernetes_executor.py for tasks to queue
[2022-06-07 01:26:54,991] {logging_mixin.py:104} INFO - [2022-06-07 01:26:54,991] {dagbag.py:487} INFO - Filling up the DagBag from /home/airflow/.local/lib/python3.6/site-packages/airflow/example_dags/example_kubernetes_executor.py
[2022-06-07 01:26:54,996] {scheduler_job.py:643} INFO - DAG(s) dict_keys(['example_kubernetes_executor']) retrieved from /home/airflow/.local/lib/python3.6/site-packages/airflow/example_dags/example_kubernetes_executor.py
[2022-06-07 01:26:55,006] {logging_mixin.py:104} INFO - [2022-06-07 01:26:55,006] {dag.py:1832} INFO - Sync 1 DAGs
[2022-06-07 01:26:55,012] {logging_mixin.py:104} INFO - [2022-06-07 01:26:55,012] {dag.py:2305} INFO - Setting next_dagrun for example_kubernetes_executor to None
[2022-06-07 01:26:55,017] {scheduler_job.py:190} INFO - Processing /home/airflow/.local/lib/python3.6/site-packages/airflow/example_dags/example_kubernetes_executor.py took 0.029 seconds
[2022-06-07 01:27:25,792] {scheduler_job.py:182} INFO - Started process (PID=1569) to work on /home/airflow/.local/lib/python3.6/site-packages/airflow/example_dags/example_kubernetes_executor.py
[2022-06-07 01:27:25,792] {scheduler_job.py:633} INFO - Processing file /home/airflow/.local/lib/python3.6/site-packages/airflow/example_dags/example_kubernetes_executor.py for tasks to queue
[2022-06-07 01:27:25,792] {logging_mixin.py:104} INFO - [2022-06-07 01:27:25,792] {dagbag.py:487} INFO - Filling up the DagBag from /home/airflow/.local/lib/python3.6/site-packages/airflow/example_dags/example_kubernetes_executor.py
[2022-06-07 01:27:25,799] {scheduler_job.py:643} INFO - DAG(s) dict_keys(['example_kubernetes_executor']) retrieved from /home/airflow/.local/lib/python3.6/site-packages/airflow/example_dags/example_kubernetes_executor.py
[2022-06-07 01:27:25,809] {logging_mixin.py:104} INFO - [2022-06-07 01:27:25,809] {dag.py:1832} INFO - Sync 1 DAGs
[2022-06-07 01:27:25,815] {logging_mixin.py:104} INFO - [2022-06-07 01:27:25,815] {dag.py:2305} INFO - Setting next_dagrun for example_kubernetes_executor to None
[2022-06-07 01:27:25,822] {scheduler_job.py:190} INFO - Processing /home/airflow/.local/lib/python3.6/site-packages/airflow/example_dags/example_kubernetes_executor.py took 0.031 seconds
[2022-06-07 01:27:56,385] {scheduler_job.py:182} INFO - Started process (PID=1698) to work on /home/airflow/.local/lib/python3.6/site-packages/airflow/example_dags/example_kubernetes_executor.py
[2022-06-07 01:27:56,385] {scheduler_job.py:633} INFO - Processing file /home/airflow/.local/lib/python3.6/site-packages/airflow/example_dags/example_kubernetes_executor.py for tasks to queue
[2022-06-07 01:27:56,386] {logging_mixin.py:104} INFO - [2022-06-07 01:27:56,386] {dagbag.py:487} INFO - Filling up the DagBag from /home/airflow/.local/lib/python3.6/site-packages/airflow/example_dags/example_kubernetes_executor.py
[2022-06-07 01:27:56,391] {scheduler_job.py:643} INFO - DAG(s) dict_keys(['example_kubernetes_executor']) retrieved from /home/airflow/.local/lib/python3.6/site-packages/airflow/example_dags/example_kubernetes_executor.py
[2022-06-07 01:27:56,400] {logging_mixin.py:104} INFO - [2022-06-07 01:27:56,400] {dag.py:1832} INFO - Sync 1 DAGs
[2022-06-07 01:27:56,406] {logging_mixin.py:104} INFO - [2022-06-07 01:27:56,406] {dag.py:2305} INFO - Setting next_dagrun for example_kubernetes_executor to None
[2022-06-07 01:27:56,411] {scheduler_job.py:190} INFO - Processing /home/airflow/.local/lib/python3.6/site-packages/airflow/example_dags/example_kubernetes_executor.py took 0.028 seconds
