[2022-06-07 01:21:17,168] {scheduler_job.py:182} INFO - Started process (PID=84) to work on /home/airflow/.local/lib/python3.6/site-packages/airflow/example_dags/example_subdag_operator.py
[2022-06-07 01:21:17,168] {scheduler_job.py:633} INFO - Processing file /home/airflow/.local/lib/python3.6/site-packages/airflow/example_dags/example_subdag_operator.py for tasks to queue
[2022-06-07 01:21:17,168] {logging_mixin.py:104} INFO - [2022-06-07 01:21:17,168] {dagbag.py:487} INFO - Filling up the DagBag from /home/airflow/.local/lib/python3.6/site-packages/airflow/example_dags/example_subdag_operator.py
[2022-06-07 01:21:17,184] {scheduler_job.py:643} INFO - DAG(s) dict_keys(['example_subdag_operator.section-1', 'example_subdag_operator.section-2', 'example_subdag_operator']) retrieved from /home/airflow/.local/lib/python3.6/site-packages/airflow/example_dags/example_subdag_operator.py
[2022-06-07 01:21:18,092] {logging_mixin.py:104} INFO - [2022-06-07 01:21:18,092] {dag.py:1832} INFO - Sync 3 DAGs
[2022-06-07 01:21:18,098] {logging_mixin.py:104} INFO - [2022-06-07 01:21:18,097] {dag.py:1851} INFO - Creating ORM DAG for example_subdag_operator.section-1
[2022-06-07 01:21:18,098] {logging_mixin.py:104} INFO - [2022-06-07 01:21:18,098] {dag.py:1851} INFO - Creating ORM DAG for example_subdag_operator
[2022-06-07 01:21:18,098] {logging_mixin.py:104} INFO - [2022-06-07 01:21:18,098] {dag.py:1851} INFO - Creating ORM DAG for example_subdag_operator.section-2
[2022-06-07 01:21:18,101] {logging_mixin.py:104} INFO - [2022-06-07 01:21:18,101] {dag.py:2305} INFO - Setting next_dagrun for example_subdag_operator to 2022-06-05 00:00:00+00:00
[2022-06-07 01:21:18,101] {logging_mixin.py:104} INFO - [2022-06-07 01:21:18,101] {dag.py:2305} INFO - Setting next_dagrun for example_subdag_operator.section-1 to None
[2022-06-07 01:21:18,101] {logging_mixin.py:104} INFO - [2022-06-07 01:21:18,101] {dag.py:2305} INFO - Setting next_dagrun for example_subdag_operator.section-2 to None
[2022-06-07 01:21:18,106] {logging_mixin.py:104} INFO - [2022-06-07 01:21:18,106] {dag.py:1832} INFO - Sync 2 DAGs
[2022-06-07 01:21:18,109] {logging_mixin.py:104} INFO - [2022-06-07 01:21:18,109] {dag.py:2305} INFO - Setting next_dagrun for example_subdag_operator.section-1 to None
[2022-06-07 01:21:18,110] {logging_mixin.py:104} INFO - [2022-06-07 01:21:18,110] {dag.py:2305} INFO - Setting next_dagrun for example_subdag_operator.section-2 to None
[2022-06-07 01:21:18,113] {scheduler_job.py:190} INFO - Processing /home/airflow/.local/lib/python3.6/site-packages/airflow/example_dags/example_subdag_operator.py took 0.946 seconds
[2022-06-07 01:21:48,370] {scheduler_job.py:182} INFO - Started process (PID=242) to work on /home/airflow/.local/lib/python3.6/site-packages/airflow/example_dags/example_subdag_operator.py
[2022-06-07 01:21:48,370] {scheduler_job.py:633} INFO - Processing file /home/airflow/.local/lib/python3.6/site-packages/airflow/example_dags/example_subdag_operator.py for tasks to queue
[2022-06-07 01:21:48,370] {logging_mixin.py:104} INFO - [2022-06-07 01:21:48,370] {dagbag.py:487} INFO - Filling up the DagBag from /home/airflow/.local/lib/python3.6/site-packages/airflow/example_dags/example_subdag_operator.py
[2022-06-07 01:21:48,399] {scheduler_job.py:643} INFO - DAG(s) dict_keys(['example_subdag_operator.section-1', 'example_subdag_operator.section-2', 'example_subdag_operator']) retrieved from /home/airflow/.local/lib/python3.6/site-packages/airflow/example_dags/example_subdag_operator.py
[2022-06-07 01:21:48,406] {logging_mixin.py:104} INFO - [2022-06-07 01:21:48,406] {dag.py:1832} INFO - Sync 3 DAGs
[2022-06-07 01:21:48,416] {logging_mixin.py:104} INFO - [2022-06-07 01:21:48,416] {dag.py:2305} INFO - Setting next_dagrun for example_subdag_operator to 2022-06-05 00:00:00+00:00
[2022-06-07 01:21:48,417] {logging_mixin.py:104} INFO - [2022-06-07 01:21:48,417] {dag.py:2305} INFO - Setting next_dagrun for example_subdag_operator.section-1 to None
[2022-06-07 01:21:48,417] {logging_mixin.py:104} INFO - [2022-06-07 01:21:48,417] {dag.py:2305} INFO - Setting next_dagrun for example_subdag_operator.section-2 to None
[2022-06-07 01:21:48,425] {logging_mixin.py:104} INFO - [2022-06-07 01:21:48,425] {dag.py:1832} INFO - Sync 2 DAGs
[2022-06-07 01:21:48,431] {logging_mixin.py:104} INFO - [2022-06-07 01:21:48,431] {dag.py:2305} INFO - Setting next_dagrun for example_subdag_operator.section-1 to None
[2022-06-07 01:21:48,431] {logging_mixin.py:104} INFO - [2022-06-07 01:21:48,431] {dag.py:2305} INFO - Setting next_dagrun for example_subdag_operator.section-2 to None
[2022-06-07 01:21:48,437] {scheduler_job.py:190} INFO - Processing /home/airflow/.local/lib/python3.6/site-packages/airflow/example_dags/example_subdag_operator.py took 0.071 seconds
[2022-06-07 01:22:19,302] {scheduler_job.py:182} INFO - Started process (PID=371) to work on /home/airflow/.local/lib/python3.6/site-packages/airflow/example_dags/example_subdag_operator.py
[2022-06-07 01:22:19,303] {scheduler_job.py:633} INFO - Processing file /home/airflow/.local/lib/python3.6/site-packages/airflow/example_dags/example_subdag_operator.py for tasks to queue
[2022-06-07 01:22:19,303] {logging_mixin.py:104} INFO - [2022-06-07 01:22:19,303] {dagbag.py:487} INFO - Filling up the DagBag from /home/airflow/.local/lib/python3.6/site-packages/airflow/example_dags/example_subdag_operator.py
[2022-06-07 01:22:19,320] {scheduler_job.py:643} INFO - DAG(s) dict_keys(['example_subdag_operator.section-1', 'example_subdag_operator.section-2', 'example_subdag_operator']) retrieved from /home/airflow/.local/lib/python3.6/site-packages/airflow/example_dags/example_subdag_operator.py
[2022-06-07 01:22:19,324] {logging_mixin.py:104} INFO - [2022-06-07 01:22:19,324] {dag.py:1832} INFO - Sync 3 DAGs
[2022-06-07 01:22:19,330] {logging_mixin.py:104} INFO - [2022-06-07 01:22:19,330] {dag.py:2305} INFO - Setting next_dagrun for example_subdag_operator to 2022-06-05 00:00:00+00:00
[2022-06-07 01:22:19,330] {logging_mixin.py:104} INFO - [2022-06-07 01:22:19,330] {dag.py:2305} INFO - Setting next_dagrun for example_subdag_operator.section-1 to None
[2022-06-07 01:22:19,330] {logging_mixin.py:104} INFO - [2022-06-07 01:22:19,330] {dag.py:2305} INFO - Setting next_dagrun for example_subdag_operator.section-2 to None
[2022-06-07 01:22:19,334] {logging_mixin.py:104} INFO - [2022-06-07 01:22:19,334] {dag.py:1832} INFO - Sync 2 DAGs
[2022-06-07 01:22:19,337] {logging_mixin.py:104} INFO - [2022-06-07 01:22:19,337] {dag.py:2305} INFO - Setting next_dagrun for example_subdag_operator.section-1 to None
[2022-06-07 01:22:19,337] {logging_mixin.py:104} INFO - [2022-06-07 01:22:19,337] {dag.py:2305} INFO - Setting next_dagrun for example_subdag_operator.section-2 to None
[2022-06-07 01:22:19,339] {scheduler_job.py:190} INFO - Processing /home/airflow/.local/lib/python3.6/site-packages/airflow/example_dags/example_subdag_operator.py took 0.042 seconds
[2022-06-07 01:22:50,067] {scheduler_job.py:182} INFO - Started process (PID=501) to work on /home/airflow/.local/lib/python3.6/site-packages/airflow/example_dags/example_subdag_operator.py
[2022-06-07 01:22:50,068] {scheduler_job.py:633} INFO - Processing file /home/airflow/.local/lib/python3.6/site-packages/airflow/example_dags/example_subdag_operator.py for tasks to queue
[2022-06-07 01:22:50,068] {logging_mixin.py:104} INFO - [2022-06-07 01:22:50,068] {dagbag.py:487} INFO - Filling up the DagBag from /home/airflow/.local/lib/python3.6/site-packages/airflow/example_dags/example_subdag_operator.py
[2022-06-07 01:22:50,082] {scheduler_job.py:643} INFO - DAG(s) dict_keys(['example_subdag_operator.section-1', 'example_subdag_operator.section-2', 'example_subdag_operator']) retrieved from /home/airflow/.local/lib/python3.6/site-packages/airflow/example_dags/example_subdag_operator.py
[2022-06-07 01:22:50,087] {logging_mixin.py:104} INFO - [2022-06-07 01:22:50,087] {dag.py:1832} INFO - Sync 3 DAGs
[2022-06-07 01:22:50,092] {logging_mixin.py:104} INFO - [2022-06-07 01:22:50,092] {dag.py:2305} INFO - Setting next_dagrun for example_subdag_operator to 2022-06-05 00:00:00+00:00
[2022-06-07 01:22:50,093] {logging_mixin.py:104} INFO - [2022-06-07 01:22:50,093] {dag.py:2305} INFO - Setting next_dagrun for example_subdag_operator.section-1 to None
[2022-06-07 01:22:50,093] {logging_mixin.py:104} INFO - [2022-06-07 01:22:50,093] {dag.py:2305} INFO - Setting next_dagrun for example_subdag_operator.section-2 to None
[2022-06-07 01:22:50,095] {logging_mixin.py:104} INFO - [2022-06-07 01:22:50,095] {dag.py:1832} INFO - Sync 2 DAGs
[2022-06-07 01:22:50,098] {logging_mixin.py:104} INFO - [2022-06-07 01:22:50,098] {dag.py:2305} INFO - Setting next_dagrun for example_subdag_operator.section-1 to None
[2022-06-07 01:22:50,098] {logging_mixin.py:104} INFO - [2022-06-07 01:22:50,098] {dag.py:2305} INFO - Setting next_dagrun for example_subdag_operator.section-2 to None
[2022-06-07 01:22:50,100] {scheduler_job.py:190} INFO - Processing /home/airflow/.local/lib/python3.6/site-packages/airflow/example_dags/example_subdag_operator.py took 0.034 seconds
[2022-06-07 01:23:20,888] {scheduler_job.py:182} INFO - Started process (PID=598) to work on /home/airflow/.local/lib/python3.6/site-packages/airflow/example_dags/example_subdag_operator.py
[2022-06-07 01:23:20,889] {scheduler_job.py:633} INFO - Processing file /home/airflow/.local/lib/python3.6/site-packages/airflow/example_dags/example_subdag_operator.py for tasks to queue
[2022-06-07 01:23:20,889] {logging_mixin.py:104} INFO - [2022-06-07 01:23:20,889] {dagbag.py:487} INFO - Filling up the DagBag from /home/airflow/.local/lib/python3.6/site-packages/airflow/example_dags/example_subdag_operator.py
[2022-06-07 01:23:20,904] {scheduler_job.py:643} INFO - DAG(s) dict_keys(['example_subdag_operator.section-1', 'example_subdag_operator.section-2', 'example_subdag_operator']) retrieved from /home/airflow/.local/lib/python3.6/site-packages/airflow/example_dags/example_subdag_operator.py
[2022-06-07 01:23:20,909] {logging_mixin.py:104} INFO - [2022-06-07 01:23:20,909] {dag.py:1832} INFO - Sync 3 DAGs
[2022-06-07 01:23:20,914] {logging_mixin.py:104} INFO - [2022-06-07 01:23:20,914] {dag.py:2305} INFO - Setting next_dagrun for example_subdag_operator to 2022-06-05 00:00:00+00:00
[2022-06-07 01:23:20,915] {logging_mixin.py:104} INFO - [2022-06-07 01:23:20,915] {dag.py:2305} INFO - Setting next_dagrun for example_subdag_operator.section-1 to None
[2022-06-07 01:23:20,915] {logging_mixin.py:104} INFO - [2022-06-07 01:23:20,915] {dag.py:2305} INFO - Setting next_dagrun for example_subdag_operator.section-2 to None
[2022-06-07 01:23:20,919] {logging_mixin.py:104} INFO - [2022-06-07 01:23:20,919] {dag.py:1832} INFO - Sync 2 DAGs
[2022-06-07 01:23:20,921] {logging_mixin.py:104} INFO - [2022-06-07 01:23:20,921] {dag.py:2305} INFO - Setting next_dagrun for example_subdag_operator.section-1 to None
[2022-06-07 01:23:20,921] {logging_mixin.py:104} INFO - [2022-06-07 01:23:20,921] {dag.py:2305} INFO - Setting next_dagrun for example_subdag_operator.section-2 to None
[2022-06-07 01:23:20,924] {scheduler_job.py:190} INFO - Processing /home/airflow/.local/lib/python3.6/site-packages/airflow/example_dags/example_subdag_operator.py took 0.037 seconds
[2022-06-07 01:23:51,626] {scheduler_job.py:182} INFO - Started process (PID=728) to work on /home/airflow/.local/lib/python3.6/site-packages/airflow/example_dags/example_subdag_operator.py
[2022-06-07 01:23:51,626] {scheduler_job.py:633} INFO - Processing file /home/airflow/.local/lib/python3.6/site-packages/airflow/example_dags/example_subdag_operator.py for tasks to queue
[2022-06-07 01:23:51,626] {logging_mixin.py:104} INFO - [2022-06-07 01:23:51,626] {dagbag.py:487} INFO - Filling up the DagBag from /home/airflow/.local/lib/python3.6/site-packages/airflow/example_dags/example_subdag_operator.py
[2022-06-07 01:23:51,640] {scheduler_job.py:643} INFO - DAG(s) dict_keys(['example_subdag_operator.section-1', 'example_subdag_operator.section-2', 'example_subdag_operator']) retrieved from /home/airflow/.local/lib/python3.6/site-packages/airflow/example_dags/example_subdag_operator.py
[2022-06-07 01:23:51,645] {logging_mixin.py:104} INFO - [2022-06-07 01:23:51,645] {dag.py:1832} INFO - Sync 3 DAGs
[2022-06-07 01:23:51,651] {logging_mixin.py:104} INFO - [2022-06-07 01:23:51,651] {dag.py:2305} INFO - Setting next_dagrun for example_subdag_operator to 2022-06-05 00:00:00+00:00
[2022-06-07 01:23:51,651] {logging_mixin.py:104} INFO - [2022-06-07 01:23:51,651] {dag.py:2305} INFO - Setting next_dagrun for example_subdag_operator.section-1 to None
[2022-06-07 01:23:51,651] {logging_mixin.py:104} INFO - [2022-06-07 01:23:51,651] {dag.py:2305} INFO - Setting next_dagrun for example_subdag_operator.section-2 to None
[2022-06-07 01:23:51,654] {logging_mixin.py:104} INFO - [2022-06-07 01:23:51,654] {dag.py:1832} INFO - Sync 2 DAGs
[2022-06-07 01:23:51,657] {logging_mixin.py:104} INFO - [2022-06-07 01:23:51,657] {dag.py:2305} INFO - Setting next_dagrun for example_subdag_operator.section-1 to None
[2022-06-07 01:23:51,657] {logging_mixin.py:104} INFO - [2022-06-07 01:23:51,657] {dag.py:2305} INFO - Setting next_dagrun for example_subdag_operator.section-2 to None
[2022-06-07 01:23:51,659] {scheduler_job.py:190} INFO - Processing /home/airflow/.local/lib/python3.6/site-packages/airflow/example_dags/example_subdag_operator.py took 0.035 seconds
[2022-06-07 01:24:22,407] {scheduler_job.py:182} INFO - Started process (PID=858) to work on /home/airflow/.local/lib/python3.6/site-packages/airflow/example_dags/example_subdag_operator.py
[2022-06-07 01:24:22,407] {scheduler_job.py:633} INFO - Processing file /home/airflow/.local/lib/python3.6/site-packages/airflow/example_dags/example_subdag_operator.py for tasks to queue
[2022-06-07 01:24:22,407] {logging_mixin.py:104} INFO - [2022-06-07 01:24:22,407] {dagbag.py:487} INFO - Filling up the DagBag from /home/airflow/.local/lib/python3.6/site-packages/airflow/example_dags/example_subdag_operator.py
[2022-06-07 01:24:22,420] {scheduler_job.py:643} INFO - DAG(s) dict_keys(['example_subdag_operator.section-1', 'example_subdag_operator.section-2', 'example_subdag_operator']) retrieved from /home/airflow/.local/lib/python3.6/site-packages/airflow/example_dags/example_subdag_operator.py
[2022-06-07 01:24:22,425] {logging_mixin.py:104} INFO - [2022-06-07 01:24:22,425] {dag.py:1832} INFO - Sync 3 DAGs
[2022-06-07 01:24:22,431] {logging_mixin.py:104} INFO - [2022-06-07 01:24:22,431] {dag.py:2305} INFO - Setting next_dagrun for example_subdag_operator to 2022-06-05 00:00:00+00:00
[2022-06-07 01:24:22,431] {logging_mixin.py:104} INFO - [2022-06-07 01:24:22,431] {dag.py:2305} INFO - Setting next_dagrun for example_subdag_operator.section-1 to None
[2022-06-07 01:24:22,431] {logging_mixin.py:104} INFO - [2022-06-07 01:24:22,431] {dag.py:2305} INFO - Setting next_dagrun for example_subdag_operator.section-2 to None
[2022-06-07 01:24:22,435] {logging_mixin.py:104} INFO - [2022-06-07 01:24:22,435] {dag.py:1832} INFO - Sync 2 DAGs
[2022-06-07 01:24:22,438] {logging_mixin.py:104} INFO - [2022-06-07 01:24:22,438] {dag.py:2305} INFO - Setting next_dagrun for example_subdag_operator.section-1 to None
[2022-06-07 01:24:22,438] {logging_mixin.py:104} INFO - [2022-06-07 01:24:22,438] {dag.py:2305} INFO - Setting next_dagrun for example_subdag_operator.section-2 to None
[2022-06-07 01:24:22,440] {scheduler_job.py:190} INFO - Processing /home/airflow/.local/lib/python3.6/site-packages/airflow/example_dags/example_subdag_operator.py took 0.034 seconds
[2022-06-07 01:24:53,126] {scheduler_job.py:182} INFO - Started process (PID=988) to work on /home/airflow/.local/lib/python3.6/site-packages/airflow/example_dags/example_subdag_operator.py
[2022-06-07 01:24:53,126] {scheduler_job.py:633} INFO - Processing file /home/airflow/.local/lib/python3.6/site-packages/airflow/example_dags/example_subdag_operator.py for tasks to queue
[2022-06-07 01:24:53,127] {logging_mixin.py:104} INFO - [2022-06-07 01:24:53,127] {dagbag.py:487} INFO - Filling up the DagBag from /home/airflow/.local/lib/python3.6/site-packages/airflow/example_dags/example_subdag_operator.py
[2022-06-07 01:24:53,141] {scheduler_job.py:643} INFO - DAG(s) dict_keys(['example_subdag_operator.section-1', 'example_subdag_operator.section-2', 'example_subdag_operator']) retrieved from /home/airflow/.local/lib/python3.6/site-packages/airflow/example_dags/example_subdag_operator.py
[2022-06-07 01:24:53,145] {logging_mixin.py:104} INFO - [2022-06-07 01:24:53,145] {dag.py:1832} INFO - Sync 3 DAGs
[2022-06-07 01:24:53,151] {logging_mixin.py:104} INFO - [2022-06-07 01:24:53,151] {dag.py:2305} INFO - Setting next_dagrun for example_subdag_operator to 2022-06-05 00:00:00+00:00
[2022-06-07 01:24:53,151] {logging_mixin.py:104} INFO - [2022-06-07 01:24:53,151] {dag.py:2305} INFO - Setting next_dagrun for example_subdag_operator.section-1 to None
[2022-06-07 01:24:53,151] {logging_mixin.py:104} INFO - [2022-06-07 01:24:53,151] {dag.py:2305} INFO - Setting next_dagrun for example_subdag_operator.section-2 to None
[2022-06-07 01:24:53,155] {logging_mixin.py:104} INFO - [2022-06-07 01:24:53,155] {dag.py:1832} INFO - Sync 2 DAGs
[2022-06-07 01:24:53,158] {logging_mixin.py:104} INFO - [2022-06-07 01:24:53,158] {dag.py:2305} INFO - Setting next_dagrun for example_subdag_operator.section-1 to None
[2022-06-07 01:24:53,158] {logging_mixin.py:104} INFO - [2022-06-07 01:24:53,158] {dag.py:2305} INFO - Setting next_dagrun for example_subdag_operator.section-2 to None
[2022-06-07 01:24:53,160] {scheduler_job.py:190} INFO - Processing /home/airflow/.local/lib/python3.6/site-packages/airflow/example_dags/example_subdag_operator.py took 0.035 seconds
[2022-06-07 01:25:23,838] {scheduler_job.py:182} INFO - Started process (PID=1085) to work on /home/airflow/.local/lib/python3.6/site-packages/airflow/example_dags/example_subdag_operator.py
[2022-06-07 01:25:23,839] {scheduler_job.py:633} INFO - Processing file /home/airflow/.local/lib/python3.6/site-packages/airflow/example_dags/example_subdag_operator.py for tasks to queue
[2022-06-07 01:25:23,839] {logging_mixin.py:104} INFO - [2022-06-07 01:25:23,839] {dagbag.py:487} INFO - Filling up the DagBag from /home/airflow/.local/lib/python3.6/site-packages/airflow/example_dags/example_subdag_operator.py
[2022-06-07 01:25:23,854] {scheduler_job.py:643} INFO - DAG(s) dict_keys(['example_subdag_operator.section-1', 'example_subdag_operator.section-2', 'example_subdag_operator']) retrieved from /home/airflow/.local/lib/python3.6/site-packages/airflow/example_dags/example_subdag_operator.py
[2022-06-07 01:25:23,858] {logging_mixin.py:104} INFO - [2022-06-07 01:25:23,858] {dag.py:1832} INFO - Sync 3 DAGs
[2022-06-07 01:25:23,864] {logging_mixin.py:104} INFO - [2022-06-07 01:25:23,864] {dag.py:2305} INFO - Setting next_dagrun for example_subdag_operator to 2022-06-05 00:00:00+00:00
[2022-06-07 01:25:23,864] {logging_mixin.py:104} INFO - [2022-06-07 01:25:23,864] {dag.py:2305} INFO - Setting next_dagrun for example_subdag_operator.section-1 to None
[2022-06-07 01:25:23,865] {logging_mixin.py:104} INFO - [2022-06-07 01:25:23,865] {dag.py:2305} INFO - Setting next_dagrun for example_subdag_operator.section-2 to None
[2022-06-07 01:25:23,868] {logging_mixin.py:104} INFO - [2022-06-07 01:25:23,868] {dag.py:1832} INFO - Sync 2 DAGs
[2022-06-07 01:25:23,871] {logging_mixin.py:104} INFO - [2022-06-07 01:25:23,871] {dag.py:2305} INFO - Setting next_dagrun for example_subdag_operator.section-1 to None
[2022-06-07 01:25:23,871] {logging_mixin.py:104} INFO - [2022-06-07 01:25:23,871] {dag.py:2305} INFO - Setting next_dagrun for example_subdag_operator.section-2 to None
[2022-06-07 01:25:23,873] {scheduler_job.py:190} INFO - Processing /home/airflow/.local/lib/python3.6/site-packages/airflow/example_dags/example_subdag_operator.py took 0.040 seconds
[2022-06-07 01:25:54,614] {scheduler_job.py:182} INFO - Started process (PID=1215) to work on /home/airflow/.local/lib/python3.6/site-packages/airflow/example_dags/example_subdag_operator.py
[2022-06-07 01:25:54,615] {scheduler_job.py:633} INFO - Processing file /home/airflow/.local/lib/python3.6/site-packages/airflow/example_dags/example_subdag_operator.py for tasks to queue
[2022-06-07 01:25:54,615] {logging_mixin.py:104} INFO - [2022-06-07 01:25:54,615] {dagbag.py:487} INFO - Filling up the DagBag from /home/airflow/.local/lib/python3.6/site-packages/airflow/example_dags/example_subdag_operator.py
[2022-06-07 01:25:54,633] {scheduler_job.py:643} INFO - DAG(s) dict_keys(['example_subdag_operator.section-1', 'example_subdag_operator.section-2', 'example_subdag_operator']) retrieved from /home/airflow/.local/lib/python3.6/site-packages/airflow/example_dags/example_subdag_operator.py
[2022-06-07 01:25:54,644] {logging_mixin.py:104} INFO - [2022-06-07 01:25:54,644] {dag.py:1832} INFO - Sync 3 DAGs
[2022-06-07 01:25:54,651] {logging_mixin.py:104} INFO - [2022-06-07 01:25:54,651] {dag.py:2305} INFO - Setting next_dagrun for example_subdag_operator to 2022-06-05 00:00:00+00:00
[2022-06-07 01:25:54,651] {logging_mixin.py:104} INFO - [2022-06-07 01:25:54,651] {dag.py:2305} INFO - Setting next_dagrun for example_subdag_operator.section-1 to None
[2022-06-07 01:25:54,651] {logging_mixin.py:104} INFO - [2022-06-07 01:25:54,651] {dag.py:2305} INFO - Setting next_dagrun for example_subdag_operator.section-2 to None
[2022-06-07 01:25:54,655] {logging_mixin.py:104} INFO - [2022-06-07 01:25:54,655] {dag.py:1832} INFO - Sync 2 DAGs
[2022-06-07 01:25:54,657] {logging_mixin.py:104} INFO - [2022-06-07 01:25:54,657] {dag.py:2305} INFO - Setting next_dagrun for example_subdag_operator.section-1 to None
[2022-06-07 01:25:54,657] {logging_mixin.py:104} INFO - [2022-06-07 01:25:54,657] {dag.py:2305} INFO - Setting next_dagrun for example_subdag_operator.section-2 to None
[2022-06-07 01:25:54,659] {scheduler_job.py:190} INFO - Processing /home/airflow/.local/lib/python3.6/site-packages/airflow/example_dags/example_subdag_operator.py took 0.050 seconds
[2022-06-07 01:26:25,342] {scheduler_job.py:182} INFO - Started process (PID=1344) to work on /home/airflow/.local/lib/python3.6/site-packages/airflow/example_dags/example_subdag_operator.py
[2022-06-07 01:26:25,342] {scheduler_job.py:633} INFO - Processing file /home/airflow/.local/lib/python3.6/site-packages/airflow/example_dags/example_subdag_operator.py for tasks to queue
[2022-06-07 01:26:25,342] {logging_mixin.py:104} INFO - [2022-06-07 01:26:25,342] {dagbag.py:487} INFO - Filling up the DagBag from /home/airflow/.local/lib/python3.6/site-packages/airflow/example_dags/example_subdag_operator.py
[2022-06-07 01:26:25,358] {scheduler_job.py:643} INFO - DAG(s) dict_keys(['example_subdag_operator.section-1', 'example_subdag_operator.section-2', 'example_subdag_operator']) retrieved from /home/airflow/.local/lib/python3.6/site-packages/airflow/example_dags/example_subdag_operator.py
[2022-06-07 01:26:25,363] {logging_mixin.py:104} INFO - [2022-06-07 01:26:25,363] {dag.py:1832} INFO - Sync 3 DAGs
[2022-06-07 01:26:25,369] {logging_mixin.py:104} INFO - [2022-06-07 01:26:25,369] {dag.py:2305} INFO - Setting next_dagrun for example_subdag_operator to 2022-06-05 00:00:00+00:00
[2022-06-07 01:26:25,369] {logging_mixin.py:104} INFO - [2022-06-07 01:26:25,369] {dag.py:2305} INFO - Setting next_dagrun for example_subdag_operator.section-1 to None
[2022-06-07 01:26:25,369] {logging_mixin.py:104} INFO - [2022-06-07 01:26:25,369] {dag.py:2305} INFO - Setting next_dagrun for example_subdag_operator.section-2 to None
[2022-06-07 01:26:25,373] {logging_mixin.py:104} INFO - [2022-06-07 01:26:25,373] {dag.py:1832} INFO - Sync 2 DAGs
[2022-06-07 01:26:25,375] {logging_mixin.py:104} INFO - [2022-06-07 01:26:25,375] {dag.py:2305} INFO - Setting next_dagrun for example_subdag_operator.section-1 to None
[2022-06-07 01:26:25,376] {logging_mixin.py:104} INFO - [2022-06-07 01:26:25,376] {dag.py:2305} INFO - Setting next_dagrun for example_subdag_operator.section-2 to None
[2022-06-07 01:26:25,378] {scheduler_job.py:190} INFO - Processing /home/airflow/.local/lib/python3.6/site-packages/airflow/example_dags/example_subdag_operator.py took 0.037 seconds
[2022-06-07 01:26:56,001] {scheduler_job.py:182} INFO - Started process (PID=1474) to work on /home/airflow/.local/lib/python3.6/site-packages/airflow/example_dags/example_subdag_operator.py
[2022-06-07 01:26:56,001] {scheduler_job.py:633} INFO - Processing file /home/airflow/.local/lib/python3.6/site-packages/airflow/example_dags/example_subdag_operator.py for tasks to queue
[2022-06-07 01:26:56,002] {logging_mixin.py:104} INFO - [2022-06-07 01:26:56,001] {dagbag.py:487} INFO - Filling up the DagBag from /home/airflow/.local/lib/python3.6/site-packages/airflow/example_dags/example_subdag_operator.py
[2022-06-07 01:26:56,017] {scheduler_job.py:643} INFO - DAG(s) dict_keys(['example_subdag_operator.section-1', 'example_subdag_operator.section-2', 'example_subdag_operator']) retrieved from /home/airflow/.local/lib/python3.6/site-packages/airflow/example_dags/example_subdag_operator.py
[2022-06-07 01:26:56,022] {logging_mixin.py:104} INFO - [2022-06-07 01:26:56,022] {dag.py:1832} INFO - Sync 3 DAGs
[2022-06-07 01:26:56,028] {logging_mixin.py:104} INFO - [2022-06-07 01:26:56,028] {dag.py:2305} INFO - Setting next_dagrun for example_subdag_operator to 2022-06-05 00:00:00+00:00
[2022-06-07 01:26:56,028] {logging_mixin.py:104} INFO - [2022-06-07 01:26:56,028] {dag.py:2305} INFO - Setting next_dagrun for example_subdag_operator.section-1 to None
[2022-06-07 01:26:56,029] {logging_mixin.py:104} INFO - [2022-06-07 01:26:56,029] {dag.py:2305} INFO - Setting next_dagrun for example_subdag_operator.section-2 to None
[2022-06-07 01:26:56,032] {logging_mixin.py:104} INFO - [2022-06-07 01:26:56,032] {dag.py:1832} INFO - Sync 2 DAGs
[2022-06-07 01:26:56,035] {logging_mixin.py:104} INFO - [2022-06-07 01:26:56,035] {dag.py:2305} INFO - Setting next_dagrun for example_subdag_operator.section-1 to None
[2022-06-07 01:26:56,035] {logging_mixin.py:104} INFO - [2022-06-07 01:26:56,035] {dag.py:2305} INFO - Setting next_dagrun for example_subdag_operator.section-2 to None
[2022-06-07 01:26:56,037] {scheduler_job.py:190} INFO - Processing /home/airflow/.local/lib/python3.6/site-packages/airflow/example_dags/example_subdag_operator.py took 0.037 seconds
[2022-06-07 01:27:26,816] {scheduler_job.py:182} INFO - Started process (PID=1571) to work on /home/airflow/.local/lib/python3.6/site-packages/airflow/example_dags/example_subdag_operator.py
[2022-06-07 01:27:26,816] {scheduler_job.py:633} INFO - Processing file /home/airflow/.local/lib/python3.6/site-packages/airflow/example_dags/example_subdag_operator.py for tasks to queue
[2022-06-07 01:27:26,817] {logging_mixin.py:104} INFO - [2022-06-07 01:27:26,817] {dagbag.py:487} INFO - Filling up the DagBag from /home/airflow/.local/lib/python3.6/site-packages/airflow/example_dags/example_subdag_operator.py
[2022-06-07 01:27:26,832] {scheduler_job.py:643} INFO - DAG(s) dict_keys(['example_subdag_operator.section-1', 'example_subdag_operator.section-2', 'example_subdag_operator']) retrieved from /home/airflow/.local/lib/python3.6/site-packages/airflow/example_dags/example_subdag_operator.py
[2022-06-07 01:27:26,837] {logging_mixin.py:104} INFO - [2022-06-07 01:27:26,837] {dag.py:1832} INFO - Sync 3 DAGs
[2022-06-07 01:27:26,843] {logging_mixin.py:104} INFO - [2022-06-07 01:27:26,843] {dag.py:2305} INFO - Setting next_dagrun for example_subdag_operator to 2022-06-05 00:00:00+00:00
[2022-06-07 01:27:26,843] {logging_mixin.py:104} INFO - [2022-06-07 01:27:26,843] {dag.py:2305} INFO - Setting next_dagrun for example_subdag_operator.section-1 to None
[2022-06-07 01:27:26,843] {logging_mixin.py:104} INFO - [2022-06-07 01:27:26,843] {dag.py:2305} INFO - Setting next_dagrun for example_subdag_operator.section-2 to None
[2022-06-07 01:27:26,854] {logging_mixin.py:104} INFO - [2022-06-07 01:27:26,854] {dag.py:1832} INFO - Sync 2 DAGs
[2022-06-07 01:27:26,857] {logging_mixin.py:104} INFO - [2022-06-07 01:27:26,857] {dag.py:2305} INFO - Setting next_dagrun for example_subdag_operator.section-1 to None
[2022-06-07 01:27:26,857] {logging_mixin.py:104} INFO - [2022-06-07 01:27:26,857] {dag.py:2305} INFO - Setting next_dagrun for example_subdag_operator.section-2 to None
[2022-06-07 01:27:26,875] {scheduler_job.py:190} INFO - Processing /home/airflow/.local/lib/python3.6/site-packages/airflow/example_dags/example_subdag_operator.py took 0.063 seconds
