[2022-06-07 01:21:30,403] {scheduler_job.py:182} INFO - Started process (PID=171) to work on /home/airflow/.local/lib/python3.6/site-packages/airflow/example_dags/example_task_group.py
[2022-06-07 01:21:30,403] {scheduler_job.py:633} INFO - Processing file /home/airflow/.local/lib/python3.6/site-packages/airflow/example_dags/example_task_group.py for tasks to queue
[2022-06-07 01:21:30,403] {logging_mixin.py:104} INFO - [2022-06-07 01:21:30,403] {dagbag.py:487} INFO - Filling up the DagBag from /home/airflow/.local/lib/python3.6/site-packages/airflow/example_dags/example_task_group.py
[2022-06-07 01:21:30,411] {scheduler_job.py:643} INFO - DAG(s) dict_keys(['example_task_group']) retrieved from /home/airflow/.local/lib/python3.6/site-packages/airflow/example_dags/example_task_group.py
[2022-06-07 01:21:31,258] {logging_mixin.py:104} INFO - [2022-06-07 01:21:31,258] {dag.py:1832} INFO - Sync 1 DAGs
[2022-06-07 01:21:31,262] {logging_mixin.py:104} INFO - [2022-06-07 01:21:31,262] {dag.py:1851} INFO - Creating ORM DAG for example_task_group
[2022-06-07 01:21:31,264] {logging_mixin.py:104} INFO - [2022-06-07 01:21:31,264] {dag.py:2305} INFO - Setting next_dagrun for example_task_group to 2022-06-05 00:00:00+00:00
[2022-06-07 01:21:31,268] {scheduler_job.py:190} INFO - Processing /home/airflow/.local/lib/python3.6/site-packages/airflow/example_dags/example_task_group.py took 0.866 seconds
[2022-06-07 01:22:02,187] {scheduler_job.py:182} INFO - Started process (PID=303) to work on /home/airflow/.local/lib/python3.6/site-packages/airflow/example_dags/example_task_group.py
[2022-06-07 01:22:02,188] {scheduler_job.py:633} INFO - Processing file /home/airflow/.local/lib/python3.6/site-packages/airflow/example_dags/example_task_group.py for tasks to queue
[2022-06-07 01:22:02,188] {logging_mixin.py:104} INFO - [2022-06-07 01:22:02,188] {dagbag.py:487} INFO - Filling up the DagBag from /home/airflow/.local/lib/python3.6/site-packages/airflow/example_dags/example_task_group.py
[2022-06-07 01:22:02,196] {scheduler_job.py:643} INFO - DAG(s) dict_keys(['example_task_group']) retrieved from /home/airflow/.local/lib/python3.6/site-packages/airflow/example_dags/example_task_group.py
[2022-06-07 01:22:02,205] {logging_mixin.py:104} INFO - [2022-06-07 01:22:02,205] {dag.py:1832} INFO - Sync 1 DAGs
[2022-06-07 01:22:02,211] {logging_mixin.py:104} INFO - [2022-06-07 01:22:02,211] {dag.py:2305} INFO - Setting next_dagrun for example_task_group to 2022-06-05 00:00:00+00:00
[2022-06-07 01:22:02,215] {scheduler_job.py:190} INFO - Processing /home/airflow/.local/lib/python3.6/site-packages/airflow/example_dags/example_task_group.py took 0.031 seconds
[2022-06-07 01:22:32,946] {scheduler_job.py:182} INFO - Started process (PID=432) to work on /home/airflow/.local/lib/python3.6/site-packages/airflow/example_dags/example_task_group.py
[2022-06-07 01:22:32,947] {scheduler_job.py:633} INFO - Processing file /home/airflow/.local/lib/python3.6/site-packages/airflow/example_dags/example_task_group.py for tasks to queue
[2022-06-07 01:22:32,947] {logging_mixin.py:104} INFO - [2022-06-07 01:22:32,947] {dagbag.py:487} INFO - Filling up the DagBag from /home/airflow/.local/lib/python3.6/site-packages/airflow/example_dags/example_task_group.py
[2022-06-07 01:22:32,954] {scheduler_job.py:643} INFO - DAG(s) dict_keys(['example_task_group']) retrieved from /home/airflow/.local/lib/python3.6/site-packages/airflow/example_dags/example_task_group.py
[2022-06-07 01:22:32,963] {logging_mixin.py:104} INFO - [2022-06-07 01:22:32,963] {dag.py:1832} INFO - Sync 1 DAGs
[2022-06-07 01:22:32,969] {logging_mixin.py:104} INFO - [2022-06-07 01:22:32,969] {dag.py:2305} INFO - Setting next_dagrun for example_task_group to 2022-06-05 00:00:00+00:00
[2022-06-07 01:22:32,972] {scheduler_job.py:190} INFO - Processing /home/airflow/.local/lib/python3.6/site-packages/airflow/example_dags/example_task_group.py took 0.027 seconds
[2022-06-07 01:23:03,779] {scheduler_job.py:182} INFO - Started process (PID=562) to work on /home/airflow/.local/lib/python3.6/site-packages/airflow/example_dags/example_task_group.py
[2022-06-07 01:23:03,780] {scheduler_job.py:633} INFO - Processing file /home/airflow/.local/lib/python3.6/site-packages/airflow/example_dags/example_task_group.py for tasks to queue
[2022-06-07 01:23:03,780] {logging_mixin.py:104} INFO - [2022-06-07 01:23:03,780] {dagbag.py:487} INFO - Filling up the DagBag from /home/airflow/.local/lib/python3.6/site-packages/airflow/example_dags/example_task_group.py
[2022-06-07 01:23:03,787] {scheduler_job.py:643} INFO - DAG(s) dict_keys(['example_task_group']) retrieved from /home/airflow/.local/lib/python3.6/site-packages/airflow/example_dags/example_task_group.py
[2022-06-07 01:23:03,797] {logging_mixin.py:104} INFO - [2022-06-07 01:23:03,797] {dag.py:1832} INFO - Sync 1 DAGs
[2022-06-07 01:23:03,802] {logging_mixin.py:104} INFO - [2022-06-07 01:23:03,802] {dag.py:2305} INFO - Setting next_dagrun for example_task_group to 2022-06-05 00:00:00+00:00
[2022-06-07 01:23:03,807] {scheduler_job.py:190} INFO - Processing /home/airflow/.local/lib/python3.6/site-packages/airflow/example_dags/example_task_group.py took 0.029 seconds
[2022-06-07 01:23:34,478] {scheduler_job.py:182} INFO - Started process (PID=692) to work on /home/airflow/.local/lib/python3.6/site-packages/airflow/example_dags/example_task_group.py
[2022-06-07 01:23:34,479] {scheduler_job.py:633} INFO - Processing file /home/airflow/.local/lib/python3.6/site-packages/airflow/example_dags/example_task_group.py for tasks to queue
[2022-06-07 01:23:34,480] {logging_mixin.py:104} INFO - [2022-06-07 01:23:34,480] {dagbag.py:487} INFO - Filling up the DagBag from /home/airflow/.local/lib/python3.6/site-packages/airflow/example_dags/example_task_group.py
[2022-06-07 01:23:34,491] {scheduler_job.py:643} INFO - DAG(s) dict_keys(['example_task_group']) retrieved from /home/airflow/.local/lib/python3.6/site-packages/airflow/example_dags/example_task_group.py
[2022-06-07 01:23:34,501] {logging_mixin.py:104} INFO - [2022-06-07 01:23:34,501] {dag.py:1832} INFO - Sync 1 DAGs
[2022-06-07 01:23:34,512] {logging_mixin.py:104} INFO - [2022-06-07 01:23:34,512] {dag.py:2305} INFO - Setting next_dagrun for example_task_group to 2022-06-05 00:00:00+00:00
[2022-06-07 01:23:34,517] {scheduler_job.py:190} INFO - Processing /home/airflow/.local/lib/python3.6/site-packages/airflow/example_dags/example_task_group.py took 0.041 seconds
[2022-06-07 01:24:05,256] {scheduler_job.py:182} INFO - Started process (PID=789) to work on /home/airflow/.local/lib/python3.6/site-packages/airflow/example_dags/example_task_group.py
[2022-06-07 01:24:05,257] {scheduler_job.py:633} INFO - Processing file /home/airflow/.local/lib/python3.6/site-packages/airflow/example_dags/example_task_group.py for tasks to queue
[2022-06-07 01:24:05,257] {logging_mixin.py:104} INFO - [2022-06-07 01:24:05,257] {dagbag.py:487} INFO - Filling up the DagBag from /home/airflow/.local/lib/python3.6/site-packages/airflow/example_dags/example_task_group.py
[2022-06-07 01:24:05,264] {scheduler_job.py:643} INFO - DAG(s) dict_keys(['example_task_group']) retrieved from /home/airflow/.local/lib/python3.6/site-packages/airflow/example_dags/example_task_group.py
[2022-06-07 01:24:05,273] {logging_mixin.py:104} INFO - [2022-06-07 01:24:05,273] {dag.py:1832} INFO - Sync 1 DAGs
[2022-06-07 01:24:05,278] {logging_mixin.py:104} INFO - [2022-06-07 01:24:05,278] {dag.py:2305} INFO - Setting next_dagrun for example_task_group to 2022-06-05 00:00:00+00:00
[2022-06-07 01:24:05,283] {scheduler_job.py:190} INFO - Processing /home/airflow/.local/lib/python3.6/site-packages/airflow/example_dags/example_task_group.py took 0.031 seconds
[2022-06-07 01:24:36,012] {scheduler_job.py:182} INFO - Started process (PID=919) to work on /home/airflow/.local/lib/python3.6/site-packages/airflow/example_dags/example_task_group.py
[2022-06-07 01:24:36,012] {scheduler_job.py:633} INFO - Processing file /home/airflow/.local/lib/python3.6/site-packages/airflow/example_dags/example_task_group.py for tasks to queue
[2022-06-07 01:24:36,013] {logging_mixin.py:104} INFO - [2022-06-07 01:24:36,013] {dagbag.py:487} INFO - Filling up the DagBag from /home/airflow/.local/lib/python3.6/site-packages/airflow/example_dags/example_task_group.py
[2022-06-07 01:24:36,020] {scheduler_job.py:643} INFO - DAG(s) dict_keys(['example_task_group']) retrieved from /home/airflow/.local/lib/python3.6/site-packages/airflow/example_dags/example_task_group.py
[2022-06-07 01:24:36,028] {logging_mixin.py:104} INFO - [2022-06-07 01:24:36,028] {dag.py:1832} INFO - Sync 1 DAGs
[2022-06-07 01:24:36,034] {logging_mixin.py:104} INFO - [2022-06-07 01:24:36,034] {dag.py:2305} INFO - Setting next_dagrun for example_task_group to 2022-06-05 00:00:00+00:00
[2022-06-07 01:24:36,038] {scheduler_job.py:190} INFO - Processing /home/airflow/.local/lib/python3.6/site-packages/airflow/example_dags/example_task_group.py took 0.027 seconds
[2022-06-07 01:25:06,733] {scheduler_job.py:182} INFO - Started process (PID=1049) to work on /home/airflow/.local/lib/python3.6/site-packages/airflow/example_dags/example_task_group.py
[2022-06-07 01:25:06,733] {scheduler_job.py:633} INFO - Processing file /home/airflow/.local/lib/python3.6/site-packages/airflow/example_dags/example_task_group.py for tasks to queue
[2022-06-07 01:25:06,733] {logging_mixin.py:104} INFO - [2022-06-07 01:25:06,733] {dagbag.py:487} INFO - Filling up the DagBag from /home/airflow/.local/lib/python3.6/site-packages/airflow/example_dags/example_task_group.py
[2022-06-07 01:25:06,740] {scheduler_job.py:643} INFO - DAG(s) dict_keys(['example_task_group']) retrieved from /home/airflow/.local/lib/python3.6/site-packages/airflow/example_dags/example_task_group.py
[2022-06-07 01:25:06,749] {logging_mixin.py:104} INFO - [2022-06-07 01:25:06,749] {dag.py:1832} INFO - Sync 1 DAGs
[2022-06-07 01:25:06,760] {logging_mixin.py:104} INFO - [2022-06-07 01:25:06,760] {dag.py:2305} INFO - Setting next_dagrun for example_task_group to 2022-06-05 00:00:00+00:00
[2022-06-07 01:25:06,768] {scheduler_job.py:190} INFO - Processing /home/airflow/.local/lib/python3.6/site-packages/airflow/example_dags/example_task_group.py took 0.037 seconds
[2022-06-07 01:25:37,518] {scheduler_job.py:182} INFO - Started process (PID=1179) to work on /home/airflow/.local/lib/python3.6/site-packages/airflow/example_dags/example_task_group.py
[2022-06-07 01:25:37,519] {scheduler_job.py:633} INFO - Processing file /home/airflow/.local/lib/python3.6/site-packages/airflow/example_dags/example_task_group.py for tasks to queue
[2022-06-07 01:25:37,519] {logging_mixin.py:104} INFO - [2022-06-07 01:25:37,519] {dagbag.py:487} INFO - Filling up the DagBag from /home/airflow/.local/lib/python3.6/site-packages/airflow/example_dags/example_task_group.py
[2022-06-07 01:25:37,526] {scheduler_job.py:643} INFO - DAG(s) dict_keys(['example_task_group']) retrieved from /home/airflow/.local/lib/python3.6/site-packages/airflow/example_dags/example_task_group.py
[2022-06-07 01:25:37,536] {logging_mixin.py:104} INFO - [2022-06-07 01:25:37,536] {dag.py:1832} INFO - Sync 1 DAGs
[2022-06-07 01:25:37,541] {logging_mixin.py:104} INFO - [2022-06-07 01:25:37,541] {dag.py:2305} INFO - Setting next_dagrun for example_task_group to 2022-06-05 00:00:00+00:00
[2022-06-07 01:25:37,546] {scheduler_job.py:190} INFO - Processing /home/airflow/.local/lib/python3.6/site-packages/airflow/example_dags/example_task_group.py took 0.033 seconds
[2022-06-07 01:26:08,194] {scheduler_job.py:182} INFO - Started process (PID=1275) to work on /home/airflow/.local/lib/python3.6/site-packages/airflow/example_dags/example_task_group.py
[2022-06-07 01:26:08,194] {scheduler_job.py:633} INFO - Processing file /home/airflow/.local/lib/python3.6/site-packages/airflow/example_dags/example_task_group.py for tasks to queue
[2022-06-07 01:26:08,194] {logging_mixin.py:104} INFO - [2022-06-07 01:26:08,194] {dagbag.py:487} INFO - Filling up the DagBag from /home/airflow/.local/lib/python3.6/site-packages/airflow/example_dags/example_task_group.py
[2022-06-07 01:26:08,201] {scheduler_job.py:643} INFO - DAG(s) dict_keys(['example_task_group']) retrieved from /home/airflow/.local/lib/python3.6/site-packages/airflow/example_dags/example_task_group.py
[2022-06-07 01:26:08,212] {logging_mixin.py:104} INFO - [2022-06-07 01:26:08,212] {dag.py:1832} INFO - Sync 1 DAGs
[2022-06-07 01:26:08,218] {logging_mixin.py:104} INFO - [2022-06-07 01:26:08,218] {dag.py:2305} INFO - Setting next_dagrun for example_task_group to 2022-06-05 00:00:00+00:00
[2022-06-07 01:26:08,222] {scheduler_job.py:190} INFO - Processing /home/airflow/.local/lib/python3.6/site-packages/airflow/example_dags/example_task_group.py took 0.033 seconds
[2022-06-07 01:26:38,885] {scheduler_job.py:182} INFO - Started process (PID=1405) to work on /home/airflow/.local/lib/python3.6/site-packages/airflow/example_dags/example_task_group.py
[2022-06-07 01:26:38,885] {scheduler_job.py:633} INFO - Processing file /home/airflow/.local/lib/python3.6/site-packages/airflow/example_dags/example_task_group.py for tasks to queue
[2022-06-07 01:26:38,886] {logging_mixin.py:104} INFO - [2022-06-07 01:26:38,886] {dagbag.py:487} INFO - Filling up the DagBag from /home/airflow/.local/lib/python3.6/site-packages/airflow/example_dags/example_task_group.py
[2022-06-07 01:26:38,891] {scheduler_job.py:643} INFO - DAG(s) dict_keys(['example_task_group']) retrieved from /home/airflow/.local/lib/python3.6/site-packages/airflow/example_dags/example_task_group.py
[2022-06-07 01:26:38,900] {logging_mixin.py:104} INFO - [2022-06-07 01:26:38,900] {dag.py:1832} INFO - Sync 1 DAGs
[2022-06-07 01:26:38,906] {logging_mixin.py:104} INFO - [2022-06-07 01:26:38,906] {dag.py:2305} INFO - Setting next_dagrun for example_task_group to 2022-06-05 00:00:00+00:00
[2022-06-07 01:26:38,911] {scheduler_job.py:190} INFO - Processing /home/airflow/.local/lib/python3.6/site-packages/airflow/example_dags/example_task_group.py took 0.027 seconds
[2022-06-07 01:27:09,724] {scheduler_job.py:182} INFO - Started process (PID=1535) to work on /home/airflow/.local/lib/python3.6/site-packages/airflow/example_dags/example_task_group.py
[2022-06-07 01:27:09,725] {scheduler_job.py:633} INFO - Processing file /home/airflow/.local/lib/python3.6/site-packages/airflow/example_dags/example_task_group.py for tasks to queue
[2022-06-07 01:27:09,726] {logging_mixin.py:104} INFO - [2022-06-07 01:27:09,726] {dagbag.py:487} INFO - Filling up the DagBag from /home/airflow/.local/lib/python3.6/site-packages/airflow/example_dags/example_task_group.py
[2022-06-07 01:27:09,738] {scheduler_job.py:643} INFO - DAG(s) dict_keys(['example_task_group']) retrieved from /home/airflow/.local/lib/python3.6/site-packages/airflow/example_dags/example_task_group.py
[2022-06-07 01:27:09,751] {logging_mixin.py:104} INFO - [2022-06-07 01:27:09,751] {dag.py:1832} INFO - Sync 1 DAGs
[2022-06-07 01:27:09,762] {logging_mixin.py:104} INFO - [2022-06-07 01:27:09,762] {dag.py:2305} INFO - Setting next_dagrun for example_task_group to 2022-06-05 00:00:00+00:00
[2022-06-07 01:27:09,766] {scheduler_job.py:190} INFO - Processing /home/airflow/.local/lib/python3.6/site-packages/airflow/example_dags/example_task_group.py took 0.046 seconds
[2022-06-07 01:27:40,303] {scheduler_job.py:182} INFO - Started process (PID=1664) to work on /home/airflow/.local/lib/python3.6/site-packages/airflow/example_dags/example_task_group.py
[2022-06-07 01:27:40,304] {scheduler_job.py:633} INFO - Processing file /home/airflow/.local/lib/python3.6/site-packages/airflow/example_dags/example_task_group.py for tasks to queue
[2022-06-07 01:27:40,304] {logging_mixin.py:104} INFO - [2022-06-07 01:27:40,304] {dagbag.py:487} INFO - Filling up the DagBag from /home/airflow/.local/lib/python3.6/site-packages/airflow/example_dags/example_task_group.py
[2022-06-07 01:27:40,310] {scheduler_job.py:643} INFO - DAG(s) dict_keys(['example_task_group']) retrieved from /home/airflow/.local/lib/python3.6/site-packages/airflow/example_dags/example_task_group.py
[2022-06-07 01:27:40,320] {logging_mixin.py:104} INFO - [2022-06-07 01:27:40,320] {dag.py:1832} INFO - Sync 1 DAGs
[2022-06-07 01:27:40,326] {logging_mixin.py:104} INFO - [2022-06-07 01:27:40,326] {dag.py:2305} INFO - Setting next_dagrun for example_task_group to 2022-06-05 00:00:00+00:00
[2022-06-07 01:27:40,329] {scheduler_job.py:190} INFO - Processing /home/airflow/.local/lib/python3.6/site-packages/airflow/example_dags/example_task_group.py took 0.030 seconds
