[2022-06-07 01:21:26,839] {scheduler_job.py:182} INFO - Started process (PID=155) to work on /home/airflow/.local/lib/python3.6/site-packages/airflow/example_dags/example_skip_dag.py
[2022-06-07 01:21:26,839] {scheduler_job.py:633} INFO - Processing file /home/airflow/.local/lib/python3.6/site-packages/airflow/example_dags/example_skip_dag.py for tasks to queue
[2022-06-07 01:21:26,840] {logging_mixin.py:104} INFO - [2022-06-07 01:21:26,840] {dagbag.py:487} INFO - Filling up the DagBag from /home/airflow/.local/lib/python3.6/site-packages/airflow/example_dags/example_skip_dag.py
[2022-06-07 01:21:26,844] {scheduler_job.py:643} INFO - DAG(s) dict_keys(['example_skip_dag']) retrieved from /home/airflow/.local/lib/python3.6/site-packages/airflow/example_dags/example_skip_dag.py
[2022-06-07 01:21:27,703] {logging_mixin.py:104} INFO - [2022-06-07 01:21:27,702] {dag.py:1832} INFO - Sync 1 DAGs
[2022-06-07 01:21:27,707] {logging_mixin.py:104} INFO - [2022-06-07 01:21:27,707] {dag.py:1851} INFO - Creating ORM DAG for example_skip_dag
[2022-06-07 01:21:27,709] {logging_mixin.py:104} INFO - [2022-06-07 01:21:27,709] {dag.py:2305} INFO - Setting next_dagrun for example_skip_dag to 2022-06-05 00:00:00+00:00
[2022-06-07 01:21:27,714] {scheduler_job.py:190} INFO - Processing /home/airflow/.local/lib/python3.6/site-packages/airflow/example_dags/example_skip_dag.py took 0.877 seconds
[2022-06-07 01:21:58,040] {scheduler_job.py:182} INFO - Started process (PID=294) to work on /home/airflow/.local/lib/python3.6/site-packages/airflow/example_dags/example_skip_dag.py
[2022-06-07 01:21:58,041] {scheduler_job.py:633} INFO - Processing file /home/airflow/.local/lib/python3.6/site-packages/airflow/example_dags/example_skip_dag.py for tasks to queue
[2022-06-07 01:21:58,042] {logging_mixin.py:104} INFO - [2022-06-07 01:21:58,042] {dagbag.py:487} INFO - Filling up the DagBag from /home/airflow/.local/lib/python3.6/site-packages/airflow/example_dags/example_skip_dag.py
[2022-06-07 01:21:58,047] {scheduler_job.py:643} INFO - DAG(s) dict_keys(['example_skip_dag']) retrieved from /home/airflow/.local/lib/python3.6/site-packages/airflow/example_dags/example_skip_dag.py
[2022-06-07 01:21:58,058] {logging_mixin.py:104} INFO - [2022-06-07 01:21:58,058] {dag.py:1832} INFO - Sync 1 DAGs
[2022-06-07 01:21:58,064] {logging_mixin.py:104} INFO - [2022-06-07 01:21:58,064] {dag.py:2305} INFO - Setting next_dagrun for example_skip_dag to 2022-06-05 00:00:00+00:00
[2022-06-07 01:21:58,075] {scheduler_job.py:190} INFO - Processing /home/airflow/.local/lib/python3.6/site-packages/airflow/example_dags/example_skip_dag.py took 0.037 seconds
[2022-06-07 01:22:28,781] {scheduler_job.py:182} INFO - Started process (PID=423) to work on /home/airflow/.local/lib/python3.6/site-packages/airflow/example_dags/example_skip_dag.py
[2022-06-07 01:22:28,782] {scheduler_job.py:633} INFO - Processing file /home/airflow/.local/lib/python3.6/site-packages/airflow/example_dags/example_skip_dag.py for tasks to queue
[2022-06-07 01:22:28,782] {logging_mixin.py:104} INFO - [2022-06-07 01:22:28,782] {dagbag.py:487} INFO - Filling up the DagBag from /home/airflow/.local/lib/python3.6/site-packages/airflow/example_dags/example_skip_dag.py
[2022-06-07 01:22:28,787] {scheduler_job.py:643} INFO - DAG(s) dict_keys(['example_skip_dag']) retrieved from /home/airflow/.local/lib/python3.6/site-packages/airflow/example_dags/example_skip_dag.py
[2022-06-07 01:22:28,797] {logging_mixin.py:104} INFO - [2022-06-07 01:22:28,797] {dag.py:1832} INFO - Sync 1 DAGs
[2022-06-07 01:22:28,804] {logging_mixin.py:104} INFO - [2022-06-07 01:22:28,803] {dag.py:2305} INFO - Setting next_dagrun for example_skip_dag to 2022-06-05 00:00:00+00:00
[2022-06-07 01:22:28,808] {scheduler_job.py:190} INFO - Processing /home/airflow/.local/lib/python3.6/site-packages/airflow/example_dags/example_skip_dag.py took 0.028 seconds
[2022-06-07 01:22:59,555] {scheduler_job.py:182} INFO - Started process (PID=520) to work on /home/airflow/.local/lib/python3.6/site-packages/airflow/example_dags/example_skip_dag.py
[2022-06-07 01:22:59,557] {scheduler_job.py:633} INFO - Processing file /home/airflow/.local/lib/python3.6/site-packages/airflow/example_dags/example_skip_dag.py for tasks to queue
[2022-06-07 01:22:59,558] {logging_mixin.py:104} INFO - [2022-06-07 01:22:59,558] {dagbag.py:487} INFO - Filling up the DagBag from /home/airflow/.local/lib/python3.6/site-packages/airflow/example_dags/example_skip_dag.py
[2022-06-07 01:22:59,566] {scheduler_job.py:643} INFO - DAG(s) dict_keys(['example_skip_dag']) retrieved from /home/airflow/.local/lib/python3.6/site-packages/airflow/example_dags/example_skip_dag.py
[2022-06-07 01:22:59,642] {logging_mixin.py:104} INFO - [2022-06-07 01:22:59,642] {dag.py:1832} INFO - Sync 1 DAGs
[2022-06-07 01:22:59,652] {logging_mixin.py:104} INFO - [2022-06-07 01:22:59,652] {dag.py:2305} INFO - Setting next_dagrun for example_skip_dag to 2022-06-05 00:00:00+00:00
[2022-06-07 01:22:59,656] {scheduler_job.py:190} INFO - Processing /home/airflow/.local/lib/python3.6/site-packages/airflow/example_dags/example_skip_dag.py took 0.106 seconds
[2022-06-07 01:23:30,325] {scheduler_job.py:182} INFO - Started process (PID=650) to work on /home/airflow/.local/lib/python3.6/site-packages/airflow/example_dags/example_skip_dag.py
[2022-06-07 01:23:30,326] {scheduler_job.py:633} INFO - Processing file /home/airflow/.local/lib/python3.6/site-packages/airflow/example_dags/example_skip_dag.py for tasks to queue
[2022-06-07 01:23:30,326] {logging_mixin.py:104} INFO - [2022-06-07 01:23:30,326] {dagbag.py:487} INFO - Filling up the DagBag from /home/airflow/.local/lib/python3.6/site-packages/airflow/example_dags/example_skip_dag.py
[2022-06-07 01:23:30,336] {scheduler_job.py:643} INFO - DAG(s) dict_keys(['example_skip_dag']) retrieved from /home/airflow/.local/lib/python3.6/site-packages/airflow/example_dags/example_skip_dag.py
[2022-06-07 01:23:30,345] {logging_mixin.py:104} INFO - [2022-06-07 01:23:30,345] {dag.py:1832} INFO - Sync 1 DAGs
[2022-06-07 01:23:30,351] {logging_mixin.py:104} INFO - [2022-06-07 01:23:30,351] {dag.py:2305} INFO - Setting next_dagrun for example_skip_dag to 2022-06-05 00:00:00+00:00
[2022-06-07 01:23:30,355] {scheduler_job.py:190} INFO - Processing /home/airflow/.local/lib/python3.6/site-packages/airflow/example_dags/example_skip_dag.py took 0.032 seconds
[2022-06-07 01:24:01,110] {scheduler_job.py:182} INFO - Started process (PID=780) to work on /home/airflow/.local/lib/python3.6/site-packages/airflow/example_dags/example_skip_dag.py
[2022-06-07 01:24:01,111] {scheduler_job.py:633} INFO - Processing file /home/airflow/.local/lib/python3.6/site-packages/airflow/example_dags/example_skip_dag.py for tasks to queue
[2022-06-07 01:24:01,112] {logging_mixin.py:104} INFO - [2022-06-07 01:24:01,112] {dagbag.py:487} INFO - Filling up the DagBag from /home/airflow/.local/lib/python3.6/site-packages/airflow/example_dags/example_skip_dag.py
[2022-06-07 01:24:01,120] {scheduler_job.py:643} INFO - DAG(s) dict_keys(['example_skip_dag']) retrieved from /home/airflow/.local/lib/python3.6/site-packages/airflow/example_dags/example_skip_dag.py
[2022-06-07 01:24:01,129] {logging_mixin.py:104} INFO - [2022-06-07 01:24:01,129] {dag.py:1832} INFO - Sync 1 DAGs
[2022-06-07 01:24:01,135] {logging_mixin.py:104} INFO - [2022-06-07 01:24:01,135] {dag.py:2305} INFO - Setting next_dagrun for example_skip_dag to 2022-06-05 00:00:00+00:00
[2022-06-07 01:24:01,140] {scheduler_job.py:190} INFO - Processing /home/airflow/.local/lib/python3.6/site-packages/airflow/example_dags/example_skip_dag.py took 0.030 seconds
[2022-06-07 01:24:31,860] {scheduler_job.py:182} INFO - Started process (PID=910) to work on /home/airflow/.local/lib/python3.6/site-packages/airflow/example_dags/example_skip_dag.py
[2022-06-07 01:24:31,860] {scheduler_job.py:633} INFO - Processing file /home/airflow/.local/lib/python3.6/site-packages/airflow/example_dags/example_skip_dag.py for tasks to queue
[2022-06-07 01:24:31,860] {logging_mixin.py:104} INFO - [2022-06-07 01:24:31,860] {dagbag.py:487} INFO - Filling up the DagBag from /home/airflow/.local/lib/python3.6/site-packages/airflow/example_dags/example_skip_dag.py
[2022-06-07 01:24:31,866] {scheduler_job.py:643} INFO - DAG(s) dict_keys(['example_skip_dag']) retrieved from /home/airflow/.local/lib/python3.6/site-packages/airflow/example_dags/example_skip_dag.py
[2022-06-07 01:24:31,875] {logging_mixin.py:104} INFO - [2022-06-07 01:24:31,875] {dag.py:1832} INFO - Sync 1 DAGs
[2022-06-07 01:24:31,881] {logging_mixin.py:104} INFO - [2022-06-07 01:24:31,881] {dag.py:2305} INFO - Setting next_dagrun for example_skip_dag to 2022-06-05 00:00:00+00:00
[2022-06-07 01:24:31,884] {scheduler_job.py:190} INFO - Processing /home/airflow/.local/lib/python3.6/site-packages/airflow/example_dags/example_skip_dag.py took 0.026 seconds
[2022-06-07 01:25:02,579] {scheduler_job.py:182} INFO - Started process (PID=1014) to work on /home/airflow/.local/lib/python3.6/site-packages/airflow/example_dags/example_skip_dag.py
[2022-06-07 01:25:02,579] {scheduler_job.py:633} INFO - Processing file /home/airflow/.local/lib/python3.6/site-packages/airflow/example_dags/example_skip_dag.py for tasks to queue
[2022-06-07 01:25:02,580] {logging_mixin.py:104} INFO - [2022-06-07 01:25:02,580] {dagbag.py:487} INFO - Filling up the DagBag from /home/airflow/.local/lib/python3.6/site-packages/airflow/example_dags/example_skip_dag.py
[2022-06-07 01:25:02,586] {scheduler_job.py:643} INFO - DAG(s) dict_keys(['example_skip_dag']) retrieved from /home/airflow/.local/lib/python3.6/site-packages/airflow/example_dags/example_skip_dag.py
[2022-06-07 01:25:02,595] {logging_mixin.py:104} INFO - [2022-06-07 01:25:02,595] {dag.py:1832} INFO - Sync 1 DAGs
[2022-06-07 01:25:02,601] {logging_mixin.py:104} INFO - [2022-06-07 01:25:02,601] {dag.py:2305} INFO - Setting next_dagrun for example_skip_dag to 2022-06-05 00:00:00+00:00
[2022-06-07 01:25:02,606] {scheduler_job.py:190} INFO - Processing /home/airflow/.local/lib/python3.6/site-packages/airflow/example_dags/example_skip_dag.py took 0.029 seconds
[2022-06-07 01:25:33,284] {scheduler_job.py:182} INFO - Started process (PID=1137) to work on /home/airflow/.local/lib/python3.6/site-packages/airflow/example_dags/example_skip_dag.py
[2022-06-07 01:25:33,285] {scheduler_job.py:633} INFO - Processing file /home/airflow/.local/lib/python3.6/site-packages/airflow/example_dags/example_skip_dag.py for tasks to queue
[2022-06-07 01:25:33,286] {logging_mixin.py:104} INFO - [2022-06-07 01:25:33,285] {dagbag.py:487} INFO - Filling up the DagBag from /home/airflow/.local/lib/python3.6/site-packages/airflow/example_dags/example_skip_dag.py
[2022-06-07 01:25:33,293] {scheduler_job.py:643} INFO - DAG(s) dict_keys(['example_skip_dag']) retrieved from /home/airflow/.local/lib/python3.6/site-packages/airflow/example_dags/example_skip_dag.py
[2022-06-07 01:25:33,353] {logging_mixin.py:104} INFO - [2022-06-07 01:25:33,353] {dag.py:1832} INFO - Sync 1 DAGs
[2022-06-07 01:25:33,361] {logging_mixin.py:104} INFO - [2022-06-07 01:25:33,361] {dag.py:2305} INFO - Setting next_dagrun for example_skip_dag to 2022-06-05 00:00:00+00:00
[2022-06-07 01:25:33,366] {scheduler_job.py:190} INFO - Processing /home/airflow/.local/lib/python3.6/site-packages/airflow/example_dags/example_skip_dag.py took 0.083 seconds
[2022-06-07 01:26:04,057] {scheduler_job.py:182} INFO - Started process (PID=1266) to work on /home/airflow/.local/lib/python3.6/site-packages/airflow/example_dags/example_skip_dag.py
[2022-06-07 01:26:04,058] {scheduler_job.py:633} INFO - Processing file /home/airflow/.local/lib/python3.6/site-packages/airflow/example_dags/example_skip_dag.py for tasks to queue
[2022-06-07 01:26:04,059] {logging_mixin.py:104} INFO - [2022-06-07 01:26:04,059] {dagbag.py:487} INFO - Filling up the DagBag from /home/airflow/.local/lib/python3.6/site-packages/airflow/example_dags/example_skip_dag.py
[2022-06-07 01:26:04,066] {scheduler_job.py:643} INFO - DAG(s) dict_keys(['example_skip_dag']) retrieved from /home/airflow/.local/lib/python3.6/site-packages/airflow/example_dags/example_skip_dag.py
[2022-06-07 01:26:04,075] {logging_mixin.py:104} INFO - [2022-06-07 01:26:04,075] {dag.py:1832} INFO - Sync 1 DAGs
[2022-06-07 01:26:04,081] {logging_mixin.py:104} INFO - [2022-06-07 01:26:04,081] {dag.py:2305} INFO - Setting next_dagrun for example_skip_dag to 2022-06-05 00:00:00+00:00
[2022-06-07 01:26:04,084] {scheduler_job.py:190} INFO - Processing /home/airflow/.local/lib/python3.6/site-packages/airflow/example_dags/example_skip_dag.py took 0.029 seconds
[2022-06-07 01:26:34,736] {scheduler_job.py:182} INFO - Started process (PID=1396) to work on /home/airflow/.local/lib/python3.6/site-packages/airflow/example_dags/example_skip_dag.py
[2022-06-07 01:26:34,736] {scheduler_job.py:633} INFO - Processing file /home/airflow/.local/lib/python3.6/site-packages/airflow/example_dags/example_skip_dag.py for tasks to queue
[2022-06-07 01:26:34,737] {logging_mixin.py:104} INFO - [2022-06-07 01:26:34,736] {dagbag.py:487} INFO - Filling up the DagBag from /home/airflow/.local/lib/python3.6/site-packages/airflow/example_dags/example_skip_dag.py
[2022-06-07 01:26:34,741] {scheduler_job.py:643} INFO - DAG(s) dict_keys(['example_skip_dag']) retrieved from /home/airflow/.local/lib/python3.6/site-packages/airflow/example_dags/example_skip_dag.py
[2022-06-07 01:26:34,751] {logging_mixin.py:104} INFO - [2022-06-07 01:26:34,751] {dag.py:1832} INFO - Sync 1 DAGs
[2022-06-07 01:26:34,757] {logging_mixin.py:104} INFO - [2022-06-07 01:26:34,757] {dag.py:2305} INFO - Setting next_dagrun for example_skip_dag to 2022-06-05 00:00:00+00:00
[2022-06-07 01:26:34,761] {scheduler_job.py:190} INFO - Processing /home/airflow/.local/lib/python3.6/site-packages/airflow/example_dags/example_skip_dag.py took 0.026 seconds
[2022-06-07 01:27:05,537] {scheduler_job.py:182} INFO - Started process (PID=1503) to work on /home/airflow/.local/lib/python3.6/site-packages/airflow/example_dags/example_skip_dag.py
[2022-06-07 01:27:05,538] {scheduler_job.py:633} INFO - Processing file /home/airflow/.local/lib/python3.6/site-packages/airflow/example_dags/example_skip_dag.py for tasks to queue
[2022-06-07 01:27:05,538] {logging_mixin.py:104} INFO - [2022-06-07 01:27:05,538] {dagbag.py:487} INFO - Filling up the DagBag from /home/airflow/.local/lib/python3.6/site-packages/airflow/example_dags/example_skip_dag.py
[2022-06-07 01:27:05,544] {scheduler_job.py:643} INFO - DAG(s) dict_keys(['example_skip_dag']) retrieved from /home/airflow/.local/lib/python3.6/site-packages/airflow/example_dags/example_skip_dag.py
[2022-06-07 01:27:05,554] {logging_mixin.py:104} INFO - [2022-06-07 01:27:05,554] {dag.py:1832} INFO - Sync 1 DAGs
[2022-06-07 01:27:05,562] {logging_mixin.py:104} INFO - [2022-06-07 01:27:05,562] {dag.py:2305} INFO - Setting next_dagrun for example_skip_dag to 2022-06-05 00:00:00+00:00
[2022-06-07 01:27:05,567] {scheduler_job.py:190} INFO - Processing /home/airflow/.local/lib/python3.6/site-packages/airflow/example_dags/example_skip_dag.py took 0.031 seconds
[2022-06-07 01:27:36,157] {scheduler_job.py:182} INFO - Started process (PID=1623) to work on /home/airflow/.local/lib/python3.6/site-packages/airflow/example_dags/example_skip_dag.py
[2022-06-07 01:27:36,158] {scheduler_job.py:633} INFO - Processing file /home/airflow/.local/lib/python3.6/site-packages/airflow/example_dags/example_skip_dag.py for tasks to queue
[2022-06-07 01:27:36,158] {logging_mixin.py:104} INFO - [2022-06-07 01:27:36,158] {dagbag.py:487} INFO - Filling up the DagBag from /home/airflow/.local/lib/python3.6/site-packages/airflow/example_dags/example_skip_dag.py
[2022-06-07 01:27:36,162] {scheduler_job.py:643} INFO - DAG(s) dict_keys(['example_skip_dag']) retrieved from /home/airflow/.local/lib/python3.6/site-packages/airflow/example_dags/example_skip_dag.py
[2022-06-07 01:27:36,171] {logging_mixin.py:104} INFO - [2022-06-07 01:27:36,171] {dag.py:1832} INFO - Sync 1 DAGs
[2022-06-07 01:27:36,177] {logging_mixin.py:104} INFO - [2022-06-07 01:27:36,177] {dag.py:2305} INFO - Setting next_dagrun for example_skip_dag to 2022-06-05 00:00:00+00:00
[2022-06-07 01:27:36,181] {scheduler_job.py:190} INFO - Processing /home/airflow/.local/lib/python3.6/site-packages/airflow/example_dags/example_skip_dag.py took 0.025 seconds
