[2022-06-07 01:21:21,482] {scheduler_job.py:182} INFO - Started process (PID=131) to work on /home/airflow/.local/lib/python3.6/site-packages/airflow/example_dags/example_trigger_controller_dag.py
[2022-06-07 01:21:21,482] {scheduler_job.py:633} INFO - Processing file /home/airflow/.local/lib/python3.6/site-packages/airflow/example_dags/example_trigger_controller_dag.py for tasks to queue
[2022-06-07 01:21:21,482] {logging_mixin.py:104} INFO - [2022-06-07 01:21:21,482] {dagbag.py:487} INFO - Filling up the DagBag from /home/airflow/.local/lib/python3.6/site-packages/airflow/example_dags/example_trigger_controller_dag.py
[2022-06-07 01:21:21,488] {scheduler_job.py:643} INFO - DAG(s) dict_keys(['example_trigger_controller_dag']) retrieved from /home/airflow/.local/lib/python3.6/site-packages/airflow/example_dags/example_trigger_controller_dag.py
[2022-06-07 01:21:22,348] {logging_mixin.py:104} INFO - [2022-06-07 01:21:22,348] {dag.py:1832} INFO - Sync 1 DAGs
[2022-06-07 01:21:22,352] {logging_mixin.py:104} INFO - [2022-06-07 01:21:22,352] {dag.py:1851} INFO - Creating ORM DAG for example_trigger_controller_dag
[2022-06-07 01:21:22,354] {logging_mixin.py:104} INFO - [2022-06-07 01:21:22,354] {dag.py:2305} INFO - Setting next_dagrun for example_trigger_controller_dag to 2022-06-05 00:00:00+00:00
[2022-06-07 01:21:22,358] {scheduler_job.py:190} INFO - Processing /home/airflow/.local/lib/python3.6/site-packages/airflow/example_dags/example_trigger_controller_dag.py took 0.877 seconds
[2022-06-07 01:21:52,662] {scheduler_job.py:182} INFO - Started process (PID=249) to work on /home/airflow/.local/lib/python3.6/site-packages/airflow/example_dags/example_trigger_controller_dag.py
[2022-06-07 01:21:52,662] {scheduler_job.py:633} INFO - Processing file /home/airflow/.local/lib/python3.6/site-packages/airflow/example_dags/example_trigger_controller_dag.py for tasks to queue
[2022-06-07 01:21:52,663] {logging_mixin.py:104} INFO - [2022-06-07 01:21:52,663] {dagbag.py:487} INFO - Filling up the DagBag from /home/airflow/.local/lib/python3.6/site-packages/airflow/example_dags/example_trigger_controller_dag.py
[2022-06-07 01:21:52,669] {scheduler_job.py:643} INFO - DAG(s) dict_keys(['example_trigger_controller_dag']) retrieved from /home/airflow/.local/lib/python3.6/site-packages/airflow/example_dags/example_trigger_controller_dag.py
[2022-06-07 01:21:52,680] {logging_mixin.py:104} INFO - [2022-06-07 01:21:52,680] {dag.py:1832} INFO - Sync 1 DAGs
[2022-06-07 01:21:52,685] {logging_mixin.py:104} INFO - [2022-06-07 01:21:52,685] {dag.py:2305} INFO - Setting next_dagrun for example_trigger_controller_dag to 2022-06-05 00:00:00+00:00
[2022-06-07 01:21:52,691] {scheduler_job.py:190} INFO - Processing /home/airflow/.local/lib/python3.6/site-packages/airflow/example_dags/example_trigger_controller_dag.py took 0.030 seconds
[2022-06-07 01:22:23,456] {scheduler_job.py:182} INFO - Started process (PID=378) to work on /home/airflow/.local/lib/python3.6/site-packages/airflow/example_dags/example_trigger_controller_dag.py
[2022-06-07 01:22:23,457] {scheduler_job.py:633} INFO - Processing file /home/airflow/.local/lib/python3.6/site-packages/airflow/example_dags/example_trigger_controller_dag.py for tasks to queue
[2022-06-07 01:22:23,458] {logging_mixin.py:104} INFO - [2022-06-07 01:22:23,458] {dagbag.py:487} INFO - Filling up the DagBag from /home/airflow/.local/lib/python3.6/site-packages/airflow/example_dags/example_trigger_controller_dag.py
[2022-06-07 01:22:23,463] {scheduler_job.py:643} INFO - DAG(s) dict_keys(['example_trigger_controller_dag']) retrieved from /home/airflow/.local/lib/python3.6/site-packages/airflow/example_dags/example_trigger_controller_dag.py
[2022-06-07 01:22:23,474] {logging_mixin.py:104} INFO - [2022-06-07 01:22:23,474] {dag.py:1832} INFO - Sync 1 DAGs
[2022-06-07 01:22:23,480] {logging_mixin.py:104} INFO - [2022-06-07 01:22:23,480] {dag.py:2305} INFO - Setting next_dagrun for example_trigger_controller_dag to 2022-06-05 00:00:00+00:00
[2022-06-07 01:22:23,491] {scheduler_job.py:190} INFO - Processing /home/airflow/.local/lib/python3.6/site-packages/airflow/example_dags/example_trigger_controller_dag.py took 0.036 seconds
[2022-06-07 01:22:54,235] {scheduler_job.py:182} INFO - Started process (PID=508) to work on /home/airflow/.local/lib/python3.6/site-packages/airflow/example_dags/example_trigger_controller_dag.py
[2022-06-07 01:22:54,236] {scheduler_job.py:633} INFO - Processing file /home/airflow/.local/lib/python3.6/site-packages/airflow/example_dags/example_trigger_controller_dag.py for tasks to queue
[2022-06-07 01:22:54,236] {logging_mixin.py:104} INFO - [2022-06-07 01:22:54,236] {dagbag.py:487} INFO - Filling up the DagBag from /home/airflow/.local/lib/python3.6/site-packages/airflow/example_dags/example_trigger_controller_dag.py
[2022-06-07 01:22:54,240] {scheduler_job.py:643} INFO - DAG(s) dict_keys(['example_trigger_controller_dag']) retrieved from /home/airflow/.local/lib/python3.6/site-packages/airflow/example_dags/example_trigger_controller_dag.py
[2022-06-07 01:22:54,251] {logging_mixin.py:104} INFO - [2022-06-07 01:22:54,250] {dag.py:1832} INFO - Sync 1 DAGs
[2022-06-07 01:22:54,257] {logging_mixin.py:104} INFO - [2022-06-07 01:22:54,256] {dag.py:2305} INFO - Setting next_dagrun for example_trigger_controller_dag to 2022-06-05 00:00:00+00:00
[2022-06-07 01:22:54,261] {scheduler_job.py:190} INFO - Processing /home/airflow/.local/lib/python3.6/site-packages/airflow/example_dags/example_trigger_controller_dag.py took 0.027 seconds
[2022-06-07 01:23:25,084] {scheduler_job.py:182} INFO - Started process (PID=638) to work on /home/airflow/.local/lib/python3.6/site-packages/airflow/example_dags/example_trigger_controller_dag.py
[2022-06-07 01:23:25,085] {scheduler_job.py:633} INFO - Processing file /home/airflow/.local/lib/python3.6/site-packages/airflow/example_dags/example_trigger_controller_dag.py for tasks to queue
[2022-06-07 01:23:25,085] {logging_mixin.py:104} INFO - [2022-06-07 01:23:25,085] {dagbag.py:487} INFO - Filling up the DagBag from /home/airflow/.local/lib/python3.6/site-packages/airflow/example_dags/example_trigger_controller_dag.py
[2022-06-07 01:23:25,089] {scheduler_job.py:643} INFO - DAG(s) dict_keys(['example_trigger_controller_dag']) retrieved from /home/airflow/.local/lib/python3.6/site-packages/airflow/example_dags/example_trigger_controller_dag.py
[2022-06-07 01:23:25,099] {logging_mixin.py:104} INFO - [2022-06-07 01:23:25,099] {dag.py:1832} INFO - Sync 1 DAGs
[2022-06-07 01:23:25,105] {logging_mixin.py:104} INFO - [2022-06-07 01:23:25,105] {dag.py:2305} INFO - Setting next_dagrun for example_trigger_controller_dag to 2022-06-05 00:00:00+00:00
[2022-06-07 01:23:25,117] {scheduler_job.py:190} INFO - Processing /home/airflow/.local/lib/python3.6/site-packages/airflow/example_dags/example_trigger_controller_dag.py took 0.035 seconds
[2022-06-07 01:23:55,787] {scheduler_job.py:182} INFO - Started process (PID=742) to work on /home/airflow/.local/lib/python3.6/site-packages/airflow/example_dags/example_trigger_controller_dag.py
[2022-06-07 01:23:55,787] {scheduler_job.py:633} INFO - Processing file /home/airflow/.local/lib/python3.6/site-packages/airflow/example_dags/example_trigger_controller_dag.py for tasks to queue
[2022-06-07 01:23:55,787] {logging_mixin.py:104} INFO - [2022-06-07 01:23:55,787] {dagbag.py:487} INFO - Filling up the DagBag from /home/airflow/.local/lib/python3.6/site-packages/airflow/example_dags/example_trigger_controller_dag.py
[2022-06-07 01:23:55,794] {scheduler_job.py:643} INFO - DAG(s) dict_keys(['example_trigger_controller_dag']) retrieved from /home/airflow/.local/lib/python3.6/site-packages/airflow/example_dags/example_trigger_controller_dag.py
[2022-06-07 01:23:55,808] {logging_mixin.py:104} INFO - [2022-06-07 01:23:55,808] {dag.py:1832} INFO - Sync 1 DAGs
[2022-06-07 01:23:55,817] {logging_mixin.py:104} INFO - [2022-06-07 01:23:55,817] {dag.py:2305} INFO - Setting next_dagrun for example_trigger_controller_dag to 2022-06-05 00:00:00+00:00
[2022-06-07 01:23:55,823] {scheduler_job.py:190} INFO - Processing /home/airflow/.local/lib/python3.6/site-packages/airflow/example_dags/example_trigger_controller_dag.py took 0.038 seconds
[2022-06-07 01:24:26,549] {scheduler_job.py:182} INFO - Started process (PID=865) to work on /home/airflow/.local/lib/python3.6/site-packages/airflow/example_dags/example_trigger_controller_dag.py
[2022-06-07 01:24:26,550] {scheduler_job.py:633} INFO - Processing file /home/airflow/.local/lib/python3.6/site-packages/airflow/example_dags/example_trigger_controller_dag.py for tasks to queue
[2022-06-07 01:24:26,550] {logging_mixin.py:104} INFO - [2022-06-07 01:24:26,550] {dagbag.py:487} INFO - Filling up the DagBag from /home/airflow/.local/lib/python3.6/site-packages/airflow/example_dags/example_trigger_controller_dag.py
[2022-06-07 01:24:26,556] {scheduler_job.py:643} INFO - DAG(s) dict_keys(['example_trigger_controller_dag']) retrieved from /home/airflow/.local/lib/python3.6/site-packages/airflow/example_dags/example_trigger_controller_dag.py
[2022-06-07 01:24:26,564] {logging_mixin.py:104} INFO - [2022-06-07 01:24:26,564] {dag.py:1832} INFO - Sync 1 DAGs
[2022-06-07 01:24:26,570] {logging_mixin.py:104} INFO - [2022-06-07 01:24:26,570] {dag.py:2305} INFO - Setting next_dagrun for example_trigger_controller_dag to 2022-06-05 00:00:00+00:00
[2022-06-07 01:24:26,574] {scheduler_job.py:190} INFO - Processing /home/airflow/.local/lib/python3.6/site-packages/airflow/example_dags/example_trigger_controller_dag.py took 0.026 seconds
[2022-06-07 01:24:57,295] {scheduler_job.py:182} INFO - Started process (PID=995) to work on /home/airflow/.local/lib/python3.6/site-packages/airflow/example_dags/example_trigger_controller_dag.py
[2022-06-07 01:24:57,295] {scheduler_job.py:633} INFO - Processing file /home/airflow/.local/lib/python3.6/site-packages/airflow/example_dags/example_trigger_controller_dag.py for tasks to queue
[2022-06-07 01:24:57,295] {logging_mixin.py:104} INFO - [2022-06-07 01:24:57,295] {dagbag.py:487} INFO - Filling up the DagBag from /home/airflow/.local/lib/python3.6/site-packages/airflow/example_dags/example_trigger_controller_dag.py
[2022-06-07 01:24:57,301] {scheduler_job.py:643} INFO - DAG(s) dict_keys(['example_trigger_controller_dag']) retrieved from /home/airflow/.local/lib/python3.6/site-packages/airflow/example_dags/example_trigger_controller_dag.py
[2022-06-07 01:24:57,309] {logging_mixin.py:104} INFO - [2022-06-07 01:24:57,309] {dag.py:1832} INFO - Sync 1 DAGs
[2022-06-07 01:24:57,315] {logging_mixin.py:104} INFO - [2022-06-07 01:24:57,315] {dag.py:2305} INFO - Setting next_dagrun for example_trigger_controller_dag to 2022-06-05 00:00:00+00:00
[2022-06-07 01:24:57,319] {scheduler_job.py:190} INFO - Processing /home/airflow/.local/lib/python3.6/site-packages/airflow/example_dags/example_trigger_controller_dag.py took 0.026 seconds
[2022-06-07 01:25:28,002] {scheduler_job.py:182} INFO - Started process (PID=1125) to work on /home/airflow/.local/lib/python3.6/site-packages/airflow/example_dags/example_trigger_controller_dag.py
[2022-06-07 01:25:28,003] {scheduler_job.py:633} INFO - Processing file /home/airflow/.local/lib/python3.6/site-packages/airflow/example_dags/example_trigger_controller_dag.py for tasks to queue
[2022-06-07 01:25:28,004] {logging_mixin.py:104} INFO - [2022-06-07 01:25:28,004] {dagbag.py:487} INFO - Filling up the DagBag from /home/airflow/.local/lib/python3.6/site-packages/airflow/example_dags/example_trigger_controller_dag.py
[2022-06-07 01:25:28,011] {scheduler_job.py:643} INFO - DAG(s) dict_keys(['example_trigger_controller_dag']) retrieved from /home/airflow/.local/lib/python3.6/site-packages/airflow/example_dags/example_trigger_controller_dag.py
[2022-06-07 01:25:28,020] {logging_mixin.py:104} INFO - [2022-06-07 01:25:28,020] {dag.py:1832} INFO - Sync 1 DAGs
[2022-06-07 01:25:28,026] {logging_mixin.py:104} INFO - [2022-06-07 01:25:28,026] {dag.py:2305} INFO - Setting next_dagrun for example_trigger_controller_dag to 2022-06-05 00:00:00+00:00
[2022-06-07 01:25:28,031] {scheduler_job.py:190} INFO - Processing /home/airflow/.local/lib/python3.6/site-packages/airflow/example_dags/example_trigger_controller_dag.py took 0.030 seconds
[2022-06-07 01:25:58,775] {scheduler_job.py:182} INFO - Started process (PID=1231) to work on /home/airflow/.local/lib/python3.6/site-packages/airflow/example_dags/example_trigger_controller_dag.py
[2022-06-07 01:25:58,775] {scheduler_job.py:633} INFO - Processing file /home/airflow/.local/lib/python3.6/site-packages/airflow/example_dags/example_trigger_controller_dag.py for tasks to queue
[2022-06-07 01:25:58,776] {logging_mixin.py:104} INFO - [2022-06-07 01:25:58,776] {dagbag.py:487} INFO - Filling up the DagBag from /home/airflow/.local/lib/python3.6/site-packages/airflow/example_dags/example_trigger_controller_dag.py
[2022-06-07 01:25:58,782] {scheduler_job.py:643} INFO - DAG(s) dict_keys(['example_trigger_controller_dag']) retrieved from /home/airflow/.local/lib/python3.6/site-packages/airflow/example_dags/example_trigger_controller_dag.py
[2022-06-07 01:25:58,791] {logging_mixin.py:104} INFO - [2022-06-07 01:25:58,791] {dag.py:1832} INFO - Sync 1 DAGs
[2022-06-07 01:25:58,797] {logging_mixin.py:104} INFO - [2022-06-07 01:25:58,797] {dag.py:2305} INFO - Setting next_dagrun for example_trigger_controller_dag to 2022-06-05 00:00:00+00:00
[2022-06-07 01:25:58,802] {scheduler_job.py:190} INFO - Processing /home/airflow/.local/lib/python3.6/site-packages/airflow/example_dags/example_trigger_controller_dag.py took 0.028 seconds
[2022-06-07 01:26:29,518] {scheduler_job.py:182} INFO - Started process (PID=1351) to work on /home/airflow/.local/lib/python3.6/site-packages/airflow/example_dags/example_trigger_controller_dag.py
[2022-06-07 01:26:29,518] {scheduler_job.py:633} INFO - Processing file /home/airflow/.local/lib/python3.6/site-packages/airflow/example_dags/example_trigger_controller_dag.py for tasks to queue
[2022-06-07 01:26:29,518] {logging_mixin.py:104} INFO - [2022-06-07 01:26:29,518] {dagbag.py:487} INFO - Filling up the DagBag from /home/airflow/.local/lib/python3.6/site-packages/airflow/example_dags/example_trigger_controller_dag.py
[2022-06-07 01:26:29,522] {scheduler_job.py:643} INFO - DAG(s) dict_keys(['example_trigger_controller_dag']) retrieved from /home/airflow/.local/lib/python3.6/site-packages/airflow/example_dags/example_trigger_controller_dag.py
[2022-06-07 01:26:29,533] {logging_mixin.py:104} INFO - [2022-06-07 01:26:29,533] {dag.py:1832} INFO - Sync 1 DAGs
[2022-06-07 01:26:29,539] {logging_mixin.py:104} INFO - [2022-06-07 01:26:29,539] {dag.py:2305} INFO - Setting next_dagrun for example_trigger_controller_dag to 2022-06-05 00:00:00+00:00
[2022-06-07 01:26:29,544] {scheduler_job.py:190} INFO - Processing /home/airflow/.local/lib/python3.6/site-packages/airflow/example_dags/example_trigger_controller_dag.py took 0.027 seconds
[2022-06-07 01:27:00,190] {scheduler_job.py:182} INFO - Started process (PID=1481) to work on /home/airflow/.local/lib/python3.6/site-packages/airflow/example_dags/example_trigger_controller_dag.py
[2022-06-07 01:27:00,190] {scheduler_job.py:633} INFO - Processing file /home/airflow/.local/lib/python3.6/site-packages/airflow/example_dags/example_trigger_controller_dag.py for tasks to queue
[2022-06-07 01:27:00,190] {logging_mixin.py:104} INFO - [2022-06-07 01:27:00,190] {dagbag.py:487} INFO - Filling up the DagBag from /home/airflow/.local/lib/python3.6/site-packages/airflow/example_dags/example_trigger_controller_dag.py
[2022-06-07 01:27:00,194] {scheduler_job.py:643} INFO - DAG(s) dict_keys(['example_trigger_controller_dag']) retrieved from /home/airflow/.local/lib/python3.6/site-packages/airflow/example_dags/example_trigger_controller_dag.py
[2022-06-07 01:27:00,205] {logging_mixin.py:104} INFO - [2022-06-07 01:27:00,204] {dag.py:1832} INFO - Sync 1 DAGs
[2022-06-07 01:27:00,211] {logging_mixin.py:104} INFO - [2022-06-07 01:27:00,211] {dag.py:2305} INFO - Setting next_dagrun for example_trigger_controller_dag to 2022-06-05 00:00:00+00:00
[2022-06-07 01:27:00,223] {scheduler_job.py:190} INFO - Processing /home/airflow/.local/lib/python3.6/site-packages/airflow/example_dags/example_trigger_controller_dag.py took 0.034 seconds
[2022-06-07 01:27:30,939] {scheduler_job.py:182} INFO - Started process (PID=1611) to work on /home/airflow/.local/lib/python3.6/site-packages/airflow/example_dags/example_trigger_controller_dag.py
[2022-06-07 01:27:30,940] {scheduler_job.py:633} INFO - Processing file /home/airflow/.local/lib/python3.6/site-packages/airflow/example_dags/example_trigger_controller_dag.py for tasks to queue
[2022-06-07 01:27:30,941] {logging_mixin.py:104} INFO - [2022-06-07 01:27:30,941] {dagbag.py:487} INFO - Filling up the DagBag from /home/airflow/.local/lib/python3.6/site-packages/airflow/example_dags/example_trigger_controller_dag.py
[2022-06-07 01:27:30,946] {scheduler_job.py:643} INFO - DAG(s) dict_keys(['example_trigger_controller_dag']) retrieved from /home/airflow/.local/lib/python3.6/site-packages/airflow/example_dags/example_trigger_controller_dag.py
[2022-06-07 01:27:30,956] {logging_mixin.py:104} INFO - [2022-06-07 01:27:30,956] {dag.py:1832} INFO - Sync 1 DAGs
[2022-06-07 01:27:30,962] {logging_mixin.py:104} INFO - [2022-06-07 01:27:30,962] {dag.py:2305} INFO - Setting next_dagrun for example_trigger_controller_dag to 2022-06-05 00:00:00+00:00
[2022-06-07 01:27:30,974] {scheduler_job.py:190} INFO - Processing /home/airflow/.local/lib/python3.6/site-packages/airflow/example_dags/example_trigger_controller_dag.py took 0.037 seconds
