[2022-06-07 01:21:26,006] {scheduler_job.py:182} INFO - Started process (PID=152) to work on /home/airflow/.local/lib/python3.6/site-packages/airflow/example_dags/example_bash_operator.py
[2022-06-07 01:21:26,006] {scheduler_job.py:633} INFO - Processing file /home/airflow/.local/lib/python3.6/site-packages/airflow/example_dags/example_bash_operator.py for tasks to queue
[2022-06-07 01:21:26,007] {logging_mixin.py:104} INFO - [2022-06-07 01:21:26,006] {dagbag.py:487} INFO - Filling up the DagBag from /home/airflow/.local/lib/python3.6/site-packages/airflow/example_dags/example_bash_operator.py
[2022-06-07 01:21:26,013] {scheduler_job.py:643} INFO - DAG(s) dict_keys(['example_bash_operator']) retrieved from /home/airflow/.local/lib/python3.6/site-packages/airflow/example_dags/example_bash_operator.py
[2022-06-07 01:21:26,861] {logging_mixin.py:104} INFO - [2022-06-07 01:21:26,861] {dag.py:1832} INFO - Sync 1 DAGs
[2022-06-07 01:21:26,865] {logging_mixin.py:104} INFO - [2022-06-07 01:21:26,864] {dag.py:1851} INFO - Creating ORM DAG for example_bash_operator
[2022-06-07 01:21:26,868] {logging_mixin.py:104} INFO - [2022-06-07 01:21:26,868] {dag.py:2305} INFO - Setting next_dagrun for example_bash_operator to 2022-06-05 00:00:00+00:00
[2022-06-07 01:21:26,872] {scheduler_job.py:190} INFO - Processing /home/airflow/.local/lib/python3.6/site-packages/airflow/example_dags/example_bash_operator.py took 0.867 seconds
[2022-06-07 01:21:56,999] {scheduler_job.py:182} INFO - Started process (PID=293) to work on /home/airflow/.local/lib/python3.6/site-packages/airflow/example_dags/example_bash_operator.py
[2022-06-07 01:21:56,999] {scheduler_job.py:633} INFO - Processing file /home/airflow/.local/lib/python3.6/site-packages/airflow/example_dags/example_bash_operator.py for tasks to queue
[2022-06-07 01:21:56,999] {logging_mixin.py:104} INFO - [2022-06-07 01:21:56,999] {dagbag.py:487} INFO - Filling up the DagBag from /home/airflow/.local/lib/python3.6/site-packages/airflow/example_dags/example_bash_operator.py
[2022-06-07 01:21:57,007] {scheduler_job.py:643} INFO - DAG(s) dict_keys(['example_bash_operator']) retrieved from /home/airflow/.local/lib/python3.6/site-packages/airflow/example_dags/example_bash_operator.py
[2022-06-07 01:21:57,015] {logging_mixin.py:104} INFO - [2022-06-07 01:21:57,015] {dag.py:1832} INFO - Sync 1 DAGs
[2022-06-07 01:21:57,022] {logging_mixin.py:104} INFO - [2022-06-07 01:21:57,022] {dag.py:2305} INFO - Setting next_dagrun for example_bash_operator to 2022-06-05 00:00:00+00:00
[2022-06-07 01:21:57,025] {scheduler_job.py:190} INFO - Processing /home/airflow/.local/lib/python3.6/site-packages/airflow/example_dags/example_bash_operator.py took 0.028 seconds
[2022-06-07 01:22:27,739] {scheduler_job.py:182} INFO - Started process (PID=422) to work on /home/airflow/.local/lib/python3.6/site-packages/airflow/example_dags/example_bash_operator.py
[2022-06-07 01:22:27,740] {scheduler_job.py:633} INFO - Processing file /home/airflow/.local/lib/python3.6/site-packages/airflow/example_dags/example_bash_operator.py for tasks to queue
[2022-06-07 01:22:27,740] {logging_mixin.py:104} INFO - [2022-06-07 01:22:27,740] {dagbag.py:487} INFO - Filling up the DagBag from /home/airflow/.local/lib/python3.6/site-packages/airflow/example_dags/example_bash_operator.py
[2022-06-07 01:22:27,747] {scheduler_job.py:643} INFO - DAG(s) dict_keys(['example_bash_operator']) retrieved from /home/airflow/.local/lib/python3.6/site-packages/airflow/example_dags/example_bash_operator.py
[2022-06-07 01:22:27,756] {logging_mixin.py:104} INFO - [2022-06-07 01:22:27,756] {dag.py:1832} INFO - Sync 1 DAGs
[2022-06-07 01:22:27,762] {logging_mixin.py:104} INFO - [2022-06-07 01:22:27,762] {dag.py:2305} INFO - Setting next_dagrun for example_bash_operator to 2022-06-05 00:00:00+00:00
[2022-06-07 01:22:27,766] {scheduler_job.py:190} INFO - Processing /home/airflow/.local/lib/python3.6/site-packages/airflow/example_dags/example_bash_operator.py took 0.028 seconds
[2022-06-07 01:22:58,479] {scheduler_job.py:182} INFO - Started process (PID=519) to work on /home/airflow/.local/lib/python3.6/site-packages/airflow/example_dags/example_bash_operator.py
[2022-06-07 01:22:58,479] {scheduler_job.py:633} INFO - Processing file /home/airflow/.local/lib/python3.6/site-packages/airflow/example_dags/example_bash_operator.py for tasks to queue
[2022-06-07 01:22:58,479] {logging_mixin.py:104} INFO - [2022-06-07 01:22:58,479] {dagbag.py:487} INFO - Filling up the DagBag from /home/airflow/.local/lib/python3.6/site-packages/airflow/example_dags/example_bash_operator.py
[2022-06-07 01:22:58,487] {scheduler_job.py:643} INFO - DAG(s) dict_keys(['example_bash_operator']) retrieved from /home/airflow/.local/lib/python3.6/site-packages/airflow/example_dags/example_bash_operator.py
[2022-06-07 01:22:58,512] {logging_mixin.py:104} INFO - [2022-06-07 01:22:58,512] {dag.py:1832} INFO - Sync 1 DAGs
[2022-06-07 01:22:58,524] {logging_mixin.py:104} INFO - [2022-06-07 01:22:58,524] {dag.py:2305} INFO - Setting next_dagrun for example_bash_operator to 2022-06-05 00:00:00+00:00
[2022-06-07 01:22:58,530] {scheduler_job.py:190} INFO - Processing /home/airflow/.local/lib/python3.6/site-packages/airflow/example_dags/example_bash_operator.py took 0.052 seconds
[2022-06-07 01:23:29,281] {scheduler_job.py:182} INFO - Started process (PID=649) to work on /home/airflow/.local/lib/python3.6/site-packages/airflow/example_dags/example_bash_operator.py
[2022-06-07 01:23:29,282] {scheduler_job.py:633} INFO - Processing file /home/airflow/.local/lib/python3.6/site-packages/airflow/example_dags/example_bash_operator.py for tasks to queue
[2022-06-07 01:23:29,282] {logging_mixin.py:104} INFO - [2022-06-07 01:23:29,282] {dagbag.py:487} INFO - Filling up the DagBag from /home/airflow/.local/lib/python3.6/site-packages/airflow/example_dags/example_bash_operator.py
[2022-06-07 01:23:29,289] {scheduler_job.py:643} INFO - DAG(s) dict_keys(['example_bash_operator']) retrieved from /home/airflow/.local/lib/python3.6/site-packages/airflow/example_dags/example_bash_operator.py
[2022-06-07 01:23:29,298] {logging_mixin.py:104} INFO - [2022-06-07 01:23:29,298] {dag.py:1832} INFO - Sync 1 DAGs
[2022-06-07 01:23:29,305] {logging_mixin.py:104} INFO - [2022-06-07 01:23:29,305] {dag.py:2305} INFO - Setting next_dagrun for example_bash_operator to 2022-06-05 00:00:00+00:00
[2022-06-07 01:23:29,309] {scheduler_job.py:190} INFO - Processing /home/airflow/.local/lib/python3.6/site-packages/airflow/example_dags/example_bash_operator.py took 0.029 seconds
[2022-06-07 01:24:00,069] {scheduler_job.py:182} INFO - Started process (PID=779) to work on /home/airflow/.local/lib/python3.6/site-packages/airflow/example_dags/example_bash_operator.py
[2022-06-07 01:24:00,069] {scheduler_job.py:633} INFO - Processing file /home/airflow/.local/lib/python3.6/site-packages/airflow/example_dags/example_bash_operator.py for tasks to queue
[2022-06-07 01:24:00,069] {logging_mixin.py:104} INFO - [2022-06-07 01:24:00,069] {dagbag.py:487} INFO - Filling up the DagBag from /home/airflow/.local/lib/python3.6/site-packages/airflow/example_dags/example_bash_operator.py
[2022-06-07 01:24:00,077] {scheduler_job.py:643} INFO - DAG(s) dict_keys(['example_bash_operator']) retrieved from /home/airflow/.local/lib/python3.6/site-packages/airflow/example_dags/example_bash_operator.py
[2022-06-07 01:24:00,085] {logging_mixin.py:104} INFO - [2022-06-07 01:24:00,085] {dag.py:1832} INFO - Sync 1 DAGs
[2022-06-07 01:24:00,092] {logging_mixin.py:104} INFO - [2022-06-07 01:24:00,092] {dag.py:2305} INFO - Setting next_dagrun for example_bash_operator to 2022-06-05 00:00:00+00:00
[2022-06-07 01:24:00,096] {scheduler_job.py:190} INFO - Processing /home/airflow/.local/lib/python3.6/site-packages/airflow/example_dags/example_bash_operator.py took 0.028 seconds
[2022-06-07 01:24:30,811] {scheduler_job.py:182} INFO - Started process (PID=909) to work on /home/airflow/.local/lib/python3.6/site-packages/airflow/example_dags/example_bash_operator.py
[2022-06-07 01:24:30,811] {scheduler_job.py:633} INFO - Processing file /home/airflow/.local/lib/python3.6/site-packages/airflow/example_dags/example_bash_operator.py for tasks to queue
[2022-06-07 01:24:30,811] {logging_mixin.py:104} INFO - [2022-06-07 01:24:30,811] {dagbag.py:487} INFO - Filling up the DagBag from /home/airflow/.local/lib/python3.6/site-packages/airflow/example_dags/example_bash_operator.py
[2022-06-07 01:24:30,819] {scheduler_job.py:643} INFO - DAG(s) dict_keys(['example_bash_operator']) retrieved from /home/airflow/.local/lib/python3.6/site-packages/airflow/example_dags/example_bash_operator.py
[2022-06-07 01:24:30,827] {logging_mixin.py:104} INFO - [2022-06-07 01:24:30,827] {dag.py:1832} INFO - Sync 1 DAGs
[2022-06-07 01:24:30,834] {logging_mixin.py:104} INFO - [2022-06-07 01:24:30,834] {dag.py:2305} INFO - Setting next_dagrun for example_bash_operator to 2022-06-05 00:00:00+00:00
[2022-06-07 01:24:30,838] {scheduler_job.py:190} INFO - Processing /home/airflow/.local/lib/python3.6/site-packages/airflow/example_dags/example_bash_operator.py took 0.029 seconds
[2022-06-07 01:25:01,535] {scheduler_job.py:182} INFO - Started process (PID=1006) to work on /home/airflow/.local/lib/python3.6/site-packages/airflow/example_dags/example_bash_operator.py
[2022-06-07 01:25:01,535] {scheduler_job.py:633} INFO - Processing file /home/airflow/.local/lib/python3.6/site-packages/airflow/example_dags/example_bash_operator.py for tasks to queue
[2022-06-07 01:25:01,535] {logging_mixin.py:104} INFO - [2022-06-07 01:25:01,535] {dagbag.py:487} INFO - Filling up the DagBag from /home/airflow/.local/lib/python3.6/site-packages/airflow/example_dags/example_bash_operator.py
[2022-06-07 01:25:01,543] {scheduler_job.py:643} INFO - DAG(s) dict_keys(['example_bash_operator']) retrieved from /home/airflow/.local/lib/python3.6/site-packages/airflow/example_dags/example_bash_operator.py
[2022-06-07 01:25:01,552] {logging_mixin.py:104} INFO - [2022-06-07 01:25:01,552] {dag.py:1832} INFO - Sync 1 DAGs
[2022-06-07 01:25:01,559] {logging_mixin.py:104} INFO - [2022-06-07 01:25:01,559] {dag.py:2305} INFO - Setting next_dagrun for example_bash_operator to 2022-06-05 00:00:00+00:00
[2022-06-07 01:25:01,563] {scheduler_job.py:190} INFO - Processing /home/airflow/.local/lib/python3.6/site-packages/airflow/example_dags/example_bash_operator.py took 0.030 seconds
[2022-06-07 01:25:32,244] {scheduler_job.py:182} INFO - Started process (PID=1136) to work on /home/airflow/.local/lib/python3.6/site-packages/airflow/example_dags/example_bash_operator.py
[2022-06-07 01:25:32,245] {scheduler_job.py:633} INFO - Processing file /home/airflow/.local/lib/python3.6/site-packages/airflow/example_dags/example_bash_operator.py for tasks to queue
[2022-06-07 01:25:32,245] {logging_mixin.py:104} INFO - [2022-06-07 01:25:32,245] {dagbag.py:487} INFO - Filling up the DagBag from /home/airflow/.local/lib/python3.6/site-packages/airflow/example_dags/example_bash_operator.py
[2022-06-07 01:25:32,252] {scheduler_job.py:643} INFO - DAG(s) dict_keys(['example_bash_operator']) retrieved from /home/airflow/.local/lib/python3.6/site-packages/airflow/example_dags/example_bash_operator.py
[2022-06-07 01:25:32,260] {logging_mixin.py:104} INFO - [2022-06-07 01:25:32,260] {dag.py:1832} INFO - Sync 1 DAGs
[2022-06-07 01:25:32,267] {logging_mixin.py:104} INFO - [2022-06-07 01:25:32,267] {dag.py:2305} INFO - Setting next_dagrun for example_bash_operator to 2022-06-05 00:00:00+00:00
[2022-06-07 01:25:32,271] {scheduler_job.py:190} INFO - Processing /home/airflow/.local/lib/python3.6/site-packages/airflow/example_dags/example_bash_operator.py took 0.028 seconds
[2022-06-07 01:26:03,016] {scheduler_job.py:182} INFO - Started process (PID=1265) to work on /home/airflow/.local/lib/python3.6/site-packages/airflow/example_dags/example_bash_operator.py
[2022-06-07 01:26:03,016] {scheduler_job.py:633} INFO - Processing file /home/airflow/.local/lib/python3.6/site-packages/airflow/example_dags/example_bash_operator.py for tasks to queue
[2022-06-07 01:26:03,016] {logging_mixin.py:104} INFO - [2022-06-07 01:26:03,016] {dagbag.py:487} INFO - Filling up the DagBag from /home/airflow/.local/lib/python3.6/site-packages/airflow/example_dags/example_bash_operator.py
[2022-06-07 01:26:03,024] {scheduler_job.py:643} INFO - DAG(s) dict_keys(['example_bash_operator']) retrieved from /home/airflow/.local/lib/python3.6/site-packages/airflow/example_dags/example_bash_operator.py
[2022-06-07 01:26:03,032] {logging_mixin.py:104} INFO - [2022-06-07 01:26:03,032] {dag.py:1832} INFO - Sync 1 DAGs
[2022-06-07 01:26:03,039] {logging_mixin.py:104} INFO - [2022-06-07 01:26:03,039] {dag.py:2305} INFO - Setting next_dagrun for example_bash_operator to 2022-06-05 00:00:00+00:00
[2022-06-07 01:26:03,043] {scheduler_job.py:190} INFO - Processing /home/airflow/.local/lib/python3.6/site-packages/airflow/example_dags/example_bash_operator.py took 0.028 seconds
[2022-06-07 01:26:33,687] {scheduler_job.py:182} INFO - Started process (PID=1395) to work on /home/airflow/.local/lib/python3.6/site-packages/airflow/example_dags/example_bash_operator.py
[2022-06-07 01:26:33,688] {scheduler_job.py:633} INFO - Processing file /home/airflow/.local/lib/python3.6/site-packages/airflow/example_dags/example_bash_operator.py for tasks to queue
[2022-06-07 01:26:33,688] {logging_mixin.py:104} INFO - [2022-06-07 01:26:33,688] {dagbag.py:487} INFO - Filling up the DagBag from /home/airflow/.local/lib/python3.6/site-packages/airflow/example_dags/example_bash_operator.py
[2022-06-07 01:26:33,694] {scheduler_job.py:643} INFO - DAG(s) dict_keys(['example_bash_operator']) retrieved from /home/airflow/.local/lib/python3.6/site-packages/airflow/example_dags/example_bash_operator.py
[2022-06-07 01:26:33,703] {logging_mixin.py:104} INFO - [2022-06-07 01:26:33,703] {dag.py:1832} INFO - Sync 1 DAGs
[2022-06-07 01:26:33,710] {logging_mixin.py:104} INFO - [2022-06-07 01:26:33,710] {dag.py:2305} INFO - Setting next_dagrun for example_bash_operator to 2022-06-05 00:00:00+00:00
[2022-06-07 01:26:33,714] {scheduler_job.py:190} INFO - Processing /home/airflow/.local/lib/python3.6/site-packages/airflow/example_dags/example_bash_operator.py took 0.028 seconds
[2022-06-07 01:27:04,501] {scheduler_job.py:182} INFO - Started process (PID=1492) to work on /home/airflow/.local/lib/python3.6/site-packages/airflow/example_dags/example_bash_operator.py
[2022-06-07 01:27:04,501] {scheduler_job.py:633} INFO - Processing file /home/airflow/.local/lib/python3.6/site-packages/airflow/example_dags/example_bash_operator.py for tasks to queue
[2022-06-07 01:27:04,501] {logging_mixin.py:104} INFO - [2022-06-07 01:27:04,501] {dagbag.py:487} INFO - Filling up the DagBag from /home/airflow/.local/lib/python3.6/site-packages/airflow/example_dags/example_bash_operator.py
[2022-06-07 01:27:04,507] {scheduler_job.py:643} INFO - DAG(s) dict_keys(['example_bash_operator']) retrieved from /home/airflow/.local/lib/python3.6/site-packages/airflow/example_dags/example_bash_operator.py
[2022-06-07 01:27:04,516] {logging_mixin.py:104} INFO - [2022-06-07 01:27:04,516] {dag.py:1832} INFO - Sync 1 DAGs
[2022-06-07 01:27:04,523] {logging_mixin.py:104} INFO - [2022-06-07 01:27:04,523] {dag.py:2305} INFO - Setting next_dagrun for example_bash_operator to 2022-06-05 00:00:00+00:00
[2022-06-07 01:27:04,527] {scheduler_job.py:190} INFO - Processing /home/airflow/.local/lib/python3.6/site-packages/airflow/example_dags/example_bash_operator.py took 0.027 seconds
[2022-06-07 01:27:35,147] {scheduler_job.py:182} INFO - Started process (PID=1622) to work on /home/airflow/.local/lib/python3.6/site-packages/airflow/example_dags/example_bash_operator.py
[2022-06-07 01:27:35,148] {scheduler_job.py:633} INFO - Processing file /home/airflow/.local/lib/python3.6/site-packages/airflow/example_dags/example_bash_operator.py for tasks to queue
[2022-06-07 01:27:35,148] {logging_mixin.py:104} INFO - [2022-06-07 01:27:35,148] {dagbag.py:487} INFO - Filling up the DagBag from /home/airflow/.local/lib/python3.6/site-packages/airflow/example_dags/example_bash_operator.py
[2022-06-07 01:27:35,154] {scheduler_job.py:643} INFO - DAG(s) dict_keys(['example_bash_operator']) retrieved from /home/airflow/.local/lib/python3.6/site-packages/airflow/example_dags/example_bash_operator.py
[2022-06-07 01:27:35,162] {logging_mixin.py:104} INFO - [2022-06-07 01:27:35,162] {dag.py:1832} INFO - Sync 1 DAGs
[2022-06-07 01:27:35,169] {logging_mixin.py:104} INFO - [2022-06-07 01:27:35,169] {dag.py:2305} INFO - Setting next_dagrun for example_bash_operator to 2022-06-05 00:00:00+00:00
[2022-06-07 01:27:35,173] {scheduler_job.py:190} INFO - Processing /home/airflow/.local/lib/python3.6/site-packages/airflow/example_dags/example_bash_operator.py took 0.027 seconds
