[2022-06-07 01:21:25,054] {scheduler_job.py:182} INFO - Started process (PID=147) to work on /home/airflow/.local/lib/python3.6/site-packages/airflow/example_dags/example_branch_day_of_week_operator.py
[2022-06-07 01:21:25,054] {scheduler_job.py:633} INFO - Processing file /home/airflow/.local/lib/python3.6/site-packages/airflow/example_dags/example_branch_day_of_week_operator.py for tasks to queue
[2022-06-07 01:21:25,054] {logging_mixin.py:104} INFO - [2022-06-07 01:21:25,054] {dagbag.py:487} INFO - Filling up the DagBag from /home/airflow/.local/lib/python3.6/site-packages/airflow/example_dags/example_branch_day_of_week_operator.py
[2022-06-07 01:21:25,060] {scheduler_job.py:643} INFO - DAG(s) dict_keys(['example_weekday_branch_operator']) retrieved from /home/airflow/.local/lib/python3.6/site-packages/airflow/example_dags/example_branch_day_of_week_operator.py
[2022-06-07 01:21:25,921] {logging_mixin.py:104} INFO - [2022-06-07 01:21:25,921] {dag.py:1832} INFO - Sync 1 DAGs
[2022-06-07 01:21:25,925] {logging_mixin.py:104} INFO - [2022-06-07 01:21:25,925] {dag.py:1851} INFO - Creating ORM DAG for example_weekday_branch_operator
[2022-06-07 01:21:25,928] {logging_mixin.py:104} INFO - [2022-06-07 01:21:25,928] {dag.py:2305} INFO - Setting next_dagrun for example_weekday_branch_operator to 2022-06-05 00:00:00+00:00
[2022-06-07 01:21:25,932] {scheduler_job.py:190} INFO - Processing /home/airflow/.local/lib/python3.6/site-packages/airflow/example_dags/example_branch_day_of_week_operator.py took 0.880 seconds
[2022-06-07 01:21:55,954] {scheduler_job.py:182} INFO - Started process (PID=290) to work on /home/airflow/.local/lib/python3.6/site-packages/airflow/example_dags/example_branch_day_of_week_operator.py
[2022-06-07 01:21:55,954] {scheduler_job.py:633} INFO - Processing file /home/airflow/.local/lib/python3.6/site-packages/airflow/example_dags/example_branch_day_of_week_operator.py for tasks to queue
[2022-06-07 01:21:55,955] {logging_mixin.py:104} INFO - [2022-06-07 01:21:55,955] {dagbag.py:487} INFO - Filling up the DagBag from /home/airflow/.local/lib/python3.6/site-packages/airflow/example_dags/example_branch_day_of_week_operator.py
[2022-06-07 01:21:55,959] {scheduler_job.py:643} INFO - DAG(s) dict_keys(['example_weekday_branch_operator']) retrieved from /home/airflow/.local/lib/python3.6/site-packages/airflow/example_dags/example_branch_day_of_week_operator.py
[2022-06-07 01:21:55,970] {logging_mixin.py:104} INFO - [2022-06-07 01:21:55,970] {dag.py:1832} INFO - Sync 1 DAGs
[2022-06-07 01:21:55,977] {logging_mixin.py:104} INFO - [2022-06-07 01:21:55,977] {dag.py:2305} INFO - Setting next_dagrun for example_weekday_branch_operator to 2022-06-05 00:00:00+00:00
[2022-06-07 01:21:55,981] {scheduler_job.py:190} INFO - Processing /home/airflow/.local/lib/python3.6/site-packages/airflow/example_dags/example_branch_day_of_week_operator.py took 0.028 seconds
[2022-06-07 01:22:26,655] {scheduler_job.py:182} INFO - Started process (PID=393) to work on /home/airflow/.local/lib/python3.6/site-packages/airflow/example_dags/example_branch_day_of_week_operator.py
[2022-06-07 01:22:26,655] {scheduler_job.py:633} INFO - Processing file /home/airflow/.local/lib/python3.6/site-packages/airflow/example_dags/example_branch_day_of_week_operator.py for tasks to queue
[2022-06-07 01:22:26,655] {logging_mixin.py:104} INFO - [2022-06-07 01:22:26,655] {dagbag.py:487} INFO - Filling up the DagBag from /home/airflow/.local/lib/python3.6/site-packages/airflow/example_dags/example_branch_day_of_week_operator.py
[2022-06-07 01:22:26,660] {scheduler_job.py:643} INFO - DAG(s) dict_keys(['example_weekday_branch_operator']) retrieved from /home/airflow/.local/lib/python3.6/site-packages/airflow/example_dags/example_branch_day_of_week_operator.py
[2022-06-07 01:22:26,671] {logging_mixin.py:104} INFO - [2022-06-07 01:22:26,670] {dag.py:1832} INFO - Sync 1 DAGs
[2022-06-07 01:22:26,678] {logging_mixin.py:104} INFO - [2022-06-07 01:22:26,677] {dag.py:2305} INFO - Setting next_dagrun for example_weekday_branch_operator to 2022-06-05 00:00:00+00:00
[2022-06-07 01:22:26,681] {scheduler_job.py:190} INFO - Processing /home/airflow/.local/lib/python3.6/site-packages/airflow/example_dags/example_branch_day_of_week_operator.py took 0.028 seconds
[2022-06-07 01:22:57,394] {scheduler_job.py:182} INFO - Started process (PID=516) to work on /home/airflow/.local/lib/python3.6/site-packages/airflow/example_dags/example_branch_day_of_week_operator.py
[2022-06-07 01:22:57,394] {scheduler_job.py:633} INFO - Processing file /home/airflow/.local/lib/python3.6/site-packages/airflow/example_dags/example_branch_day_of_week_operator.py for tasks to queue
[2022-06-07 01:22:57,395] {logging_mixin.py:104} INFO - [2022-06-07 01:22:57,395] {dagbag.py:487} INFO - Filling up the DagBag from /home/airflow/.local/lib/python3.6/site-packages/airflow/example_dags/example_branch_day_of_week_operator.py
[2022-06-07 01:22:57,401] {scheduler_job.py:643} INFO - DAG(s) dict_keys(['example_weekday_branch_operator']) retrieved from /home/airflow/.local/lib/python3.6/site-packages/airflow/example_dags/example_branch_day_of_week_operator.py
[2022-06-07 01:22:57,409] {logging_mixin.py:104} INFO - [2022-06-07 01:22:57,409] {dag.py:1832} INFO - Sync 1 DAGs
[2022-06-07 01:22:57,416] {logging_mixin.py:104} INFO - [2022-06-07 01:22:57,416] {dag.py:2305} INFO - Setting next_dagrun for example_weekday_branch_operator to 2022-06-05 00:00:00+00:00
[2022-06-07 01:22:57,420] {scheduler_job.py:190} INFO - Processing /home/airflow/.local/lib/python3.6/site-packages/airflow/example_dags/example_branch_day_of_week_operator.py took 0.027 seconds
[2022-06-07 01:23:28,223] {scheduler_job.py:182} INFO - Started process (PID=646) to work on /home/airflow/.local/lib/python3.6/site-packages/airflow/example_dags/example_branch_day_of_week_operator.py
[2022-06-07 01:23:28,224] {scheduler_job.py:633} INFO - Processing file /home/airflow/.local/lib/python3.6/site-packages/airflow/example_dags/example_branch_day_of_week_operator.py for tasks to queue
[2022-06-07 01:23:28,224] {logging_mixin.py:104} INFO - [2022-06-07 01:23:28,224] {dagbag.py:487} INFO - Filling up the DagBag from /home/airflow/.local/lib/python3.6/site-packages/airflow/example_dags/example_branch_day_of_week_operator.py
[2022-06-07 01:23:28,230] {scheduler_job.py:643} INFO - DAG(s) dict_keys(['example_weekday_branch_operator']) retrieved from /home/airflow/.local/lib/python3.6/site-packages/airflow/example_dags/example_branch_day_of_week_operator.py
[2022-06-07 01:23:28,238] {logging_mixin.py:104} INFO - [2022-06-07 01:23:28,238] {dag.py:1832} INFO - Sync 1 DAGs
[2022-06-07 01:23:28,245] {logging_mixin.py:104} INFO - [2022-06-07 01:23:28,245] {dag.py:2305} INFO - Setting next_dagrun for example_weekday_branch_operator to 2022-06-05 00:00:00+00:00
[2022-06-07 01:23:28,249] {scheduler_job.py:190} INFO - Processing /home/airflow/.local/lib/python3.6/site-packages/airflow/example_dags/example_branch_day_of_week_operator.py took 0.027 seconds
[2022-06-07 01:23:59,000] {scheduler_job.py:182} INFO - Started process (PID=776) to work on /home/airflow/.local/lib/python3.6/site-packages/airflow/example_dags/example_branch_day_of_week_operator.py
[2022-06-07 01:23:59,000] {scheduler_job.py:633} INFO - Processing file /home/airflow/.local/lib/python3.6/site-packages/airflow/example_dags/example_branch_day_of_week_operator.py for tasks to queue
[2022-06-07 01:23:59,000] {logging_mixin.py:104} INFO - [2022-06-07 01:23:59,000] {dagbag.py:487} INFO - Filling up the DagBag from /home/airflow/.local/lib/python3.6/site-packages/airflow/example_dags/example_branch_day_of_week_operator.py
[2022-06-07 01:23:59,007] {scheduler_job.py:643} INFO - DAG(s) dict_keys(['example_weekday_branch_operator']) retrieved from /home/airflow/.local/lib/python3.6/site-packages/airflow/example_dags/example_branch_day_of_week_operator.py
[2022-06-07 01:23:59,015] {logging_mixin.py:104} INFO - [2022-06-07 01:23:59,015] {dag.py:1832} INFO - Sync 1 DAGs
[2022-06-07 01:23:59,022] {logging_mixin.py:104} INFO - [2022-06-07 01:23:59,022] {dag.py:2305} INFO - Setting next_dagrun for example_weekday_branch_operator to 2022-06-05 00:00:00+00:00
[2022-06-07 01:23:59,025] {scheduler_job.py:190} INFO - Processing /home/airflow/.local/lib/python3.6/site-packages/airflow/example_dags/example_branch_day_of_week_operator.py took 0.027 seconds
[2022-06-07 01:24:29,725] {scheduler_job.py:182} INFO - Started process (PID=883) to work on /home/airflow/.local/lib/python3.6/site-packages/airflow/example_dags/example_branch_day_of_week_operator.py
[2022-06-07 01:24:29,726] {scheduler_job.py:633} INFO - Processing file /home/airflow/.local/lib/python3.6/site-packages/airflow/example_dags/example_branch_day_of_week_operator.py for tasks to queue
[2022-06-07 01:24:29,726] {logging_mixin.py:104} INFO - [2022-06-07 01:24:29,726] {dagbag.py:487} INFO - Filling up the DagBag from /home/airflow/.local/lib/python3.6/site-packages/airflow/example_dags/example_branch_day_of_week_operator.py
[2022-06-07 01:24:29,732] {scheduler_job.py:643} INFO - DAG(s) dict_keys(['example_weekday_branch_operator']) retrieved from /home/airflow/.local/lib/python3.6/site-packages/airflow/example_dags/example_branch_day_of_week_operator.py
[2022-06-07 01:24:29,741] {logging_mixin.py:104} INFO - [2022-06-07 01:24:29,741] {dag.py:1832} INFO - Sync 1 DAGs
[2022-06-07 01:24:29,748] {logging_mixin.py:104} INFO - [2022-06-07 01:24:29,748] {dag.py:2305} INFO - Setting next_dagrun for example_weekday_branch_operator to 2022-06-05 00:00:00+00:00
[2022-06-07 01:24:29,752] {scheduler_job.py:190} INFO - Processing /home/airflow/.local/lib/python3.6/site-packages/airflow/example_dags/example_branch_day_of_week_operator.py took 0.028 seconds
[2022-06-07 01:25:00,445] {scheduler_job.py:182} INFO - Started process (PID=1003) to work on /home/airflow/.local/lib/python3.6/site-packages/airflow/example_dags/example_branch_day_of_week_operator.py
[2022-06-07 01:25:00,445] {scheduler_job.py:633} INFO - Processing file /home/airflow/.local/lib/python3.6/site-packages/airflow/example_dags/example_branch_day_of_week_operator.py for tasks to queue
[2022-06-07 01:25:00,445] {logging_mixin.py:104} INFO - [2022-06-07 01:25:00,445] {dagbag.py:487} INFO - Filling up the DagBag from /home/airflow/.local/lib/python3.6/site-packages/airflow/example_dags/example_branch_day_of_week_operator.py
[2022-06-07 01:25:00,451] {scheduler_job.py:643} INFO - DAG(s) dict_keys(['example_weekday_branch_operator']) retrieved from /home/airflow/.local/lib/python3.6/site-packages/airflow/example_dags/example_branch_day_of_week_operator.py
[2022-06-07 01:25:00,460] {logging_mixin.py:104} INFO - [2022-06-07 01:25:00,460] {dag.py:1832} INFO - Sync 1 DAGs
[2022-06-07 01:25:00,466] {logging_mixin.py:104} INFO - [2022-06-07 01:25:00,466] {dag.py:2305} INFO - Setting next_dagrun for example_weekday_branch_operator to 2022-06-05 00:00:00+00:00
[2022-06-07 01:25:00,470] {scheduler_job.py:190} INFO - Processing /home/airflow/.local/lib/python3.6/site-packages/airflow/example_dags/example_branch_day_of_week_operator.py took 0.027 seconds
[2022-06-07 01:25:31,167] {scheduler_job.py:182} INFO - Started process (PID=1133) to work on /home/airflow/.local/lib/python3.6/site-packages/airflow/example_dags/example_branch_day_of_week_operator.py
[2022-06-07 01:25:31,168] {scheduler_job.py:633} INFO - Processing file /home/airflow/.local/lib/python3.6/site-packages/airflow/example_dags/example_branch_day_of_week_operator.py for tasks to queue
[2022-06-07 01:25:31,168] {logging_mixin.py:104} INFO - [2022-06-07 01:25:31,168] {dagbag.py:487} INFO - Filling up the DagBag from /home/airflow/.local/lib/python3.6/site-packages/airflow/example_dags/example_branch_day_of_week_operator.py
[2022-06-07 01:25:31,174] {scheduler_job.py:643} INFO - DAG(s) dict_keys(['example_weekday_branch_operator']) retrieved from /home/airflow/.local/lib/python3.6/site-packages/airflow/example_dags/example_branch_day_of_week_operator.py
[2022-06-07 01:25:31,183] {logging_mixin.py:104} INFO - [2022-06-07 01:25:31,183] {dag.py:1832} INFO - Sync 1 DAGs
[2022-06-07 01:25:31,190] {logging_mixin.py:104} INFO - [2022-06-07 01:25:31,190] {dag.py:2305} INFO - Setting next_dagrun for example_weekday_branch_operator to 2022-06-05 00:00:00+00:00
[2022-06-07 01:25:31,194] {scheduler_job.py:190} INFO - Processing /home/airflow/.local/lib/python3.6/site-packages/airflow/example_dags/example_branch_day_of_week_operator.py took 0.027 seconds
[2022-06-07 01:26:01,962] {scheduler_job.py:182} INFO - Started process (PID=1262) to work on /home/airflow/.local/lib/python3.6/site-packages/airflow/example_dags/example_branch_day_of_week_operator.py
[2022-06-07 01:26:01,962] {scheduler_job.py:633} INFO - Processing file /home/airflow/.local/lib/python3.6/site-packages/airflow/example_dags/example_branch_day_of_week_operator.py for tasks to queue
[2022-06-07 01:26:01,962] {logging_mixin.py:104} INFO - [2022-06-07 01:26:01,962] {dagbag.py:487} INFO - Filling up the DagBag from /home/airflow/.local/lib/python3.6/site-packages/airflow/example_dags/example_branch_day_of_week_operator.py
[2022-06-07 01:26:01,969] {scheduler_job.py:643} INFO - DAG(s) dict_keys(['example_weekday_branch_operator']) retrieved from /home/airflow/.local/lib/python3.6/site-packages/airflow/example_dags/example_branch_day_of_week_operator.py
[2022-06-07 01:26:01,977] {logging_mixin.py:104} INFO - [2022-06-07 01:26:01,977] {dag.py:1832} INFO - Sync 1 DAGs
[2022-06-07 01:26:01,984] {logging_mixin.py:104} INFO - [2022-06-07 01:26:01,984] {dag.py:2305} INFO - Setting next_dagrun for example_weekday_branch_operator to 2022-06-05 00:00:00+00:00
[2022-06-07 01:26:01,988] {scheduler_job.py:190} INFO - Processing /home/airflow/.local/lib/python3.6/site-packages/airflow/example_dags/example_branch_day_of_week_operator.py took 0.027 seconds
[2022-06-07 01:26:32,634] {scheduler_job.py:182} INFO - Started process (PID=1392) to work on /home/airflow/.local/lib/python3.6/site-packages/airflow/example_dags/example_branch_day_of_week_operator.py
[2022-06-07 01:26:32,635] {scheduler_job.py:633} INFO - Processing file /home/airflow/.local/lib/python3.6/site-packages/airflow/example_dags/example_branch_day_of_week_operator.py for tasks to queue
[2022-06-07 01:26:32,635] {logging_mixin.py:104} INFO - [2022-06-07 01:26:32,635] {dagbag.py:487} INFO - Filling up the DagBag from /home/airflow/.local/lib/python3.6/site-packages/airflow/example_dags/example_branch_day_of_week_operator.py
[2022-06-07 01:26:32,641] {scheduler_job.py:643} INFO - DAG(s) dict_keys(['example_weekday_branch_operator']) retrieved from /home/airflow/.local/lib/python3.6/site-packages/airflow/example_dags/example_branch_day_of_week_operator.py
[2022-06-07 01:26:32,653] {logging_mixin.py:104} INFO - [2022-06-07 01:26:32,653] {dag.py:1832} INFO - Sync 1 DAGs
[2022-06-07 01:26:32,660] {logging_mixin.py:104} INFO - [2022-06-07 01:26:32,660] {dag.py:2305} INFO - Setting next_dagrun for example_weekday_branch_operator to 2022-06-05 00:00:00+00:00
[2022-06-07 01:26:32,664] {scheduler_job.py:190} INFO - Processing /home/airflow/.local/lib/python3.6/site-packages/airflow/example_dags/example_branch_day_of_week_operator.py took 0.031 seconds
[2022-06-07 01:27:03,378] {scheduler_job.py:182} INFO - Started process (PID=1489) to work on /home/airflow/.local/lib/python3.6/site-packages/airflow/example_dags/example_branch_day_of_week_operator.py
[2022-06-07 01:27:03,378] {scheduler_job.py:633} INFO - Processing file /home/airflow/.local/lib/python3.6/site-packages/airflow/example_dags/example_branch_day_of_week_operator.py for tasks to queue
[2022-06-07 01:27:03,378] {logging_mixin.py:104} INFO - [2022-06-07 01:27:03,378] {dagbag.py:487} INFO - Filling up the DagBag from /home/airflow/.local/lib/python3.6/site-packages/airflow/example_dags/example_branch_day_of_week_operator.py
[2022-06-07 01:27:03,383] {scheduler_job.py:643} INFO - DAG(s) dict_keys(['example_weekday_branch_operator']) retrieved from /home/airflow/.local/lib/python3.6/site-packages/airflow/example_dags/example_branch_day_of_week_operator.py
[2022-06-07 01:27:03,392] {logging_mixin.py:104} INFO - [2022-06-07 01:27:03,392] {dag.py:1832} INFO - Sync 1 DAGs
[2022-06-07 01:27:03,399] {logging_mixin.py:104} INFO - [2022-06-07 01:27:03,399] {dag.py:2305} INFO - Setting next_dagrun for example_weekday_branch_operator to 2022-06-05 00:00:00+00:00
[2022-06-07 01:27:03,403] {scheduler_job.py:190} INFO - Processing /home/airflow/.local/lib/python3.6/site-packages/airflow/example_dags/example_branch_day_of_week_operator.py took 0.027 seconds
[2022-06-07 01:27:34,076] {scheduler_job.py:182} INFO - Started process (PID=1619) to work on /home/airflow/.local/lib/python3.6/site-packages/airflow/example_dags/example_branch_day_of_week_operator.py
[2022-06-07 01:27:34,077] {scheduler_job.py:633} INFO - Processing file /home/airflow/.local/lib/python3.6/site-packages/airflow/example_dags/example_branch_day_of_week_operator.py for tasks to queue
[2022-06-07 01:27:34,077] {logging_mixin.py:104} INFO - [2022-06-07 01:27:34,077] {dagbag.py:487} INFO - Filling up the DagBag from /home/airflow/.local/lib/python3.6/site-packages/airflow/example_dags/example_branch_day_of_week_operator.py
[2022-06-07 01:27:34,082] {scheduler_job.py:643} INFO - DAG(s) dict_keys(['example_weekday_branch_operator']) retrieved from /home/airflow/.local/lib/python3.6/site-packages/airflow/example_dags/example_branch_day_of_week_operator.py
[2022-06-07 01:27:34,090] {logging_mixin.py:104} INFO - [2022-06-07 01:27:34,090] {dag.py:1832} INFO - Sync 1 DAGs
[2022-06-07 01:27:34,097] {logging_mixin.py:104} INFO - [2022-06-07 01:27:34,097] {dag.py:2305} INFO - Setting next_dagrun for example_weekday_branch_operator to 2022-06-05 00:00:00+00:00
[2022-06-07 01:27:34,101] {scheduler_job.py:190} INFO - Processing /home/airflow/.local/lib/python3.6/site-packages/airflow/example_dags/example_branch_day_of_week_operator.py took 0.026 seconds
