[2022-06-07 01:21:27,776] {scheduler_job.py:182} INFO - Started process (PID=160) to work on /home/airflow/.local/lib/python3.6/site-packages/airflow/example_dags/example_branch_python_dop_operator_3.py
[2022-06-07 01:21:27,777] {scheduler_job.py:633} INFO - Processing file /home/airflow/.local/lib/python3.6/site-packages/airflow/example_dags/example_branch_python_dop_operator_3.py for tasks to queue
[2022-06-07 01:21:27,777] {logging_mixin.py:104} INFO - [2022-06-07 01:21:27,777] {dagbag.py:487} INFO - Filling up the DagBag from /home/airflow/.local/lib/python3.6/site-packages/airflow/example_dags/example_branch_python_dop_operator_3.py
[2022-06-07 01:21:27,783] {scheduler_job.py:643} INFO - DAG(s) dict_keys(['example_branch_dop_operator_v3']) retrieved from /home/airflow/.local/lib/python3.6/site-packages/airflow/example_dags/example_branch_python_dop_operator_3.py
[2022-06-07 01:21:28,640] {logging_mixin.py:104} INFO - [2022-06-07 01:21:28,640] {dag.py:1832} INFO - Sync 1 DAGs
[2022-06-07 01:21:28,645] {logging_mixin.py:104} INFO - [2022-06-07 01:21:28,644] {dag.py:1851} INFO - Creating ORM DAG for example_branch_dop_operator_v3
[2022-06-07 01:21:28,650] {logging_mixin.py:104} INFO - [2022-06-07 01:21:28,650] {dag.py:2305} INFO - Setting next_dagrun for example_branch_dop_operator_v3 to 2022-06-05 00:00:00+00:00
[2022-06-07 01:21:28,654] {scheduler_job.py:190} INFO - Processing /home/airflow/.local/lib/python3.6/site-packages/airflow/example_dags/example_branch_python_dop_operator_3.py took 0.879 seconds
[2022-06-07 01:21:59,053] {scheduler_job.py:182} INFO - Started process (PID=297) to work on /home/airflow/.local/lib/python3.6/site-packages/airflow/example_dags/example_branch_python_dop_operator_3.py
[2022-06-07 01:21:59,054] {scheduler_job.py:633} INFO - Processing file /home/airflow/.local/lib/python3.6/site-packages/airflow/example_dags/example_branch_python_dop_operator_3.py for tasks to queue
[2022-06-07 01:21:59,054] {logging_mixin.py:104} INFO - [2022-06-07 01:21:59,054] {dagbag.py:487} INFO - Filling up the DagBag from /home/airflow/.local/lib/python3.6/site-packages/airflow/example_dags/example_branch_python_dop_operator_3.py
[2022-06-07 01:21:59,061] {scheduler_job.py:643} INFO - DAG(s) dict_keys(['example_branch_dop_operator_v3']) retrieved from /home/airflow/.local/lib/python3.6/site-packages/airflow/example_dags/example_branch_python_dop_operator_3.py
[2022-06-07 01:21:59,069] {logging_mixin.py:104} INFO - [2022-06-07 01:21:59,069] {dag.py:1832} INFO - Sync 1 DAGs
[2022-06-07 01:21:59,079] {logging_mixin.py:104} INFO - [2022-06-07 01:21:59,079] {dag.py:2305} INFO - Setting next_dagrun for example_branch_dop_operator_v3 to 2022-06-05 00:00:00+00:00
[2022-06-07 01:21:59,083] {scheduler_job.py:190} INFO - Processing /home/airflow/.local/lib/python3.6/site-packages/airflow/example_dags/example_branch_python_dop_operator_3.py took 0.033 seconds
[2022-06-07 01:22:29,830] {scheduler_job.py:182} INFO - Started process (PID=426) to work on /home/airflow/.local/lib/python3.6/site-packages/airflow/example_dags/example_branch_python_dop_operator_3.py
[2022-06-07 01:22:29,830] {scheduler_job.py:633} INFO - Processing file /home/airflow/.local/lib/python3.6/site-packages/airflow/example_dags/example_branch_python_dop_operator_3.py for tasks to queue
[2022-06-07 01:22:29,830] {logging_mixin.py:104} INFO - [2022-06-07 01:22:29,830] {dagbag.py:487} INFO - Filling up the DagBag from /home/airflow/.local/lib/python3.6/site-packages/airflow/example_dags/example_branch_python_dop_operator_3.py
[2022-06-07 01:22:29,837] {scheduler_job.py:643} INFO - DAG(s) dict_keys(['example_branch_dop_operator_v3']) retrieved from /home/airflow/.local/lib/python3.6/site-packages/airflow/example_dags/example_branch_python_dop_operator_3.py
[2022-06-07 01:22:29,846] {logging_mixin.py:104} INFO - [2022-06-07 01:22:29,846] {dag.py:1832} INFO - Sync 1 DAGs
[2022-06-07 01:22:29,855] {logging_mixin.py:104} INFO - [2022-06-07 01:22:29,855] {dag.py:2305} INFO - Setting next_dagrun for example_branch_dop_operator_v3 to 2022-06-05 00:00:00+00:00
[2022-06-07 01:22:29,859] {scheduler_job.py:190} INFO - Processing /home/airflow/.local/lib/python3.6/site-packages/airflow/example_dags/example_branch_python_dop_operator_3.py took 0.030 seconds
[2022-06-07 01:23:00,671] {scheduler_job.py:182} INFO - Started process (PID=533) to work on /home/airflow/.local/lib/python3.6/site-packages/airflow/example_dags/example_branch_python_dop_operator_3.py
[2022-06-07 01:23:00,671] {scheduler_job.py:633} INFO - Processing file /home/airflow/.local/lib/python3.6/site-packages/airflow/example_dags/example_branch_python_dop_operator_3.py for tasks to queue
[2022-06-07 01:23:00,671] {logging_mixin.py:104} INFO - [2022-06-07 01:23:00,671] {dagbag.py:487} INFO - Filling up the DagBag from /home/airflow/.local/lib/python3.6/site-packages/airflow/example_dags/example_branch_python_dop_operator_3.py
[2022-06-07 01:23:00,678] {scheduler_job.py:643} INFO - DAG(s) dict_keys(['example_branch_dop_operator_v3']) retrieved from /home/airflow/.local/lib/python3.6/site-packages/airflow/example_dags/example_branch_python_dop_operator_3.py
[2022-06-07 01:23:00,686] {logging_mixin.py:104} INFO - [2022-06-07 01:23:00,686] {dag.py:1832} INFO - Sync 1 DAGs
[2022-06-07 01:23:00,695] {logging_mixin.py:104} INFO - [2022-06-07 01:23:00,695] {dag.py:2305} INFO - Setting next_dagrun for example_branch_dop_operator_v3 to 2022-06-05 00:00:00+00:00
[2022-06-07 01:23:00,699] {scheduler_job.py:190} INFO - Processing /home/airflow/.local/lib/python3.6/site-packages/airflow/example_dags/example_branch_python_dop_operator_3.py took 0.030 seconds
[2022-06-07 01:23:31,376] {scheduler_job.py:182} INFO - Started process (PID=653) to work on /home/airflow/.local/lib/python3.6/site-packages/airflow/example_dags/example_branch_python_dop_operator_3.py
[2022-06-07 01:23:31,377] {scheduler_job.py:633} INFO - Processing file /home/airflow/.local/lib/python3.6/site-packages/airflow/example_dags/example_branch_python_dop_operator_3.py for tasks to queue
[2022-06-07 01:23:31,377] {logging_mixin.py:104} INFO - [2022-06-07 01:23:31,377] {dagbag.py:487} INFO - Filling up the DagBag from /home/airflow/.local/lib/python3.6/site-packages/airflow/example_dags/example_branch_python_dop_operator_3.py
[2022-06-07 01:23:31,384] {scheduler_job.py:643} INFO - DAG(s) dict_keys(['example_branch_dop_operator_v3']) retrieved from /home/airflow/.local/lib/python3.6/site-packages/airflow/example_dags/example_branch_python_dop_operator_3.py
[2022-06-07 01:23:31,392] {logging_mixin.py:104} INFO - [2022-06-07 01:23:31,392] {dag.py:1832} INFO - Sync 1 DAGs
[2022-06-07 01:23:31,402] {logging_mixin.py:104} INFO - [2022-06-07 01:23:31,402] {dag.py:2305} INFO - Setting next_dagrun for example_branch_dop_operator_v3 to 2022-06-05 00:00:00+00:00
[2022-06-07 01:23:31,406] {scheduler_job.py:190} INFO - Processing /home/airflow/.local/lib/python3.6/site-packages/airflow/example_dags/example_branch_python_dop_operator_3.py took 0.030 seconds
[2022-06-07 01:24:02,157] {scheduler_job.py:182} INFO - Started process (PID=783) to work on /home/airflow/.local/lib/python3.6/site-packages/airflow/example_dags/example_branch_python_dop_operator_3.py
[2022-06-07 01:24:02,157] {scheduler_job.py:633} INFO - Processing file /home/airflow/.local/lib/python3.6/site-packages/airflow/example_dags/example_branch_python_dop_operator_3.py for tasks to queue
[2022-06-07 01:24:02,157] {logging_mixin.py:104} INFO - [2022-06-07 01:24:02,157] {dagbag.py:487} INFO - Filling up the DagBag from /home/airflow/.local/lib/python3.6/site-packages/airflow/example_dags/example_branch_python_dop_operator_3.py
[2022-06-07 01:24:02,164] {scheduler_job.py:643} INFO - DAG(s) dict_keys(['example_branch_dop_operator_v3']) retrieved from /home/airflow/.local/lib/python3.6/site-packages/airflow/example_dags/example_branch_python_dop_operator_3.py
[2022-06-07 01:24:02,173] {logging_mixin.py:104} INFO - [2022-06-07 01:24:02,173] {dag.py:1832} INFO - Sync 1 DAGs
[2022-06-07 01:24:02,182] {logging_mixin.py:104} INFO - [2022-06-07 01:24:02,182] {dag.py:2305} INFO - Setting next_dagrun for example_branch_dop_operator_v3 to 2022-06-05 00:00:00+00:00
[2022-06-07 01:24:02,186] {scheduler_job.py:190} INFO - Processing /home/airflow/.local/lib/python3.6/site-packages/airflow/example_dags/example_branch_python_dop_operator_3.py took 0.031 seconds
[2022-06-07 01:24:32,907] {scheduler_job.py:182} INFO - Started process (PID=913) to work on /home/airflow/.local/lib/python3.6/site-packages/airflow/example_dags/example_branch_python_dop_operator_3.py
[2022-06-07 01:24:32,907] {scheduler_job.py:633} INFO - Processing file /home/airflow/.local/lib/python3.6/site-packages/airflow/example_dags/example_branch_python_dop_operator_3.py for tasks to queue
[2022-06-07 01:24:32,908] {logging_mixin.py:104} INFO - [2022-06-07 01:24:32,907] {dagbag.py:487} INFO - Filling up the DagBag from /home/airflow/.local/lib/python3.6/site-packages/airflow/example_dags/example_branch_python_dop_operator_3.py
[2022-06-07 01:24:32,914] {scheduler_job.py:643} INFO - DAG(s) dict_keys(['example_branch_dop_operator_v3']) retrieved from /home/airflow/.local/lib/python3.6/site-packages/airflow/example_dags/example_branch_python_dop_operator_3.py
[2022-06-07 01:24:32,923] {logging_mixin.py:104} INFO - [2022-06-07 01:24:32,923] {dag.py:1832} INFO - Sync 1 DAGs
[2022-06-07 01:24:32,932] {logging_mixin.py:104} INFO - [2022-06-07 01:24:32,932] {dag.py:2305} INFO - Setting next_dagrun for example_branch_dop_operator_v3 to 2022-06-05 00:00:00+00:00
[2022-06-07 01:24:32,936] {scheduler_job.py:190} INFO - Processing /home/airflow/.local/lib/python3.6/site-packages/airflow/example_dags/example_branch_python_dop_operator_3.py took 0.030 seconds
[2022-06-07 01:25:03,628] {scheduler_job.py:182} INFO - Started process (PID=1043) to work on /home/airflow/.local/lib/python3.6/site-packages/airflow/example_dags/example_branch_python_dop_operator_3.py
[2022-06-07 01:25:03,628] {scheduler_job.py:633} INFO - Processing file /home/airflow/.local/lib/python3.6/site-packages/airflow/example_dags/example_branch_python_dop_operator_3.py for tasks to queue
[2022-06-07 01:25:03,628] {logging_mixin.py:104} INFO - [2022-06-07 01:25:03,628] {dagbag.py:487} INFO - Filling up the DagBag from /home/airflow/.local/lib/python3.6/site-packages/airflow/example_dags/example_branch_python_dop_operator_3.py
[2022-06-07 01:25:03,635] {scheduler_job.py:643} INFO - DAG(s) dict_keys(['example_branch_dop_operator_v3']) retrieved from /home/airflow/.local/lib/python3.6/site-packages/airflow/example_dags/example_branch_python_dop_operator_3.py
[2022-06-07 01:25:03,644] {logging_mixin.py:104} INFO - [2022-06-07 01:25:03,643] {dag.py:1832} INFO - Sync 1 DAGs
[2022-06-07 01:25:03,653] {logging_mixin.py:104} INFO - [2022-06-07 01:25:03,653] {dag.py:2305} INFO - Setting next_dagrun for example_branch_dop_operator_v3 to 2022-06-05 00:00:00+00:00
[2022-06-07 01:25:03,657] {scheduler_job.py:190} INFO - Processing /home/airflow/.local/lib/python3.6/site-packages/airflow/example_dags/example_branch_python_dop_operator_3.py took 0.030 seconds
[2022-06-07 01:25:34,383] {scheduler_job.py:182} INFO - Started process (PID=1140) to work on /home/airflow/.local/lib/python3.6/site-packages/airflow/example_dags/example_branch_python_dop_operator_3.py
[2022-06-07 01:25:34,384] {scheduler_job.py:633} INFO - Processing file /home/airflow/.local/lib/python3.6/site-packages/airflow/example_dags/example_branch_python_dop_operator_3.py for tasks to queue
[2022-06-07 01:25:34,385] {logging_mixin.py:104} INFO - [2022-06-07 01:25:34,385] {dagbag.py:487} INFO - Filling up the DagBag from /home/airflow/.local/lib/python3.6/site-packages/airflow/example_dags/example_branch_python_dop_operator_3.py
[2022-06-07 01:25:34,392] {scheduler_job.py:643} INFO - DAG(s) dict_keys(['example_branch_dop_operator_v3']) retrieved from /home/airflow/.local/lib/python3.6/site-packages/airflow/example_dags/example_branch_python_dop_operator_3.py
[2022-06-07 01:25:34,400] {logging_mixin.py:104} INFO - [2022-06-07 01:25:34,400] {dag.py:1832} INFO - Sync 1 DAGs
[2022-06-07 01:25:34,409] {logging_mixin.py:104} INFO - [2022-06-07 01:25:34,409] {dag.py:2305} INFO - Setting next_dagrun for example_branch_dop_operator_v3 to 2022-06-05 00:00:00+00:00
[2022-06-07 01:25:34,413] {scheduler_job.py:190} INFO - Processing /home/airflow/.local/lib/python3.6/site-packages/airflow/example_dags/example_branch_python_dop_operator_3.py took 0.032 seconds
[2022-06-07 01:26:05,096] {scheduler_job.py:182} INFO - Started process (PID=1269) to work on /home/airflow/.local/lib/python3.6/site-packages/airflow/example_dags/example_branch_python_dop_operator_3.py
[2022-06-07 01:26:05,097] {scheduler_job.py:633} INFO - Processing file /home/airflow/.local/lib/python3.6/site-packages/airflow/example_dags/example_branch_python_dop_operator_3.py for tasks to queue
[2022-06-07 01:26:05,097] {logging_mixin.py:104} INFO - [2022-06-07 01:26:05,097] {dagbag.py:487} INFO - Filling up the DagBag from /home/airflow/.local/lib/python3.6/site-packages/airflow/example_dags/example_branch_python_dop_operator_3.py
[2022-06-07 01:26:05,104] {scheduler_job.py:643} INFO - DAG(s) dict_keys(['example_branch_dop_operator_v3']) retrieved from /home/airflow/.local/lib/python3.6/site-packages/airflow/example_dags/example_branch_python_dop_operator_3.py
[2022-06-07 01:26:05,113] {logging_mixin.py:104} INFO - [2022-06-07 01:26:05,112] {dag.py:1832} INFO - Sync 1 DAGs
[2022-06-07 01:26:05,122] {logging_mixin.py:104} INFO - [2022-06-07 01:26:05,122] {dag.py:2305} INFO - Setting next_dagrun for example_branch_dop_operator_v3 to 2022-06-05 00:00:00+00:00
[2022-06-07 01:26:05,126] {scheduler_job.py:190} INFO - Processing /home/airflow/.local/lib/python3.6/site-packages/airflow/example_dags/example_branch_python_dop_operator_3.py took 0.030 seconds
[2022-06-07 01:26:35,783] {scheduler_job.py:182} INFO - Started process (PID=1399) to work on /home/airflow/.local/lib/python3.6/site-packages/airflow/example_dags/example_branch_python_dop_operator_3.py
[2022-06-07 01:26:35,783] {scheduler_job.py:633} INFO - Processing file /home/airflow/.local/lib/python3.6/site-packages/airflow/example_dags/example_branch_python_dop_operator_3.py for tasks to queue
[2022-06-07 01:26:35,783] {logging_mixin.py:104} INFO - [2022-06-07 01:26:35,783] {dagbag.py:487} INFO - Filling up the DagBag from /home/airflow/.local/lib/python3.6/site-packages/airflow/example_dags/example_branch_python_dop_operator_3.py
[2022-06-07 01:26:35,789] {scheduler_job.py:643} INFO - DAG(s) dict_keys(['example_branch_dop_operator_v3']) retrieved from /home/airflow/.local/lib/python3.6/site-packages/airflow/example_dags/example_branch_python_dop_operator_3.py
[2022-06-07 01:26:35,800] {logging_mixin.py:104} INFO - [2022-06-07 01:26:35,800] {dag.py:1832} INFO - Sync 1 DAGs
[2022-06-07 01:26:35,809] {logging_mixin.py:104} INFO - [2022-06-07 01:26:35,809] {dag.py:2305} INFO - Setting next_dagrun for example_branch_dop_operator_v3 to 2022-06-05 00:00:00+00:00
[2022-06-07 01:26:35,814] {scheduler_job.py:190} INFO - Processing /home/airflow/.local/lib/python3.6/site-packages/airflow/example_dags/example_branch_python_dop_operator_3.py took 0.032 seconds
[2022-06-07 01:27:06,586] {scheduler_job.py:182} INFO - Started process (PID=1529) to work on /home/airflow/.local/lib/python3.6/site-packages/airflow/example_dags/example_branch_python_dop_operator_3.py
[2022-06-07 01:27:06,587] {scheduler_job.py:633} INFO - Processing file /home/airflow/.local/lib/python3.6/site-packages/airflow/example_dags/example_branch_python_dop_operator_3.py for tasks to queue
[2022-06-07 01:27:06,587] {logging_mixin.py:104} INFO - [2022-06-07 01:27:06,587] {dagbag.py:487} INFO - Filling up the DagBag from /home/airflow/.local/lib/python3.6/site-packages/airflow/example_dags/example_branch_python_dop_operator_3.py
[2022-06-07 01:27:06,592] {scheduler_job.py:643} INFO - DAG(s) dict_keys(['example_branch_dop_operator_v3']) retrieved from /home/airflow/.local/lib/python3.6/site-packages/airflow/example_dags/example_branch_python_dop_operator_3.py
[2022-06-07 01:27:06,601] {logging_mixin.py:104} INFO - [2022-06-07 01:27:06,601] {dag.py:1832} INFO - Sync 1 DAGs
[2022-06-07 01:27:06,611] {logging_mixin.py:104} INFO - [2022-06-07 01:27:06,611] {dag.py:2305} INFO - Setting next_dagrun for example_branch_dop_operator_v3 to 2022-06-05 00:00:00+00:00
[2022-06-07 01:27:06,626] {scheduler_job.py:190} INFO - Processing /home/airflow/.local/lib/python3.6/site-packages/airflow/example_dags/example_branch_python_dop_operator_3.py took 0.043 seconds
[2022-06-07 01:27:37,197] {scheduler_job.py:182} INFO - Started process (PID=1626) to work on /home/airflow/.local/lib/python3.6/site-packages/airflow/example_dags/example_branch_python_dop_operator_3.py
[2022-06-07 01:27:37,198] {scheduler_job.py:633} INFO - Processing file /home/airflow/.local/lib/python3.6/site-packages/airflow/example_dags/example_branch_python_dop_operator_3.py for tasks to queue
[2022-06-07 01:27:37,199] {logging_mixin.py:104} INFO - [2022-06-07 01:27:37,199] {dagbag.py:487} INFO - Filling up the DagBag from /home/airflow/.local/lib/python3.6/site-packages/airflow/example_dags/example_branch_python_dop_operator_3.py
[2022-06-07 01:27:37,204] {scheduler_job.py:643} INFO - DAG(s) dict_keys(['example_branch_dop_operator_v3']) retrieved from /home/airflow/.local/lib/python3.6/site-packages/airflow/example_dags/example_branch_python_dop_operator_3.py
[2022-06-07 01:27:37,212] {logging_mixin.py:104} INFO - [2022-06-07 01:27:37,212] {dag.py:1832} INFO - Sync 1 DAGs
[2022-06-07 01:27:37,222] {logging_mixin.py:104} INFO - [2022-06-07 01:27:37,221] {dag.py:2305} INFO - Setting next_dagrun for example_branch_dop_operator_v3 to 2022-06-05 00:00:00+00:00
[2022-06-07 01:27:37,225] {scheduler_job.py:190} INFO - Processing /home/airflow/.local/lib/python3.6/site-packages/airflow/example_dags/example_branch_python_dop_operator_3.py took 0.029 seconds
