[2022-06-07 01:21:29,548] {scheduler_job.py:182} INFO - Started process (PID=168) to work on /home/airflow/.local/lib/python3.6/site-packages/airflow/example_dags/example_trigger_target_dag.py
[2022-06-07 01:21:29,549] {scheduler_job.py:633} INFO - Processing file /home/airflow/.local/lib/python3.6/site-packages/airflow/example_dags/example_trigger_target_dag.py for tasks to queue
[2022-06-07 01:21:29,549] {logging_mixin.py:104} INFO - [2022-06-07 01:21:29,549] {dagbag.py:487} INFO - Filling up the DagBag from /home/airflow/.local/lib/python3.6/site-packages/airflow/example_dags/example_trigger_target_dag.py
[2022-06-07 01:21:29,556] {scheduler_job.py:643} INFO - DAG(s) dict_keys(['example_trigger_target_dag']) retrieved from /home/airflow/.local/lib/python3.6/site-packages/airflow/example_dags/example_trigger_target_dag.py
[2022-06-07 01:21:30,411] {logging_mixin.py:104} INFO - [2022-06-07 01:21:30,411] {dag.py:1832} INFO - Sync 1 DAGs
[2022-06-07 01:21:30,416] {logging_mixin.py:104} INFO - [2022-06-07 01:21:30,415] {dag.py:1851} INFO - Creating ORM DAG for example_trigger_target_dag
[2022-06-07 01:21:30,418] {logging_mixin.py:104} INFO - [2022-06-07 01:21:30,418] {dag.py:2305} INFO - Setting next_dagrun for example_trigger_target_dag to None
[2022-06-07 01:21:30,422] {scheduler_job.py:190} INFO - Processing /home/airflow/.local/lib/python3.6/site-packages/airflow/example_dags/example_trigger_target_dag.py took 0.875 seconds
[2022-06-07 01:22:01,143] {scheduler_job.py:182} INFO - Started process (PID=301) to work on /home/airflow/.local/lib/python3.6/site-packages/airflow/example_dags/example_trigger_target_dag.py
[2022-06-07 01:22:01,144] {scheduler_job.py:633} INFO - Processing file /home/airflow/.local/lib/python3.6/site-packages/airflow/example_dags/example_trigger_target_dag.py for tasks to queue
[2022-06-07 01:22:01,144] {logging_mixin.py:104} INFO - [2022-06-07 01:22:01,144] {dagbag.py:487} INFO - Filling up the DagBag from /home/airflow/.local/lib/python3.6/site-packages/airflow/example_dags/example_trigger_target_dag.py
[2022-06-07 01:22:01,151] {scheduler_job.py:643} INFO - DAG(s) dict_keys(['example_trigger_target_dag']) retrieved from /home/airflow/.local/lib/python3.6/site-packages/airflow/example_dags/example_trigger_target_dag.py
[2022-06-07 01:22:01,159] {logging_mixin.py:104} INFO - [2022-06-07 01:22:01,159] {dag.py:1832} INFO - Sync 1 DAGs
[2022-06-07 01:22:01,165] {logging_mixin.py:104} INFO - [2022-06-07 01:22:01,164] {dag.py:2305} INFO - Setting next_dagrun for example_trigger_target_dag to None
[2022-06-07 01:22:01,169] {scheduler_job.py:190} INFO - Processing /home/airflow/.local/lib/python3.6/site-packages/airflow/example_dags/example_trigger_target_dag.py took 0.030 seconds
[2022-06-07 01:22:31,895] {scheduler_job.py:182} INFO - Started process (PID=430) to work on /home/airflow/.local/lib/python3.6/site-packages/airflow/example_dags/example_trigger_target_dag.py
[2022-06-07 01:22:31,896] {scheduler_job.py:633} INFO - Processing file /home/airflow/.local/lib/python3.6/site-packages/airflow/example_dags/example_trigger_target_dag.py for tasks to queue
[2022-06-07 01:22:31,896] {logging_mixin.py:104} INFO - [2022-06-07 01:22:31,896] {dagbag.py:487} INFO - Filling up the DagBag from /home/airflow/.local/lib/python3.6/site-packages/airflow/example_dags/example_trigger_target_dag.py
[2022-06-07 01:22:31,903] {scheduler_job.py:643} INFO - DAG(s) dict_keys(['example_trigger_target_dag']) retrieved from /home/airflow/.local/lib/python3.6/site-packages/airflow/example_dags/example_trigger_target_dag.py
[2022-06-07 01:22:31,911] {logging_mixin.py:104} INFO - [2022-06-07 01:22:31,911] {dag.py:1832} INFO - Sync 1 DAGs
[2022-06-07 01:22:31,917] {logging_mixin.py:104} INFO - [2022-06-07 01:22:31,917] {dag.py:2305} INFO - Setting next_dagrun for example_trigger_target_dag to None
[2022-06-07 01:22:31,920] {scheduler_job.py:190} INFO - Processing /home/airflow/.local/lib/python3.6/site-packages/airflow/example_dags/example_trigger_target_dag.py took 0.026 seconds
[2022-06-07 01:23:02,724] {scheduler_job.py:182} INFO - Started process (PID=560) to work on /home/airflow/.local/lib/python3.6/site-packages/airflow/example_dags/example_trigger_target_dag.py
[2022-06-07 01:23:02,724] {scheduler_job.py:633} INFO - Processing file /home/airflow/.local/lib/python3.6/site-packages/airflow/example_dags/example_trigger_target_dag.py for tasks to queue
[2022-06-07 01:23:02,724] {logging_mixin.py:104} INFO - [2022-06-07 01:23:02,724] {dagbag.py:487} INFO - Filling up the DagBag from /home/airflow/.local/lib/python3.6/site-packages/airflow/example_dags/example_trigger_target_dag.py
[2022-06-07 01:23:02,731] {scheduler_job.py:643} INFO - DAG(s) dict_keys(['example_trigger_target_dag']) retrieved from /home/airflow/.local/lib/python3.6/site-packages/airflow/example_dags/example_trigger_target_dag.py
[2022-06-07 01:23:02,739] {logging_mixin.py:104} INFO - [2022-06-07 01:23:02,739] {dag.py:1832} INFO - Sync 1 DAGs
[2022-06-07 01:23:02,745] {logging_mixin.py:104} INFO - [2022-06-07 01:23:02,745] {dag.py:2305} INFO - Setting next_dagrun for example_trigger_target_dag to None
[2022-06-07 01:23:02,756] {scheduler_job.py:190} INFO - Processing /home/airflow/.local/lib/python3.6/site-packages/airflow/example_dags/example_trigger_target_dag.py took 0.034 seconds
[2022-06-07 01:23:33,434] {scheduler_job.py:182} INFO - Started process (PID=664) to work on /home/airflow/.local/lib/python3.6/site-packages/airflow/example_dags/example_trigger_target_dag.py
[2022-06-07 01:23:33,434] {scheduler_job.py:633} INFO - Processing file /home/airflow/.local/lib/python3.6/site-packages/airflow/example_dags/example_trigger_target_dag.py for tasks to queue
[2022-06-07 01:23:33,435] {logging_mixin.py:104} INFO - [2022-06-07 01:23:33,435] {dagbag.py:487} INFO - Filling up the DagBag from /home/airflow/.local/lib/python3.6/site-packages/airflow/example_dags/example_trigger_target_dag.py
[2022-06-07 01:23:33,442] {scheduler_job.py:643} INFO - DAG(s) dict_keys(['example_trigger_target_dag']) retrieved from /home/airflow/.local/lib/python3.6/site-packages/airflow/example_dags/example_trigger_target_dag.py
[2022-06-07 01:23:33,450] {logging_mixin.py:104} INFO - [2022-06-07 01:23:33,450] {dag.py:1832} INFO - Sync 1 DAGs
[2022-06-07 01:23:33,456] {logging_mixin.py:104} INFO - [2022-06-07 01:23:33,456] {dag.py:2305} INFO - Setting next_dagrun for example_trigger_target_dag to None
[2022-06-07 01:23:33,459] {scheduler_job.py:190} INFO - Processing /home/airflow/.local/lib/python3.6/site-packages/airflow/example_dags/example_trigger_target_dag.py took 0.027 seconds
[2022-06-07 01:24:04,211] {scheduler_job.py:182} INFO - Started process (PID=787) to work on /home/airflow/.local/lib/python3.6/site-packages/airflow/example_dags/example_trigger_target_dag.py
[2022-06-07 01:24:04,212] {scheduler_job.py:633} INFO - Processing file /home/airflow/.local/lib/python3.6/site-packages/airflow/example_dags/example_trigger_target_dag.py for tasks to queue
[2022-06-07 01:24:04,212] {logging_mixin.py:104} INFO - [2022-06-07 01:24:04,212] {dagbag.py:487} INFO - Filling up the DagBag from /home/airflow/.local/lib/python3.6/site-packages/airflow/example_dags/example_trigger_target_dag.py
[2022-06-07 01:24:04,219] {scheduler_job.py:643} INFO - DAG(s) dict_keys(['example_trigger_target_dag']) retrieved from /home/airflow/.local/lib/python3.6/site-packages/airflow/example_dags/example_trigger_target_dag.py
[2022-06-07 01:24:04,227] {logging_mixin.py:104} INFO - [2022-06-07 01:24:04,227] {dag.py:1832} INFO - Sync 1 DAGs
[2022-06-07 01:24:04,233] {logging_mixin.py:104} INFO - [2022-06-07 01:24:04,233] {dag.py:2305} INFO - Setting next_dagrun for example_trigger_target_dag to None
[2022-06-07 01:24:04,238] {scheduler_job.py:190} INFO - Processing /home/airflow/.local/lib/python3.6/site-packages/airflow/example_dags/example_trigger_target_dag.py took 0.031 seconds
[2022-06-07 01:24:34,959] {scheduler_job.py:182} INFO - Started process (PID=917) to work on /home/airflow/.local/lib/python3.6/site-packages/airflow/example_dags/example_trigger_target_dag.py
[2022-06-07 01:24:34,959] {scheduler_job.py:633} INFO - Processing file /home/airflow/.local/lib/python3.6/site-packages/airflow/example_dags/example_trigger_target_dag.py for tasks to queue
[2022-06-07 01:24:34,959] {logging_mixin.py:104} INFO - [2022-06-07 01:24:34,959] {dagbag.py:487} INFO - Filling up the DagBag from /home/airflow/.local/lib/python3.6/site-packages/airflow/example_dags/example_trigger_target_dag.py
[2022-06-07 01:24:34,966] {scheduler_job.py:643} INFO - DAG(s) dict_keys(['example_trigger_target_dag']) retrieved from /home/airflow/.local/lib/python3.6/site-packages/airflow/example_dags/example_trigger_target_dag.py
[2022-06-07 01:24:34,975] {logging_mixin.py:104} INFO - [2022-06-07 01:24:34,974] {dag.py:1832} INFO - Sync 1 DAGs
[2022-06-07 01:24:34,981] {logging_mixin.py:104} INFO - [2022-06-07 01:24:34,980] {dag.py:2305} INFO - Setting next_dagrun for example_trigger_target_dag to None
[2022-06-07 01:24:34,985] {scheduler_job.py:190} INFO - Processing /home/airflow/.local/lib/python3.6/site-packages/airflow/example_dags/example_trigger_target_dag.py took 0.027 seconds
[2022-06-07 01:25:05,680] {scheduler_job.py:182} INFO - Started process (PID=1047) to work on /home/airflow/.local/lib/python3.6/site-packages/airflow/example_dags/example_trigger_target_dag.py
[2022-06-07 01:25:05,680] {scheduler_job.py:633} INFO - Processing file /home/airflow/.local/lib/python3.6/site-packages/airflow/example_dags/example_trigger_target_dag.py for tasks to queue
[2022-06-07 01:25:05,681] {logging_mixin.py:104} INFO - [2022-06-07 01:25:05,681] {dagbag.py:487} INFO - Filling up the DagBag from /home/airflow/.local/lib/python3.6/site-packages/airflow/example_dags/example_trigger_target_dag.py
[2022-06-07 01:25:05,687] {scheduler_job.py:643} INFO - DAG(s) dict_keys(['example_trigger_target_dag']) retrieved from /home/airflow/.local/lib/python3.6/site-packages/airflow/example_dags/example_trigger_target_dag.py
[2022-06-07 01:25:05,696] {logging_mixin.py:104} INFO - [2022-06-07 01:25:05,696] {dag.py:1832} INFO - Sync 1 DAGs
[2022-06-07 01:25:05,701] {logging_mixin.py:104} INFO - [2022-06-07 01:25:05,701] {dag.py:2305} INFO - Setting next_dagrun for example_trigger_target_dag to None
[2022-06-07 01:25:05,706] {scheduler_job.py:190} INFO - Processing /home/airflow/.local/lib/python3.6/site-packages/airflow/example_dags/example_trigger_target_dag.py took 0.028 seconds
[2022-06-07 01:25:36,472] {scheduler_job.py:182} INFO - Started process (PID=1154) to work on /home/airflow/.local/lib/python3.6/site-packages/airflow/example_dags/example_trigger_target_dag.py
[2022-06-07 01:25:36,472] {scheduler_job.py:633} INFO - Processing file /home/airflow/.local/lib/python3.6/site-packages/airflow/example_dags/example_trigger_target_dag.py for tasks to queue
[2022-06-07 01:25:36,473] {logging_mixin.py:104} INFO - [2022-06-07 01:25:36,473] {dagbag.py:487} INFO - Filling up the DagBag from /home/airflow/.local/lib/python3.6/site-packages/airflow/example_dags/example_trigger_target_dag.py
[2022-06-07 01:25:36,479] {scheduler_job.py:643} INFO - DAG(s) dict_keys(['example_trigger_target_dag']) retrieved from /home/airflow/.local/lib/python3.6/site-packages/airflow/example_dags/example_trigger_target_dag.py
[2022-06-07 01:25:36,488] {logging_mixin.py:104} INFO - [2022-06-07 01:25:36,488] {dag.py:1832} INFO - Sync 1 DAGs
[2022-06-07 01:25:36,494] {logging_mixin.py:104} INFO - [2022-06-07 01:25:36,494] {dag.py:2305} INFO - Setting next_dagrun for example_trigger_target_dag to None
[2022-06-07 01:25:36,499] {scheduler_job.py:190} INFO - Processing /home/airflow/.local/lib/python3.6/site-packages/airflow/example_dags/example_trigger_target_dag.py took 0.028 seconds
[2022-06-07 01:26:07,150] {scheduler_job.py:182} INFO - Started process (PID=1273) to work on /home/airflow/.local/lib/python3.6/site-packages/airflow/example_dags/example_trigger_target_dag.py
[2022-06-07 01:26:07,151] {scheduler_job.py:633} INFO - Processing file /home/airflow/.local/lib/python3.6/site-packages/airflow/example_dags/example_trigger_target_dag.py for tasks to queue
[2022-06-07 01:26:07,151] {logging_mixin.py:104} INFO - [2022-06-07 01:26:07,151] {dagbag.py:487} INFO - Filling up the DagBag from /home/airflow/.local/lib/python3.6/site-packages/airflow/example_dags/example_trigger_target_dag.py
[2022-06-07 01:26:07,158] {scheduler_job.py:643} INFO - DAG(s) dict_keys(['example_trigger_target_dag']) retrieved from /home/airflow/.local/lib/python3.6/site-packages/airflow/example_dags/example_trigger_target_dag.py
[2022-06-07 01:26:07,167] {logging_mixin.py:104} INFO - [2022-06-07 01:26:07,167] {dag.py:1832} INFO - Sync 1 DAGs
[2022-06-07 01:26:07,173] {logging_mixin.py:104} INFO - [2022-06-07 01:26:07,173] {dag.py:2305} INFO - Setting next_dagrun for example_trigger_target_dag to None
[2022-06-07 01:26:07,176] {scheduler_job.py:190} INFO - Processing /home/airflow/.local/lib/python3.6/site-packages/airflow/example_dags/example_trigger_target_dag.py took 0.029 seconds
[2022-06-07 01:26:37,838] {scheduler_job.py:182} INFO - Started process (PID=1403) to work on /home/airflow/.local/lib/python3.6/site-packages/airflow/example_dags/example_trigger_target_dag.py
[2022-06-07 01:26:37,838] {scheduler_job.py:633} INFO - Processing file /home/airflow/.local/lib/python3.6/site-packages/airflow/example_dags/example_trigger_target_dag.py for tasks to queue
[2022-06-07 01:26:37,839] {logging_mixin.py:104} INFO - [2022-06-07 01:26:37,839] {dagbag.py:487} INFO - Filling up the DagBag from /home/airflow/.local/lib/python3.6/site-packages/airflow/example_dags/example_trigger_target_dag.py
[2022-06-07 01:26:37,844] {scheduler_job.py:643} INFO - DAG(s) dict_keys(['example_trigger_target_dag']) retrieved from /home/airflow/.local/lib/python3.6/site-packages/airflow/example_dags/example_trigger_target_dag.py
[2022-06-07 01:26:37,855] {logging_mixin.py:104} INFO - [2022-06-07 01:26:37,855] {dag.py:1832} INFO - Sync 1 DAGs
[2022-06-07 01:26:37,861] {logging_mixin.py:104} INFO - [2022-06-07 01:26:37,861] {dag.py:2305} INFO - Setting next_dagrun for example_trigger_target_dag to None
[2022-06-07 01:26:37,865] {scheduler_job.py:190} INFO - Processing /home/airflow/.local/lib/python3.6/site-packages/airflow/example_dags/example_trigger_target_dag.py took 0.028 seconds
[2022-06-07 01:27:08,680] {scheduler_job.py:182} INFO - Started process (PID=1533) to work on /home/airflow/.local/lib/python3.6/site-packages/airflow/example_dags/example_trigger_target_dag.py
[2022-06-07 01:27:08,681] {scheduler_job.py:633} INFO - Processing file /home/airflow/.local/lib/python3.6/site-packages/airflow/example_dags/example_trigger_target_dag.py for tasks to queue
[2022-06-07 01:27:08,681] {logging_mixin.py:104} INFO - [2022-06-07 01:27:08,681] {dagbag.py:487} INFO - Filling up the DagBag from /home/airflow/.local/lib/python3.6/site-packages/airflow/example_dags/example_trigger_target_dag.py
[2022-06-07 01:27:08,686] {scheduler_job.py:643} INFO - DAG(s) dict_keys(['example_trigger_target_dag']) retrieved from /home/airflow/.local/lib/python3.6/site-packages/airflow/example_dags/example_trigger_target_dag.py
[2022-06-07 01:27:08,695] {logging_mixin.py:104} INFO - [2022-06-07 01:27:08,695] {dag.py:1832} INFO - Sync 1 DAGs
[2022-06-07 01:27:08,701] {logging_mixin.py:104} INFO - [2022-06-07 01:27:08,701] {dag.py:2305} INFO - Setting next_dagrun for example_trigger_target_dag to None
[2022-06-07 01:27:08,705] {scheduler_job.py:190} INFO - Processing /home/airflow/.local/lib/python3.6/site-packages/airflow/example_dags/example_trigger_target_dag.py took 0.027 seconds
[2022-06-07 01:27:39,247] {scheduler_job.py:182} INFO - Started process (PID=1662) to work on /home/airflow/.local/lib/python3.6/site-packages/airflow/example_dags/example_trigger_target_dag.py
[2022-06-07 01:27:39,247] {scheduler_job.py:633} INFO - Processing file /home/airflow/.local/lib/python3.6/site-packages/airflow/example_dags/example_trigger_target_dag.py for tasks to queue
[2022-06-07 01:27:39,248] {logging_mixin.py:104} INFO - [2022-06-07 01:27:39,248] {dagbag.py:487} INFO - Filling up the DagBag from /home/airflow/.local/lib/python3.6/site-packages/airflow/example_dags/example_trigger_target_dag.py
[2022-06-07 01:27:39,254] {scheduler_job.py:643} INFO - DAG(s) dict_keys(['example_trigger_target_dag']) retrieved from /home/airflow/.local/lib/python3.6/site-packages/airflow/example_dags/example_trigger_target_dag.py
[2022-06-07 01:27:39,263] {logging_mixin.py:104} INFO - [2022-06-07 01:27:39,263] {dag.py:1832} INFO - Sync 1 DAGs
[2022-06-07 01:27:39,269] {logging_mixin.py:104} INFO - [2022-06-07 01:27:39,269] {dag.py:2305} INFO - Setting next_dagrun for example_trigger_target_dag to None
[2022-06-07 01:27:39,273] {scheduler_job.py:190} INFO - Processing /home/airflow/.local/lib/python3.6/site-packages/airflow/example_dags/example_trigger_target_dag.py took 0.029 seconds
