[2022-06-07 01:21:17,995] {scheduler_job.py:182} INFO - Started process (PID=86) to work on /home/airflow/.local/lib/python3.6/site-packages/airflow/example_dags/example_nested_branch_dag.py
[2022-06-07 01:21:17,995] {scheduler_job.py:633} INFO - Processing file /home/airflow/.local/lib/python3.6/site-packages/airflow/example_dags/example_nested_branch_dag.py for tasks to queue
[2022-06-07 01:21:17,995] {logging_mixin.py:104} INFO - [2022-06-07 01:21:17,995] {dagbag.py:487} INFO - Filling up the DagBag from /home/airflow/.local/lib/python3.6/site-packages/airflow/example_dags/example_nested_branch_dag.py
[2022-06-07 01:21:18,005] {scheduler_job.py:643} INFO - DAG(s) dict_keys(['example_nested_branch_dag']) retrieved from /home/airflow/.local/lib/python3.6/site-packages/airflow/example_dags/example_nested_branch_dag.py
[2022-06-07 01:21:18,992] {logging_mixin.py:104} INFO - [2022-06-07 01:21:18,991] {dag.py:1832} INFO - Sync 1 DAGs
[2022-06-07 01:21:18,998] {logging_mixin.py:104} INFO - [2022-06-07 01:21:18,998] {dag.py:1851} INFO - Creating ORM DAG for example_nested_branch_dag
[2022-06-07 01:21:19,003] {logging_mixin.py:104} INFO - [2022-06-07 01:21:19,003] {dag.py:2305} INFO - Setting next_dagrun for example_nested_branch_dag to 2022-06-05 00:00:00+00:00
[2022-06-07 01:21:19,011] {scheduler_job.py:190} INFO - Processing /home/airflow/.local/lib/python3.6/site-packages/airflow/example_dags/example_nested_branch_dag.py took 1.018 seconds
[2022-06-07 01:21:49,402] {scheduler_job.py:182} INFO - Started process (PID=243) to work on /home/airflow/.local/lib/python3.6/site-packages/airflow/example_dags/example_nested_branch_dag.py
[2022-06-07 01:21:49,403] {scheduler_job.py:633} INFO - Processing file /home/airflow/.local/lib/python3.6/site-packages/airflow/example_dags/example_nested_branch_dag.py for tasks to queue
[2022-06-07 01:21:49,404] {logging_mixin.py:104} INFO - [2022-06-07 01:21:49,403] {dagbag.py:487} INFO - Filling up the DagBag from /home/airflow/.local/lib/python3.6/site-packages/airflow/example_dags/example_nested_branch_dag.py
[2022-06-07 01:21:49,413] {scheduler_job.py:643} INFO - DAG(s) dict_keys(['example_nested_branch_dag']) retrieved from /home/airflow/.local/lib/python3.6/site-packages/airflow/example_dags/example_nested_branch_dag.py
[2022-06-07 01:21:49,422] {logging_mixin.py:104} INFO - [2022-06-07 01:21:49,422] {dag.py:1832} INFO - Sync 1 DAGs
[2022-06-07 01:21:49,429] {logging_mixin.py:104} INFO - [2022-06-07 01:21:49,429] {dag.py:2305} INFO - Setting next_dagrun for example_nested_branch_dag to 2022-06-05 00:00:00+00:00
[2022-06-07 01:21:49,433] {scheduler_job.py:190} INFO - Processing /home/airflow/.local/lib/python3.6/site-packages/airflow/example_dags/example_nested_branch_dag.py took 0.032 seconds
[2022-06-07 01:22:20,315] {scheduler_job.py:182} INFO - Started process (PID=372) to work on /home/airflow/.local/lib/python3.6/site-packages/airflow/example_dags/example_nested_branch_dag.py
[2022-06-07 01:22:20,315] {scheduler_job.py:633} INFO - Processing file /home/airflow/.local/lib/python3.6/site-packages/airflow/example_dags/example_nested_branch_dag.py for tasks to queue
[2022-06-07 01:22:20,316] {logging_mixin.py:104} INFO - [2022-06-07 01:22:20,316] {dagbag.py:487} INFO - Filling up the DagBag from /home/airflow/.local/lib/python3.6/site-packages/airflow/example_dags/example_nested_branch_dag.py
[2022-06-07 01:22:20,325] {scheduler_job.py:643} INFO - DAG(s) dict_keys(['example_nested_branch_dag']) retrieved from /home/airflow/.local/lib/python3.6/site-packages/airflow/example_dags/example_nested_branch_dag.py
[2022-06-07 01:22:20,334] {logging_mixin.py:104} INFO - [2022-06-07 01:22:20,334] {dag.py:1832} INFO - Sync 1 DAGs
[2022-06-07 01:22:20,341] {logging_mixin.py:104} INFO - [2022-06-07 01:22:20,341] {dag.py:2305} INFO - Setting next_dagrun for example_nested_branch_dag to 2022-06-05 00:00:00+00:00
[2022-06-07 01:22:20,352] {scheduler_job.py:190} INFO - Processing /home/airflow/.local/lib/python3.6/site-packages/airflow/example_dags/example_nested_branch_dag.py took 0.039 seconds
[2022-06-07 01:22:51,094] {scheduler_job.py:182} INFO - Started process (PID=502) to work on /home/airflow/.local/lib/python3.6/site-packages/airflow/example_dags/example_nested_branch_dag.py
[2022-06-07 01:22:51,095] {scheduler_job.py:633} INFO - Processing file /home/airflow/.local/lib/python3.6/site-packages/airflow/example_dags/example_nested_branch_dag.py for tasks to queue
[2022-06-07 01:22:51,095] {logging_mixin.py:104} INFO - [2022-06-07 01:22:51,095] {dagbag.py:487} INFO - Filling up the DagBag from /home/airflow/.local/lib/python3.6/site-packages/airflow/example_dags/example_nested_branch_dag.py
[2022-06-07 01:22:51,103] {scheduler_job.py:643} INFO - DAG(s) dict_keys(['example_nested_branch_dag']) retrieved from /home/airflow/.local/lib/python3.6/site-packages/airflow/example_dags/example_nested_branch_dag.py
[2022-06-07 01:22:51,112] {logging_mixin.py:104} INFO - [2022-06-07 01:22:51,112] {dag.py:1832} INFO - Sync 1 DAGs
[2022-06-07 01:22:51,119] {logging_mixin.py:104} INFO - [2022-06-07 01:22:51,119] {dag.py:2305} INFO - Setting next_dagrun for example_nested_branch_dag to 2022-06-05 00:00:00+00:00
[2022-06-07 01:22:51,123] {scheduler_job.py:190} INFO - Processing /home/airflow/.local/lib/python3.6/site-packages/airflow/example_dags/example_nested_branch_dag.py took 0.030 seconds
[2022-06-07 01:23:21,929] {scheduler_job.py:182} INFO - Started process (PID=599) to work on /home/airflow/.local/lib/python3.6/site-packages/airflow/example_dags/example_nested_branch_dag.py
[2022-06-07 01:23:21,930] {scheduler_job.py:633} INFO - Processing file /home/airflow/.local/lib/python3.6/site-packages/airflow/example_dags/example_nested_branch_dag.py for tasks to queue
[2022-06-07 01:23:21,930] {logging_mixin.py:104} INFO - [2022-06-07 01:23:21,930] {dagbag.py:487} INFO - Filling up the DagBag from /home/airflow/.local/lib/python3.6/site-packages/airflow/example_dags/example_nested_branch_dag.py
[2022-06-07 01:23:21,937] {scheduler_job.py:643} INFO - DAG(s) dict_keys(['example_nested_branch_dag']) retrieved from /home/airflow/.local/lib/python3.6/site-packages/airflow/example_dags/example_nested_branch_dag.py
[2022-06-07 01:23:21,946] {logging_mixin.py:104} INFO - [2022-06-07 01:23:21,946] {dag.py:1832} INFO - Sync 1 DAGs
[2022-06-07 01:23:21,953] {logging_mixin.py:104} INFO - [2022-06-07 01:23:21,953] {dag.py:2305} INFO - Setting next_dagrun for example_nested_branch_dag to 2022-06-05 00:00:00+00:00
[2022-06-07 01:23:21,957] {scheduler_job.py:190} INFO - Processing /home/airflow/.local/lib/python3.6/site-packages/airflow/example_dags/example_nested_branch_dag.py took 0.030 seconds
[2022-06-07 01:23:52,648] {scheduler_job.py:182} INFO - Started process (PID=729) to work on /home/airflow/.local/lib/python3.6/site-packages/airflow/example_dags/example_nested_branch_dag.py
[2022-06-07 01:23:52,649] {scheduler_job.py:633} INFO - Processing file /home/airflow/.local/lib/python3.6/site-packages/airflow/example_dags/example_nested_branch_dag.py for tasks to queue
[2022-06-07 01:23:52,649] {logging_mixin.py:104} INFO - [2022-06-07 01:23:52,649] {dagbag.py:487} INFO - Filling up the DagBag from /home/airflow/.local/lib/python3.6/site-packages/airflow/example_dags/example_nested_branch_dag.py
[2022-06-07 01:23:52,656] {scheduler_job.py:643} INFO - DAG(s) dict_keys(['example_nested_branch_dag']) retrieved from /home/airflow/.local/lib/python3.6/site-packages/airflow/example_dags/example_nested_branch_dag.py
[2022-06-07 01:23:52,665] {logging_mixin.py:104} INFO - [2022-06-07 01:23:52,665] {dag.py:1832} INFO - Sync 1 DAGs
[2022-06-07 01:23:52,672] {logging_mixin.py:104} INFO - [2022-06-07 01:23:52,672] {dag.py:2305} INFO - Setting next_dagrun for example_nested_branch_dag to 2022-06-05 00:00:00+00:00
[2022-06-07 01:23:52,675] {scheduler_job.py:190} INFO - Processing /home/airflow/.local/lib/python3.6/site-packages/airflow/example_dags/example_nested_branch_dag.py took 0.029 seconds
[2022-06-07 01:24:23,414] {scheduler_job.py:182} INFO - Started process (PID=859) to work on /home/airflow/.local/lib/python3.6/site-packages/airflow/example_dags/example_nested_branch_dag.py
[2022-06-07 01:24:23,414] {scheduler_job.py:633} INFO - Processing file /home/airflow/.local/lib/python3.6/site-packages/airflow/example_dags/example_nested_branch_dag.py for tasks to queue
[2022-06-07 01:24:23,415] {logging_mixin.py:104} INFO - [2022-06-07 01:24:23,415] {dagbag.py:487} INFO - Filling up the DagBag from /home/airflow/.local/lib/python3.6/site-packages/airflow/example_dags/example_nested_branch_dag.py
[2022-06-07 01:24:23,423] {scheduler_job.py:643} INFO - DAG(s) dict_keys(['example_nested_branch_dag']) retrieved from /home/airflow/.local/lib/python3.6/site-packages/airflow/example_dags/example_nested_branch_dag.py
[2022-06-07 01:24:23,431] {logging_mixin.py:104} INFO - [2022-06-07 01:24:23,431] {dag.py:1832} INFO - Sync 1 DAGs
[2022-06-07 01:24:23,439] {logging_mixin.py:104} INFO - [2022-06-07 01:24:23,438] {dag.py:2305} INFO - Setting next_dagrun for example_nested_branch_dag to 2022-06-05 00:00:00+00:00
[2022-06-07 01:24:23,443] {scheduler_job.py:190} INFO - Processing /home/airflow/.local/lib/python3.6/site-packages/airflow/example_dags/example_nested_branch_dag.py took 0.030 seconds
[2022-06-07 01:24:54,161] {scheduler_job.py:182} INFO - Started process (PID=989) to work on /home/airflow/.local/lib/python3.6/site-packages/airflow/example_dags/example_nested_branch_dag.py
[2022-06-07 01:24:54,161] {scheduler_job.py:633} INFO - Processing file /home/airflow/.local/lib/python3.6/site-packages/airflow/example_dags/example_nested_branch_dag.py for tasks to queue
[2022-06-07 01:24:54,162] {logging_mixin.py:104} INFO - [2022-06-07 01:24:54,162] {dagbag.py:487} INFO - Filling up the DagBag from /home/airflow/.local/lib/python3.6/site-packages/airflow/example_dags/example_nested_branch_dag.py
[2022-06-07 01:24:54,169] {scheduler_job.py:643} INFO - DAG(s) dict_keys(['example_nested_branch_dag']) retrieved from /home/airflow/.local/lib/python3.6/site-packages/airflow/example_dags/example_nested_branch_dag.py
[2022-06-07 01:24:54,178] {logging_mixin.py:104} INFO - [2022-06-07 01:24:54,178] {dag.py:1832} INFO - Sync 1 DAGs
[2022-06-07 01:24:54,185] {logging_mixin.py:104} INFO - [2022-06-07 01:24:54,185] {dag.py:2305} INFO - Setting next_dagrun for example_nested_branch_dag to 2022-06-05 00:00:00+00:00
[2022-06-07 01:24:54,189] {scheduler_job.py:190} INFO - Processing /home/airflow/.local/lib/python3.6/site-packages/airflow/example_dags/example_nested_branch_dag.py took 0.029 seconds
[2022-06-07 01:25:24,864] {scheduler_job.py:182} INFO - Started process (PID=1093) to work on /home/airflow/.local/lib/python3.6/site-packages/airflow/example_dags/example_nested_branch_dag.py
[2022-06-07 01:25:24,864] {scheduler_job.py:633} INFO - Processing file /home/airflow/.local/lib/python3.6/site-packages/airflow/example_dags/example_nested_branch_dag.py for tasks to queue
[2022-06-07 01:25:24,865] {logging_mixin.py:104} INFO - [2022-06-07 01:25:24,865] {dagbag.py:487} INFO - Filling up the DagBag from /home/airflow/.local/lib/python3.6/site-packages/airflow/example_dags/example_nested_branch_dag.py
[2022-06-07 01:25:24,872] {scheduler_job.py:643} INFO - DAG(s) dict_keys(['example_nested_branch_dag']) retrieved from /home/airflow/.local/lib/python3.6/site-packages/airflow/example_dags/example_nested_branch_dag.py
[2022-06-07 01:25:24,883] {logging_mixin.py:104} INFO - [2022-06-07 01:25:24,883] {dag.py:1832} INFO - Sync 1 DAGs
[2022-06-07 01:25:24,893] {logging_mixin.py:104} INFO - [2022-06-07 01:25:24,893] {dag.py:2305} INFO - Setting next_dagrun for example_nested_branch_dag to 2022-06-05 00:00:00+00:00
[2022-06-07 01:25:24,900] {scheduler_job.py:190} INFO - Processing /home/airflow/.local/lib/python3.6/site-packages/airflow/example_dags/example_nested_branch_dag.py took 0.037 seconds
[2022-06-07 01:25:55,641] {scheduler_job.py:182} INFO - Started process (PID=1216) to work on /home/airflow/.local/lib/python3.6/site-packages/airflow/example_dags/example_nested_branch_dag.py
[2022-06-07 01:25:55,641] {scheduler_job.py:633} INFO - Processing file /home/airflow/.local/lib/python3.6/site-packages/airflow/example_dags/example_nested_branch_dag.py for tasks to queue
[2022-06-07 01:25:55,641] {logging_mixin.py:104} INFO - [2022-06-07 01:25:55,641] {dagbag.py:487} INFO - Filling up the DagBag from /home/airflow/.local/lib/python3.6/site-packages/airflow/example_dags/example_nested_branch_dag.py
[2022-06-07 01:25:55,651] {scheduler_job.py:643} INFO - DAG(s) dict_keys(['example_nested_branch_dag']) retrieved from /home/airflow/.local/lib/python3.6/site-packages/airflow/example_dags/example_nested_branch_dag.py
[2022-06-07 01:25:55,660] {logging_mixin.py:104} INFO - [2022-06-07 01:25:55,660] {dag.py:1832} INFO - Sync 1 DAGs
[2022-06-07 01:25:55,667] {logging_mixin.py:104} INFO - [2022-06-07 01:25:55,667] {dag.py:2305} INFO - Setting next_dagrun for example_nested_branch_dag to 2022-06-05 00:00:00+00:00
[2022-06-07 01:25:55,678] {scheduler_job.py:190} INFO - Processing /home/airflow/.local/lib/python3.6/site-packages/airflow/example_dags/example_nested_branch_dag.py took 0.039 seconds
[2022-06-07 01:26:26,383] {scheduler_job.py:182} INFO - Started process (PID=1345) to work on /home/airflow/.local/lib/python3.6/site-packages/airflow/example_dags/example_nested_branch_dag.py
[2022-06-07 01:26:26,383] {scheduler_job.py:633} INFO - Processing file /home/airflow/.local/lib/python3.6/site-packages/airflow/example_dags/example_nested_branch_dag.py for tasks to queue
[2022-06-07 01:26:26,384] {logging_mixin.py:104} INFO - [2022-06-07 01:26:26,384] {dagbag.py:487} INFO - Filling up the DagBag from /home/airflow/.local/lib/python3.6/site-packages/airflow/example_dags/example_nested_branch_dag.py
[2022-06-07 01:26:26,389] {scheduler_job.py:643} INFO - DAG(s) dict_keys(['example_nested_branch_dag']) retrieved from /home/airflow/.local/lib/python3.6/site-packages/airflow/example_dags/example_nested_branch_dag.py
[2022-06-07 01:26:26,399] {logging_mixin.py:104} INFO - [2022-06-07 01:26:26,399] {dag.py:1832} INFO - Sync 1 DAGs
[2022-06-07 01:26:26,406] {logging_mixin.py:104} INFO - [2022-06-07 01:26:26,406] {dag.py:2305} INFO - Setting next_dagrun for example_nested_branch_dag to 2022-06-05 00:00:00+00:00
[2022-06-07 01:26:26,410] {scheduler_job.py:190} INFO - Processing /home/airflow/.local/lib/python3.6/site-packages/airflow/example_dags/example_nested_branch_dag.py took 0.029 seconds
[2022-06-07 01:26:57,041] {scheduler_job.py:182} INFO - Started process (PID=1475) to work on /home/airflow/.local/lib/python3.6/site-packages/airflow/example_dags/example_nested_branch_dag.py
[2022-06-07 01:26:57,042] {scheduler_job.py:633} INFO - Processing file /home/airflow/.local/lib/python3.6/site-packages/airflow/example_dags/example_nested_branch_dag.py for tasks to queue
[2022-06-07 01:26:57,042] {logging_mixin.py:104} INFO - [2022-06-07 01:26:57,042] {dagbag.py:487} INFO - Filling up the DagBag from /home/airflow/.local/lib/python3.6/site-packages/airflow/example_dags/example_nested_branch_dag.py
[2022-06-07 01:26:57,048] {scheduler_job.py:643} INFO - DAG(s) dict_keys(['example_nested_branch_dag']) retrieved from /home/airflow/.local/lib/python3.6/site-packages/airflow/example_dags/example_nested_branch_dag.py
[2022-06-07 01:26:57,058] {logging_mixin.py:104} INFO - [2022-06-07 01:26:57,058] {dag.py:1832} INFO - Sync 1 DAGs
[2022-06-07 01:26:57,065] {logging_mixin.py:104} INFO - [2022-06-07 01:26:57,065] {dag.py:2305} INFO - Setting next_dagrun for example_nested_branch_dag to 2022-06-05 00:00:00+00:00
[2022-06-07 01:26:57,070] {scheduler_job.py:190} INFO - Processing /home/airflow/.local/lib/python3.6/site-packages/airflow/example_dags/example_nested_branch_dag.py took 0.030 seconds
[2022-06-07 01:27:27,841] {scheduler_job.py:182} INFO - Started process (PID=1605) to work on /home/airflow/.local/lib/python3.6/site-packages/airflow/example_dags/example_nested_branch_dag.py
[2022-06-07 01:27:27,841] {scheduler_job.py:633} INFO - Processing file /home/airflow/.local/lib/python3.6/site-packages/airflow/example_dags/example_nested_branch_dag.py for tasks to queue
[2022-06-07 01:27:27,842] {logging_mixin.py:104} INFO - [2022-06-07 01:27:27,842] {dagbag.py:487} INFO - Filling up the DagBag from /home/airflow/.local/lib/python3.6/site-packages/airflow/example_dags/example_nested_branch_dag.py
[2022-06-07 01:27:27,858] {scheduler_job.py:643} INFO - DAG(s) dict_keys(['example_nested_branch_dag']) retrieved from /home/airflow/.local/lib/python3.6/site-packages/airflow/example_dags/example_nested_branch_dag.py
[2022-06-07 01:27:27,868] {logging_mixin.py:104} INFO - [2022-06-07 01:27:27,868] {dag.py:1832} INFO - Sync 1 DAGs
[2022-06-07 01:27:27,875] {logging_mixin.py:104} INFO - [2022-06-07 01:27:27,875] {dag.py:2305} INFO - Setting next_dagrun for example_nested_branch_dag to 2022-06-05 00:00:00+00:00
[2022-06-07 01:27:27,880] {scheduler_job.py:190} INFO - Processing /home/airflow/.local/lib/python3.6/site-packages/airflow/example_dags/example_nested_branch_dag.py took 0.041 seconds
