[2022-06-07 01:21:24,159] {scheduler_job.py:182} INFO - Started process (PID=143) to work on /home/airflow/.local/lib/python3.6/site-packages/airflow/example_dags/example_external_task_marker_dag.py
[2022-06-07 01:21:24,160] {scheduler_job.py:633} INFO - Processing file /home/airflow/.local/lib/python3.6/site-packages/airflow/example_dags/example_external_task_marker_dag.py for tasks to queue
[2022-06-07 01:21:24,160] {logging_mixin.py:104} INFO - [2022-06-07 01:21:24,160] {dagbag.py:487} INFO - Filling up the DagBag from /home/airflow/.local/lib/python3.6/site-packages/airflow/example_dags/example_external_task_marker_dag.py
[2022-06-07 01:21:24,166] {scheduler_job.py:643} INFO - DAG(s) dict_keys(['example_external_task_marker_parent', 'example_external_task_marker_child']) retrieved from /home/airflow/.local/lib/python3.6/site-packages/airflow/example_dags/example_external_task_marker_dag.py
[2022-06-07 01:21:25,021] {logging_mixin.py:104} INFO - [2022-06-07 01:21:25,021] {dag.py:1832} INFO - Sync 2 DAGs
[2022-06-07 01:21:25,025] {logging_mixin.py:104} INFO - [2022-06-07 01:21:25,025] {dag.py:1851} INFO - Creating ORM DAG for example_external_task_marker_child
[2022-06-07 01:21:25,026] {logging_mixin.py:104} INFO - [2022-06-07 01:21:25,026] {dag.py:1851} INFO - Creating ORM DAG for example_external_task_marker_parent
[2022-06-07 01:21:25,027] {logging_mixin.py:104} INFO - [2022-06-07 01:21:25,027] {dag.py:2305} INFO - Setting next_dagrun for example_external_task_marker_child to None
[2022-06-07 01:21:25,028] {logging_mixin.py:104} INFO - [2022-06-07 01:21:25,027] {dag.py:2305} INFO - Setting next_dagrun for example_external_task_marker_parent to None
[2022-06-07 01:21:25,032] {scheduler_job.py:190} INFO - Processing /home/airflow/.local/lib/python3.6/site-packages/airflow/example_dags/example_external_task_marker_dag.py took 0.874 seconds
[2022-06-07 01:21:55,795] {scheduler_job.py:182} INFO - Started process (PID=288) to work on /home/airflow/.local/lib/python3.6/site-packages/airflow/example_dags/example_external_task_marker_dag.py
[2022-06-07 01:21:55,796] {scheduler_job.py:633} INFO - Processing file /home/airflow/.local/lib/python3.6/site-packages/airflow/example_dags/example_external_task_marker_dag.py for tasks to queue
[2022-06-07 01:21:55,796] {logging_mixin.py:104} INFO - [2022-06-07 01:21:55,796] {dagbag.py:487} INFO - Filling up the DagBag from /home/airflow/.local/lib/python3.6/site-packages/airflow/example_dags/example_external_task_marker_dag.py
[2022-06-07 01:21:55,801] {scheduler_job.py:643} INFO - DAG(s) dict_keys(['example_external_task_marker_parent', 'example_external_task_marker_child']) retrieved from /home/airflow/.local/lib/python3.6/site-packages/airflow/example_dags/example_external_task_marker_dag.py
[2022-06-07 01:21:55,929] {logging_mixin.py:104} INFO - [2022-06-07 01:21:55,929] {dag.py:1832} INFO - Sync 2 DAGs
[2022-06-07 01:21:55,935] {logging_mixin.py:104} INFO - [2022-06-07 01:21:55,935] {dag.py:2305} INFO - Setting next_dagrun for example_external_task_marker_child to None
[2022-06-07 01:21:55,936] {logging_mixin.py:104} INFO - [2022-06-07 01:21:55,936] {dag.py:2305} INFO - Setting next_dagrun for example_external_task_marker_parent to None
[2022-06-07 01:21:55,942] {scheduler_job.py:190} INFO - Processing /home/airflow/.local/lib/python3.6/site-packages/airflow/example_dags/example_external_task_marker_dag.py took 0.149 seconds
[2022-06-07 01:22:26,586] {scheduler_job.py:182} INFO - Started process (PID=384) to work on /home/airflow/.local/lib/python3.6/site-packages/airflow/example_dags/example_external_task_marker_dag.py
[2022-06-07 01:22:26,587] {scheduler_job.py:633} INFO - Processing file /home/airflow/.local/lib/python3.6/site-packages/airflow/example_dags/example_external_task_marker_dag.py for tasks to queue
[2022-06-07 01:22:26,588] {logging_mixin.py:104} INFO - [2022-06-07 01:22:26,588] {dagbag.py:487} INFO - Filling up the DagBag from /home/airflow/.local/lib/python3.6/site-packages/airflow/example_dags/example_external_task_marker_dag.py
[2022-06-07 01:22:26,603] {scheduler_job.py:643} INFO - DAG(s) dict_keys(['example_external_task_marker_parent', 'example_external_task_marker_child']) retrieved from /home/airflow/.local/lib/python3.6/site-packages/airflow/example_dags/example_external_task_marker_dag.py
[2022-06-07 01:22:26,747] {logging_mixin.py:104} INFO - [2022-06-07 01:22:26,747] {dag.py:1832} INFO - Sync 2 DAGs
[2022-06-07 01:22:26,752] {logging_mixin.py:104} INFO - [2022-06-07 01:22:26,752] {dag.py:2305} INFO - Setting next_dagrun for example_external_task_marker_child to None
[2022-06-07 01:22:26,752] {logging_mixin.py:104} INFO - [2022-06-07 01:22:26,752] {dag.py:2305} INFO - Setting next_dagrun for example_external_task_marker_parent to None
[2022-06-07 01:22:26,758] {scheduler_job.py:190} INFO - Processing /home/airflow/.local/lib/python3.6/site-packages/airflow/example_dags/example_external_task_marker_dag.py took 0.177 seconds
[2022-06-07 01:22:57,356] {scheduler_job.py:182} INFO - Started process (PID=514) to work on /home/airflow/.local/lib/python3.6/site-packages/airflow/example_dags/example_external_task_marker_dag.py
[2022-06-07 01:22:57,357] {scheduler_job.py:633} INFO - Processing file /home/airflow/.local/lib/python3.6/site-packages/airflow/example_dags/example_external_task_marker_dag.py for tasks to queue
[2022-06-07 01:22:57,357] {logging_mixin.py:104} INFO - [2022-06-07 01:22:57,357] {dagbag.py:487} INFO - Filling up the DagBag from /home/airflow/.local/lib/python3.6/site-packages/airflow/example_dags/example_external_task_marker_dag.py
[2022-06-07 01:22:57,363] {scheduler_job.py:643} INFO - DAG(s) dict_keys(['example_external_task_marker_parent', 'example_external_task_marker_child']) retrieved from /home/airflow/.local/lib/python3.6/site-packages/airflow/example_dags/example_external_task_marker_dag.py
[2022-06-07 01:22:57,484] {logging_mixin.py:104} INFO - [2022-06-07 01:22:57,484] {dag.py:1832} INFO - Sync 2 DAGs
[2022-06-07 01:22:57,489] {logging_mixin.py:104} INFO - [2022-06-07 01:22:57,489] {dag.py:2305} INFO - Setting next_dagrun for example_external_task_marker_child to None
[2022-06-07 01:22:57,489] {logging_mixin.py:104} INFO - [2022-06-07 01:22:57,489] {dag.py:2305} INFO - Setting next_dagrun for example_external_task_marker_parent to None
[2022-06-07 01:22:57,495] {scheduler_job.py:190} INFO - Processing /home/airflow/.local/lib/python3.6/site-packages/airflow/example_dags/example_external_task_marker_dag.py took 0.140 seconds
[2022-06-07 01:23:28,176] {scheduler_job.py:182} INFO - Started process (PID=644) to work on /home/airflow/.local/lib/python3.6/site-packages/airflow/example_dags/example_external_task_marker_dag.py
[2022-06-07 01:23:28,176] {scheduler_job.py:633} INFO - Processing file /home/airflow/.local/lib/python3.6/site-packages/airflow/example_dags/example_external_task_marker_dag.py for tasks to queue
[2022-06-07 01:23:28,177] {logging_mixin.py:104} INFO - [2022-06-07 01:23:28,177] {dagbag.py:487} INFO - Filling up the DagBag from /home/airflow/.local/lib/python3.6/site-packages/airflow/example_dags/example_external_task_marker_dag.py
[2022-06-07 01:23:28,183] {scheduler_job.py:643} INFO - DAG(s) dict_keys(['example_external_task_marker_parent', 'example_external_task_marker_child']) retrieved from /home/airflow/.local/lib/python3.6/site-packages/airflow/example_dags/example_external_task_marker_dag.py
[2022-06-07 01:23:28,194] {logging_mixin.py:104} INFO - [2022-06-07 01:23:28,194] {dag.py:1832} INFO - Sync 2 DAGs
[2022-06-07 01:23:28,200] {logging_mixin.py:104} INFO - [2022-06-07 01:23:28,200] {dag.py:2305} INFO - Setting next_dagrun for example_external_task_marker_child to None
[2022-06-07 01:23:28,200] {logging_mixin.py:104} INFO - [2022-06-07 01:23:28,200] {dag.py:2305} INFO - Setting next_dagrun for example_external_task_marker_parent to None
[2022-06-07 01:23:28,211] {scheduler_job.py:190} INFO - Processing /home/airflow/.local/lib/python3.6/site-packages/airflow/example_dags/example_external_task_marker_dag.py took 0.037 seconds
[2022-06-07 01:23:58,966] {scheduler_job.py:182} INFO - Started process (PID=774) to work on /home/airflow/.local/lib/python3.6/site-packages/airflow/example_dags/example_external_task_marker_dag.py
[2022-06-07 01:23:58,967] {scheduler_job.py:633} INFO - Processing file /home/airflow/.local/lib/python3.6/site-packages/airflow/example_dags/example_external_task_marker_dag.py for tasks to queue
[2022-06-07 01:23:58,967] {logging_mixin.py:104} INFO - [2022-06-07 01:23:58,967] {dagbag.py:487} INFO - Filling up the DagBag from /home/airflow/.local/lib/python3.6/site-packages/airflow/example_dags/example_external_task_marker_dag.py
[2022-06-07 01:23:58,973] {scheduler_job.py:643} INFO - DAG(s) dict_keys(['example_external_task_marker_parent', 'example_external_task_marker_child']) retrieved from /home/airflow/.local/lib/python3.6/site-packages/airflow/example_dags/example_external_task_marker_dag.py
[2022-06-07 01:23:59,095] {logging_mixin.py:104} INFO - [2022-06-07 01:23:59,095] {dag.py:1832} INFO - Sync 2 DAGs
[2022-06-07 01:23:59,101] {logging_mixin.py:104} INFO - [2022-06-07 01:23:59,101] {dag.py:2305} INFO - Setting next_dagrun for example_external_task_marker_child to None
[2022-06-07 01:23:59,101] {logging_mixin.py:104} INFO - [2022-06-07 01:23:59,101] {dag.py:2305} INFO - Setting next_dagrun for example_external_task_marker_parent to None
[2022-06-07 01:23:59,106] {scheduler_job.py:190} INFO - Processing /home/airflow/.local/lib/python3.6/site-packages/airflow/example_dags/example_external_task_marker_dag.py took 0.143 seconds
[2022-06-07 01:24:29,680] {scheduler_job.py:182} INFO - Started process (PID=881) to work on /home/airflow/.local/lib/python3.6/site-packages/airflow/example_dags/example_external_task_marker_dag.py
[2022-06-07 01:24:29,681] {scheduler_job.py:633} INFO - Processing file /home/airflow/.local/lib/python3.6/site-packages/airflow/example_dags/example_external_task_marker_dag.py for tasks to queue
[2022-06-07 01:24:29,681] {logging_mixin.py:104} INFO - [2022-06-07 01:24:29,681] {dagbag.py:487} INFO - Filling up the DagBag from /home/airflow/.local/lib/python3.6/site-packages/airflow/example_dags/example_external_task_marker_dag.py
[2022-06-07 01:24:29,687] {scheduler_job.py:643} INFO - DAG(s) dict_keys(['example_external_task_marker_parent', 'example_external_task_marker_child']) retrieved from /home/airflow/.local/lib/python3.6/site-packages/airflow/example_dags/example_external_task_marker_dag.py
[2022-06-07 01:24:29,811] {logging_mixin.py:104} INFO - [2022-06-07 01:24:29,811] {dag.py:1832} INFO - Sync 2 DAGs
[2022-06-07 01:24:29,816] {logging_mixin.py:104} INFO - [2022-06-07 01:24:29,816] {dag.py:2305} INFO - Setting next_dagrun for example_external_task_marker_child to None
[2022-06-07 01:24:29,816] {logging_mixin.py:104} INFO - [2022-06-07 01:24:29,816] {dag.py:2305} INFO - Setting next_dagrun for example_external_task_marker_parent to None
[2022-06-07 01:24:29,821] {scheduler_job.py:190} INFO - Processing /home/airflow/.local/lib/python3.6/site-packages/airflow/example_dags/example_external_task_marker_dag.py took 0.142 seconds
[2022-06-07 01:25:00,409] {scheduler_job.py:182} INFO - Started process (PID=1001) to work on /home/airflow/.local/lib/python3.6/site-packages/airflow/example_dags/example_external_task_marker_dag.py
[2022-06-07 01:25:00,409] {scheduler_job.py:633} INFO - Processing file /home/airflow/.local/lib/python3.6/site-packages/airflow/example_dags/example_external_task_marker_dag.py for tasks to queue
[2022-06-07 01:25:00,409] {logging_mixin.py:104} INFO - [2022-06-07 01:25:00,409] {dagbag.py:487} INFO - Filling up the DagBag from /home/airflow/.local/lib/python3.6/site-packages/airflow/example_dags/example_external_task_marker_dag.py
[2022-06-07 01:25:00,416] {scheduler_job.py:643} INFO - DAG(s) dict_keys(['example_external_task_marker_parent', 'example_external_task_marker_child']) retrieved from /home/airflow/.local/lib/python3.6/site-packages/airflow/example_dags/example_external_task_marker_dag.py
[2022-06-07 01:25:00,537] {logging_mixin.py:104} INFO - [2022-06-07 01:25:00,537] {dag.py:1832} INFO - Sync 2 DAGs
[2022-06-07 01:25:00,543] {logging_mixin.py:104} INFO - [2022-06-07 01:25:00,543] {dag.py:2305} INFO - Setting next_dagrun for example_external_task_marker_child to None
[2022-06-07 01:25:00,544] {logging_mixin.py:104} INFO - [2022-06-07 01:25:00,544] {dag.py:2305} INFO - Setting next_dagrun for example_external_task_marker_parent to None
[2022-06-07 01:25:00,552] {scheduler_job.py:190} INFO - Processing /home/airflow/.local/lib/python3.6/site-packages/airflow/example_dags/example_external_task_marker_dag.py took 0.145 seconds
[2022-06-07 01:25:31,132] {scheduler_job.py:182} INFO - Started process (PID=1131) to work on /home/airflow/.local/lib/python3.6/site-packages/airflow/example_dags/example_external_task_marker_dag.py
[2022-06-07 01:25:31,132] {scheduler_job.py:633} INFO - Processing file /home/airflow/.local/lib/python3.6/site-packages/airflow/example_dags/example_external_task_marker_dag.py for tasks to queue
[2022-06-07 01:25:31,133] {logging_mixin.py:104} INFO - [2022-06-07 01:25:31,133] {dagbag.py:487} INFO - Filling up the DagBag from /home/airflow/.local/lib/python3.6/site-packages/airflow/example_dags/example_external_task_marker_dag.py
[2022-06-07 01:25:31,139] {scheduler_job.py:643} INFO - DAG(s) dict_keys(['example_external_task_marker_parent', 'example_external_task_marker_child']) retrieved from /home/airflow/.local/lib/python3.6/site-packages/airflow/example_dags/example_external_task_marker_dag.py
[2022-06-07 01:25:31,261] {logging_mixin.py:104} INFO - [2022-06-07 01:25:31,261] {dag.py:1832} INFO - Sync 2 DAGs
[2022-06-07 01:25:31,267] {logging_mixin.py:104} INFO - [2022-06-07 01:25:31,267] {dag.py:2305} INFO - Setting next_dagrun for example_external_task_marker_child to None
[2022-06-07 01:25:31,267] {logging_mixin.py:104} INFO - [2022-06-07 01:25:31,267] {dag.py:2305} INFO - Setting next_dagrun for example_external_task_marker_parent to None
[2022-06-07 01:25:31,272] {scheduler_job.py:190} INFO - Processing /home/airflow/.local/lib/python3.6/site-packages/airflow/example_dags/example_external_task_marker_dag.py took 0.142 seconds
[2022-06-07 01:26:01,925] {scheduler_job.py:182} INFO - Started process (PID=1260) to work on /home/airflow/.local/lib/python3.6/site-packages/airflow/example_dags/example_external_task_marker_dag.py
[2022-06-07 01:26:01,926] {scheduler_job.py:633} INFO - Processing file /home/airflow/.local/lib/python3.6/site-packages/airflow/example_dags/example_external_task_marker_dag.py for tasks to queue
[2022-06-07 01:26:01,926] {logging_mixin.py:104} INFO - [2022-06-07 01:26:01,926] {dagbag.py:487} INFO - Filling up the DagBag from /home/airflow/.local/lib/python3.6/site-packages/airflow/example_dags/example_external_task_marker_dag.py
[2022-06-07 01:26:01,933] {scheduler_job.py:643} INFO - DAG(s) dict_keys(['example_external_task_marker_parent', 'example_external_task_marker_child']) retrieved from /home/airflow/.local/lib/python3.6/site-packages/airflow/example_dags/example_external_task_marker_dag.py
[2022-06-07 01:26:01,951] {logging_mixin.py:104} INFO - [2022-06-07 01:26:01,951] {dag.py:1832} INFO - Sync 2 DAGs
[2022-06-07 01:26:01,962] {logging_mixin.py:104} INFO - [2022-06-07 01:26:01,961] {dag.py:2305} INFO - Setting next_dagrun for example_external_task_marker_child to None
[2022-06-07 01:26:01,962] {logging_mixin.py:104} INFO - [2022-06-07 01:26:01,962] {dag.py:2305} INFO - Setting next_dagrun for example_external_task_marker_parent to None
[2022-06-07 01:26:01,969] {scheduler_job.py:190} INFO - Processing /home/airflow/.local/lib/python3.6/site-packages/airflow/example_dags/example_external_task_marker_dag.py took 0.046 seconds
[2022-06-07 01:26:32,596] {scheduler_job.py:182} INFO - Started process (PID=1390) to work on /home/airflow/.local/lib/python3.6/site-packages/airflow/example_dags/example_external_task_marker_dag.py
[2022-06-07 01:26:32,597] {scheduler_job.py:633} INFO - Processing file /home/airflow/.local/lib/python3.6/site-packages/airflow/example_dags/example_external_task_marker_dag.py for tasks to queue
[2022-06-07 01:26:32,597] {logging_mixin.py:104} INFO - [2022-06-07 01:26:32,597] {dagbag.py:487} INFO - Filling up the DagBag from /home/airflow/.local/lib/python3.6/site-packages/airflow/example_dags/example_external_task_marker_dag.py
[2022-06-07 01:26:32,602] {scheduler_job.py:643} INFO - DAG(s) dict_keys(['example_external_task_marker_parent', 'example_external_task_marker_child']) retrieved from /home/airflow/.local/lib/python3.6/site-packages/airflow/example_dags/example_external_task_marker_dag.py
[2022-06-07 01:26:32,613] {logging_mixin.py:104} INFO - [2022-06-07 01:26:32,613] {dag.py:1832} INFO - Sync 2 DAGs
[2022-06-07 01:26:32,620] {logging_mixin.py:104} INFO - [2022-06-07 01:26:32,620] {dag.py:2305} INFO - Setting next_dagrun for example_external_task_marker_child to None
[2022-06-07 01:26:32,620] {logging_mixin.py:104} INFO - [2022-06-07 01:26:32,620] {dag.py:2305} INFO - Setting next_dagrun for example_external_task_marker_parent to None
[2022-06-07 01:26:32,624] {scheduler_job.py:190} INFO - Processing /home/airflow/.local/lib/python3.6/site-packages/airflow/example_dags/example_external_task_marker_dag.py took 0.029 seconds
[2022-06-07 01:27:03,345] {scheduler_job.py:182} INFO - Started process (PID=1487) to work on /home/airflow/.local/lib/python3.6/site-packages/airflow/example_dags/example_external_task_marker_dag.py
[2022-06-07 01:27:03,345] {scheduler_job.py:633} INFO - Processing file /home/airflow/.local/lib/python3.6/site-packages/airflow/example_dags/example_external_task_marker_dag.py for tasks to queue
[2022-06-07 01:27:03,345] {logging_mixin.py:104} INFO - [2022-06-07 01:27:03,345] {dagbag.py:487} INFO - Filling up the DagBag from /home/airflow/.local/lib/python3.6/site-packages/airflow/example_dags/example_external_task_marker_dag.py
[2022-06-07 01:27:03,350] {scheduler_job.py:643} INFO - DAG(s) dict_keys(['example_external_task_marker_parent', 'example_external_task_marker_child']) retrieved from /home/airflow/.local/lib/python3.6/site-packages/airflow/example_dags/example_external_task_marker_dag.py
[2022-06-07 01:27:03,472] {logging_mixin.py:104} INFO - [2022-06-07 01:27:03,472] {dag.py:1832} INFO - Sync 2 DAGs
[2022-06-07 01:27:03,478] {logging_mixin.py:104} INFO - [2022-06-07 01:27:03,477] {dag.py:2305} INFO - Setting next_dagrun for example_external_task_marker_child to None
[2022-06-07 01:27:03,478] {logging_mixin.py:104} INFO - [2022-06-07 01:27:03,478] {dag.py:2305} INFO - Setting next_dagrun for example_external_task_marker_parent to None
[2022-06-07 01:27:03,483] {scheduler_job.py:190} INFO - Processing /home/airflow/.local/lib/python3.6/site-packages/airflow/example_dags/example_external_task_marker_dag.py took 0.141 seconds
[2022-06-07 01:27:34,044] {scheduler_job.py:182} INFO - Started process (PID=1617) to work on /home/airflow/.local/lib/python3.6/site-packages/airflow/example_dags/example_external_task_marker_dag.py
[2022-06-07 01:27:34,044] {scheduler_job.py:633} INFO - Processing file /home/airflow/.local/lib/python3.6/site-packages/airflow/example_dags/example_external_task_marker_dag.py for tasks to queue
[2022-06-07 01:27:34,044] {logging_mixin.py:104} INFO - [2022-06-07 01:27:34,044] {dagbag.py:487} INFO - Filling up the DagBag from /home/airflow/.local/lib/python3.6/site-packages/airflow/example_dags/example_external_task_marker_dag.py
[2022-06-07 01:27:34,049] {scheduler_job.py:643} INFO - DAG(s) dict_keys(['example_external_task_marker_parent', 'example_external_task_marker_child']) retrieved from /home/airflow/.local/lib/python3.6/site-packages/airflow/example_dags/example_external_task_marker_dag.py
[2022-06-07 01:27:34,176] {logging_mixin.py:104} INFO - [2022-06-07 01:27:34,176] {dag.py:1832} INFO - Sync 2 DAGs
[2022-06-07 01:27:34,184] {logging_mixin.py:104} INFO - [2022-06-07 01:27:34,184] {dag.py:2305} INFO - Setting next_dagrun for example_external_task_marker_child to None
[2022-06-07 01:27:34,185] {logging_mixin.py:104} INFO - [2022-06-07 01:27:34,185] {dag.py:2305} INFO - Setting next_dagrun for example_external_task_marker_parent to None
[2022-06-07 01:27:34,193] {scheduler_job.py:190} INFO - Processing /home/airflow/.local/lib/python3.6/site-packages/airflow/example_dags/example_external_task_marker_dag.py took 0.150 seconds
