[2022-06-07 01:21:18,129] {scheduler_job.py:182} INFO - Started process (PID=87) to work on /home/airflow/.local/lib/python3.6/site-packages/airflow/example_dags/example_xcomargs.py
[2022-06-07 01:21:18,129] {scheduler_job.py:633} INFO - Processing file /home/airflow/.local/lib/python3.6/site-packages/airflow/example_dags/example_xcomargs.py for tasks to queue
[2022-06-07 01:21:18,129] {logging_mixin.py:104} INFO - [2022-06-07 01:21:18,129] {dagbag.py:487} INFO - Filling up the DagBag from /home/airflow/.local/lib/python3.6/site-packages/airflow/example_dags/example_xcomargs.py
[2022-06-07 01:21:18,142] {scheduler_job.py:643} INFO - DAG(s) dict_keys(['example_xcom_args', 'example_xcom_args_with_operators']) retrieved from /home/airflow/.local/lib/python3.6/site-packages/airflow/example_dags/example_xcomargs.py
[2022-06-07 01:21:19,099] {logging_mixin.py:104} INFO - [2022-06-07 01:21:19,099] {dag.py:1832} INFO - Sync 2 DAGs
[2022-06-07 01:21:19,104] {logging_mixin.py:104} INFO - [2022-06-07 01:21:19,103] {dag.py:1851} INFO - Creating ORM DAG for example_xcom_args
[2022-06-07 01:21:19,104] {logging_mixin.py:104} INFO - [2022-06-07 01:21:19,104] {dag.py:1851} INFO - Creating ORM DAG for example_xcom_args_with_operators
[2022-06-07 01:21:19,106] {logging_mixin.py:104} INFO - [2022-06-07 01:21:19,106] {dag.py:2305} INFO - Setting next_dagrun for example_xcom_args to None
[2022-06-07 01:21:19,106] {logging_mixin.py:104} INFO - [2022-06-07 01:21:19,106] {dag.py:2305} INFO - Setting next_dagrun for example_xcom_args_with_operators to None
[2022-06-07 01:21:19,111] {scheduler_job.py:190} INFO - Processing /home/airflow/.local/lib/python3.6/site-packages/airflow/example_dags/example_xcomargs.py took 0.983 seconds
[2022-06-07 01:21:49,406] {scheduler_job.py:182} INFO - Started process (PID=244) to work on /home/airflow/.local/lib/python3.6/site-packages/airflow/example_dags/example_xcomargs.py
[2022-06-07 01:21:49,406] {scheduler_job.py:633} INFO - Processing file /home/airflow/.local/lib/python3.6/site-packages/airflow/example_dags/example_xcomargs.py for tasks to queue
[2022-06-07 01:21:49,407] {logging_mixin.py:104} INFO - [2022-06-07 01:21:49,407] {dagbag.py:487} INFO - Filling up the DagBag from /home/airflow/.local/lib/python3.6/site-packages/airflow/example_dags/example_xcomargs.py
[2022-06-07 01:21:49,416] {scheduler_job.py:643} INFO - DAG(s) dict_keys(['example_xcom_args', 'example_xcom_args_with_operators']) retrieved from /home/airflow/.local/lib/python3.6/site-packages/airflow/example_dags/example_xcomargs.py
[2022-06-07 01:21:49,538] {logging_mixin.py:104} INFO - [2022-06-07 01:21:49,538] {dag.py:1832} INFO - Sync 2 DAGs
[2022-06-07 01:21:49,545] {logging_mixin.py:104} INFO - [2022-06-07 01:21:49,545] {dag.py:2305} INFO - Setting next_dagrun for example_xcom_args to None
[2022-06-07 01:21:49,546] {logging_mixin.py:104} INFO - [2022-06-07 01:21:49,546] {dag.py:2305} INFO - Setting next_dagrun for example_xcom_args_with_operators to None
[2022-06-07 01:21:49,553] {scheduler_job.py:190} INFO - Processing /home/airflow/.local/lib/python3.6/site-packages/airflow/example_dags/example_xcomargs.py took 0.150 seconds
[2022-06-07 01:22:20,318] {scheduler_job.py:182} INFO - Started process (PID=373) to work on /home/airflow/.local/lib/python3.6/site-packages/airflow/example_dags/example_xcomargs.py
[2022-06-07 01:22:20,319] {scheduler_job.py:633} INFO - Processing file /home/airflow/.local/lib/python3.6/site-packages/airflow/example_dags/example_xcomargs.py for tasks to queue
[2022-06-07 01:22:20,319] {logging_mixin.py:104} INFO - [2022-06-07 01:22:20,319] {dagbag.py:487} INFO - Filling up the DagBag from /home/airflow/.local/lib/python3.6/site-packages/airflow/example_dags/example_xcomargs.py
[2022-06-07 01:22:20,328] {scheduler_job.py:643} INFO - DAG(s) dict_keys(['example_xcom_args', 'example_xcom_args_with_operators']) retrieved from /home/airflow/.local/lib/python3.6/site-packages/airflow/example_dags/example_xcomargs.py
[2022-06-07 01:22:20,450] {logging_mixin.py:104} INFO - [2022-06-07 01:22:20,450] {dag.py:1832} INFO - Sync 2 DAGs
[2022-06-07 01:22:20,455] {logging_mixin.py:104} INFO - [2022-06-07 01:22:20,455] {dag.py:2305} INFO - Setting next_dagrun for example_xcom_args to None
[2022-06-07 01:22:20,455] {logging_mixin.py:104} INFO - [2022-06-07 01:22:20,455] {dag.py:2305} INFO - Setting next_dagrun for example_xcom_args_with_operators to None
[2022-06-07 01:22:20,464] {scheduler_job.py:190} INFO - Processing /home/airflow/.local/lib/python3.6/site-packages/airflow/example_dags/example_xcomargs.py took 0.149 seconds
[2022-06-07 01:22:51,096] {scheduler_job.py:182} INFO - Started process (PID=503) to work on /home/airflow/.local/lib/python3.6/site-packages/airflow/example_dags/example_xcomargs.py
[2022-06-07 01:22:51,097] {scheduler_job.py:633} INFO - Processing file /home/airflow/.local/lib/python3.6/site-packages/airflow/example_dags/example_xcomargs.py for tasks to queue
[2022-06-07 01:22:51,097] {logging_mixin.py:104} INFO - [2022-06-07 01:22:51,097] {dagbag.py:487} INFO - Filling up the DagBag from /home/airflow/.local/lib/python3.6/site-packages/airflow/example_dags/example_xcomargs.py
[2022-06-07 01:22:51,107] {scheduler_job.py:643} INFO - DAG(s) dict_keys(['example_xcom_args', 'example_xcom_args_with_operators']) retrieved from /home/airflow/.local/lib/python3.6/site-packages/airflow/example_dags/example_xcomargs.py
[2022-06-07 01:22:51,227] {logging_mixin.py:104} INFO - [2022-06-07 01:22:51,226] {dag.py:1832} INFO - Sync 2 DAGs
[2022-06-07 01:22:51,232] {logging_mixin.py:104} INFO - [2022-06-07 01:22:51,232] {dag.py:2305} INFO - Setting next_dagrun for example_xcom_args to None
[2022-06-07 01:22:51,232] {logging_mixin.py:104} INFO - [2022-06-07 01:22:51,232] {dag.py:2305} INFO - Setting next_dagrun for example_xcom_args_with_operators to None
[2022-06-07 01:22:51,238] {scheduler_job.py:190} INFO - Processing /home/airflow/.local/lib/python3.6/site-packages/airflow/example_dags/example_xcomargs.py took 0.143 seconds
[2022-06-07 01:23:21,931] {scheduler_job.py:182} INFO - Started process (PID=600) to work on /home/airflow/.local/lib/python3.6/site-packages/airflow/example_dags/example_xcomargs.py
[2022-06-07 01:23:21,932] {scheduler_job.py:633} INFO - Processing file /home/airflow/.local/lib/python3.6/site-packages/airflow/example_dags/example_xcomargs.py for tasks to queue
[2022-06-07 01:23:21,932] {logging_mixin.py:104} INFO - [2022-06-07 01:23:21,932] {dagbag.py:487} INFO - Filling up the DagBag from /home/airflow/.local/lib/python3.6/site-packages/airflow/example_dags/example_xcomargs.py
[2022-06-07 01:23:21,941] {scheduler_job.py:643} INFO - DAG(s) dict_keys(['example_xcom_args', 'example_xcom_args_with_operators']) retrieved from /home/airflow/.local/lib/python3.6/site-packages/airflow/example_dags/example_xcomargs.py
[2022-06-07 01:23:22,065] {logging_mixin.py:104} INFO - [2022-06-07 01:23:22,065] {dag.py:1832} INFO - Sync 2 DAGs
[2022-06-07 01:23:22,071] {logging_mixin.py:104} INFO - [2022-06-07 01:23:22,071] {dag.py:2305} INFO - Setting next_dagrun for example_xcom_args to None
[2022-06-07 01:23:22,072] {logging_mixin.py:104} INFO - [2022-06-07 01:23:22,072] {dag.py:2305} INFO - Setting next_dagrun for example_xcom_args_with_operators to None
[2022-06-07 01:23:22,078] {scheduler_job.py:190} INFO - Processing /home/airflow/.local/lib/python3.6/site-packages/airflow/example_dags/example_xcomargs.py took 0.149 seconds
[2022-06-07 01:23:52,649] {scheduler_job.py:182} INFO - Started process (PID=730) to work on /home/airflow/.local/lib/python3.6/site-packages/airflow/example_dags/example_xcomargs.py
[2022-06-07 01:23:52,649] {scheduler_job.py:633} INFO - Processing file /home/airflow/.local/lib/python3.6/site-packages/airflow/example_dags/example_xcomargs.py for tasks to queue
[2022-06-07 01:23:52,649] {logging_mixin.py:104} INFO - [2022-06-07 01:23:52,649] {dagbag.py:487} INFO - Filling up the DagBag from /home/airflow/.local/lib/python3.6/site-packages/airflow/example_dags/example_xcomargs.py
[2022-06-07 01:23:52,659] {scheduler_job.py:643} INFO - DAG(s) dict_keys(['example_xcom_args', 'example_xcom_args_with_operators']) retrieved from /home/airflow/.local/lib/python3.6/site-packages/airflow/example_dags/example_xcomargs.py
[2022-06-07 01:23:52,780] {logging_mixin.py:104} INFO - [2022-06-07 01:23:52,780] {dag.py:1832} INFO - Sync 2 DAGs
[2022-06-07 01:23:52,786] {logging_mixin.py:104} INFO - [2022-06-07 01:23:52,786] {dag.py:2305} INFO - Setting next_dagrun for example_xcom_args to None
[2022-06-07 01:23:52,787] {logging_mixin.py:104} INFO - [2022-06-07 01:23:52,787] {dag.py:2305} INFO - Setting next_dagrun for example_xcom_args_with_operators to None
[2022-06-07 01:23:52,792] {scheduler_job.py:190} INFO - Processing /home/airflow/.local/lib/python3.6/site-packages/airflow/example_dags/example_xcomargs.py took 0.144 seconds
[2022-06-07 01:24:23,416] {scheduler_job.py:182} INFO - Started process (PID=860) to work on /home/airflow/.local/lib/python3.6/site-packages/airflow/example_dags/example_xcomargs.py
[2022-06-07 01:24:23,416] {scheduler_job.py:633} INFO - Processing file /home/airflow/.local/lib/python3.6/site-packages/airflow/example_dags/example_xcomargs.py for tasks to queue
[2022-06-07 01:24:23,417] {logging_mixin.py:104} INFO - [2022-06-07 01:24:23,417] {dagbag.py:487} INFO - Filling up the DagBag from /home/airflow/.local/lib/python3.6/site-packages/airflow/example_dags/example_xcomargs.py
[2022-06-07 01:24:23,426] {scheduler_job.py:643} INFO - DAG(s) dict_keys(['example_xcom_args', 'example_xcom_args_with_operators']) retrieved from /home/airflow/.local/lib/python3.6/site-packages/airflow/example_dags/example_xcomargs.py
[2022-06-07 01:24:23,548] {logging_mixin.py:104} INFO - [2022-06-07 01:24:23,548] {dag.py:1832} INFO - Sync 2 DAGs
[2022-06-07 01:24:23,553] {logging_mixin.py:104} INFO - [2022-06-07 01:24:23,553] {dag.py:2305} INFO - Setting next_dagrun for example_xcom_args to None
[2022-06-07 01:24:23,553] {logging_mixin.py:104} INFO - [2022-06-07 01:24:23,553] {dag.py:2305} INFO - Setting next_dagrun for example_xcom_args_with_operators to None
[2022-06-07 01:24:23,560] {scheduler_job.py:190} INFO - Processing /home/airflow/.local/lib/python3.6/site-packages/airflow/example_dags/example_xcomargs.py took 0.146 seconds
[2022-06-07 01:24:54,161] {scheduler_job.py:182} INFO - Started process (PID=990) to work on /home/airflow/.local/lib/python3.6/site-packages/airflow/example_dags/example_xcomargs.py
[2022-06-07 01:24:54,162] {scheduler_job.py:633} INFO - Processing file /home/airflow/.local/lib/python3.6/site-packages/airflow/example_dags/example_xcomargs.py for tasks to queue
[2022-06-07 01:24:54,162] {logging_mixin.py:104} INFO - [2022-06-07 01:24:54,162] {dagbag.py:487} INFO - Filling up the DagBag from /home/airflow/.local/lib/python3.6/site-packages/airflow/example_dags/example_xcomargs.py
[2022-06-07 01:24:54,171] {scheduler_job.py:643} INFO - DAG(s) dict_keys(['example_xcom_args', 'example_xcom_args_with_operators']) retrieved from /home/airflow/.local/lib/python3.6/site-packages/airflow/example_dags/example_xcomargs.py
[2022-06-07 01:24:54,296] {logging_mixin.py:104} INFO - [2022-06-07 01:24:54,296] {dag.py:1832} INFO - Sync 2 DAGs
[2022-06-07 01:24:54,302] {logging_mixin.py:104} INFO - [2022-06-07 01:24:54,302] {dag.py:2305} INFO - Setting next_dagrun for example_xcom_args to None
[2022-06-07 01:24:54,302] {logging_mixin.py:104} INFO - [2022-06-07 01:24:54,302] {dag.py:2305} INFO - Setting next_dagrun for example_xcom_args_with_operators to None
[2022-06-07 01:24:54,309] {scheduler_job.py:190} INFO - Processing /home/airflow/.local/lib/python3.6/site-packages/airflow/example_dags/example_xcomargs.py took 0.149 seconds
[2022-06-07 01:25:24,866] {scheduler_job.py:182} INFO - Started process (PID=1094) to work on /home/airflow/.local/lib/python3.6/site-packages/airflow/example_dags/example_xcomargs.py
[2022-06-07 01:25:24,866] {scheduler_job.py:633} INFO - Processing file /home/airflow/.local/lib/python3.6/site-packages/airflow/example_dags/example_xcomargs.py for tasks to queue
[2022-06-07 01:25:24,867] {logging_mixin.py:104} INFO - [2022-06-07 01:25:24,867] {dagbag.py:487} INFO - Filling up the DagBag from /home/airflow/.local/lib/python3.6/site-packages/airflow/example_dags/example_xcomargs.py
[2022-06-07 01:25:24,876] {scheduler_job.py:643} INFO - DAG(s) dict_keys(['example_xcom_args', 'example_xcom_args_with_operators']) retrieved from /home/airflow/.local/lib/python3.6/site-packages/airflow/example_dags/example_xcomargs.py
[2022-06-07 01:25:24,996] {logging_mixin.py:104} INFO - [2022-06-07 01:25:24,996] {dag.py:1832} INFO - Sync 2 DAGs
[2022-06-07 01:25:25,001] {logging_mixin.py:104} INFO - [2022-06-07 01:25:25,001] {dag.py:2305} INFO - Setting next_dagrun for example_xcom_args to None
[2022-06-07 01:25:25,001] {logging_mixin.py:104} INFO - [2022-06-07 01:25:25,001] {dag.py:2305} INFO - Setting next_dagrun for example_xcom_args_with_operators to None
[2022-06-07 01:25:25,007] {scheduler_job.py:190} INFO - Processing /home/airflow/.local/lib/python3.6/site-packages/airflow/example_dags/example_xcomargs.py took 0.142 seconds
[2022-06-07 01:25:55,645] {scheduler_job.py:182} INFO - Started process (PID=1217) to work on /home/airflow/.local/lib/python3.6/site-packages/airflow/example_dags/example_xcomargs.py
[2022-06-07 01:25:55,645] {scheduler_job.py:633} INFO - Processing file /home/airflow/.local/lib/python3.6/site-packages/airflow/example_dags/example_xcomargs.py for tasks to queue
[2022-06-07 01:25:55,645] {logging_mixin.py:104} INFO - [2022-06-07 01:25:55,645] {dagbag.py:487} INFO - Filling up the DagBag from /home/airflow/.local/lib/python3.6/site-packages/airflow/example_dags/example_xcomargs.py
[2022-06-07 01:25:55,655] {scheduler_job.py:643} INFO - DAG(s) dict_keys(['example_xcom_args', 'example_xcom_args_with_operators']) retrieved from /home/airflow/.local/lib/python3.6/site-packages/airflow/example_dags/example_xcomargs.py
[2022-06-07 01:25:55,777] {logging_mixin.py:104} INFO - [2022-06-07 01:25:55,777] {dag.py:1832} INFO - Sync 2 DAGs
[2022-06-07 01:25:55,783] {logging_mixin.py:104} INFO - [2022-06-07 01:25:55,783] {dag.py:2305} INFO - Setting next_dagrun for example_xcom_args to None
[2022-06-07 01:25:55,783] {logging_mixin.py:104} INFO - [2022-06-07 01:25:55,783] {dag.py:2305} INFO - Setting next_dagrun for example_xcom_args_with_operators to None
[2022-06-07 01:25:55,792] {scheduler_job.py:190} INFO - Processing /home/airflow/.local/lib/python3.6/site-packages/airflow/example_dags/example_xcomargs.py took 0.150 seconds
[2022-06-07 01:26:26,383] {scheduler_job.py:182} INFO - Started process (PID=1346) to work on /home/airflow/.local/lib/python3.6/site-packages/airflow/example_dags/example_xcomargs.py
[2022-06-07 01:26:26,384] {scheduler_job.py:633} INFO - Processing file /home/airflow/.local/lib/python3.6/site-packages/airflow/example_dags/example_xcomargs.py for tasks to queue
[2022-06-07 01:26:26,384] {logging_mixin.py:104} INFO - [2022-06-07 01:26:26,384] {dagbag.py:487} INFO - Filling up the DagBag from /home/airflow/.local/lib/python3.6/site-packages/airflow/example_dags/example_xcomargs.py
[2022-06-07 01:26:26,392] {scheduler_job.py:643} INFO - DAG(s) dict_keys(['example_xcom_args', 'example_xcom_args_with_operators']) retrieved from /home/airflow/.local/lib/python3.6/site-packages/airflow/example_dags/example_xcomargs.py
[2022-06-07 01:26:26,516] {logging_mixin.py:104} INFO - [2022-06-07 01:26:26,516] {dag.py:1832} INFO - Sync 2 DAGs
[2022-06-07 01:26:26,522] {logging_mixin.py:104} INFO - [2022-06-07 01:26:26,522] {dag.py:2305} INFO - Setting next_dagrun for example_xcom_args to None
[2022-06-07 01:26:26,522] {logging_mixin.py:104} INFO - [2022-06-07 01:26:26,522] {dag.py:2305} INFO - Setting next_dagrun for example_xcom_args_with_operators to None
[2022-06-07 01:26:26,528] {scheduler_job.py:190} INFO - Processing /home/airflow/.local/lib/python3.6/site-packages/airflow/example_dags/example_xcomargs.py took 0.146 seconds
[2022-06-07 01:26:57,041] {scheduler_job.py:182} INFO - Started process (PID=1476) to work on /home/airflow/.local/lib/python3.6/site-packages/airflow/example_dags/example_xcomargs.py
[2022-06-07 01:26:57,042] {scheduler_job.py:633} INFO - Processing file /home/airflow/.local/lib/python3.6/site-packages/airflow/example_dags/example_xcomargs.py for tasks to queue
[2022-06-07 01:26:57,042] {logging_mixin.py:104} INFO - [2022-06-07 01:26:57,042] {dagbag.py:487} INFO - Filling up the DagBag from /home/airflow/.local/lib/python3.6/site-packages/airflow/example_dags/example_xcomargs.py
[2022-06-07 01:26:57,050] {scheduler_job.py:643} INFO - DAG(s) dict_keys(['example_xcom_args', 'example_xcom_args_with_operators']) retrieved from /home/airflow/.local/lib/python3.6/site-packages/airflow/example_dags/example_xcomargs.py
[2022-06-07 01:26:57,174] {logging_mixin.py:104} INFO - [2022-06-07 01:26:57,174] {dag.py:1832} INFO - Sync 2 DAGs
[2022-06-07 01:26:57,180] {logging_mixin.py:104} INFO - [2022-06-07 01:26:57,180] {dag.py:2305} INFO - Setting next_dagrun for example_xcom_args to None
[2022-06-07 01:26:57,180] {logging_mixin.py:104} INFO - [2022-06-07 01:26:57,180] {dag.py:2305} INFO - Setting next_dagrun for example_xcom_args_with_operators to None
[2022-06-07 01:26:57,188] {scheduler_job.py:190} INFO - Processing /home/airflow/.local/lib/python3.6/site-packages/airflow/example_dags/example_xcomargs.py took 0.147 seconds
[2022-06-07 01:27:27,839] {scheduler_job.py:182} INFO - Started process (PID=1606) to work on /home/airflow/.local/lib/python3.6/site-packages/airflow/example_dags/example_xcomargs.py
[2022-06-07 01:27:27,839] {scheduler_job.py:633} INFO - Processing file /home/airflow/.local/lib/python3.6/site-packages/airflow/example_dags/example_xcomargs.py for tasks to queue
[2022-06-07 01:27:27,840] {logging_mixin.py:104} INFO - [2022-06-07 01:27:27,840] {dagbag.py:487} INFO - Filling up the DagBag from /home/airflow/.local/lib/python3.6/site-packages/airflow/example_dags/example_xcomargs.py
[2022-06-07 01:27:27,862] {scheduler_job.py:643} INFO - DAG(s) dict_keys(['example_xcom_args', 'example_xcom_args_with_operators']) retrieved from /home/airflow/.local/lib/python3.6/site-packages/airflow/example_dags/example_xcomargs.py
[2022-06-07 01:27:28,050] {logging_mixin.py:104} INFO - [2022-06-07 01:27:28,050] {dag.py:1832} INFO - Sync 2 DAGs
[2022-06-07 01:27:28,059] {logging_mixin.py:104} INFO - [2022-06-07 01:27:28,059] {dag.py:2305} INFO - Setting next_dagrun for example_xcom_args to None
[2022-06-07 01:27:28,060] {logging_mixin.py:104} INFO - [2022-06-07 01:27:28,060] {dag.py:2305} INFO - Setting next_dagrun for example_xcom_args_with_operators to None
[2022-06-07 01:27:28,068] {scheduler_job.py:190} INFO - Processing /home/airflow/.local/lib/python3.6/site-packages/airflow/example_dags/example_xcomargs.py took 0.231 seconds
