[2022-06-07 01:21:24,242] {scheduler_job.py:182} INFO - Started process (PID=144) to work on /home/airflow/.local/lib/python3.6/site-packages/airflow/example_dags/example_latest_only_with_trigger.py
[2022-06-07 01:21:24,242] {scheduler_job.py:633} INFO - Processing file /home/airflow/.local/lib/python3.6/site-packages/airflow/example_dags/example_latest_only_with_trigger.py for tasks to queue
[2022-06-07 01:21:24,243] {logging_mixin.py:104} INFO - [2022-06-07 01:21:24,242] {dagbag.py:487} INFO - Filling up the DagBag from /home/airflow/.local/lib/python3.6/site-packages/airflow/example_dags/example_latest_only_with_trigger.py
[2022-06-07 01:21:24,248] {scheduler_job.py:643} INFO - DAG(s) dict_keys(['latest_only_with_trigger']) retrieved from /home/airflow/.local/lib/python3.6/site-packages/airflow/example_dags/example_latest_only_with_trigger.py
[2022-06-07 01:21:25,093] {logging_mixin.py:104} INFO - [2022-06-07 01:21:25,093] {dag.py:1832} INFO - Sync 1 DAGs
[2022-06-07 01:21:25,098] {logging_mixin.py:104} INFO - [2022-06-07 01:21:25,097] {dag.py:1851} INFO - Creating ORM DAG for latest_only_with_trigger
[2022-06-07 01:21:25,100] {logging_mixin.py:104} INFO - [2022-06-07 01:21:25,100] {dag.py:2305} INFO - Setting next_dagrun for latest_only_with_trigger to 2022-06-05 00:00:00+00:00
[2022-06-07 01:21:25,104] {scheduler_job.py:190} INFO - Processing /home/airflow/.local/lib/python3.6/site-packages/airflow/example_dags/example_latest_only_with_trigger.py took 0.863 seconds
[2022-06-07 01:21:55,797] {scheduler_job.py:182} INFO - Started process (PID=289) to work on /home/airflow/.local/lib/python3.6/site-packages/airflow/example_dags/example_latest_only_with_trigger.py
[2022-06-07 01:21:55,797] {scheduler_job.py:633} INFO - Processing file /home/airflow/.local/lib/python3.6/site-packages/airflow/example_dags/example_latest_only_with_trigger.py for tasks to queue
[2022-06-07 01:21:55,797] {logging_mixin.py:104} INFO - [2022-06-07 01:21:55,797] {dagbag.py:487} INFO - Filling up the DagBag from /home/airflow/.local/lib/python3.6/site-packages/airflow/example_dags/example_latest_only_with_trigger.py
[2022-06-07 01:21:55,802] {scheduler_job.py:643} INFO - DAG(s) dict_keys(['latest_only_with_trigger']) retrieved from /home/airflow/.local/lib/python3.6/site-packages/airflow/example_dags/example_latest_only_with_trigger.py
[2022-06-07 01:21:55,812] {logging_mixin.py:104} INFO - [2022-06-07 01:21:55,812] {dag.py:1832} INFO - Sync 1 DAGs
[2022-06-07 01:21:55,818] {logging_mixin.py:104} INFO - [2022-06-07 01:21:55,818] {dag.py:2305} INFO - Setting next_dagrun for latest_only_with_trigger to 2022-06-05 00:00:00+00:00
[2022-06-07 01:21:55,823] {scheduler_job.py:190} INFO - Processing /home/airflow/.local/lib/python3.6/site-packages/airflow/example_dags/example_latest_only_with_trigger.py took 0.027 seconds
[2022-06-07 01:22:26,589] {scheduler_job.py:182} INFO - Started process (PID=385) to work on /home/airflow/.local/lib/python3.6/site-packages/airflow/example_dags/example_latest_only_with_trigger.py
[2022-06-07 01:22:26,591] {scheduler_job.py:633} INFO - Processing file /home/airflow/.local/lib/python3.6/site-packages/airflow/example_dags/example_latest_only_with_trigger.py for tasks to queue
[2022-06-07 01:22:26,591] {logging_mixin.py:104} INFO - [2022-06-07 01:22:26,591] {dagbag.py:487} INFO - Filling up the DagBag from /home/airflow/.local/lib/python3.6/site-packages/airflow/example_dags/example_latest_only_with_trigger.py
[2022-06-07 01:22:26,604] {scheduler_job.py:643} INFO - DAG(s) dict_keys(['latest_only_with_trigger']) retrieved from /home/airflow/.local/lib/python3.6/site-packages/airflow/example_dags/example_latest_only_with_trigger.py
[2022-06-07 01:22:26,630] {logging_mixin.py:104} INFO - [2022-06-07 01:22:26,630] {dag.py:1832} INFO - Sync 1 DAGs
[2022-06-07 01:22:26,637] {logging_mixin.py:104} INFO - [2022-06-07 01:22:26,637] {dag.py:2305} INFO - Setting next_dagrun for latest_only_with_trigger to 2022-06-05 00:00:00+00:00
[2022-06-07 01:22:26,644] {scheduler_job.py:190} INFO - Processing /home/airflow/.local/lib/python3.6/site-packages/airflow/example_dags/example_latest_only_with_trigger.py took 0.060 seconds
[2022-06-07 01:22:57,357] {scheduler_job.py:182} INFO - Started process (PID=515) to work on /home/airflow/.local/lib/python3.6/site-packages/airflow/example_dags/example_latest_only_with_trigger.py
[2022-06-07 01:22:57,357] {scheduler_job.py:633} INFO - Processing file /home/airflow/.local/lib/python3.6/site-packages/airflow/example_dags/example_latest_only_with_trigger.py for tasks to queue
[2022-06-07 01:22:57,358] {logging_mixin.py:104} INFO - [2022-06-07 01:22:57,358] {dagbag.py:487} INFO - Filling up the DagBag from /home/airflow/.local/lib/python3.6/site-packages/airflow/example_dags/example_latest_only_with_trigger.py
[2022-06-07 01:22:57,364] {scheduler_job.py:643} INFO - DAG(s) dict_keys(['latest_only_with_trigger']) retrieved from /home/airflow/.local/lib/python3.6/site-packages/airflow/example_dags/example_latest_only_with_trigger.py
[2022-06-07 01:22:57,373] {logging_mixin.py:104} INFO - [2022-06-07 01:22:57,373] {dag.py:1832} INFO - Sync 1 DAGs
[2022-06-07 01:22:57,379] {logging_mixin.py:104} INFO - [2022-06-07 01:22:57,379] {dag.py:2305} INFO - Setting next_dagrun for latest_only_with_trigger to 2022-06-05 00:00:00+00:00
[2022-06-07 01:22:57,383] {scheduler_job.py:190} INFO - Processing /home/airflow/.local/lib/python3.6/site-packages/airflow/example_dags/example_latest_only_with_trigger.py took 0.027 seconds
[2022-06-07 01:23:28,177] {scheduler_job.py:182} INFO - Started process (PID=645) to work on /home/airflow/.local/lib/python3.6/site-packages/airflow/example_dags/example_latest_only_with_trigger.py
[2022-06-07 01:23:28,177] {scheduler_job.py:633} INFO - Processing file /home/airflow/.local/lib/python3.6/site-packages/airflow/example_dags/example_latest_only_with_trigger.py for tasks to queue
[2022-06-07 01:23:28,177] {logging_mixin.py:104} INFO - [2022-06-07 01:23:28,177] {dagbag.py:487} INFO - Filling up the DagBag from /home/airflow/.local/lib/python3.6/site-packages/airflow/example_dags/example_latest_only_with_trigger.py
[2022-06-07 01:23:28,183] {scheduler_job.py:643} INFO - DAG(s) dict_keys(['latest_only_with_trigger']) retrieved from /home/airflow/.local/lib/python3.6/site-packages/airflow/example_dags/example_latest_only_with_trigger.py
[2022-06-07 01:23:28,192] {logging_mixin.py:104} INFO - [2022-06-07 01:23:28,192] {dag.py:1832} INFO - Sync 1 DAGs
[2022-06-07 01:23:28,198] {logging_mixin.py:104} INFO - [2022-06-07 01:23:28,198] {dag.py:2305} INFO - Setting next_dagrun for latest_only_with_trigger to 2022-06-05 00:00:00+00:00
[2022-06-07 01:23:28,210] {scheduler_job.py:190} INFO - Processing /home/airflow/.local/lib/python3.6/site-packages/airflow/example_dags/example_latest_only_with_trigger.py took 0.035 seconds
[2022-06-07 01:23:58,968] {scheduler_job.py:182} INFO - Started process (PID=775) to work on /home/airflow/.local/lib/python3.6/site-packages/airflow/example_dags/example_latest_only_with_trigger.py
[2022-06-07 01:23:58,968] {scheduler_job.py:633} INFO - Processing file /home/airflow/.local/lib/python3.6/site-packages/airflow/example_dags/example_latest_only_with_trigger.py for tasks to queue
[2022-06-07 01:23:58,968] {logging_mixin.py:104} INFO - [2022-06-07 01:23:58,968] {dagbag.py:487} INFO - Filling up the DagBag from /home/airflow/.local/lib/python3.6/site-packages/airflow/example_dags/example_latest_only_with_trigger.py
[2022-06-07 01:23:58,974] {scheduler_job.py:643} INFO - DAG(s) dict_keys(['latest_only_with_trigger']) retrieved from /home/airflow/.local/lib/python3.6/site-packages/airflow/example_dags/example_latest_only_with_trigger.py
[2022-06-07 01:23:58,983] {logging_mixin.py:104} INFO - [2022-06-07 01:23:58,983] {dag.py:1832} INFO - Sync 1 DAGs
[2022-06-07 01:23:58,988] {logging_mixin.py:104} INFO - [2022-06-07 01:23:58,988] {dag.py:2305} INFO - Setting next_dagrun for latest_only_with_trigger to 2022-06-05 00:00:00+00:00
[2022-06-07 01:23:58,993] {scheduler_job.py:190} INFO - Processing /home/airflow/.local/lib/python3.6/site-packages/airflow/example_dags/example_latest_only_with_trigger.py took 0.026 seconds
[2022-06-07 01:24:29,682] {scheduler_job.py:182} INFO - Started process (PID=882) to work on /home/airflow/.local/lib/python3.6/site-packages/airflow/example_dags/example_latest_only_with_trigger.py
[2022-06-07 01:24:29,683] {scheduler_job.py:633} INFO - Processing file /home/airflow/.local/lib/python3.6/site-packages/airflow/example_dags/example_latest_only_with_trigger.py for tasks to queue
[2022-06-07 01:24:29,683] {logging_mixin.py:104} INFO - [2022-06-07 01:24:29,683] {dagbag.py:487} INFO - Filling up the DagBag from /home/airflow/.local/lib/python3.6/site-packages/airflow/example_dags/example_latest_only_with_trigger.py
[2022-06-07 01:24:29,689] {scheduler_job.py:643} INFO - DAG(s) dict_keys(['latest_only_with_trigger']) retrieved from /home/airflow/.local/lib/python3.6/site-packages/airflow/example_dags/example_latest_only_with_trigger.py
[2022-06-07 01:24:29,697] {logging_mixin.py:104} INFO - [2022-06-07 01:24:29,697] {dag.py:1832} INFO - Sync 1 DAGs
[2022-06-07 01:24:29,703] {logging_mixin.py:104} INFO - [2022-06-07 01:24:29,703] {dag.py:2305} INFO - Setting next_dagrun for latest_only_with_trigger to 2022-06-05 00:00:00+00:00
[2022-06-07 01:24:29,715] {scheduler_job.py:190} INFO - Processing /home/airflow/.local/lib/python3.6/site-packages/airflow/example_dags/example_latest_only_with_trigger.py took 0.034 seconds
[2022-06-07 01:25:00,409] {scheduler_job.py:182} INFO - Started process (PID=1002) to work on /home/airflow/.local/lib/python3.6/site-packages/airflow/example_dags/example_latest_only_with_trigger.py
[2022-06-07 01:25:00,410] {scheduler_job.py:633} INFO - Processing file /home/airflow/.local/lib/python3.6/site-packages/airflow/example_dags/example_latest_only_with_trigger.py for tasks to queue
[2022-06-07 01:25:00,410] {logging_mixin.py:104} INFO - [2022-06-07 01:25:00,410] {dagbag.py:487} INFO - Filling up the DagBag from /home/airflow/.local/lib/python3.6/site-packages/airflow/example_dags/example_latest_only_with_trigger.py
[2022-06-07 01:25:00,416] {scheduler_job.py:643} INFO - DAG(s) dict_keys(['latest_only_with_trigger']) retrieved from /home/airflow/.local/lib/python3.6/site-packages/airflow/example_dags/example_latest_only_with_trigger.py
[2022-06-07 01:25:00,425] {logging_mixin.py:104} INFO - [2022-06-07 01:25:00,425] {dag.py:1832} INFO - Sync 1 DAGs
[2022-06-07 01:25:00,430] {logging_mixin.py:104} INFO - [2022-06-07 01:25:00,430] {dag.py:2305} INFO - Setting next_dagrun for latest_only_with_trigger to 2022-06-05 00:00:00+00:00
[2022-06-07 01:25:00,434] {scheduler_job.py:190} INFO - Processing /home/airflow/.local/lib/python3.6/site-packages/airflow/example_dags/example_latest_only_with_trigger.py took 0.026 seconds
[2022-06-07 01:25:31,134] {scheduler_job.py:182} INFO - Started process (PID=1132) to work on /home/airflow/.local/lib/python3.6/site-packages/airflow/example_dags/example_latest_only_with_trigger.py
[2022-06-07 01:25:31,134] {scheduler_job.py:633} INFO - Processing file /home/airflow/.local/lib/python3.6/site-packages/airflow/example_dags/example_latest_only_with_trigger.py for tasks to queue
[2022-06-07 01:25:31,135] {logging_mixin.py:104} INFO - [2022-06-07 01:25:31,135] {dagbag.py:487} INFO - Filling up the DagBag from /home/airflow/.local/lib/python3.6/site-packages/airflow/example_dags/example_latest_only_with_trigger.py
[2022-06-07 01:25:31,141] {scheduler_job.py:643} INFO - DAG(s) dict_keys(['latest_only_with_trigger']) retrieved from /home/airflow/.local/lib/python3.6/site-packages/airflow/example_dags/example_latest_only_with_trigger.py
[2022-06-07 01:25:31,149] {logging_mixin.py:104} INFO - [2022-06-07 01:25:31,149] {dag.py:1832} INFO - Sync 1 DAGs
[2022-06-07 01:25:31,156] {logging_mixin.py:104} INFO - [2022-06-07 01:25:31,155] {dag.py:2305} INFO - Setting next_dagrun for latest_only_with_trigger to 2022-06-05 00:00:00+00:00
[2022-06-07 01:25:31,161] {scheduler_job.py:190} INFO - Processing /home/airflow/.local/lib/python3.6/site-packages/airflow/example_dags/example_latest_only_with_trigger.py took 0.028 seconds
[2022-06-07 01:26:01,927] {scheduler_job.py:182} INFO - Started process (PID=1261) to work on /home/airflow/.local/lib/python3.6/site-packages/airflow/example_dags/example_latest_only_with_trigger.py
[2022-06-07 01:26:01,928] {scheduler_job.py:633} INFO - Processing file /home/airflow/.local/lib/python3.6/site-packages/airflow/example_dags/example_latest_only_with_trigger.py for tasks to queue
[2022-06-07 01:26:01,928] {logging_mixin.py:104} INFO - [2022-06-07 01:26:01,928] {dagbag.py:487} INFO - Filling up the DagBag from /home/airflow/.local/lib/python3.6/site-packages/airflow/example_dags/example_latest_only_with_trigger.py
[2022-06-07 01:26:01,934] {scheduler_job.py:643} INFO - DAG(s) dict_keys(['latest_only_with_trigger']) retrieved from /home/airflow/.local/lib/python3.6/site-packages/airflow/example_dags/example_latest_only_with_trigger.py
[2022-06-07 01:26:01,944] {logging_mixin.py:104} INFO - [2022-06-07 01:26:01,944] {dag.py:1832} INFO - Sync 1 DAGs
[2022-06-07 01:26:01,950] {logging_mixin.py:104} INFO - [2022-06-07 01:26:01,949] {dag.py:2305} INFO - Setting next_dagrun for latest_only_with_trigger to 2022-06-05 00:00:00+00:00
[2022-06-07 01:26:01,955] {scheduler_job.py:190} INFO - Processing /home/airflow/.local/lib/python3.6/site-packages/airflow/example_dags/example_latest_only_with_trigger.py took 0.029 seconds
[2022-06-07 01:26:32,597] {scheduler_job.py:182} INFO - Started process (PID=1391) to work on /home/airflow/.local/lib/python3.6/site-packages/airflow/example_dags/example_latest_only_with_trigger.py
[2022-06-07 01:26:32,598] {scheduler_job.py:633} INFO - Processing file /home/airflow/.local/lib/python3.6/site-packages/airflow/example_dags/example_latest_only_with_trigger.py for tasks to queue
[2022-06-07 01:26:32,598] {logging_mixin.py:104} INFO - [2022-06-07 01:26:32,598] {dagbag.py:487} INFO - Filling up the DagBag from /home/airflow/.local/lib/python3.6/site-packages/airflow/example_dags/example_latest_only_with_trigger.py
[2022-06-07 01:26:32,602] {scheduler_job.py:643} INFO - DAG(s) dict_keys(['latest_only_with_trigger']) retrieved from /home/airflow/.local/lib/python3.6/site-packages/airflow/example_dags/example_latest_only_with_trigger.py
[2022-06-07 01:26:32,613] {logging_mixin.py:104} INFO - [2022-06-07 01:26:32,613] {dag.py:1832} INFO - Sync 1 DAGs
[2022-06-07 01:26:32,619] {logging_mixin.py:104} INFO - [2022-06-07 01:26:32,618] {dag.py:2305} INFO - Setting next_dagrun for latest_only_with_trigger to 2022-06-05 00:00:00+00:00
[2022-06-07 01:26:32,623] {scheduler_job.py:190} INFO - Processing /home/airflow/.local/lib/python3.6/site-packages/airflow/example_dags/example_latest_only_with_trigger.py took 0.027 seconds
[2022-06-07 01:27:03,346] {scheduler_job.py:182} INFO - Started process (PID=1488) to work on /home/airflow/.local/lib/python3.6/site-packages/airflow/example_dags/example_latest_only_with_trigger.py
[2022-06-07 01:27:03,346] {scheduler_job.py:633} INFO - Processing file /home/airflow/.local/lib/python3.6/site-packages/airflow/example_dags/example_latest_only_with_trigger.py for tasks to queue
[2022-06-07 01:27:03,346] {logging_mixin.py:104} INFO - [2022-06-07 01:27:03,346] {dagbag.py:487} INFO - Filling up the DagBag from /home/airflow/.local/lib/python3.6/site-packages/airflow/example_dags/example_latest_only_with_trigger.py
[2022-06-07 01:27:03,351] {scheduler_job.py:643} INFO - DAG(s) dict_keys(['latest_only_with_trigger']) retrieved from /home/airflow/.local/lib/python3.6/site-packages/airflow/example_dags/example_latest_only_with_trigger.py
[2022-06-07 01:27:03,360] {logging_mixin.py:104} INFO - [2022-06-07 01:27:03,360] {dag.py:1832} INFO - Sync 1 DAGs
[2022-06-07 01:27:03,366] {logging_mixin.py:104} INFO - [2022-06-07 01:27:03,366] {dag.py:2305} INFO - Setting next_dagrun for latest_only_with_trigger to 2022-06-05 00:00:00+00:00
[2022-06-07 01:27:03,371] {scheduler_job.py:190} INFO - Processing /home/airflow/.local/lib/python3.6/site-packages/airflow/example_dags/example_latest_only_with_trigger.py took 0.026 seconds
[2022-06-07 01:27:34,046] {scheduler_job.py:182} INFO - Started process (PID=1618) to work on /home/airflow/.local/lib/python3.6/site-packages/airflow/example_dags/example_latest_only_with_trigger.py
[2022-06-07 01:27:34,046] {scheduler_job.py:633} INFO - Processing file /home/airflow/.local/lib/python3.6/site-packages/airflow/example_dags/example_latest_only_with_trigger.py for tasks to queue
[2022-06-07 01:27:34,046] {logging_mixin.py:104} INFO - [2022-06-07 01:27:34,046] {dagbag.py:487} INFO - Filling up the DagBag from /home/airflow/.local/lib/python3.6/site-packages/airflow/example_dags/example_latest_only_with_trigger.py
[2022-06-07 01:27:34,051] {scheduler_job.py:643} INFO - DAG(s) dict_keys(['latest_only_with_trigger']) retrieved from /home/airflow/.local/lib/python3.6/site-packages/airflow/example_dags/example_latest_only_with_trigger.py
[2022-06-07 01:27:34,060] {logging_mixin.py:104} INFO - [2022-06-07 01:27:34,059] {dag.py:1832} INFO - Sync 1 DAGs
[2022-06-07 01:27:34,066] {logging_mixin.py:104} INFO - [2022-06-07 01:27:34,066] {dag.py:2305} INFO - Setting next_dagrun for latest_only_with_trigger to 2022-06-05 00:00:00+00:00
[2022-06-07 01:27:34,070] {scheduler_job.py:190} INFO - Processing /home/airflow/.local/lib/python3.6/site-packages/airflow/example_dags/example_latest_only_with_trigger.py took 0.025 seconds
