[2022-06-07 01:21:19,027] {scheduler_job.py:182} INFO - Started process (PID=90) to work on /home/airflow/.local/lib/python3.6/site-packages/airflow/example_dags/example_branch_datetime_operator.py
[2022-06-07 01:21:19,027] {scheduler_job.py:633} INFO - Processing file /home/airflow/.local/lib/python3.6/site-packages/airflow/example_dags/example_branch_datetime_operator.py for tasks to queue
[2022-06-07 01:21:19,027] {logging_mixin.py:104} INFO - [2022-06-07 01:21:19,027] {dagbag.py:487} INFO - Filling up the DagBag from /home/airflow/.local/lib/python3.6/site-packages/airflow/example_dags/example_branch_datetime_operator.py
[2022-06-07 01:21:19,033] {scheduler_job.py:643} INFO - DAG(s) dict_keys(['example_branch_datetime_operator_2']) retrieved from /home/airflow/.local/lib/python3.6/site-packages/airflow/example_dags/example_branch_datetime_operator.py
[2022-06-07 01:21:20,491] {logging_mixin.py:104} INFO - [2022-06-07 01:21:20,491] {dag.py:1832} INFO - Sync 1 DAGs
[2022-06-07 01:21:20,497] {logging_mixin.py:104} INFO - [2022-06-07 01:21:20,497] {dag.py:1851} INFO - Creating ORM DAG for example_branch_datetime_operator_2
[2022-06-07 01:21:20,502] {logging_mixin.py:104} INFO - [2022-06-07 01:21:20,502] {dag.py:2305} INFO - Setting next_dagrun for example_branch_datetime_operator_2 to 2022-06-05 00:00:00+00:00
[2022-06-07 01:21:20,509] {scheduler_job.py:190} INFO - Processing /home/airflow/.local/lib/python3.6/site-packages/airflow/example_dags/example_branch_datetime_operator.py took 1.484 seconds
[2022-06-07 01:21:50,574] {scheduler_job.py:182} INFO - Started process (PID=245) to work on /home/airflow/.local/lib/python3.6/site-packages/airflow/example_dags/example_branch_datetime_operator.py
[2022-06-07 01:21:50,574] {scheduler_job.py:633} INFO - Processing file /home/airflow/.local/lib/python3.6/site-packages/airflow/example_dags/example_branch_datetime_operator.py for tasks to queue
[2022-06-07 01:21:50,574] {logging_mixin.py:104} INFO - [2022-06-07 01:21:50,574] {dagbag.py:487} INFO - Filling up the DagBag from /home/airflow/.local/lib/python3.6/site-packages/airflow/example_dags/example_branch_datetime_operator.py
[2022-06-07 01:21:50,579] {scheduler_job.py:643} INFO - DAG(s) dict_keys(['example_branch_datetime_operator_2']) retrieved from /home/airflow/.local/lib/python3.6/site-packages/airflow/example_dags/example_branch_datetime_operator.py
[2022-06-07 01:21:50,589] {logging_mixin.py:104} INFO - [2022-06-07 01:21:50,589] {dag.py:1832} INFO - Sync 1 DAGs
[2022-06-07 01:21:50,596] {logging_mixin.py:104} INFO - [2022-06-07 01:21:50,596] {dag.py:2305} INFO - Setting next_dagrun for example_branch_datetime_operator_2 to 2022-06-05 00:00:00+00:00
[2022-06-07 01:21:50,600] {scheduler_job.py:190} INFO - Processing /home/airflow/.local/lib/python3.6/site-packages/airflow/example_dags/example_branch_datetime_operator.py took 0.029 seconds
[2022-06-07 01:22:21,366] {scheduler_job.py:182} INFO - Started process (PID=374) to work on /home/airflow/.local/lib/python3.6/site-packages/airflow/example_dags/example_branch_datetime_operator.py
[2022-06-07 01:22:21,367] {scheduler_job.py:633} INFO - Processing file /home/airflow/.local/lib/python3.6/site-packages/airflow/example_dags/example_branch_datetime_operator.py for tasks to queue
[2022-06-07 01:22:21,368] {logging_mixin.py:104} INFO - [2022-06-07 01:22:21,368] {dagbag.py:487} INFO - Filling up the DagBag from /home/airflow/.local/lib/python3.6/site-packages/airflow/example_dags/example_branch_datetime_operator.py
[2022-06-07 01:22:21,374] {scheduler_job.py:643} INFO - DAG(s) dict_keys(['example_branch_datetime_operator_2']) retrieved from /home/airflow/.local/lib/python3.6/site-packages/airflow/example_dags/example_branch_datetime_operator.py
[2022-06-07 01:22:21,384] {logging_mixin.py:104} INFO - [2022-06-07 01:22:21,384] {dag.py:1832} INFO - Sync 1 DAGs
[2022-06-07 01:22:21,392] {logging_mixin.py:104} INFO - [2022-06-07 01:22:21,391] {dag.py:2305} INFO - Setting next_dagrun for example_branch_datetime_operator_2 to 2022-06-05 00:00:00+00:00
[2022-06-07 01:22:21,396] {scheduler_job.py:190} INFO - Processing /home/airflow/.local/lib/python3.6/site-packages/airflow/example_dags/example_branch_datetime_operator.py took 0.032 seconds
[2022-06-07 01:22:52,137] {scheduler_job.py:182} INFO - Started process (PID=504) to work on /home/airflow/.local/lib/python3.6/site-packages/airflow/example_dags/example_branch_datetime_operator.py
[2022-06-07 01:22:52,137] {scheduler_job.py:633} INFO - Processing file /home/airflow/.local/lib/python3.6/site-packages/airflow/example_dags/example_branch_datetime_operator.py for tasks to queue
[2022-06-07 01:22:52,137] {logging_mixin.py:104} INFO - [2022-06-07 01:22:52,137] {dagbag.py:487} INFO - Filling up the DagBag from /home/airflow/.local/lib/python3.6/site-packages/airflow/example_dags/example_branch_datetime_operator.py
[2022-06-07 01:22:52,144] {scheduler_job.py:643} INFO - DAG(s) dict_keys(['example_branch_datetime_operator_2']) retrieved from /home/airflow/.local/lib/python3.6/site-packages/airflow/example_dags/example_branch_datetime_operator.py
[2022-06-07 01:22:52,154] {logging_mixin.py:104} INFO - [2022-06-07 01:22:52,154] {dag.py:1832} INFO - Sync 1 DAGs
[2022-06-07 01:22:52,161] {logging_mixin.py:104} INFO - [2022-06-07 01:22:52,161] {dag.py:2305} INFO - Setting next_dagrun for example_branch_datetime_operator_2 to 2022-06-05 00:00:00+00:00
[2022-06-07 01:22:52,166] {scheduler_job.py:190} INFO - Processing /home/airflow/.local/lib/python3.6/site-packages/airflow/example_dags/example_branch_datetime_operator.py took 0.031 seconds
[2022-06-07 01:23:22,971] {scheduler_job.py:182} INFO - Started process (PID=611) to work on /home/airflow/.local/lib/python3.6/site-packages/airflow/example_dags/example_branch_datetime_operator.py
[2022-06-07 01:23:22,972] {scheduler_job.py:633} INFO - Processing file /home/airflow/.local/lib/python3.6/site-packages/airflow/example_dags/example_branch_datetime_operator.py for tasks to queue
[2022-06-07 01:23:22,972] {logging_mixin.py:104} INFO - [2022-06-07 01:23:22,972] {dagbag.py:487} INFO - Filling up the DagBag from /home/airflow/.local/lib/python3.6/site-packages/airflow/example_dags/example_branch_datetime_operator.py
[2022-06-07 01:23:22,978] {scheduler_job.py:643} INFO - DAG(s) dict_keys(['example_branch_datetime_operator_2']) retrieved from /home/airflow/.local/lib/python3.6/site-packages/airflow/example_dags/example_branch_datetime_operator.py
[2022-06-07 01:23:22,987] {logging_mixin.py:104} INFO - [2022-06-07 01:23:22,987] {dag.py:1832} INFO - Sync 1 DAGs
[2022-06-07 01:23:22,995] {logging_mixin.py:104} INFO - [2022-06-07 01:23:22,995] {dag.py:2305} INFO - Setting next_dagrun for example_branch_datetime_operator_2 to 2022-06-05 00:00:00+00:00
[2022-06-07 01:23:23,007] {scheduler_job.py:190} INFO - Processing /home/airflow/.local/lib/python3.6/site-packages/airflow/example_dags/example_branch_datetime_operator.py took 0.037 seconds
[2022-06-07 01:23:53,696] {scheduler_job.py:182} INFO - Started process (PID=731) to work on /home/airflow/.local/lib/python3.6/site-packages/airflow/example_dags/example_branch_datetime_operator.py
[2022-06-07 01:23:53,696] {scheduler_job.py:633} INFO - Processing file /home/airflow/.local/lib/python3.6/site-packages/airflow/example_dags/example_branch_datetime_operator.py for tasks to queue
[2022-06-07 01:23:53,697] {logging_mixin.py:104} INFO - [2022-06-07 01:23:53,697] {dagbag.py:487} INFO - Filling up the DagBag from /home/airflow/.local/lib/python3.6/site-packages/airflow/example_dags/example_branch_datetime_operator.py
[2022-06-07 01:23:53,703] {scheduler_job.py:643} INFO - DAG(s) dict_keys(['example_branch_datetime_operator_2']) retrieved from /home/airflow/.local/lib/python3.6/site-packages/airflow/example_dags/example_branch_datetime_operator.py
[2022-06-07 01:23:53,712] {logging_mixin.py:104} INFO - [2022-06-07 01:23:53,712] {dag.py:1832} INFO - Sync 1 DAGs
[2022-06-07 01:23:53,719] {logging_mixin.py:104} INFO - [2022-06-07 01:23:53,719] {dag.py:2305} INFO - Setting next_dagrun for example_branch_datetime_operator_2 to 2022-06-05 00:00:00+00:00
[2022-06-07 01:23:53,723] {scheduler_job.py:190} INFO - Processing /home/airflow/.local/lib/python3.6/site-packages/airflow/example_dags/example_branch_datetime_operator.py took 0.028 seconds
[2022-06-07 01:24:24,456] {scheduler_job.py:182} INFO - Started process (PID=861) to work on /home/airflow/.local/lib/python3.6/site-packages/airflow/example_dags/example_branch_datetime_operator.py
[2022-06-07 01:24:24,457] {scheduler_job.py:633} INFO - Processing file /home/airflow/.local/lib/python3.6/site-packages/airflow/example_dags/example_branch_datetime_operator.py for tasks to queue
[2022-06-07 01:24:24,458] {logging_mixin.py:104} INFO - [2022-06-07 01:24:24,458] {dagbag.py:487} INFO - Filling up the DagBag from /home/airflow/.local/lib/python3.6/site-packages/airflow/example_dags/example_branch_datetime_operator.py
[2022-06-07 01:24:24,466] {scheduler_job.py:643} INFO - DAG(s) dict_keys(['example_branch_datetime_operator_2']) retrieved from /home/airflow/.local/lib/python3.6/site-packages/airflow/example_dags/example_branch_datetime_operator.py
[2022-06-07 01:24:24,475] {logging_mixin.py:104} INFO - [2022-06-07 01:24:24,475] {dag.py:1832} INFO - Sync 1 DAGs
[2022-06-07 01:24:24,482] {logging_mixin.py:104} INFO - [2022-06-07 01:24:24,482] {dag.py:2305} INFO - Setting next_dagrun for example_branch_datetime_operator_2 to 2022-06-05 00:00:00+00:00
[2022-06-07 01:24:24,487] {scheduler_job.py:190} INFO - Processing /home/airflow/.local/lib/python3.6/site-packages/airflow/example_dags/example_branch_datetime_operator.py took 0.032 seconds
[2022-06-07 01:24:55,211] {scheduler_job.py:182} INFO - Started process (PID=991) to work on /home/airflow/.local/lib/python3.6/site-packages/airflow/example_dags/example_branch_datetime_operator.py
[2022-06-07 01:24:55,211] {scheduler_job.py:633} INFO - Processing file /home/airflow/.local/lib/python3.6/site-packages/airflow/example_dags/example_branch_datetime_operator.py for tasks to queue
[2022-06-07 01:24:55,211] {logging_mixin.py:104} INFO - [2022-06-07 01:24:55,211] {dagbag.py:487} INFO - Filling up the DagBag from /home/airflow/.local/lib/python3.6/site-packages/airflow/example_dags/example_branch_datetime_operator.py
[2022-06-07 01:24:55,218] {scheduler_job.py:643} INFO - DAG(s) dict_keys(['example_branch_datetime_operator_2']) retrieved from /home/airflow/.local/lib/python3.6/site-packages/airflow/example_dags/example_branch_datetime_operator.py
[2022-06-07 01:24:55,227] {logging_mixin.py:104} INFO - [2022-06-07 01:24:55,227] {dag.py:1832} INFO - Sync 1 DAGs
[2022-06-07 01:24:55,234] {logging_mixin.py:104} INFO - [2022-06-07 01:24:55,234] {dag.py:2305} INFO - Setting next_dagrun for example_branch_datetime_operator_2 to 2022-06-05 00:00:00+00:00
[2022-06-07 01:24:55,239] {scheduler_job.py:190} INFO - Processing /home/airflow/.local/lib/python3.6/site-packages/airflow/example_dags/example_branch_datetime_operator.py took 0.030 seconds
[2022-06-07 01:25:25,912] {scheduler_job.py:182} INFO - Started process (PID=1121) to work on /home/airflow/.local/lib/python3.6/site-packages/airflow/example_dags/example_branch_datetime_operator.py
[2022-06-07 01:25:25,913] {scheduler_job.py:633} INFO - Processing file /home/airflow/.local/lib/python3.6/site-packages/airflow/example_dags/example_branch_datetime_operator.py for tasks to queue
[2022-06-07 01:25:25,913] {logging_mixin.py:104} INFO - [2022-06-07 01:25:25,913] {dagbag.py:487} INFO - Filling up the DagBag from /home/airflow/.local/lib/python3.6/site-packages/airflow/example_dags/example_branch_datetime_operator.py
[2022-06-07 01:25:25,921] {scheduler_job.py:643} INFO - DAG(s) dict_keys(['example_branch_datetime_operator_2']) retrieved from /home/airflow/.local/lib/python3.6/site-packages/airflow/example_dags/example_branch_datetime_operator.py
[2022-06-07 01:25:25,931] {logging_mixin.py:104} INFO - [2022-06-07 01:25:25,931] {dag.py:1832} INFO - Sync 1 DAGs
[2022-06-07 01:25:25,938] {logging_mixin.py:104} INFO - [2022-06-07 01:25:25,938] {dag.py:2305} INFO - Setting next_dagrun for example_branch_datetime_operator_2 to 2022-06-05 00:00:00+00:00
[2022-06-07 01:25:25,943] {scheduler_job.py:190} INFO - Processing /home/airflow/.local/lib/python3.6/site-packages/airflow/example_dags/example_branch_datetime_operator.py took 0.032 seconds
[2022-06-07 01:25:56,691] {scheduler_job.py:182} INFO - Started process (PID=1218) to work on /home/airflow/.local/lib/python3.6/site-packages/airflow/example_dags/example_branch_datetime_operator.py
[2022-06-07 01:25:56,692] {scheduler_job.py:633} INFO - Processing file /home/airflow/.local/lib/python3.6/site-packages/airflow/example_dags/example_branch_datetime_operator.py for tasks to queue
[2022-06-07 01:25:56,692] {logging_mixin.py:104} INFO - [2022-06-07 01:25:56,692] {dagbag.py:487} INFO - Filling up the DagBag from /home/airflow/.local/lib/python3.6/site-packages/airflow/example_dags/example_branch_datetime_operator.py
[2022-06-07 01:25:56,699] {scheduler_job.py:643} INFO - DAG(s) dict_keys(['example_branch_datetime_operator_2']) retrieved from /home/airflow/.local/lib/python3.6/site-packages/airflow/example_dags/example_branch_datetime_operator.py
[2022-06-07 01:25:56,709] {logging_mixin.py:104} INFO - [2022-06-07 01:25:56,709] {dag.py:1832} INFO - Sync 1 DAGs
[2022-06-07 01:25:56,716] {logging_mixin.py:104} INFO - [2022-06-07 01:25:56,716] {dag.py:2305} INFO - Setting next_dagrun for example_branch_datetime_operator_2 to 2022-06-05 00:00:00+00:00
[2022-06-07 01:25:56,721] {scheduler_job.py:190} INFO - Processing /home/airflow/.local/lib/python3.6/site-packages/airflow/example_dags/example_branch_datetime_operator.py took 0.031 seconds
[2022-06-07 01:26:27,424] {scheduler_job.py:182} INFO - Started process (PID=1347) to work on /home/airflow/.local/lib/python3.6/site-packages/airflow/example_dags/example_branch_datetime_operator.py
[2022-06-07 01:26:27,424] {scheduler_job.py:633} INFO - Processing file /home/airflow/.local/lib/python3.6/site-packages/airflow/example_dags/example_branch_datetime_operator.py for tasks to queue
[2022-06-07 01:26:27,425] {logging_mixin.py:104} INFO - [2022-06-07 01:26:27,425] {dagbag.py:487} INFO - Filling up the DagBag from /home/airflow/.local/lib/python3.6/site-packages/airflow/example_dags/example_branch_datetime_operator.py
[2022-06-07 01:26:27,429] {scheduler_job.py:643} INFO - DAG(s) dict_keys(['example_branch_datetime_operator_2']) retrieved from /home/airflow/.local/lib/python3.6/site-packages/airflow/example_dags/example_branch_datetime_operator.py
[2022-06-07 01:26:27,439] {logging_mixin.py:104} INFO - [2022-06-07 01:26:27,439] {dag.py:1832} INFO - Sync 1 DAGs
[2022-06-07 01:26:27,446] {logging_mixin.py:104} INFO - [2022-06-07 01:26:27,446] {dag.py:2305} INFO - Setting next_dagrun for example_branch_datetime_operator_2 to 2022-06-05 00:00:00+00:00
[2022-06-07 01:26:27,451] {scheduler_job.py:190} INFO - Processing /home/airflow/.local/lib/python3.6/site-packages/airflow/example_dags/example_branch_datetime_operator.py took 0.028 seconds
[2022-06-07 01:26:58,090] {scheduler_job.py:182} INFO - Started process (PID=1477) to work on /home/airflow/.local/lib/python3.6/site-packages/airflow/example_dags/example_branch_datetime_operator.py
[2022-06-07 01:26:58,090] {scheduler_job.py:633} INFO - Processing file /home/airflow/.local/lib/python3.6/site-packages/airflow/example_dags/example_branch_datetime_operator.py for tasks to queue
[2022-06-07 01:26:58,091] {logging_mixin.py:104} INFO - [2022-06-07 01:26:58,090] {dagbag.py:487} INFO - Filling up the DagBag from /home/airflow/.local/lib/python3.6/site-packages/airflow/example_dags/example_branch_datetime_operator.py
[2022-06-07 01:26:58,095] {scheduler_job.py:643} INFO - DAG(s) dict_keys(['example_branch_datetime_operator_2']) retrieved from /home/airflow/.local/lib/python3.6/site-packages/airflow/example_dags/example_branch_datetime_operator.py
[2022-06-07 01:26:58,106] {logging_mixin.py:104} INFO - [2022-06-07 01:26:58,106] {dag.py:1832} INFO - Sync 1 DAGs
[2022-06-07 01:26:58,113] {logging_mixin.py:104} INFO - [2022-06-07 01:26:58,113] {dag.py:2305} INFO - Setting next_dagrun for example_branch_datetime_operator_2 to 2022-06-05 00:00:00+00:00
[2022-06-07 01:26:58,118] {scheduler_job.py:190} INFO - Processing /home/airflow/.local/lib/python3.6/site-packages/airflow/example_dags/example_branch_datetime_operator.py took 0.029 seconds
[2022-06-07 01:27:28,894] {scheduler_job.py:182} INFO - Started process (PID=1607) to work on /home/airflow/.local/lib/python3.6/site-packages/airflow/example_dags/example_branch_datetime_operator.py
[2022-06-07 01:27:28,895] {scheduler_job.py:633} INFO - Processing file /home/airflow/.local/lib/python3.6/site-packages/airflow/example_dags/example_branch_datetime_operator.py for tasks to queue
[2022-06-07 01:27:28,895] {logging_mixin.py:104} INFO - [2022-06-07 01:27:28,895] {dagbag.py:487} INFO - Filling up the DagBag from /home/airflow/.local/lib/python3.6/site-packages/airflow/example_dags/example_branch_datetime_operator.py
[2022-06-07 01:27:28,902] {scheduler_job.py:643} INFO - DAG(s) dict_keys(['example_branch_datetime_operator_2']) retrieved from /home/airflow/.local/lib/python3.6/site-packages/airflow/example_dags/example_branch_datetime_operator.py
[2022-06-07 01:27:28,912] {logging_mixin.py:104} INFO - [2022-06-07 01:27:28,912] {dag.py:1832} INFO - Sync 1 DAGs
[2022-06-07 01:27:28,919] {logging_mixin.py:104} INFO - [2022-06-07 01:27:28,919] {dag.py:2305} INFO - Setting next_dagrun for example_branch_datetime_operator_2 to 2022-06-05 00:00:00+00:00
[2022-06-07 01:27:28,923] {scheduler_job.py:190} INFO - Processing /home/airflow/.local/lib/python3.6/site-packages/airflow/example_dags/example_branch_datetime_operator.py took 0.030 seconds
