[2022-06-07 01:21:29,508] {scheduler_job.py:182} INFO - Started process (PID=167) to work on /home/airflow/.local/lib/python3.6/site-packages/airflow/example_dags/example_short_circuit_operator.py
[2022-06-07 01:21:29,509] {scheduler_job.py:633} INFO - Processing file /home/airflow/.local/lib/python3.6/site-packages/airflow/example_dags/example_short_circuit_operator.py for tasks to queue
[2022-06-07 01:21:29,509] {logging_mixin.py:104} INFO - [2022-06-07 01:21:29,509] {dagbag.py:487} INFO - Filling up the DagBag from /home/airflow/.local/lib/python3.6/site-packages/airflow/example_dags/example_short_circuit_operator.py
[2022-06-07 01:21:29,514] {scheduler_job.py:643} INFO - DAG(s) dict_keys(['example_short_circuit_operator']) retrieved from /home/airflow/.local/lib/python3.6/site-packages/airflow/example_dags/example_short_circuit_operator.py
[2022-06-07 01:21:30,374] {logging_mixin.py:104} INFO - [2022-06-07 01:21:30,373] {dag.py:1832} INFO - Sync 1 DAGs
[2022-06-07 01:21:30,379] {logging_mixin.py:104} INFO - [2022-06-07 01:21:30,378] {dag.py:1851} INFO - Creating ORM DAG for example_short_circuit_operator
[2022-06-07 01:21:30,381] {logging_mixin.py:104} INFO - [2022-06-07 01:21:30,381] {dag.py:2305} INFO - Setting next_dagrun for example_short_circuit_operator to 2022-06-05 00:00:00+00:00
[2022-06-07 01:21:30,388] {scheduler_job.py:190} INFO - Processing /home/airflow/.local/lib/python3.6/site-packages/airflow/example_dags/example_short_circuit_operator.py took 0.881 seconds
[2022-06-07 01:22:01,139] {scheduler_job.py:182} INFO - Started process (PID=300) to work on /home/airflow/.local/lib/python3.6/site-packages/airflow/example_dags/example_short_circuit_operator.py
[2022-06-07 01:22:01,140] {scheduler_job.py:633} INFO - Processing file /home/airflow/.local/lib/python3.6/site-packages/airflow/example_dags/example_short_circuit_operator.py for tasks to queue
[2022-06-07 01:22:01,141] {logging_mixin.py:104} INFO - [2022-06-07 01:22:01,141] {dagbag.py:487} INFO - Filling up the DagBag from /home/airflow/.local/lib/python3.6/site-packages/airflow/example_dags/example_short_circuit_operator.py
[2022-06-07 01:22:01,149] {scheduler_job.py:643} INFO - DAG(s) dict_keys(['example_short_circuit_operator']) retrieved from /home/airflow/.local/lib/python3.6/site-packages/airflow/example_dags/example_short_circuit_operator.py
[2022-06-07 01:22:01,159] {logging_mixin.py:104} INFO - [2022-06-07 01:22:01,159] {dag.py:1832} INFO - Sync 1 DAGs
[2022-06-07 01:22:01,165] {logging_mixin.py:104} INFO - [2022-06-07 01:22:01,165] {dag.py:2305} INFO - Setting next_dagrun for example_short_circuit_operator to 2022-06-05 00:00:00+00:00
[2022-06-07 01:22:01,169] {scheduler_job.py:190} INFO - Processing /home/airflow/.local/lib/python3.6/site-packages/airflow/example_dags/example_short_circuit_operator.py took 0.032 seconds
[2022-06-07 01:22:31,895] {scheduler_job.py:182} INFO - Started process (PID=429) to work on /home/airflow/.local/lib/python3.6/site-packages/airflow/example_dags/example_short_circuit_operator.py
[2022-06-07 01:22:31,895] {scheduler_job.py:633} INFO - Processing file /home/airflow/.local/lib/python3.6/site-packages/airflow/example_dags/example_short_circuit_operator.py for tasks to queue
[2022-06-07 01:22:31,896] {logging_mixin.py:104} INFO - [2022-06-07 01:22:31,896] {dagbag.py:487} INFO - Filling up the DagBag from /home/airflow/.local/lib/python3.6/site-packages/airflow/example_dags/example_short_circuit_operator.py
[2022-06-07 01:22:31,902] {scheduler_job.py:643} INFO - DAG(s) dict_keys(['example_short_circuit_operator']) retrieved from /home/airflow/.local/lib/python3.6/site-packages/airflow/example_dags/example_short_circuit_operator.py
[2022-06-07 01:22:31,911] {logging_mixin.py:104} INFO - [2022-06-07 01:22:31,911] {dag.py:1832} INFO - Sync 1 DAGs
[2022-06-07 01:22:31,917] {logging_mixin.py:104} INFO - [2022-06-07 01:22:31,917] {dag.py:2305} INFO - Setting next_dagrun for example_short_circuit_operator to 2022-06-05 00:00:00+00:00
[2022-06-07 01:22:31,921] {scheduler_job.py:190} INFO - Processing /home/airflow/.local/lib/python3.6/site-packages/airflow/example_dags/example_short_circuit_operator.py took 0.028 seconds
[2022-06-07 01:23:02,721] {scheduler_job.py:182} INFO - Started process (PID=559) to work on /home/airflow/.local/lib/python3.6/site-packages/airflow/example_dags/example_short_circuit_operator.py
[2022-06-07 01:23:02,722] {scheduler_job.py:633} INFO - Processing file /home/airflow/.local/lib/python3.6/site-packages/airflow/example_dags/example_short_circuit_operator.py for tasks to queue
[2022-06-07 01:23:02,722] {logging_mixin.py:104} INFO - [2022-06-07 01:23:02,722] {dagbag.py:487} INFO - Filling up the DagBag from /home/airflow/.local/lib/python3.6/site-packages/airflow/example_dags/example_short_circuit_operator.py
[2022-06-07 01:23:02,729] {scheduler_job.py:643} INFO - DAG(s) dict_keys(['example_short_circuit_operator']) retrieved from /home/airflow/.local/lib/python3.6/site-packages/airflow/example_dags/example_short_circuit_operator.py
[2022-06-07 01:23:02,738] {logging_mixin.py:104} INFO - [2022-06-07 01:23:02,738] {dag.py:1832} INFO - Sync 1 DAGs
[2022-06-07 01:23:02,744] {logging_mixin.py:104} INFO - [2022-06-07 01:23:02,744] {dag.py:2305} INFO - Setting next_dagrun for example_short_circuit_operator to 2022-06-05 00:00:00+00:00
[2022-06-07 01:23:02,756] {scheduler_job.py:190} INFO - Processing /home/airflow/.local/lib/python3.6/site-packages/airflow/example_dags/example_short_circuit_operator.py took 0.036 seconds
[2022-06-07 01:23:33,429] {scheduler_job.py:182} INFO - Started process (PID=663) to work on /home/airflow/.local/lib/python3.6/site-packages/airflow/example_dags/example_short_circuit_operator.py
[2022-06-07 01:23:33,429] {scheduler_job.py:633} INFO - Processing file /home/airflow/.local/lib/python3.6/site-packages/airflow/example_dags/example_short_circuit_operator.py for tasks to queue
[2022-06-07 01:23:33,429] {logging_mixin.py:104} INFO - [2022-06-07 01:23:33,429] {dagbag.py:487} INFO - Filling up the DagBag from /home/airflow/.local/lib/python3.6/site-packages/airflow/example_dags/example_short_circuit_operator.py
[2022-06-07 01:23:33,436] {scheduler_job.py:643} INFO - DAG(s) dict_keys(['example_short_circuit_operator']) retrieved from /home/airflow/.local/lib/python3.6/site-packages/airflow/example_dags/example_short_circuit_operator.py
[2022-06-07 01:23:33,445] {logging_mixin.py:104} INFO - [2022-06-07 01:23:33,445] {dag.py:1832} INFO - Sync 1 DAGs
[2022-06-07 01:23:33,451] {logging_mixin.py:104} INFO - [2022-06-07 01:23:33,451] {dag.py:2305} INFO - Setting next_dagrun for example_short_circuit_operator to 2022-06-05 00:00:00+00:00
[2022-06-07 01:23:33,455] {scheduler_job.py:190} INFO - Processing /home/airflow/.local/lib/python3.6/site-packages/airflow/example_dags/example_short_circuit_operator.py took 0.027 seconds
[2022-06-07 01:24:04,207] {scheduler_job.py:182} INFO - Started process (PID=786) to work on /home/airflow/.local/lib/python3.6/site-packages/airflow/example_dags/example_short_circuit_operator.py
[2022-06-07 01:24:04,208] {scheduler_job.py:633} INFO - Processing file /home/airflow/.local/lib/python3.6/site-packages/airflow/example_dags/example_short_circuit_operator.py for tasks to queue
[2022-06-07 01:24:04,209] {logging_mixin.py:104} INFO - [2022-06-07 01:24:04,209] {dagbag.py:487} INFO - Filling up the DagBag from /home/airflow/.local/lib/python3.6/site-packages/airflow/example_dags/example_short_circuit_operator.py
[2022-06-07 01:24:04,217] {scheduler_job.py:643} INFO - DAG(s) dict_keys(['example_short_circuit_operator']) retrieved from /home/airflow/.local/lib/python3.6/site-packages/airflow/example_dags/example_short_circuit_operator.py
[2022-06-07 01:24:04,227] {logging_mixin.py:104} INFO - [2022-06-07 01:24:04,227] {dag.py:1832} INFO - Sync 1 DAGs
[2022-06-07 01:24:04,233] {logging_mixin.py:104} INFO - [2022-06-07 01:24:04,233] {dag.py:2305} INFO - Setting next_dagrun for example_short_circuit_operator to 2022-06-05 00:00:00+00:00
[2022-06-07 01:24:04,237] {scheduler_job.py:190} INFO - Processing /home/airflow/.local/lib/python3.6/site-packages/airflow/example_dags/example_short_circuit_operator.py took 0.031 seconds
[2022-06-07 01:24:34,959] {scheduler_job.py:182} INFO - Started process (PID=916) to work on /home/airflow/.local/lib/python3.6/site-packages/airflow/example_dags/example_short_circuit_operator.py
[2022-06-07 01:24:34,959] {scheduler_job.py:633} INFO - Processing file /home/airflow/.local/lib/python3.6/site-packages/airflow/example_dags/example_short_circuit_operator.py for tasks to queue
[2022-06-07 01:24:34,959] {logging_mixin.py:104} INFO - [2022-06-07 01:24:34,959] {dagbag.py:487} INFO - Filling up the DagBag from /home/airflow/.local/lib/python3.6/site-packages/airflow/example_dags/example_short_circuit_operator.py
[2022-06-07 01:24:34,966] {scheduler_job.py:643} INFO - DAG(s) dict_keys(['example_short_circuit_operator']) retrieved from /home/airflow/.local/lib/python3.6/site-packages/airflow/example_dags/example_short_circuit_operator.py
[2022-06-07 01:24:34,975] {logging_mixin.py:104} INFO - [2022-06-07 01:24:34,975] {dag.py:1832} INFO - Sync 1 DAGs
[2022-06-07 01:24:34,981] {logging_mixin.py:104} INFO - [2022-06-07 01:24:34,980] {dag.py:2305} INFO - Setting next_dagrun for example_short_circuit_operator to 2022-06-05 00:00:00+00:00
[2022-06-07 01:24:34,985] {scheduler_job.py:190} INFO - Processing /home/airflow/.local/lib/python3.6/site-packages/airflow/example_dags/example_short_circuit_operator.py took 0.028 seconds
[2022-06-07 01:25:05,680] {scheduler_job.py:182} INFO - Started process (PID=1046) to work on /home/airflow/.local/lib/python3.6/site-packages/airflow/example_dags/example_short_circuit_operator.py
[2022-06-07 01:25:05,680] {scheduler_job.py:633} INFO - Processing file /home/airflow/.local/lib/python3.6/site-packages/airflow/example_dags/example_short_circuit_operator.py for tasks to queue
[2022-06-07 01:25:05,680] {logging_mixin.py:104} INFO - [2022-06-07 01:25:05,680] {dagbag.py:487} INFO - Filling up the DagBag from /home/airflow/.local/lib/python3.6/site-packages/airflow/example_dags/example_short_circuit_operator.py
[2022-06-07 01:25:05,687] {scheduler_job.py:643} INFO - DAG(s) dict_keys(['example_short_circuit_operator']) retrieved from /home/airflow/.local/lib/python3.6/site-packages/airflow/example_dags/example_short_circuit_operator.py
[2022-06-07 01:25:05,696] {logging_mixin.py:104} INFO - [2022-06-07 01:25:05,696] {dag.py:1832} INFO - Sync 1 DAGs
[2022-06-07 01:25:05,702] {logging_mixin.py:104} INFO - [2022-06-07 01:25:05,702] {dag.py:2305} INFO - Setting next_dagrun for example_short_circuit_operator to 2022-06-05 00:00:00+00:00
[2022-06-07 01:25:05,707] {scheduler_job.py:190} INFO - Processing /home/airflow/.local/lib/python3.6/site-packages/airflow/example_dags/example_short_circuit_operator.py took 0.029 seconds
[2022-06-07 01:25:36,470] {scheduler_job.py:182} INFO - Started process (PID=1153) to work on /home/airflow/.local/lib/python3.6/site-packages/airflow/example_dags/example_short_circuit_operator.py
[2022-06-07 01:25:36,470] {scheduler_job.py:633} INFO - Processing file /home/airflow/.local/lib/python3.6/site-packages/airflow/example_dags/example_short_circuit_operator.py for tasks to queue
[2022-06-07 01:25:36,471] {logging_mixin.py:104} INFO - [2022-06-07 01:25:36,471] {dagbag.py:487} INFO - Filling up the DagBag from /home/airflow/.local/lib/python3.6/site-packages/airflow/example_dags/example_short_circuit_operator.py
[2022-06-07 01:25:36,477] {scheduler_job.py:643} INFO - DAG(s) dict_keys(['example_short_circuit_operator']) retrieved from /home/airflow/.local/lib/python3.6/site-packages/airflow/example_dags/example_short_circuit_operator.py
[2022-06-07 01:25:36,488] {logging_mixin.py:104} INFO - [2022-06-07 01:25:36,488] {dag.py:1832} INFO - Sync 1 DAGs
[2022-06-07 01:25:36,494] {logging_mixin.py:104} INFO - [2022-06-07 01:25:36,494] {dag.py:2305} INFO - Setting next_dagrun for example_short_circuit_operator to 2022-06-05 00:00:00+00:00
[2022-06-07 01:25:36,500] {scheduler_job.py:190} INFO - Processing /home/airflow/.local/lib/python3.6/site-packages/airflow/example_dags/example_short_circuit_operator.py took 0.031 seconds
[2022-06-07 01:26:07,147] {scheduler_job.py:182} INFO - Started process (PID=1272) to work on /home/airflow/.local/lib/python3.6/site-packages/airflow/example_dags/example_short_circuit_operator.py
[2022-06-07 01:26:07,147] {scheduler_job.py:633} INFO - Processing file /home/airflow/.local/lib/python3.6/site-packages/airflow/example_dags/example_short_circuit_operator.py for tasks to queue
[2022-06-07 01:26:07,147] {logging_mixin.py:104} INFO - [2022-06-07 01:26:07,147] {dagbag.py:487} INFO - Filling up the DagBag from /home/airflow/.local/lib/python3.6/site-packages/airflow/example_dags/example_short_circuit_operator.py
[2022-06-07 01:26:07,156] {scheduler_job.py:643} INFO - DAG(s) dict_keys(['example_short_circuit_operator']) retrieved from /home/airflow/.local/lib/python3.6/site-packages/airflow/example_dags/example_short_circuit_operator.py
[2022-06-07 01:26:07,166] {logging_mixin.py:104} INFO - [2022-06-07 01:26:07,166] {dag.py:1832} INFO - Sync 1 DAGs
[2022-06-07 01:26:07,172] {logging_mixin.py:104} INFO - [2022-06-07 01:26:07,171] {dag.py:2305} INFO - Setting next_dagrun for example_short_circuit_operator to 2022-06-05 00:00:00+00:00
[2022-06-07 01:26:07,175] {scheduler_job.py:190} INFO - Processing /home/airflow/.local/lib/python3.6/site-packages/airflow/example_dags/example_short_circuit_operator.py took 0.030 seconds
[2022-06-07 01:26:37,838] {scheduler_job.py:182} INFO - Started process (PID=1402) to work on /home/airflow/.local/lib/python3.6/site-packages/airflow/example_dags/example_short_circuit_operator.py
[2022-06-07 01:26:37,838] {scheduler_job.py:633} INFO - Processing file /home/airflow/.local/lib/python3.6/site-packages/airflow/example_dags/example_short_circuit_operator.py for tasks to queue
[2022-06-07 01:26:37,838] {logging_mixin.py:104} INFO - [2022-06-07 01:26:37,838] {dagbag.py:487} INFO - Filling up the DagBag from /home/airflow/.local/lib/python3.6/site-packages/airflow/example_dags/example_short_circuit_operator.py
[2022-06-07 01:26:37,844] {scheduler_job.py:643} INFO - DAG(s) dict_keys(['example_short_circuit_operator']) retrieved from /home/airflow/.local/lib/python3.6/site-packages/airflow/example_dags/example_short_circuit_operator.py
[2022-06-07 01:26:37,854] {logging_mixin.py:104} INFO - [2022-06-07 01:26:37,854] {dag.py:1832} INFO - Sync 1 DAGs
[2022-06-07 01:26:37,860] {logging_mixin.py:104} INFO - [2022-06-07 01:26:37,860] {dag.py:2305} INFO - Setting next_dagrun for example_short_circuit_operator to 2022-06-05 00:00:00+00:00
[2022-06-07 01:26:37,865] {scheduler_job.py:190} INFO - Processing /home/airflow/.local/lib/python3.6/site-packages/airflow/example_dags/example_short_circuit_operator.py took 0.028 seconds
[2022-06-07 01:27:08,678] {scheduler_job.py:182} INFO - Started process (PID=1532) to work on /home/airflow/.local/lib/python3.6/site-packages/airflow/example_dags/example_short_circuit_operator.py
[2022-06-07 01:27:08,679] {scheduler_job.py:633} INFO - Processing file /home/airflow/.local/lib/python3.6/site-packages/airflow/example_dags/example_short_circuit_operator.py for tasks to queue
[2022-06-07 01:27:08,679] {logging_mixin.py:104} INFO - [2022-06-07 01:27:08,679] {dagbag.py:487} INFO - Filling up the DagBag from /home/airflow/.local/lib/python3.6/site-packages/airflow/example_dags/example_short_circuit_operator.py
[2022-06-07 01:27:08,685] {scheduler_job.py:643} INFO - DAG(s) dict_keys(['example_short_circuit_operator']) retrieved from /home/airflow/.local/lib/python3.6/site-packages/airflow/example_dags/example_short_circuit_operator.py
[2022-06-07 01:27:08,695] {logging_mixin.py:104} INFO - [2022-06-07 01:27:08,695] {dag.py:1832} INFO - Sync 1 DAGs
[2022-06-07 01:27:08,701] {logging_mixin.py:104} INFO - [2022-06-07 01:27:08,701] {dag.py:2305} INFO - Setting next_dagrun for example_short_circuit_operator to 2022-06-05 00:00:00+00:00
[2022-06-07 01:27:08,705] {scheduler_job.py:190} INFO - Processing /home/airflow/.local/lib/python3.6/site-packages/airflow/example_dags/example_short_circuit_operator.py took 0.029 seconds
[2022-06-07 01:27:39,243] {scheduler_job.py:182} INFO - Started process (PID=1661) to work on /home/airflow/.local/lib/python3.6/site-packages/airflow/example_dags/example_short_circuit_operator.py
[2022-06-07 01:27:39,243] {scheduler_job.py:633} INFO - Processing file /home/airflow/.local/lib/python3.6/site-packages/airflow/example_dags/example_short_circuit_operator.py for tasks to queue
[2022-06-07 01:27:39,244] {logging_mixin.py:104} INFO - [2022-06-07 01:27:39,244] {dagbag.py:487} INFO - Filling up the DagBag from /home/airflow/.local/lib/python3.6/site-packages/airflow/example_dags/example_short_circuit_operator.py
[2022-06-07 01:27:39,251] {scheduler_job.py:643} INFO - DAG(s) dict_keys(['example_short_circuit_operator']) retrieved from /home/airflow/.local/lib/python3.6/site-packages/airflow/example_dags/example_short_circuit_operator.py
[2022-06-07 01:27:39,278] {logging_mixin.py:104} INFO - [2022-06-07 01:27:39,278] {dag.py:1832} INFO - Sync 1 DAGs
[2022-06-07 01:27:39,288] {logging_mixin.py:104} INFO - [2022-06-07 01:27:39,287] {dag.py:2305} INFO - Setting next_dagrun for example_short_circuit_operator to 2022-06-05 00:00:00+00:00
[2022-06-07 01:27:39,293] {scheduler_job.py:190} INFO - Processing /home/airflow/.local/lib/python3.6/site-packages/airflow/example_dags/example_short_circuit_operator.py took 0.052 seconds
