[2022-06-07 01:21:27,730] {scheduler_job.py:182} INFO - Started process (PID=159) to work on /home/airflow/.local/lib/python3.6/site-packages/airflow/example_dags/example_python_operator.py
[2022-06-07 01:21:27,730] {scheduler_job.py:633} INFO - Processing file /home/airflow/.local/lib/python3.6/site-packages/airflow/example_dags/example_python_operator.py for tasks to queue
[2022-06-07 01:21:27,730] {logging_mixin.py:104} INFO - [2022-06-07 01:21:27,730] {dagbag.py:487} INFO - Filling up the DagBag from /home/airflow/.local/lib/python3.6/site-packages/airflow/example_dags/example_python_operator.py
[2022-06-07 01:21:27,737] {scheduler_job.py:643} INFO - DAG(s) dict_keys(['example_python_operator']) retrieved from /home/airflow/.local/lib/python3.6/site-packages/airflow/example_dags/example_python_operator.py
[2022-06-07 01:21:28,596] {logging_mixin.py:104} INFO - [2022-06-07 01:21:28,596] {dag.py:1832} INFO - Sync 1 DAGs
[2022-06-07 01:21:28,601] {logging_mixin.py:104} INFO - [2022-06-07 01:21:28,600] {dag.py:1851} INFO - Creating ORM DAG for example_python_operator
[2022-06-07 01:21:28,602] {logging_mixin.py:104} INFO - [2022-06-07 01:21:28,602] {dag.py:2305} INFO - Setting next_dagrun for example_python_operator to None
[2022-06-07 01:21:28,606] {scheduler_job.py:190} INFO - Processing /home/airflow/.local/lib/python3.6/site-packages/airflow/example_dags/example_python_operator.py took 0.878 seconds
[2022-06-07 01:21:59,050] {scheduler_job.py:182} INFO - Started process (PID=296) to work on /home/airflow/.local/lib/python3.6/site-packages/airflow/example_dags/example_python_operator.py
[2022-06-07 01:21:59,051] {scheduler_job.py:633} INFO - Processing file /home/airflow/.local/lib/python3.6/site-packages/airflow/example_dags/example_python_operator.py for tasks to queue
[2022-06-07 01:21:59,052] {logging_mixin.py:104} INFO - [2022-06-07 01:21:59,052] {dagbag.py:487} INFO - Filling up the DagBag from /home/airflow/.local/lib/python3.6/site-packages/airflow/example_dags/example_python_operator.py
[2022-06-07 01:21:59,060] {scheduler_job.py:643} INFO - DAG(s) dict_keys(['example_python_operator']) retrieved from /home/airflow/.local/lib/python3.6/site-packages/airflow/example_dags/example_python_operator.py
[2022-06-07 01:21:59,069] {logging_mixin.py:104} INFO - [2022-06-07 01:21:59,069] {dag.py:1832} INFO - Sync 1 DAGs
[2022-06-07 01:21:59,075] {logging_mixin.py:104} INFO - [2022-06-07 01:21:59,075] {dag.py:2305} INFO - Setting next_dagrun for example_python_operator to None
[2022-06-07 01:21:59,080] {scheduler_job.py:190} INFO - Processing /home/airflow/.local/lib/python3.6/site-packages/airflow/example_dags/example_python_operator.py took 0.032 seconds
[2022-06-07 01:22:29,830] {scheduler_job.py:182} INFO - Started process (PID=425) to work on /home/airflow/.local/lib/python3.6/site-packages/airflow/example_dags/example_python_operator.py
[2022-06-07 01:22:29,830] {scheduler_job.py:633} INFO - Processing file /home/airflow/.local/lib/python3.6/site-packages/airflow/example_dags/example_python_operator.py for tasks to queue
[2022-06-07 01:22:29,830] {logging_mixin.py:104} INFO - [2022-06-07 01:22:29,830] {dagbag.py:487} INFO - Filling up the DagBag from /home/airflow/.local/lib/python3.6/site-packages/airflow/example_dags/example_python_operator.py
[2022-06-07 01:22:29,837] {scheduler_job.py:643} INFO - DAG(s) dict_keys(['example_python_operator']) retrieved from /home/airflow/.local/lib/python3.6/site-packages/airflow/example_dags/example_python_operator.py
[2022-06-07 01:22:29,846] {logging_mixin.py:104} INFO - [2022-06-07 01:22:29,846] {dag.py:1832} INFO - Sync 1 DAGs
[2022-06-07 01:22:29,852] {logging_mixin.py:104} INFO - [2022-06-07 01:22:29,852] {dag.py:2305} INFO - Setting next_dagrun for example_python_operator to None
[2022-06-07 01:22:29,856] {scheduler_job.py:190} INFO - Processing /home/airflow/.local/lib/python3.6/site-packages/airflow/example_dags/example_python_operator.py took 0.029 seconds
[2022-06-07 01:23:00,668] {scheduler_job.py:182} INFO - Started process (PID=532) to work on /home/airflow/.local/lib/python3.6/site-packages/airflow/example_dags/example_python_operator.py
[2022-06-07 01:23:00,669] {scheduler_job.py:633} INFO - Processing file /home/airflow/.local/lib/python3.6/site-packages/airflow/example_dags/example_python_operator.py for tasks to queue
[2022-06-07 01:23:00,669] {logging_mixin.py:104} INFO - [2022-06-07 01:23:00,669] {dagbag.py:487} INFO - Filling up the DagBag from /home/airflow/.local/lib/python3.6/site-packages/airflow/example_dags/example_python_operator.py
[2022-06-07 01:23:00,676] {scheduler_job.py:643} INFO - DAG(s) dict_keys(['example_python_operator']) retrieved from /home/airflow/.local/lib/python3.6/site-packages/airflow/example_dags/example_python_operator.py
[2022-06-07 01:23:00,685] {logging_mixin.py:104} INFO - [2022-06-07 01:23:00,685] {dag.py:1832} INFO - Sync 1 DAGs
[2022-06-07 01:23:00,691] {logging_mixin.py:104} INFO - [2022-06-07 01:23:00,691] {dag.py:2305} INFO - Setting next_dagrun for example_python_operator to None
[2022-06-07 01:23:00,695] {scheduler_job.py:190} INFO - Processing /home/airflow/.local/lib/python3.6/site-packages/airflow/example_dags/example_python_operator.py took 0.028 seconds
[2022-06-07 01:23:31,376] {scheduler_job.py:182} INFO - Started process (PID=652) to work on /home/airflow/.local/lib/python3.6/site-packages/airflow/example_dags/example_python_operator.py
[2022-06-07 01:23:31,377] {scheduler_job.py:633} INFO - Processing file /home/airflow/.local/lib/python3.6/site-packages/airflow/example_dags/example_python_operator.py for tasks to queue
[2022-06-07 01:23:31,377] {logging_mixin.py:104} INFO - [2022-06-07 01:23:31,377] {dagbag.py:487} INFO - Filling up the DagBag from /home/airflow/.local/lib/python3.6/site-packages/airflow/example_dags/example_python_operator.py
[2022-06-07 01:23:31,384] {scheduler_job.py:643} INFO - DAG(s) dict_keys(['example_python_operator']) retrieved from /home/airflow/.local/lib/python3.6/site-packages/airflow/example_dags/example_python_operator.py
[2022-06-07 01:23:31,392] {logging_mixin.py:104} INFO - [2022-06-07 01:23:31,392] {dag.py:1832} INFO - Sync 1 DAGs
[2022-06-07 01:23:31,398] {logging_mixin.py:104} INFO - [2022-06-07 01:23:31,398] {dag.py:2305} INFO - Setting next_dagrun for example_python_operator to None
[2022-06-07 01:23:31,402] {scheduler_job.py:190} INFO - Processing /home/airflow/.local/lib/python3.6/site-packages/airflow/example_dags/example_python_operator.py took 0.028 seconds
[2022-06-07 01:24:02,154] {scheduler_job.py:182} INFO - Started process (PID=782) to work on /home/airflow/.local/lib/python3.6/site-packages/airflow/example_dags/example_python_operator.py
[2022-06-07 01:24:02,154] {scheduler_job.py:633} INFO - Processing file /home/airflow/.local/lib/python3.6/site-packages/airflow/example_dags/example_python_operator.py for tasks to queue
[2022-06-07 01:24:02,155] {logging_mixin.py:104} INFO - [2022-06-07 01:24:02,155] {dagbag.py:487} INFO - Filling up the DagBag from /home/airflow/.local/lib/python3.6/site-packages/airflow/example_dags/example_python_operator.py
[2022-06-07 01:24:02,163] {scheduler_job.py:643} INFO - DAG(s) dict_keys(['example_python_operator']) retrieved from /home/airflow/.local/lib/python3.6/site-packages/airflow/example_dags/example_python_operator.py
[2022-06-07 01:24:02,172] {logging_mixin.py:104} INFO - [2022-06-07 01:24:02,172] {dag.py:1832} INFO - Sync 1 DAGs
[2022-06-07 01:24:02,178] {logging_mixin.py:104} INFO - [2022-06-07 01:24:02,178] {dag.py:2305} INFO - Setting next_dagrun for example_python_operator to None
[2022-06-07 01:24:02,183] {scheduler_job.py:190} INFO - Processing /home/airflow/.local/lib/python3.6/site-packages/airflow/example_dags/example_python_operator.py took 0.031 seconds
[2022-06-07 01:24:32,907] {scheduler_job.py:182} INFO - Started process (PID=912) to work on /home/airflow/.local/lib/python3.6/site-packages/airflow/example_dags/example_python_operator.py
[2022-06-07 01:24:32,907] {scheduler_job.py:633} INFO - Processing file /home/airflow/.local/lib/python3.6/site-packages/airflow/example_dags/example_python_operator.py for tasks to queue
[2022-06-07 01:24:32,907] {logging_mixin.py:104} INFO - [2022-06-07 01:24:32,907] {dagbag.py:487} INFO - Filling up the DagBag from /home/airflow/.local/lib/python3.6/site-packages/airflow/example_dags/example_python_operator.py
[2022-06-07 01:24:32,914] {scheduler_job.py:643} INFO - DAG(s) dict_keys(['example_python_operator']) retrieved from /home/airflow/.local/lib/python3.6/site-packages/airflow/example_dags/example_python_operator.py
[2022-06-07 01:24:32,923] {logging_mixin.py:104} INFO - [2022-06-07 01:24:32,923] {dag.py:1832} INFO - Sync 1 DAGs
[2022-06-07 01:24:32,928] {logging_mixin.py:104} INFO - [2022-06-07 01:24:32,928] {dag.py:2305} INFO - Setting next_dagrun for example_python_operator to None
[2022-06-07 01:24:32,933] {scheduler_job.py:190} INFO - Processing /home/airflow/.local/lib/python3.6/site-packages/airflow/example_dags/example_python_operator.py took 0.028 seconds
[2022-06-07 01:25:03,627] {scheduler_job.py:182} INFO - Started process (PID=1042) to work on /home/airflow/.local/lib/python3.6/site-packages/airflow/example_dags/example_python_operator.py
[2022-06-07 01:25:03,628] {scheduler_job.py:633} INFO - Processing file /home/airflow/.local/lib/python3.6/site-packages/airflow/example_dags/example_python_operator.py for tasks to queue
[2022-06-07 01:25:03,628] {logging_mixin.py:104} INFO - [2022-06-07 01:25:03,628] {dagbag.py:487} INFO - Filling up the DagBag from /home/airflow/.local/lib/python3.6/site-packages/airflow/example_dags/example_python_operator.py
[2022-06-07 01:25:03,635] {scheduler_job.py:643} INFO - DAG(s) dict_keys(['example_python_operator']) retrieved from /home/airflow/.local/lib/python3.6/site-packages/airflow/example_dags/example_python_operator.py
[2022-06-07 01:25:03,644] {logging_mixin.py:104} INFO - [2022-06-07 01:25:03,644] {dag.py:1832} INFO - Sync 1 DAGs
[2022-06-07 01:25:03,649] {logging_mixin.py:104} INFO - [2022-06-07 01:25:03,649] {dag.py:2305} INFO - Setting next_dagrun for example_python_operator to None
[2022-06-07 01:25:03,654] {scheduler_job.py:190} INFO - Processing /home/airflow/.local/lib/python3.6/site-packages/airflow/example_dags/example_python_operator.py took 0.028 seconds
[2022-06-07 01:25:34,381] {scheduler_job.py:182} INFO - Started process (PID=1139) to work on /home/airflow/.local/lib/python3.6/site-packages/airflow/example_dags/example_python_operator.py
[2022-06-07 01:25:34,381] {scheduler_job.py:633} INFO - Processing file /home/airflow/.local/lib/python3.6/site-packages/airflow/example_dags/example_python_operator.py for tasks to queue
[2022-06-07 01:25:34,381] {logging_mixin.py:104} INFO - [2022-06-07 01:25:34,381] {dagbag.py:487} INFO - Filling up the DagBag from /home/airflow/.local/lib/python3.6/site-packages/airflow/example_dags/example_python_operator.py
[2022-06-07 01:25:34,390] {scheduler_job.py:643} INFO - DAG(s) dict_keys(['example_python_operator']) retrieved from /home/airflow/.local/lib/python3.6/site-packages/airflow/example_dags/example_python_operator.py
[2022-06-07 01:25:34,399] {logging_mixin.py:104} INFO - [2022-06-07 01:25:34,399] {dag.py:1832} INFO - Sync 1 DAGs
[2022-06-07 01:25:34,405] {logging_mixin.py:104} INFO - [2022-06-07 01:25:34,405] {dag.py:2305} INFO - Setting next_dagrun for example_python_operator to None
[2022-06-07 01:25:34,410] {scheduler_job.py:190} INFO - Processing /home/airflow/.local/lib/python3.6/site-packages/airflow/example_dags/example_python_operator.py took 0.031 seconds
[2022-06-07 01:26:05,094] {scheduler_job.py:182} INFO - Started process (PID=1268) to work on /home/airflow/.local/lib/python3.6/site-packages/airflow/example_dags/example_python_operator.py
[2022-06-07 01:26:05,095] {scheduler_job.py:633} INFO - Processing file /home/airflow/.local/lib/python3.6/site-packages/airflow/example_dags/example_python_operator.py for tasks to queue
[2022-06-07 01:26:05,095] {logging_mixin.py:104} INFO - [2022-06-07 01:26:05,095] {dagbag.py:487} INFO - Filling up the DagBag from /home/airflow/.local/lib/python3.6/site-packages/airflow/example_dags/example_python_operator.py
[2022-06-07 01:26:05,102] {scheduler_job.py:643} INFO - DAG(s) dict_keys(['example_python_operator']) retrieved from /home/airflow/.local/lib/python3.6/site-packages/airflow/example_dags/example_python_operator.py
[2022-06-07 01:26:05,111] {logging_mixin.py:104} INFO - [2022-06-07 01:26:05,111] {dag.py:1832} INFO - Sync 1 DAGs
[2022-06-07 01:26:05,117] {logging_mixin.py:104} INFO - [2022-06-07 01:26:05,117] {dag.py:2305} INFO - Setting next_dagrun for example_python_operator to None
[2022-06-07 01:26:05,122] {scheduler_job.py:190} INFO - Processing /home/airflow/.local/lib/python3.6/site-packages/airflow/example_dags/example_python_operator.py took 0.029 seconds
[2022-06-07 01:26:35,783] {scheduler_job.py:182} INFO - Started process (PID=1398) to work on /home/airflow/.local/lib/python3.6/site-packages/airflow/example_dags/example_python_operator.py
[2022-06-07 01:26:35,783] {scheduler_job.py:633} INFO - Processing file /home/airflow/.local/lib/python3.6/site-packages/airflow/example_dags/example_python_operator.py for tasks to queue
[2022-06-07 01:26:35,783] {logging_mixin.py:104} INFO - [2022-06-07 01:26:35,783] {dagbag.py:487} INFO - Filling up the DagBag from /home/airflow/.local/lib/python3.6/site-packages/airflow/example_dags/example_python_operator.py
[2022-06-07 01:26:35,788] {scheduler_job.py:643} INFO - DAG(s) dict_keys(['example_python_operator']) retrieved from /home/airflow/.local/lib/python3.6/site-packages/airflow/example_dags/example_python_operator.py
[2022-06-07 01:26:35,800] {logging_mixin.py:104} INFO - [2022-06-07 01:26:35,800] {dag.py:1832} INFO - Sync 1 DAGs
[2022-06-07 01:26:35,806] {logging_mixin.py:104} INFO - [2022-06-07 01:26:35,806] {dag.py:2305} INFO - Setting next_dagrun for example_python_operator to None
[2022-06-07 01:26:35,813] {scheduler_job.py:190} INFO - Processing /home/airflow/.local/lib/python3.6/site-packages/airflow/example_dags/example_python_operator.py took 0.032 seconds
[2022-06-07 01:27:06,583] {scheduler_job.py:182} INFO - Started process (PID=1528) to work on /home/airflow/.local/lib/python3.6/site-packages/airflow/example_dags/example_python_operator.py
[2022-06-07 01:27:06,583] {scheduler_job.py:633} INFO - Processing file /home/airflow/.local/lib/python3.6/site-packages/airflow/example_dags/example_python_operator.py for tasks to queue
[2022-06-07 01:27:06,584] {logging_mixin.py:104} INFO - [2022-06-07 01:27:06,584] {dagbag.py:487} INFO - Filling up the DagBag from /home/airflow/.local/lib/python3.6/site-packages/airflow/example_dags/example_python_operator.py
[2022-06-07 01:27:06,591] {scheduler_job.py:643} INFO - DAG(s) dict_keys(['example_python_operator']) retrieved from /home/airflow/.local/lib/python3.6/site-packages/airflow/example_dags/example_python_operator.py
[2022-06-07 01:27:06,601] {logging_mixin.py:104} INFO - [2022-06-07 01:27:06,601] {dag.py:1832} INFO - Sync 1 DAGs
[2022-06-07 01:27:06,607] {logging_mixin.py:104} INFO - [2022-06-07 01:27:06,607] {dag.py:2305} INFO - Setting next_dagrun for example_python_operator to None
[2022-06-07 01:27:06,619] {scheduler_job.py:190} INFO - Processing /home/airflow/.local/lib/python3.6/site-packages/airflow/example_dags/example_python_operator.py took 0.038 seconds
[2022-06-07 01:27:37,195] {scheduler_job.py:182} INFO - Started process (PID=1625) to work on /home/airflow/.local/lib/python3.6/site-packages/airflow/example_dags/example_python_operator.py
[2022-06-07 01:27:37,196] {scheduler_job.py:633} INFO - Processing file /home/airflow/.local/lib/python3.6/site-packages/airflow/example_dags/example_python_operator.py for tasks to queue
[2022-06-07 01:27:37,196] {logging_mixin.py:104} INFO - [2022-06-07 01:27:37,196] {dagbag.py:487} INFO - Filling up the DagBag from /home/airflow/.local/lib/python3.6/site-packages/airflow/example_dags/example_python_operator.py
[2022-06-07 01:27:37,202] {scheduler_job.py:643} INFO - DAG(s) dict_keys(['example_python_operator']) retrieved from /home/airflow/.local/lib/python3.6/site-packages/airflow/example_dags/example_python_operator.py
[2022-06-07 01:27:37,211] {logging_mixin.py:104} INFO - [2022-06-07 01:27:37,211] {dag.py:1832} INFO - Sync 1 DAGs
[2022-06-07 01:27:37,218] {logging_mixin.py:104} INFO - [2022-06-07 01:27:37,218] {dag.py:2305} INFO - Setting next_dagrun for example_python_operator to None
[2022-06-07 01:27:37,221] {scheduler_job.py:190} INFO - Processing /home/airflow/.local/lib/python3.6/site-packages/airflow/example_dags/example_python_operator.py took 0.027 seconds
