[2022-06-07 01:21:20,524] {scheduler_job.py:182} INFO - Started process (PID=104) to work on /home/airflow/.local/lib/python3.6/site-packages/airflow/example_dags/example_kubernetes_executor_config.py
[2022-06-07 01:21:20,524] {scheduler_job.py:633} INFO - Processing file /home/airflow/.local/lib/python3.6/site-packages/airflow/example_dags/example_kubernetes_executor_config.py for tasks to queue
[2022-06-07 01:21:20,524] {logging_mixin.py:104} INFO - [2022-06-07 01:21:20,524] {dagbag.py:487} INFO - Filling up the DagBag from /home/airflow/.local/lib/python3.6/site-packages/airflow/example_dags/example_kubernetes_executor_config.py
[2022-06-07 01:21:20,532] {scheduler_job.py:643} INFO - DAG(s) dict_keys(['example_kubernetes_executor_config']) retrieved from /home/airflow/.local/lib/python3.6/site-packages/airflow/example_dags/example_kubernetes_executor_config.py
[2022-06-07 01:21:21,457] {logging_mixin.py:104} INFO - [2022-06-07 01:21:21,457] {dag.py:1832} INFO - Sync 1 DAGs
[2022-06-07 01:21:21,461] {logging_mixin.py:104} INFO - [2022-06-07 01:21:21,460] {dag.py:1851} INFO - Creating ORM DAG for example_kubernetes_executor_config
[2022-06-07 01:21:21,463] {logging_mixin.py:104} INFO - [2022-06-07 01:21:21,463] {dag.py:2305} INFO - Setting next_dagrun for example_kubernetes_executor_config to None
[2022-06-07 01:21:21,467] {scheduler_job.py:190} INFO - Processing /home/airflow/.local/lib/python3.6/site-packages/airflow/example_dags/example_kubernetes_executor_config.py took 0.945 seconds
[2022-06-07 01:21:51,620] {scheduler_job.py:182} INFO - Started process (PID=247) to work on /home/airflow/.local/lib/python3.6/site-packages/airflow/example_dags/example_kubernetes_executor_config.py
[2022-06-07 01:21:51,620] {scheduler_job.py:633} INFO - Processing file /home/airflow/.local/lib/python3.6/site-packages/airflow/example_dags/example_kubernetes_executor_config.py for tasks to queue
[2022-06-07 01:21:51,621] {logging_mixin.py:104} INFO - [2022-06-07 01:21:51,621] {dagbag.py:487} INFO - Filling up the DagBag from /home/airflow/.local/lib/python3.6/site-packages/airflow/example_dags/example_kubernetes_executor_config.py
[2022-06-07 01:21:51,628] {scheduler_job.py:643} INFO - DAG(s) dict_keys(['example_kubernetes_executor_config']) retrieved from /home/airflow/.local/lib/python3.6/site-packages/airflow/example_dags/example_kubernetes_executor_config.py
[2022-06-07 01:21:51,637] {logging_mixin.py:104} INFO - [2022-06-07 01:21:51,637] {dag.py:1832} INFO - Sync 1 DAGs
[2022-06-07 01:21:51,643] {logging_mixin.py:104} INFO - [2022-06-07 01:21:51,643] {dag.py:2305} INFO - Setting next_dagrun for example_kubernetes_executor_config to None
[2022-06-07 01:21:51,647] {scheduler_job.py:190} INFO - Processing /home/airflow/.local/lib/python3.6/site-packages/airflow/example_dags/example_kubernetes_executor_config.py took 0.029 seconds
[2022-06-07 01:22:22,411] {scheduler_job.py:182} INFO - Started process (PID=376) to work on /home/airflow/.local/lib/python3.6/site-packages/airflow/example_dags/example_kubernetes_executor_config.py
[2022-06-07 01:22:22,413] {scheduler_job.py:633} INFO - Processing file /home/airflow/.local/lib/python3.6/site-packages/airflow/example_dags/example_kubernetes_executor_config.py for tasks to queue
[2022-06-07 01:22:22,414] {logging_mixin.py:104} INFO - [2022-06-07 01:22:22,413] {dagbag.py:487} INFO - Filling up the DagBag from /home/airflow/.local/lib/python3.6/site-packages/airflow/example_dags/example_kubernetes_executor_config.py
[2022-06-07 01:22:22,422] {scheduler_job.py:643} INFO - DAG(s) dict_keys(['example_kubernetes_executor_config']) retrieved from /home/airflow/.local/lib/python3.6/site-packages/airflow/example_dags/example_kubernetes_executor_config.py
[2022-06-07 01:22:22,431] {logging_mixin.py:104} INFO - [2022-06-07 01:22:22,431] {dag.py:1832} INFO - Sync 1 DAGs
[2022-06-07 01:22:22,437] {logging_mixin.py:104} INFO - [2022-06-07 01:22:22,437] {dag.py:2305} INFO - Setting next_dagrun for example_kubernetes_executor_config to None
[2022-06-07 01:22:22,442] {scheduler_job.py:190} INFO - Processing /home/airflow/.local/lib/python3.6/site-packages/airflow/example_dags/example_kubernetes_executor_config.py took 0.032 seconds
[2022-06-07 01:22:53,187] {scheduler_job.py:182} INFO - Started process (PID=506) to work on /home/airflow/.local/lib/python3.6/site-packages/airflow/example_dags/example_kubernetes_executor_config.py
[2022-06-07 01:22:53,188] {scheduler_job.py:633} INFO - Processing file /home/airflow/.local/lib/python3.6/site-packages/airflow/example_dags/example_kubernetes_executor_config.py for tasks to queue
[2022-06-07 01:22:53,188] {logging_mixin.py:104} INFO - [2022-06-07 01:22:53,188] {dagbag.py:487} INFO - Filling up the DagBag from /home/airflow/.local/lib/python3.6/site-packages/airflow/example_dags/example_kubernetes_executor_config.py
[2022-06-07 01:22:53,195] {scheduler_job.py:643} INFO - DAG(s) dict_keys(['example_kubernetes_executor_config']) retrieved from /home/airflow/.local/lib/python3.6/site-packages/airflow/example_dags/example_kubernetes_executor_config.py
[2022-06-07 01:22:53,204] {logging_mixin.py:104} INFO - [2022-06-07 01:22:53,204] {dag.py:1832} INFO - Sync 1 DAGs
[2022-06-07 01:22:53,210] {logging_mixin.py:104} INFO - [2022-06-07 01:22:53,210] {dag.py:2305} INFO - Setting next_dagrun for example_kubernetes_executor_config to None
[2022-06-07 01:22:53,215] {scheduler_job.py:190} INFO - Processing /home/airflow/.local/lib/python3.6/site-packages/airflow/example_dags/example_kubernetes_executor_config.py took 0.029 seconds
[2022-06-07 01:23:24,028] {scheduler_job.py:182} INFO - Started process (PID=636) to work on /home/airflow/.local/lib/python3.6/site-packages/airflow/example_dags/example_kubernetes_executor_config.py
[2022-06-07 01:23:24,028] {scheduler_job.py:633} INFO - Processing file /home/airflow/.local/lib/python3.6/site-packages/airflow/example_dags/example_kubernetes_executor_config.py for tasks to queue
[2022-06-07 01:23:24,028] {logging_mixin.py:104} INFO - [2022-06-07 01:23:24,028] {dagbag.py:487} INFO - Filling up the DagBag from /home/airflow/.local/lib/python3.6/site-packages/airflow/example_dags/example_kubernetes_executor_config.py
[2022-06-07 01:23:24,035] {scheduler_job.py:643} INFO - DAG(s) dict_keys(['example_kubernetes_executor_config']) retrieved from /home/airflow/.local/lib/python3.6/site-packages/airflow/example_dags/example_kubernetes_executor_config.py
[2022-06-07 01:23:24,045] {logging_mixin.py:104} INFO - [2022-06-07 01:23:24,045] {dag.py:1832} INFO - Sync 1 DAGs
[2022-06-07 01:23:24,050] {logging_mixin.py:104} INFO - [2022-06-07 01:23:24,050] {dag.py:2305} INFO - Setting next_dagrun for example_kubernetes_executor_config to None
[2022-06-07 01:23:24,062] {scheduler_job.py:190} INFO - Processing /home/airflow/.local/lib/python3.6/site-packages/airflow/example_dags/example_kubernetes_executor_config.py took 0.035 seconds
[2022-06-07 01:23:54,744] {scheduler_job.py:182} INFO - Started process (PID=733) to work on /home/airflow/.local/lib/python3.6/site-packages/airflow/example_dags/example_kubernetes_executor_config.py
[2022-06-07 01:23:54,745] {scheduler_job.py:633} INFO - Processing file /home/airflow/.local/lib/python3.6/site-packages/airflow/example_dags/example_kubernetes_executor_config.py for tasks to queue
[2022-06-07 01:23:54,745] {logging_mixin.py:104} INFO - [2022-06-07 01:23:54,745] {dagbag.py:487} INFO - Filling up the DagBag from /home/airflow/.local/lib/python3.6/site-packages/airflow/example_dags/example_kubernetes_executor_config.py
[2022-06-07 01:23:54,752] {scheduler_job.py:643} INFO - DAG(s) dict_keys(['example_kubernetes_executor_config']) retrieved from /home/airflow/.local/lib/python3.6/site-packages/airflow/example_dags/example_kubernetes_executor_config.py
[2022-06-07 01:23:54,761] {logging_mixin.py:104} INFO - [2022-06-07 01:23:54,761] {dag.py:1832} INFO - Sync 1 DAGs
[2022-06-07 01:23:54,767] {logging_mixin.py:104} INFO - [2022-06-07 01:23:54,767] {dag.py:2305} INFO - Setting next_dagrun for example_kubernetes_executor_config to None
[2022-06-07 01:23:54,771] {scheduler_job.py:190} INFO - Processing /home/airflow/.local/lib/python3.6/site-packages/airflow/example_dags/example_kubernetes_executor_config.py took 0.029 seconds
[2022-06-07 01:24:25,500] {scheduler_job.py:182} INFO - Started process (PID=863) to work on /home/airflow/.local/lib/python3.6/site-packages/airflow/example_dags/example_kubernetes_executor_config.py
[2022-06-07 01:24:25,501] {scheduler_job.py:633} INFO - Processing file /home/airflow/.local/lib/python3.6/site-packages/airflow/example_dags/example_kubernetes_executor_config.py for tasks to queue
[2022-06-07 01:24:25,502] {logging_mixin.py:104} INFO - [2022-06-07 01:24:25,502] {dagbag.py:487} INFO - Filling up the DagBag from /home/airflow/.local/lib/python3.6/site-packages/airflow/example_dags/example_kubernetes_executor_config.py
[2022-06-07 01:24:25,511] {scheduler_job.py:643} INFO - DAG(s) dict_keys(['example_kubernetes_executor_config']) retrieved from /home/airflow/.local/lib/python3.6/site-packages/airflow/example_dags/example_kubernetes_executor_config.py
[2022-06-07 01:24:25,520] {logging_mixin.py:104} INFO - [2022-06-07 01:24:25,520] {dag.py:1832} INFO - Sync 1 DAGs
[2022-06-07 01:24:25,526] {logging_mixin.py:104} INFO - [2022-06-07 01:24:25,526] {dag.py:2305} INFO - Setting next_dagrun for example_kubernetes_executor_config to None
[2022-06-07 01:24:25,531] {scheduler_job.py:190} INFO - Processing /home/airflow/.local/lib/python3.6/site-packages/airflow/example_dags/example_kubernetes_executor_config.py took 0.032 seconds
[2022-06-07 01:24:56,254] {scheduler_job.py:182} INFO - Started process (PID=993) to work on /home/airflow/.local/lib/python3.6/site-packages/airflow/example_dags/example_kubernetes_executor_config.py
[2022-06-07 01:24:56,254] {scheduler_job.py:633} INFO - Processing file /home/airflow/.local/lib/python3.6/site-packages/airflow/example_dags/example_kubernetes_executor_config.py for tasks to queue
[2022-06-07 01:24:56,254] {logging_mixin.py:104} INFO - [2022-06-07 01:24:56,254] {dagbag.py:487} INFO - Filling up the DagBag from /home/airflow/.local/lib/python3.6/site-packages/airflow/example_dags/example_kubernetes_executor_config.py
[2022-06-07 01:24:56,262] {scheduler_job.py:643} INFO - DAG(s) dict_keys(['example_kubernetes_executor_config']) retrieved from /home/airflow/.local/lib/python3.6/site-packages/airflow/example_dags/example_kubernetes_executor_config.py
[2022-06-07 01:24:56,271] {logging_mixin.py:104} INFO - [2022-06-07 01:24:56,271] {dag.py:1832} INFO - Sync 1 DAGs
[2022-06-07 01:24:56,277] {logging_mixin.py:104} INFO - [2022-06-07 01:24:56,277] {dag.py:2305} INFO - Setting next_dagrun for example_kubernetes_executor_config to None
[2022-06-07 01:24:56,282] {scheduler_job.py:190} INFO - Processing /home/airflow/.local/lib/python3.6/site-packages/airflow/example_dags/example_kubernetes_executor_config.py took 0.030 seconds
[2022-06-07 01:25:26,957] {scheduler_job.py:182} INFO - Started process (PID=1123) to work on /home/airflow/.local/lib/python3.6/site-packages/airflow/example_dags/example_kubernetes_executor_config.py
[2022-06-07 01:25:26,959] {scheduler_job.py:633} INFO - Processing file /home/airflow/.local/lib/python3.6/site-packages/airflow/example_dags/example_kubernetes_executor_config.py for tasks to queue
[2022-06-07 01:25:26,959] {logging_mixin.py:104} INFO - [2022-06-07 01:25:26,959] {dagbag.py:487} INFO - Filling up the DagBag from /home/airflow/.local/lib/python3.6/site-packages/airflow/example_dags/example_kubernetes_executor_config.py
[2022-06-07 01:25:26,967] {scheduler_job.py:643} INFO - DAG(s) dict_keys(['example_kubernetes_executor_config']) retrieved from /home/airflow/.local/lib/python3.6/site-packages/airflow/example_dags/example_kubernetes_executor_config.py
[2022-06-07 01:25:26,977] {logging_mixin.py:104} INFO - [2022-06-07 01:25:26,977] {dag.py:1832} INFO - Sync 1 DAGs
[2022-06-07 01:25:26,983] {logging_mixin.py:104} INFO - [2022-06-07 01:25:26,983] {dag.py:2305} INFO - Setting next_dagrun for example_kubernetes_executor_config to None
[2022-06-07 01:25:26,987] {scheduler_job.py:190} INFO - Processing /home/airflow/.local/lib/python3.6/site-packages/airflow/example_dags/example_kubernetes_executor_config.py took 0.032 seconds
[2022-06-07 01:25:57,734] {scheduler_job.py:182} INFO - Started process (PID=1220) to work on /home/airflow/.local/lib/python3.6/site-packages/airflow/example_dags/example_kubernetes_executor_config.py
[2022-06-07 01:25:57,735] {scheduler_job.py:633} INFO - Processing file /home/airflow/.local/lib/python3.6/site-packages/airflow/example_dags/example_kubernetes_executor_config.py for tasks to queue
[2022-06-07 01:25:57,736] {logging_mixin.py:104} INFO - [2022-06-07 01:25:57,736] {dagbag.py:487} INFO - Filling up the DagBag from /home/airflow/.local/lib/python3.6/site-packages/airflow/example_dags/example_kubernetes_executor_config.py
[2022-06-07 01:25:57,745] {scheduler_job.py:643} INFO - DAG(s) dict_keys(['example_kubernetes_executor_config']) retrieved from /home/airflow/.local/lib/python3.6/site-packages/airflow/example_dags/example_kubernetes_executor_config.py
[2022-06-07 01:25:57,755] {logging_mixin.py:104} INFO - [2022-06-07 01:25:57,755] {dag.py:1832} INFO - Sync 1 DAGs
[2022-06-07 01:25:57,761] {logging_mixin.py:104} INFO - [2022-06-07 01:25:57,760] {dag.py:2305} INFO - Setting next_dagrun for example_kubernetes_executor_config to None
[2022-06-07 01:25:57,765] {scheduler_job.py:190} INFO - Processing /home/airflow/.local/lib/python3.6/site-packages/airflow/example_dags/example_kubernetes_executor_config.py took 0.033 seconds
[2022-06-07 01:26:28,467] {scheduler_job.py:182} INFO - Started process (PID=1349) to work on /home/airflow/.local/lib/python3.6/site-packages/airflow/example_dags/example_kubernetes_executor_config.py
[2022-06-07 01:26:28,467] {scheduler_job.py:633} INFO - Processing file /home/airflow/.local/lib/python3.6/site-packages/airflow/example_dags/example_kubernetes_executor_config.py for tasks to queue
[2022-06-07 01:26:28,467] {logging_mixin.py:104} INFO - [2022-06-07 01:26:28,467] {dagbag.py:487} INFO - Filling up the DagBag from /home/airflow/.local/lib/python3.6/site-packages/airflow/example_dags/example_kubernetes_executor_config.py
[2022-06-07 01:26:28,473] {scheduler_job.py:643} INFO - DAG(s) dict_keys(['example_kubernetes_executor_config']) retrieved from /home/airflow/.local/lib/python3.6/site-packages/airflow/example_dags/example_kubernetes_executor_config.py
[2022-06-07 01:26:28,484] {logging_mixin.py:104} INFO - [2022-06-07 01:26:28,484] {dag.py:1832} INFO - Sync 1 DAGs
[2022-06-07 01:26:28,491] {logging_mixin.py:104} INFO - [2022-06-07 01:26:28,491] {dag.py:2305} INFO - Setting next_dagrun for example_kubernetes_executor_config to None
[2022-06-07 01:26:28,496] {scheduler_job.py:190} INFO - Processing /home/airflow/.local/lib/python3.6/site-packages/airflow/example_dags/example_kubernetes_executor_config.py took 0.031 seconds
[2022-06-07 01:26:59,140] {scheduler_job.py:182} INFO - Started process (PID=1479) to work on /home/airflow/.local/lib/python3.6/site-packages/airflow/example_dags/example_kubernetes_executor_config.py
[2022-06-07 01:26:59,140] {scheduler_job.py:633} INFO - Processing file /home/airflow/.local/lib/python3.6/site-packages/airflow/example_dags/example_kubernetes_executor_config.py for tasks to queue
[2022-06-07 01:26:59,140] {logging_mixin.py:104} INFO - [2022-06-07 01:26:59,140] {dagbag.py:487} INFO - Filling up the DagBag from /home/airflow/.local/lib/python3.6/site-packages/airflow/example_dags/example_kubernetes_executor_config.py
[2022-06-07 01:26:59,146] {scheduler_job.py:643} INFO - DAG(s) dict_keys(['example_kubernetes_executor_config']) retrieved from /home/airflow/.local/lib/python3.6/site-packages/airflow/example_dags/example_kubernetes_executor_config.py
[2022-06-07 01:26:59,157] {logging_mixin.py:104} INFO - [2022-06-07 01:26:59,157] {dag.py:1832} INFO - Sync 1 DAGs
[2022-06-07 01:26:59,163] {logging_mixin.py:104} INFO - [2022-06-07 01:26:59,163] {dag.py:2305} INFO - Setting next_dagrun for example_kubernetes_executor_config to None
[2022-06-07 01:26:59,168] {scheduler_job.py:190} INFO - Processing /home/airflow/.local/lib/python3.6/site-packages/airflow/example_dags/example_kubernetes_executor_config.py took 0.029 seconds
[2022-06-07 01:27:29,905] {scheduler_job.py:182} INFO - Started process (PID=1609) to work on /home/airflow/.local/lib/python3.6/site-packages/airflow/example_dags/example_kubernetes_executor_config.py
[2022-06-07 01:27:29,905] {scheduler_job.py:633} INFO - Processing file /home/airflow/.local/lib/python3.6/site-packages/airflow/example_dags/example_kubernetes_executor_config.py for tasks to queue
[2022-06-07 01:27:29,905] {logging_mixin.py:104} INFO - [2022-06-07 01:27:29,905] {dagbag.py:487} INFO - Filling up the DagBag from /home/airflow/.local/lib/python3.6/site-packages/airflow/example_dags/example_kubernetes_executor_config.py
[2022-06-07 01:27:29,914] {scheduler_job.py:643} INFO - DAG(s) dict_keys(['example_kubernetes_executor_config']) retrieved from /home/airflow/.local/lib/python3.6/site-packages/airflow/example_dags/example_kubernetes_executor_config.py
[2022-06-07 01:27:29,955] {logging_mixin.py:104} INFO - [2022-06-07 01:27:29,955] {dag.py:1832} INFO - Sync 1 DAGs
[2022-06-07 01:27:29,962] {logging_mixin.py:104} INFO - [2022-06-07 01:27:29,962] {dag.py:2305} INFO - Setting next_dagrun for example_kubernetes_executor_config to None
[2022-06-07 01:27:29,972] {scheduler_job.py:190} INFO - Processing /home/airflow/.local/lib/python3.6/site-packages/airflow/example_dags/example_kubernetes_executor_config.py took 0.069 seconds
