[2022-06-07 01:21:25,948] {scheduler_job.py:182} INFO - Started process (PID=151) to work on /home/airflow/.local/lib/python3.6/site-packages/airflow/example_dags/example_task_group_decorator.py
[2022-06-07 01:21:25,948] {scheduler_job.py:633} INFO - Processing file /home/airflow/.local/lib/python3.6/site-packages/airflow/example_dags/example_task_group_decorator.py for tasks to queue
[2022-06-07 01:21:25,948] {logging_mixin.py:104} INFO - [2022-06-07 01:21:25,948] {dagbag.py:487} INFO - Filling up the DagBag from /home/airflow/.local/lib/python3.6/site-packages/airflow/example_dags/example_task_group_decorator.py
[2022-06-07 01:21:25,959] {scheduler_job.py:643} INFO - DAG(s) dict_keys(['example_task_group_decorator']) retrieved from /home/airflow/.local/lib/python3.6/site-packages/airflow/example_dags/example_task_group_decorator.py
[2022-06-07 01:21:26,813] {logging_mixin.py:104} INFO - [2022-06-07 01:21:26,813] {dag.py:1832} INFO - Sync 1 DAGs
[2022-06-07 01:21:26,818] {logging_mixin.py:104} INFO - [2022-06-07 01:21:26,817] {dag.py:1851} INFO - Creating ORM DAG for example_task_group_decorator
[2022-06-07 01:21:26,820] {logging_mixin.py:104} INFO - [2022-06-07 01:21:26,820] {dag.py:2305} INFO - Setting next_dagrun for example_task_group_decorator to 2022-06-05 00:00:00+00:00
[2022-06-07 01:21:26,824] {scheduler_job.py:190} INFO - Processing /home/airflow/.local/lib/python3.6/site-packages/airflow/example_dags/example_task_group_decorator.py took 0.877 seconds
[2022-06-07 01:21:56,966] {scheduler_job.py:182} INFO - Started process (PID=292) to work on /home/airflow/.local/lib/python3.6/site-packages/airflow/example_dags/example_task_group_decorator.py
[2022-06-07 01:21:56,967] {scheduler_job.py:633} INFO - Processing file /home/airflow/.local/lib/python3.6/site-packages/airflow/example_dags/example_task_group_decorator.py for tasks to queue
[2022-06-07 01:21:56,967] {logging_mixin.py:104} INFO - [2022-06-07 01:21:56,967] {dagbag.py:487} INFO - Filling up the DagBag from /home/airflow/.local/lib/python3.6/site-packages/airflow/example_dags/example_task_group_decorator.py
[2022-06-07 01:21:56,978] {scheduler_job.py:643} INFO - DAG(s) dict_keys(['example_task_group_decorator']) retrieved from /home/airflow/.local/lib/python3.6/site-packages/airflow/example_dags/example_task_group_decorator.py
[2022-06-07 01:21:57,097] {logging_mixin.py:104} INFO - [2022-06-07 01:21:57,096] {dag.py:1832} INFO - Sync 1 DAGs
[2022-06-07 01:21:57,103] {logging_mixin.py:104} INFO - [2022-06-07 01:21:57,103] {dag.py:2305} INFO - Setting next_dagrun for example_task_group_decorator to 2022-06-05 00:00:00+00:00
[2022-06-07 01:21:57,107] {scheduler_job.py:190} INFO - Processing /home/airflow/.local/lib/python3.6/site-packages/airflow/example_dags/example_task_group_decorator.py took 0.144 seconds
[2022-06-07 01:22:27,703] {scheduler_job.py:182} INFO - Started process (PID=421) to work on /home/airflow/.local/lib/python3.6/site-packages/airflow/example_dags/example_task_group_decorator.py
[2022-06-07 01:22:27,703] {scheduler_job.py:633} INFO - Processing file /home/airflow/.local/lib/python3.6/site-packages/airflow/example_dags/example_task_group_decorator.py for tasks to queue
[2022-06-07 01:22:27,704] {logging_mixin.py:104} INFO - [2022-06-07 01:22:27,704] {dagbag.py:487} INFO - Filling up the DagBag from /home/airflow/.local/lib/python3.6/site-packages/airflow/example_dags/example_task_group_decorator.py
[2022-06-07 01:22:27,715] {scheduler_job.py:643} INFO - DAG(s) dict_keys(['example_task_group_decorator']) retrieved from /home/airflow/.local/lib/python3.6/site-packages/airflow/example_dags/example_task_group_decorator.py
[2022-06-07 01:22:27,837] {logging_mixin.py:104} INFO - [2022-06-07 01:22:27,836] {dag.py:1832} INFO - Sync 1 DAGs
[2022-06-07 01:22:27,842] {logging_mixin.py:104} INFO - [2022-06-07 01:22:27,842] {dag.py:2305} INFO - Setting next_dagrun for example_task_group_decorator to 2022-06-05 00:00:00+00:00
[2022-06-07 01:22:27,849] {scheduler_job.py:190} INFO - Processing /home/airflow/.local/lib/python3.6/site-packages/airflow/example_dags/example_task_group_decorator.py took 0.147 seconds
[2022-06-07 01:22:58,442] {scheduler_job.py:182} INFO - Started process (PID=518) to work on /home/airflow/.local/lib/python3.6/site-packages/airflow/example_dags/example_task_group_decorator.py
[2022-06-07 01:22:58,442] {scheduler_job.py:633} INFO - Processing file /home/airflow/.local/lib/python3.6/site-packages/airflow/example_dags/example_task_group_decorator.py for tasks to queue
[2022-06-07 01:22:58,442] {logging_mixin.py:104} INFO - [2022-06-07 01:22:58,442] {dagbag.py:487} INFO - Filling up the DagBag from /home/airflow/.local/lib/python3.6/site-packages/airflow/example_dags/example_task_group_decorator.py
[2022-06-07 01:22:58,453] {scheduler_job.py:643} INFO - DAG(s) dict_keys(['example_task_group_decorator']) retrieved from /home/airflow/.local/lib/python3.6/site-packages/airflow/example_dags/example_task_group_decorator.py
[2022-06-07 01:22:58,576] {logging_mixin.py:104} INFO - [2022-06-07 01:22:58,576] {dag.py:1832} INFO - Sync 1 DAGs
[2022-06-07 01:22:58,581] {logging_mixin.py:104} INFO - [2022-06-07 01:22:58,581] {dag.py:2305} INFO - Setting next_dagrun for example_task_group_decorator to 2022-06-05 00:00:00+00:00
[2022-06-07 01:22:58,587] {scheduler_job.py:190} INFO - Processing /home/airflow/.local/lib/python3.6/site-packages/airflow/example_dags/example_task_group_decorator.py took 0.147 seconds
[2022-06-07 01:23:29,238] {scheduler_job.py:182} INFO - Started process (PID=648) to work on /home/airflow/.local/lib/python3.6/site-packages/airflow/example_dags/example_task_group_decorator.py
[2022-06-07 01:23:29,238] {scheduler_job.py:633} INFO - Processing file /home/airflow/.local/lib/python3.6/site-packages/airflow/example_dags/example_task_group_decorator.py for tasks to queue
[2022-06-07 01:23:29,239] {logging_mixin.py:104} INFO - [2022-06-07 01:23:29,238] {dagbag.py:487} INFO - Filling up the DagBag from /home/airflow/.local/lib/python3.6/site-packages/airflow/example_dags/example_task_group_decorator.py
[2022-06-07 01:23:29,249] {scheduler_job.py:643} INFO - DAG(s) dict_keys(['example_task_group_decorator']) retrieved from /home/airflow/.local/lib/python3.6/site-packages/airflow/example_dags/example_task_group_decorator.py
[2022-06-07 01:23:29,368] {logging_mixin.py:104} INFO - [2022-06-07 01:23:29,368] {dag.py:1832} INFO - Sync 1 DAGs
[2022-06-07 01:23:29,374] {logging_mixin.py:104} INFO - [2022-06-07 01:23:29,374] {dag.py:2305} INFO - Setting next_dagrun for example_task_group_decorator to 2022-06-05 00:00:00+00:00
[2022-06-07 01:23:29,379] {scheduler_job.py:190} INFO - Processing /home/airflow/.local/lib/python3.6/site-packages/airflow/example_dags/example_task_group_decorator.py took 0.143 seconds
[2022-06-07 01:24:00,037] {scheduler_job.py:182} INFO - Started process (PID=778) to work on /home/airflow/.local/lib/python3.6/site-packages/airflow/example_dags/example_task_group_decorator.py
[2022-06-07 01:24:00,038] {scheduler_job.py:633} INFO - Processing file /home/airflow/.local/lib/python3.6/site-packages/airflow/example_dags/example_task_group_decorator.py for tasks to queue
[2022-06-07 01:24:00,038] {logging_mixin.py:104} INFO - [2022-06-07 01:24:00,038] {dagbag.py:487} INFO - Filling up the DagBag from /home/airflow/.local/lib/python3.6/site-packages/airflow/example_dags/example_task_group_decorator.py
[2022-06-07 01:24:00,049] {scheduler_job.py:643} INFO - DAG(s) dict_keys(['example_task_group_decorator']) retrieved from /home/airflow/.local/lib/python3.6/site-packages/airflow/example_dags/example_task_group_decorator.py
[2022-06-07 01:24:00,170] {logging_mixin.py:104} INFO - [2022-06-07 01:24:00,170] {dag.py:1832} INFO - Sync 1 DAGs
[2022-06-07 01:24:00,175] {logging_mixin.py:104} INFO - [2022-06-07 01:24:00,175] {dag.py:2305} INFO - Setting next_dagrun for example_task_group_decorator to 2022-06-05 00:00:00+00:00
[2022-06-07 01:24:00,180] {scheduler_job.py:190} INFO - Processing /home/airflow/.local/lib/python3.6/site-packages/airflow/example_dags/example_task_group_decorator.py took 0.144 seconds
[2022-06-07 01:24:30,773] {scheduler_job.py:182} INFO - Started process (PID=908) to work on /home/airflow/.local/lib/python3.6/site-packages/airflow/example_dags/example_task_group_decorator.py
[2022-06-07 01:24:30,774] {scheduler_job.py:633} INFO - Processing file /home/airflow/.local/lib/python3.6/site-packages/airflow/example_dags/example_task_group_decorator.py for tasks to queue
[2022-06-07 01:24:30,774] {logging_mixin.py:104} INFO - [2022-06-07 01:24:30,774] {dagbag.py:487} INFO - Filling up the DagBag from /home/airflow/.local/lib/python3.6/site-packages/airflow/example_dags/example_task_group_decorator.py
[2022-06-07 01:24:30,785] {scheduler_job.py:643} INFO - DAG(s) dict_keys(['example_task_group_decorator']) retrieved from /home/airflow/.local/lib/python3.6/site-packages/airflow/example_dags/example_task_group_decorator.py
[2022-06-07 01:24:30,904] {logging_mixin.py:104} INFO - [2022-06-07 01:24:30,903] {dag.py:1832} INFO - Sync 1 DAGs
[2022-06-07 01:24:30,909] {logging_mixin.py:104} INFO - [2022-06-07 01:24:30,909] {dag.py:2305} INFO - Setting next_dagrun for example_task_group_decorator to 2022-06-05 00:00:00+00:00
[2022-06-07 01:24:30,916] {scheduler_job.py:190} INFO - Processing /home/airflow/.local/lib/python3.6/site-packages/airflow/example_dags/example_task_group_decorator.py took 0.143 seconds
[2022-06-07 01:25:01,491] {scheduler_job.py:182} INFO - Started process (PID=1005) to work on /home/airflow/.local/lib/python3.6/site-packages/airflow/example_dags/example_task_group_decorator.py
[2022-06-07 01:25:01,492] {scheduler_job.py:633} INFO - Processing file /home/airflow/.local/lib/python3.6/site-packages/airflow/example_dags/example_task_group_decorator.py for tasks to queue
[2022-06-07 01:25:01,492] {logging_mixin.py:104} INFO - [2022-06-07 01:25:01,492] {dagbag.py:487} INFO - Filling up the DagBag from /home/airflow/.local/lib/python3.6/site-packages/airflow/example_dags/example_task_group_decorator.py
[2022-06-07 01:25:01,503] {scheduler_job.py:643} INFO - DAG(s) dict_keys(['example_task_group_decorator']) retrieved from /home/airflow/.local/lib/python3.6/site-packages/airflow/example_dags/example_task_group_decorator.py
[2022-06-07 01:25:01,622] {logging_mixin.py:104} INFO - [2022-06-07 01:25:01,622] {dag.py:1832} INFO - Sync 1 DAGs
[2022-06-07 01:25:01,628] {logging_mixin.py:104} INFO - [2022-06-07 01:25:01,628] {dag.py:2305} INFO - Setting next_dagrun for example_task_group_decorator to 2022-06-05 00:00:00+00:00
[2022-06-07 01:25:01,633] {scheduler_job.py:190} INFO - Processing /home/airflow/.local/lib/python3.6/site-packages/airflow/example_dags/example_task_group_decorator.py took 0.143 seconds
[2022-06-07 01:25:32,212] {scheduler_job.py:182} INFO - Started process (PID=1135) to work on /home/airflow/.local/lib/python3.6/site-packages/airflow/example_dags/example_task_group_decorator.py
[2022-06-07 01:25:32,212] {scheduler_job.py:633} INFO - Processing file /home/airflow/.local/lib/python3.6/site-packages/airflow/example_dags/example_task_group_decorator.py for tasks to queue
[2022-06-07 01:25:32,212] {logging_mixin.py:104} INFO - [2022-06-07 01:25:32,212] {dagbag.py:487} INFO - Filling up the DagBag from /home/airflow/.local/lib/python3.6/site-packages/airflow/example_dags/example_task_group_decorator.py
[2022-06-07 01:25:32,223] {scheduler_job.py:643} INFO - DAG(s) dict_keys(['example_task_group_decorator']) retrieved from /home/airflow/.local/lib/python3.6/site-packages/airflow/example_dags/example_task_group_decorator.py
[2022-06-07 01:25:32,426] {logging_mixin.py:104} INFO - [2022-06-07 01:25:32,426] {dag.py:1832} INFO - Sync 1 DAGs
[2022-06-07 01:25:32,436] {logging_mixin.py:104} INFO - [2022-06-07 01:25:32,436] {dag.py:2305} INFO - Setting next_dagrun for example_task_group_decorator to 2022-06-05 00:00:00+00:00
[2022-06-07 01:25:32,447] {scheduler_job.py:190} INFO - Processing /home/airflow/.local/lib/python3.6/site-packages/airflow/example_dags/example_task_group_decorator.py took 0.239 seconds
[2022-06-07 01:26:02,985] {scheduler_job.py:182} INFO - Started process (PID=1264) to work on /home/airflow/.local/lib/python3.6/site-packages/airflow/example_dags/example_task_group_decorator.py
[2022-06-07 01:26:02,985] {scheduler_job.py:633} INFO - Processing file /home/airflow/.local/lib/python3.6/site-packages/airflow/example_dags/example_task_group_decorator.py for tasks to queue
[2022-06-07 01:26:02,985] {logging_mixin.py:104} INFO - [2022-06-07 01:26:02,985] {dagbag.py:487} INFO - Filling up the DagBag from /home/airflow/.local/lib/python3.6/site-packages/airflow/example_dags/example_task_group_decorator.py
[2022-06-07 01:26:02,996] {scheduler_job.py:643} INFO - DAG(s) dict_keys(['example_task_group_decorator']) retrieved from /home/airflow/.local/lib/python3.6/site-packages/airflow/example_dags/example_task_group_decorator.py
[2022-06-07 01:26:03,120] {logging_mixin.py:104} INFO - [2022-06-07 01:26:03,120] {dag.py:1832} INFO - Sync 1 DAGs
[2022-06-07 01:26:03,126] {logging_mixin.py:104} INFO - [2022-06-07 01:26:03,126] {dag.py:2305} INFO - Setting next_dagrun for example_task_group_decorator to 2022-06-05 00:00:00+00:00
[2022-06-07 01:26:03,131] {scheduler_job.py:190} INFO - Processing /home/airflow/.local/lib/python3.6/site-packages/airflow/example_dags/example_task_group_decorator.py took 0.149 seconds
[2022-06-07 01:26:33,651] {scheduler_job.py:182} INFO - Started process (PID=1394) to work on /home/airflow/.local/lib/python3.6/site-packages/airflow/example_dags/example_task_group_decorator.py
[2022-06-07 01:26:33,651] {scheduler_job.py:633} INFO - Processing file /home/airflow/.local/lib/python3.6/site-packages/airflow/example_dags/example_task_group_decorator.py for tasks to queue
[2022-06-07 01:26:33,651] {logging_mixin.py:104} INFO - [2022-06-07 01:26:33,651] {dagbag.py:487} INFO - Filling up the DagBag from /home/airflow/.local/lib/python3.6/site-packages/airflow/example_dags/example_task_group_decorator.py
[2022-06-07 01:26:33,661] {scheduler_job.py:643} INFO - DAG(s) dict_keys(['example_task_group_decorator']) retrieved from /home/airflow/.local/lib/python3.6/site-packages/airflow/example_dags/example_task_group_decorator.py
[2022-06-07 01:26:33,782] {logging_mixin.py:104} INFO - [2022-06-07 01:26:33,782] {dag.py:1832} INFO - Sync 1 DAGs
[2022-06-07 01:26:33,788] {logging_mixin.py:104} INFO - [2022-06-07 01:26:33,788] {dag.py:2305} INFO - Setting next_dagrun for example_task_group_decorator to 2022-06-05 00:00:00+00:00
[2022-06-07 01:26:33,795] {scheduler_job.py:190} INFO - Processing /home/airflow/.local/lib/python3.6/site-packages/airflow/example_dags/example_task_group_decorator.py took 0.145 seconds
[2022-06-07 01:27:04,455] {scheduler_job.py:182} INFO - Started process (PID=1491) to work on /home/airflow/.local/lib/python3.6/site-packages/airflow/example_dags/example_task_group_decorator.py
[2022-06-07 01:27:04,457] {scheduler_job.py:633} INFO - Processing file /home/airflow/.local/lib/python3.6/site-packages/airflow/example_dags/example_task_group_decorator.py for tasks to queue
[2022-06-07 01:27:04,457] {logging_mixin.py:104} INFO - [2022-06-07 01:27:04,457] {dagbag.py:487} INFO - Filling up the DagBag from /home/airflow/.local/lib/python3.6/site-packages/airflow/example_dags/example_task_group_decorator.py
[2022-06-07 01:27:04,472] {scheduler_job.py:643} INFO - DAG(s) dict_keys(['example_task_group_decorator']) retrieved from /home/airflow/.local/lib/python3.6/site-packages/airflow/example_dags/example_task_group_decorator.py
[2022-06-07 01:27:04,595] {logging_mixin.py:104} INFO - [2022-06-07 01:27:04,595] {dag.py:1832} INFO - Sync 1 DAGs
[2022-06-07 01:27:04,600] {logging_mixin.py:104} INFO - [2022-06-07 01:27:04,600] {dag.py:2305} INFO - Setting next_dagrun for example_task_group_decorator to 2022-06-05 00:00:00+00:00
[2022-06-07 01:27:04,606] {scheduler_job.py:190} INFO - Processing /home/airflow/.local/lib/python3.6/site-packages/airflow/example_dags/example_task_group_decorator.py took 0.155 seconds
[2022-06-07 01:27:35,117] {scheduler_job.py:182} INFO - Started process (PID=1621) to work on /home/airflow/.local/lib/python3.6/site-packages/airflow/example_dags/example_task_group_decorator.py
[2022-06-07 01:27:35,118] {scheduler_job.py:633} INFO - Processing file /home/airflow/.local/lib/python3.6/site-packages/airflow/example_dags/example_task_group_decorator.py for tasks to queue
[2022-06-07 01:27:35,118] {logging_mixin.py:104} INFO - [2022-06-07 01:27:35,118] {dagbag.py:487} INFO - Filling up the DagBag from /home/airflow/.local/lib/python3.6/site-packages/airflow/example_dags/example_task_group_decorator.py
[2022-06-07 01:27:35,128] {scheduler_job.py:643} INFO - DAG(s) dict_keys(['example_task_group_decorator']) retrieved from /home/airflow/.local/lib/python3.6/site-packages/airflow/example_dags/example_task_group_decorator.py
[2022-06-07 01:27:35,138] {logging_mixin.py:104} INFO - [2022-06-07 01:27:35,137] {dag.py:1832} INFO - Sync 1 DAGs
[2022-06-07 01:27:35,144] {logging_mixin.py:104} INFO - [2022-06-07 01:27:35,144] {dag.py:2305} INFO - Setting next_dagrun for example_task_group_decorator to 2022-06-05 00:00:00+00:00
[2022-06-07 01:27:35,148] {scheduler_job.py:190} INFO - Processing /home/airflow/.local/lib/python3.6/site-packages/airflow/example_dags/example_task_group_decorator.py took 0.034 seconds
