[2022-06-07 01:21:28,669] {scheduler_job.py:182} INFO - Started process (PID=164) to work on /home/airflow/.local/lib/python3.6/site-packages/airflow/example_dags/example_branch_labels.py
[2022-06-07 01:21:28,670] {scheduler_job.py:633} INFO - Processing file /home/airflow/.local/lib/python3.6/site-packages/airflow/example_dags/example_branch_labels.py for tasks to queue
[2022-06-07 01:21:28,670] {logging_mixin.py:104} INFO - [2022-06-07 01:21:28,670] {dagbag.py:487} INFO - Filling up the DagBag from /home/airflow/.local/lib/python3.6/site-packages/airflow/example_dags/example_branch_labels.py
[2022-06-07 01:21:28,675] {scheduler_job.py:643} INFO - DAG(s) dict_keys(['example_branch_labels']) retrieved from /home/airflow/.local/lib/python3.6/site-packages/airflow/example_dags/example_branch_labels.py
[2022-06-07 01:21:29,525] {logging_mixin.py:104} INFO - [2022-06-07 01:21:29,525] {dag.py:1832} INFO - Sync 1 DAGs
[2022-06-07 01:21:29,529] {logging_mixin.py:104} INFO - [2022-06-07 01:21:29,529] {dag.py:1851} INFO - Creating ORM DAG for example_branch_labels
[2022-06-07 01:21:29,532] {logging_mixin.py:104} INFO - [2022-06-07 01:21:29,532] {dag.py:2305} INFO - Setting next_dagrun for example_branch_labels to 2022-06-05 00:00:00+00:00
[2022-06-07 01:21:29,536] {scheduler_job.py:190} INFO - Processing /home/airflow/.local/lib/python3.6/site-packages/airflow/example_dags/example_branch_labels.py took 0.868 seconds
[2022-06-07 01:22:00,096] {scheduler_job.py:182} INFO - Started process (PID=299) to work on /home/airflow/.local/lib/python3.6/site-packages/airflow/example_dags/example_branch_labels.py
[2022-06-07 01:22:00,097] {scheduler_job.py:633} INFO - Processing file /home/airflow/.local/lib/python3.6/site-packages/airflow/example_dags/example_branch_labels.py for tasks to queue
[2022-06-07 01:22:00,097] {logging_mixin.py:104} INFO - [2022-06-07 01:22:00,097] {dagbag.py:487} INFO - Filling up the DagBag from /home/airflow/.local/lib/python3.6/site-packages/airflow/example_dags/example_branch_labels.py
[2022-06-07 01:22:00,102] {scheduler_job.py:643} INFO - DAG(s) dict_keys(['example_branch_labels']) retrieved from /home/airflow/.local/lib/python3.6/site-packages/airflow/example_dags/example_branch_labels.py
[2022-06-07 01:22:00,125] {logging_mixin.py:104} INFO - [2022-06-07 01:22:00,125] {dag.py:1832} INFO - Sync 1 DAGs
[2022-06-07 01:22:00,136] {logging_mixin.py:104} INFO - [2022-06-07 01:22:00,136] {dag.py:2305} INFO - Setting next_dagrun for example_branch_labels to 2022-06-05 00:00:00+00:00
[2022-06-07 01:22:00,141] {scheduler_job.py:190} INFO - Processing /home/airflow/.local/lib/python3.6/site-packages/airflow/example_dags/example_branch_labels.py took 0.046 seconds
[2022-06-07 01:22:30,883] {scheduler_job.py:182} INFO - Started process (PID=428) to work on /home/airflow/.local/lib/python3.6/site-packages/airflow/example_dags/example_branch_labels.py
[2022-06-07 01:22:30,883] {scheduler_job.py:633} INFO - Processing file /home/airflow/.local/lib/python3.6/site-packages/airflow/example_dags/example_branch_labels.py for tasks to queue
[2022-06-07 01:22:30,883] {logging_mixin.py:104} INFO - [2022-06-07 01:22:30,883] {dagbag.py:487} INFO - Filling up the DagBag from /home/airflow/.local/lib/python3.6/site-packages/airflow/example_dags/example_branch_labels.py
[2022-06-07 01:22:30,888] {scheduler_job.py:643} INFO - DAG(s) dict_keys(['example_branch_labels']) retrieved from /home/airflow/.local/lib/python3.6/site-packages/airflow/example_dags/example_branch_labels.py
[2022-06-07 01:22:30,898] {logging_mixin.py:104} INFO - [2022-06-07 01:22:30,898] {dag.py:1832} INFO - Sync 1 DAGs
[2022-06-07 01:22:30,905] {logging_mixin.py:104} INFO - [2022-06-07 01:22:30,905] {dag.py:2305} INFO - Setting next_dagrun for example_branch_labels to 2022-06-05 00:00:00+00:00
[2022-06-07 01:22:30,908] {scheduler_job.py:190} INFO - Processing /home/airflow/.local/lib/python3.6/site-packages/airflow/example_dags/example_branch_labels.py took 0.028 seconds
[2022-06-07 01:23:01,718] {scheduler_job.py:182} INFO - Started process (PID=558) to work on /home/airflow/.local/lib/python3.6/site-packages/airflow/example_dags/example_branch_labels.py
[2022-06-07 01:23:01,719] {scheduler_job.py:633} INFO - Processing file /home/airflow/.local/lib/python3.6/site-packages/airflow/example_dags/example_branch_labels.py for tasks to queue
[2022-06-07 01:23:01,719] {logging_mixin.py:104} INFO - [2022-06-07 01:23:01,719] {dagbag.py:487} INFO - Filling up the DagBag from /home/airflow/.local/lib/python3.6/site-packages/airflow/example_dags/example_branch_labels.py
[2022-06-07 01:23:01,723] {scheduler_job.py:643} INFO - DAG(s) dict_keys(['example_branch_labels']) retrieved from /home/airflow/.local/lib/python3.6/site-packages/airflow/example_dags/example_branch_labels.py
[2022-06-07 01:23:01,735] {logging_mixin.py:104} INFO - [2022-06-07 01:23:01,735] {dag.py:1832} INFO - Sync 1 DAGs
[2022-06-07 01:23:01,742] {logging_mixin.py:104} INFO - [2022-06-07 01:23:01,742] {dag.py:2305} INFO - Setting next_dagrun for example_branch_labels to 2022-06-05 00:00:00+00:00
[2022-06-07 01:23:01,746] {scheduler_job.py:190} INFO - Processing /home/airflow/.local/lib/python3.6/site-packages/airflow/example_dags/example_branch_labels.py took 0.030 seconds
[2022-06-07 01:23:32,423] {scheduler_job.py:182} INFO - Started process (PID=655) to work on /home/airflow/.local/lib/python3.6/site-packages/airflow/example_dags/example_branch_labels.py
[2022-06-07 01:23:32,423] {scheduler_job.py:633} INFO - Processing file /home/airflow/.local/lib/python3.6/site-packages/airflow/example_dags/example_branch_labels.py for tasks to queue
[2022-06-07 01:23:32,424] {logging_mixin.py:104} INFO - [2022-06-07 01:23:32,424] {dagbag.py:487} INFO - Filling up the DagBag from /home/airflow/.local/lib/python3.6/site-packages/airflow/example_dags/example_branch_labels.py
[2022-06-07 01:23:32,430] {scheduler_job.py:643} INFO - DAG(s) dict_keys(['example_branch_labels']) retrieved from /home/airflow/.local/lib/python3.6/site-packages/airflow/example_dags/example_branch_labels.py
[2022-06-07 01:23:32,437] {logging_mixin.py:104} INFO - [2022-06-07 01:23:32,437] {dag.py:1832} INFO - Sync 1 DAGs
[2022-06-07 01:23:32,444] {logging_mixin.py:104} INFO - [2022-06-07 01:23:32,444] {dag.py:2305} INFO - Setting next_dagrun for example_branch_labels to 2022-06-05 00:00:00+00:00
[2022-06-07 01:23:32,447] {scheduler_job.py:190} INFO - Processing /home/airflow/.local/lib/python3.6/site-packages/airflow/example_dags/example_branch_labels.py took 0.027 seconds
[2022-06-07 01:24:03,200] {scheduler_job.py:182} INFO - Started process (PID=785) to work on /home/airflow/.local/lib/python3.6/site-packages/airflow/example_dags/example_branch_labels.py
[2022-06-07 01:24:03,201] {scheduler_job.py:633} INFO - Processing file /home/airflow/.local/lib/python3.6/site-packages/airflow/example_dags/example_branch_labels.py for tasks to queue
[2022-06-07 01:24:03,202] {logging_mixin.py:104} INFO - [2022-06-07 01:24:03,202] {dagbag.py:487} INFO - Filling up the DagBag from /home/airflow/.local/lib/python3.6/site-packages/airflow/example_dags/example_branch_labels.py
[2022-06-07 01:24:03,208] {scheduler_job.py:643} INFO - DAG(s) dict_keys(['example_branch_labels']) retrieved from /home/airflow/.local/lib/python3.6/site-packages/airflow/example_dags/example_branch_labels.py
[2022-06-07 01:24:03,217] {logging_mixin.py:104} INFO - [2022-06-07 01:24:03,217] {dag.py:1832} INFO - Sync 1 DAGs
[2022-06-07 01:24:03,223] {logging_mixin.py:104} INFO - [2022-06-07 01:24:03,223] {dag.py:2305} INFO - Setting next_dagrun for example_branch_labels to 2022-06-05 00:00:00+00:00
[2022-06-07 01:24:03,227] {scheduler_job.py:190} INFO - Processing /home/airflow/.local/lib/python3.6/site-packages/airflow/example_dags/example_branch_labels.py took 0.030 seconds
[2022-06-07 01:24:33,914] {scheduler_job.py:182} INFO - Started process (PID=915) to work on /home/airflow/.local/lib/python3.6/site-packages/airflow/example_dags/example_branch_labels.py
[2022-06-07 01:24:33,915] {scheduler_job.py:633} INFO - Processing file /home/airflow/.local/lib/python3.6/site-packages/airflow/example_dags/example_branch_labels.py for tasks to queue
[2022-06-07 01:24:33,915] {logging_mixin.py:104} INFO - [2022-06-07 01:24:33,915] {dagbag.py:487} INFO - Filling up the DagBag from /home/airflow/.local/lib/python3.6/site-packages/airflow/example_dags/example_branch_labels.py
[2022-06-07 01:24:33,921] {scheduler_job.py:643} INFO - DAG(s) dict_keys(['example_branch_labels']) retrieved from /home/airflow/.local/lib/python3.6/site-packages/airflow/example_dags/example_branch_labels.py
[2022-06-07 01:24:33,929] {logging_mixin.py:104} INFO - [2022-06-07 01:24:33,929] {dag.py:1832} INFO - Sync 1 DAGs
[2022-06-07 01:24:33,936] {logging_mixin.py:104} INFO - [2022-06-07 01:24:33,936] {dag.py:2305} INFO - Setting next_dagrun for example_branch_labels to 2022-06-05 00:00:00+00:00
[2022-06-07 01:24:33,940] {scheduler_job.py:190} INFO - Processing /home/airflow/.local/lib/python3.6/site-packages/airflow/example_dags/example_branch_labels.py took 0.027 seconds
[2022-06-07 01:25:04,639] {scheduler_job.py:182} INFO - Started process (PID=1045) to work on /home/airflow/.local/lib/python3.6/site-packages/airflow/example_dags/example_branch_labels.py
[2022-06-07 01:25:04,640] {scheduler_job.py:633} INFO - Processing file /home/airflow/.local/lib/python3.6/site-packages/airflow/example_dags/example_branch_labels.py for tasks to queue
[2022-06-07 01:25:04,640] {logging_mixin.py:104} INFO - [2022-06-07 01:25:04,640] {dagbag.py:487} INFO - Filling up the DagBag from /home/airflow/.local/lib/python3.6/site-packages/airflow/example_dags/example_branch_labels.py
[2022-06-07 01:25:04,646] {scheduler_job.py:643} INFO - DAG(s) dict_keys(['example_branch_labels']) retrieved from /home/airflow/.local/lib/python3.6/site-packages/airflow/example_dags/example_branch_labels.py
[2022-06-07 01:25:04,655] {logging_mixin.py:104} INFO - [2022-06-07 01:25:04,655] {dag.py:1832} INFO - Sync 1 DAGs
[2022-06-07 01:25:04,662] {logging_mixin.py:104} INFO - [2022-06-07 01:25:04,662] {dag.py:2305} INFO - Setting next_dagrun for example_branch_labels to 2022-06-05 00:00:00+00:00
[2022-06-07 01:25:04,666] {scheduler_job.py:190} INFO - Processing /home/airflow/.local/lib/python3.6/site-packages/airflow/example_dags/example_branch_labels.py took 0.028 seconds
[2022-06-07 01:25:35,424] {scheduler_job.py:182} INFO - Started process (PID=1142) to work on /home/airflow/.local/lib/python3.6/site-packages/airflow/example_dags/example_branch_labels.py
[2022-06-07 01:25:35,425] {scheduler_job.py:633} INFO - Processing file /home/airflow/.local/lib/python3.6/site-packages/airflow/example_dags/example_branch_labels.py for tasks to queue
[2022-06-07 01:25:35,425] {logging_mixin.py:104} INFO - [2022-06-07 01:25:35,425] {dagbag.py:487} INFO - Filling up the DagBag from /home/airflow/.local/lib/python3.6/site-packages/airflow/example_dags/example_branch_labels.py
[2022-06-07 01:25:35,432] {scheduler_job.py:643} INFO - DAG(s) dict_keys(['example_branch_labels']) retrieved from /home/airflow/.local/lib/python3.6/site-packages/airflow/example_dags/example_branch_labels.py
[2022-06-07 01:25:35,442] {logging_mixin.py:104} INFO - [2022-06-07 01:25:35,442] {dag.py:1832} INFO - Sync 1 DAGs
[2022-06-07 01:25:35,449] {logging_mixin.py:104} INFO - [2022-06-07 01:25:35,449] {dag.py:2305} INFO - Setting next_dagrun for example_branch_labels to 2022-06-05 00:00:00+00:00
[2022-06-07 01:25:35,474] {scheduler_job.py:190} INFO - Processing /home/airflow/.local/lib/python3.6/site-packages/airflow/example_dags/example_branch_labels.py took 0.051 seconds
[2022-06-07 01:26:06,139] {scheduler_job.py:182} INFO - Started process (PID=1271) to work on /home/airflow/.local/lib/python3.6/site-packages/airflow/example_dags/example_branch_labels.py
[2022-06-07 01:26:06,140] {scheduler_job.py:633} INFO - Processing file /home/airflow/.local/lib/python3.6/site-packages/airflow/example_dags/example_branch_labels.py for tasks to queue
[2022-06-07 01:26:06,140] {logging_mixin.py:104} INFO - [2022-06-07 01:26:06,140] {dagbag.py:487} INFO - Filling up the DagBag from /home/airflow/.local/lib/python3.6/site-packages/airflow/example_dags/example_branch_labels.py
[2022-06-07 01:26:06,146] {scheduler_job.py:643} INFO - DAG(s) dict_keys(['example_branch_labels']) retrieved from /home/airflow/.local/lib/python3.6/site-packages/airflow/example_dags/example_branch_labels.py
[2022-06-07 01:26:06,156] {logging_mixin.py:104} INFO - [2022-06-07 01:26:06,156] {dag.py:1832} INFO - Sync 1 DAGs
[2022-06-07 01:26:06,163] {logging_mixin.py:104} INFO - [2022-06-07 01:26:06,163] {dag.py:2305} INFO - Setting next_dagrun for example_branch_labels to 2022-06-05 00:00:00+00:00
[2022-06-07 01:26:06,167] {scheduler_job.py:190} INFO - Processing /home/airflow/.local/lib/python3.6/site-packages/airflow/example_dags/example_branch_labels.py took 0.031 seconds
[2022-06-07 01:26:36,794] {scheduler_job.py:182} INFO - Started process (PID=1401) to work on /home/airflow/.local/lib/python3.6/site-packages/airflow/example_dags/example_branch_labels.py
[2022-06-07 01:26:36,795] {scheduler_job.py:633} INFO - Processing file /home/airflow/.local/lib/python3.6/site-packages/airflow/example_dags/example_branch_labels.py for tasks to queue
[2022-06-07 01:26:36,795] {logging_mixin.py:104} INFO - [2022-06-07 01:26:36,795] {dagbag.py:487} INFO - Filling up the DagBag from /home/airflow/.local/lib/python3.6/site-packages/airflow/example_dags/example_branch_labels.py
[2022-06-07 01:26:36,800] {scheduler_job.py:643} INFO - DAG(s) dict_keys(['example_branch_labels']) retrieved from /home/airflow/.local/lib/python3.6/site-packages/airflow/example_dags/example_branch_labels.py
[2022-06-07 01:26:36,811] {logging_mixin.py:104} INFO - [2022-06-07 01:26:36,811] {dag.py:1832} INFO - Sync 1 DAGs
[2022-06-07 01:26:36,818] {logging_mixin.py:104} INFO - [2022-06-07 01:26:36,818] {dag.py:2305} INFO - Setting next_dagrun for example_branch_labels to 2022-06-05 00:00:00+00:00
[2022-06-07 01:26:36,822] {scheduler_job.py:190} INFO - Processing /home/airflow/.local/lib/python3.6/site-packages/airflow/example_dags/example_branch_labels.py took 0.028 seconds
[2022-06-07 01:27:07,635] {scheduler_job.py:182} INFO - Started process (PID=1531) to work on /home/airflow/.local/lib/python3.6/site-packages/airflow/example_dags/example_branch_labels.py
[2022-06-07 01:27:07,636] {scheduler_job.py:633} INFO - Processing file /home/airflow/.local/lib/python3.6/site-packages/airflow/example_dags/example_branch_labels.py for tasks to queue
[2022-06-07 01:27:07,636] {logging_mixin.py:104} INFO - [2022-06-07 01:27:07,636] {dagbag.py:487} INFO - Filling up the DagBag from /home/airflow/.local/lib/python3.6/site-packages/airflow/example_dags/example_branch_labels.py
[2022-06-07 01:27:07,641] {scheduler_job.py:643} INFO - DAG(s) dict_keys(['example_branch_labels']) retrieved from /home/airflow/.local/lib/python3.6/site-packages/airflow/example_dags/example_branch_labels.py
[2022-06-07 01:27:07,651] {logging_mixin.py:104} INFO - [2022-06-07 01:27:07,651] {dag.py:1832} INFO - Sync 1 DAGs
[2022-06-07 01:27:07,659] {logging_mixin.py:104} INFO - [2022-06-07 01:27:07,659] {dag.py:2305} INFO - Setting next_dagrun for example_branch_labels to 2022-06-05 00:00:00+00:00
[2022-06-07 01:27:07,665] {scheduler_job.py:190} INFO - Processing /home/airflow/.local/lib/python3.6/site-packages/airflow/example_dags/example_branch_labels.py took 0.032 seconds
[2022-06-07 01:27:38,234] {scheduler_job.py:182} INFO - Started process (PID=1634) to work on /home/airflow/.local/lib/python3.6/site-packages/airflow/example_dags/example_branch_labels.py
[2022-06-07 01:27:38,234] {scheduler_job.py:633} INFO - Processing file /home/airflow/.local/lib/python3.6/site-packages/airflow/example_dags/example_branch_labels.py for tasks to queue
[2022-06-07 01:27:38,234] {logging_mixin.py:104} INFO - [2022-06-07 01:27:38,234] {dagbag.py:487} INFO - Filling up the DagBag from /home/airflow/.local/lib/python3.6/site-packages/airflow/example_dags/example_branch_labels.py
[2022-06-07 01:27:38,239] {scheduler_job.py:643} INFO - DAG(s) dict_keys(['example_branch_labels']) retrieved from /home/airflow/.local/lib/python3.6/site-packages/airflow/example_dags/example_branch_labels.py
[2022-06-07 01:27:38,247] {logging_mixin.py:104} INFO - [2022-06-07 01:27:38,247] {dag.py:1832} INFO - Sync 1 DAGs
[2022-06-07 01:27:38,254] {logging_mixin.py:104} INFO - [2022-06-07 01:27:38,254] {dag.py:2305} INFO - Setting next_dagrun for example_branch_labels to 2022-06-05 00:00:00+00:00
[2022-06-07 01:27:38,258] {scheduler_job.py:190} INFO - Processing /home/airflow/.local/lib/python3.6/site-packages/airflow/example_dags/example_branch_labels.py took 0.025 seconds
