[2022-06-07 01:21:23,356] {scheduler_job.py:182} INFO - Started process (PID=140) to work on /home/airflow/.local/lib/python3.6/site-packages/airflow/example_dags/example_latest_only.py
[2022-06-07 01:21:23,357] {scheduler_job.py:633} INFO - Processing file /home/airflow/.local/lib/python3.6/site-packages/airflow/example_dags/example_latest_only.py for tasks to queue
[2022-06-07 01:21:23,357] {logging_mixin.py:104} INFO - [2022-06-07 01:21:23,357] {dagbag.py:487} INFO - Filling up the DagBag from /home/airflow/.local/lib/python3.6/site-packages/airflow/example_dags/example_latest_only.py
[2022-06-07 01:21:23,362] {scheduler_job.py:643} INFO - DAG(s) dict_keys(['latest_only']) retrieved from /home/airflow/.local/lib/python3.6/site-packages/airflow/example_dags/example_latest_only.py
[2022-06-07 01:21:24,215] {logging_mixin.py:104} INFO - [2022-06-07 01:21:24,215] {dag.py:1832} INFO - Sync 1 DAGs
[2022-06-07 01:21:24,219] {logging_mixin.py:104} INFO - [2022-06-07 01:21:24,219] {dag.py:1851} INFO - Creating ORM DAG for latest_only
[2022-06-07 01:21:24,221] {logging_mixin.py:104} INFO - [2022-06-07 01:21:24,221] {dag.py:2305} INFO - Setting next_dagrun for latest_only to 2022-06-05 00:00:00+00:00
[2022-06-07 01:21:24,225] {scheduler_job.py:190} INFO - Processing /home/airflow/.local/lib/python3.6/site-packages/airflow/example_dags/example_latest_only.py took 0.871 seconds
[2022-06-07 01:21:54,740] {scheduler_job.py:182} INFO - Started process (PID=287) to work on /home/airflow/.local/lib/python3.6/site-packages/airflow/example_dags/example_latest_only.py
[2022-06-07 01:21:54,740] {scheduler_job.py:633} INFO - Processing file /home/airflow/.local/lib/python3.6/site-packages/airflow/example_dags/example_latest_only.py for tasks to queue
[2022-06-07 01:21:54,740] {logging_mixin.py:104} INFO - [2022-06-07 01:21:54,740] {dagbag.py:487} INFO - Filling up the DagBag from /home/airflow/.local/lib/python3.6/site-packages/airflow/example_dags/example_latest_only.py
[2022-06-07 01:21:54,745] {scheduler_job.py:643} INFO - DAG(s) dict_keys(['latest_only']) retrieved from /home/airflow/.local/lib/python3.6/site-packages/airflow/example_dags/example_latest_only.py
[2022-06-07 01:21:54,755] {logging_mixin.py:104} INFO - [2022-06-07 01:21:54,755] {dag.py:1832} INFO - Sync 1 DAGs
[2022-06-07 01:21:54,761] {logging_mixin.py:104} INFO - [2022-06-07 01:21:54,761] {dag.py:2305} INFO - Setting next_dagrun for latest_only to 2022-06-05 00:00:00+00:00
[2022-06-07 01:21:54,766] {scheduler_job.py:190} INFO - Processing /home/airflow/.local/lib/python3.6/site-packages/airflow/example_dags/example_latest_only.py took 0.028 seconds
[2022-06-07 01:22:25,558] {scheduler_job.py:182} INFO - Started process (PID=383) to work on /home/airflow/.local/lib/python3.6/site-packages/airflow/example_dags/example_latest_only.py
[2022-06-07 01:22:25,558] {scheduler_job.py:633} INFO - Processing file /home/airflow/.local/lib/python3.6/site-packages/airflow/example_dags/example_latest_only.py for tasks to queue
[2022-06-07 01:22:25,558] {logging_mixin.py:104} INFO - [2022-06-07 01:22:25,558] {dagbag.py:487} INFO - Filling up the DagBag from /home/airflow/.local/lib/python3.6/site-packages/airflow/example_dags/example_latest_only.py
[2022-06-07 01:22:25,563] {scheduler_job.py:643} INFO - DAG(s) dict_keys(['latest_only']) retrieved from /home/airflow/.local/lib/python3.6/site-packages/airflow/example_dags/example_latest_only.py
[2022-06-07 01:22:25,573] {logging_mixin.py:104} INFO - [2022-06-07 01:22:25,573] {dag.py:1832} INFO - Sync 1 DAGs
[2022-06-07 01:22:25,579] {logging_mixin.py:104} INFO - [2022-06-07 01:22:25,579] {dag.py:2305} INFO - Setting next_dagrun for latest_only to 2022-06-05 00:00:00+00:00
[2022-06-07 01:22:25,591] {scheduler_job.py:190} INFO - Processing /home/airflow/.local/lib/python3.6/site-packages/airflow/example_dags/example_latest_only.py took 0.037 seconds
[2022-06-07 01:22:56,294] {scheduler_job.py:182} INFO - Started process (PID=513) to work on /home/airflow/.local/lib/python3.6/site-packages/airflow/example_dags/example_latest_only.py
[2022-06-07 01:22:56,294] {scheduler_job.py:633} INFO - Processing file /home/airflow/.local/lib/python3.6/site-packages/airflow/example_dags/example_latest_only.py for tasks to queue
[2022-06-07 01:22:56,294] {logging_mixin.py:104} INFO - [2022-06-07 01:22:56,294] {dagbag.py:487} INFO - Filling up the DagBag from /home/airflow/.local/lib/python3.6/site-packages/airflow/example_dags/example_latest_only.py
[2022-06-07 01:22:56,299] {scheduler_job.py:643} INFO - DAG(s) dict_keys(['latest_only']) retrieved from /home/airflow/.local/lib/python3.6/site-packages/airflow/example_dags/example_latest_only.py
[2022-06-07 01:22:56,309] {logging_mixin.py:104} INFO - [2022-06-07 01:22:56,309] {dag.py:1832} INFO - Sync 1 DAGs
[2022-06-07 01:22:56,315] {logging_mixin.py:104} INFO - [2022-06-07 01:22:56,315] {dag.py:2305} INFO - Setting next_dagrun for latest_only to 2022-06-05 00:00:00+00:00
[2022-06-07 01:22:56,320] {scheduler_job.py:190} INFO - Processing /home/airflow/.local/lib/python3.6/site-packages/airflow/example_dags/example_latest_only.py took 0.027 seconds
[2022-06-07 01:23:27,151] {scheduler_job.py:182} INFO - Started process (PID=643) to work on /home/airflow/.local/lib/python3.6/site-packages/airflow/example_dags/example_latest_only.py
[2022-06-07 01:23:27,152] {scheduler_job.py:633} INFO - Processing file /home/airflow/.local/lib/python3.6/site-packages/airflow/example_dags/example_latest_only.py for tasks to queue
[2022-06-07 01:23:27,152] {logging_mixin.py:104} INFO - [2022-06-07 01:23:27,152] {dagbag.py:487} INFO - Filling up the DagBag from /home/airflow/.local/lib/python3.6/site-packages/airflow/example_dags/example_latest_only.py
[2022-06-07 01:23:27,158] {scheduler_job.py:643} INFO - DAG(s) dict_keys(['latest_only']) retrieved from /home/airflow/.local/lib/python3.6/site-packages/airflow/example_dags/example_latest_only.py
[2022-06-07 01:23:27,166] {logging_mixin.py:104} INFO - [2022-06-07 01:23:27,166] {dag.py:1832} INFO - Sync 1 DAGs
[2022-06-07 01:23:27,172] {logging_mixin.py:104} INFO - [2022-06-07 01:23:27,172] {dag.py:2305} INFO - Setting next_dagrun for latest_only to 2022-06-05 00:00:00+00:00
[2022-06-07 01:23:27,181] {scheduler_job.py:190} INFO - Processing /home/airflow/.local/lib/python3.6/site-packages/airflow/example_dags/example_latest_only.py took 0.031 seconds
[2022-06-07 01:23:57,915] {scheduler_job.py:182} INFO - Started process (PID=773) to work on /home/airflow/.local/lib/python3.6/site-packages/airflow/example_dags/example_latest_only.py
[2022-06-07 01:23:57,915] {scheduler_job.py:633} INFO - Processing file /home/airflow/.local/lib/python3.6/site-packages/airflow/example_dags/example_latest_only.py for tasks to queue
[2022-06-07 01:23:57,915] {logging_mixin.py:104} INFO - [2022-06-07 01:23:57,915] {dagbag.py:487} INFO - Filling up the DagBag from /home/airflow/.local/lib/python3.6/site-packages/airflow/example_dags/example_latest_only.py
[2022-06-07 01:23:57,921] {scheduler_job.py:643} INFO - DAG(s) dict_keys(['latest_only']) retrieved from /home/airflow/.local/lib/python3.6/site-packages/airflow/example_dags/example_latest_only.py
[2022-06-07 01:23:57,930] {logging_mixin.py:104} INFO - [2022-06-07 01:23:57,930] {dag.py:1832} INFO - Sync 1 DAGs
[2022-06-07 01:23:57,936] {logging_mixin.py:104} INFO - [2022-06-07 01:23:57,936] {dag.py:2305} INFO - Setting next_dagrun for latest_only to 2022-06-05 00:00:00+00:00
[2022-06-07 01:23:57,941] {scheduler_job.py:190} INFO - Processing /home/airflow/.local/lib/python3.6/site-packages/airflow/example_dags/example_latest_only.py took 0.030 seconds
[2022-06-07 01:24:28,635] {scheduler_job.py:182} INFO - Started process (PID=870) to work on /home/airflow/.local/lib/python3.6/site-packages/airflow/example_dags/example_latest_only.py
[2022-06-07 01:24:28,635] {scheduler_job.py:633} INFO - Processing file /home/airflow/.local/lib/python3.6/site-packages/airflow/example_dags/example_latest_only.py for tasks to queue
[2022-06-07 01:24:28,635] {logging_mixin.py:104} INFO - [2022-06-07 01:24:28,635] {dagbag.py:487} INFO - Filling up the DagBag from /home/airflow/.local/lib/python3.6/site-packages/airflow/example_dags/example_latest_only.py
[2022-06-07 01:24:28,641] {scheduler_job.py:643} INFO - DAG(s) dict_keys(['latest_only']) retrieved from /home/airflow/.local/lib/python3.6/site-packages/airflow/example_dags/example_latest_only.py
[2022-06-07 01:24:28,650] {logging_mixin.py:104} INFO - [2022-06-07 01:24:28,650] {dag.py:1832} INFO - Sync 1 DAGs
[2022-06-07 01:24:28,656] {logging_mixin.py:104} INFO - [2022-06-07 01:24:28,656] {dag.py:2305} INFO - Setting next_dagrun for latest_only to 2022-06-05 00:00:00+00:00
[2022-06-07 01:24:28,668] {scheduler_job.py:190} INFO - Processing /home/airflow/.local/lib/python3.6/site-packages/airflow/example_dags/example_latest_only.py took 0.034 seconds
[2022-06-07 01:24:59,384] {scheduler_job.py:182} INFO - Started process (PID=1000) to work on /home/airflow/.local/lib/python3.6/site-packages/airflow/example_dags/example_latest_only.py
[2022-06-07 01:24:59,385] {scheduler_job.py:633} INFO - Processing file /home/airflow/.local/lib/python3.6/site-packages/airflow/example_dags/example_latest_only.py for tasks to queue
[2022-06-07 01:24:59,385] {logging_mixin.py:104} INFO - [2022-06-07 01:24:59,385] {dagbag.py:487} INFO - Filling up the DagBag from /home/airflow/.local/lib/python3.6/site-packages/airflow/example_dags/example_latest_only.py
[2022-06-07 01:24:59,391] {scheduler_job.py:643} INFO - DAG(s) dict_keys(['latest_only']) retrieved from /home/airflow/.local/lib/python3.6/site-packages/airflow/example_dags/example_latest_only.py
[2022-06-07 01:24:59,399] {logging_mixin.py:104} INFO - [2022-06-07 01:24:59,399] {dag.py:1832} INFO - Sync 1 DAGs
[2022-06-07 01:24:59,405] {logging_mixin.py:104} INFO - [2022-06-07 01:24:59,405] {dag.py:2305} INFO - Setting next_dagrun for latest_only to 2022-06-05 00:00:00+00:00
[2022-06-07 01:24:59,417] {scheduler_job.py:190} INFO - Processing /home/airflow/.local/lib/python3.6/site-packages/airflow/example_dags/example_latest_only.py took 0.034 seconds
[2022-06-07 01:25:30,092] {scheduler_job.py:182} INFO - Started process (PID=1130) to work on /home/airflow/.local/lib/python3.6/site-packages/airflow/example_dags/example_latest_only.py
[2022-06-07 01:25:30,092] {scheduler_job.py:633} INFO - Processing file /home/airflow/.local/lib/python3.6/site-packages/airflow/example_dags/example_latest_only.py for tasks to queue
[2022-06-07 01:25:30,093] {logging_mixin.py:104} INFO - [2022-06-07 01:25:30,093] {dagbag.py:487} INFO - Filling up the DagBag from /home/airflow/.local/lib/python3.6/site-packages/airflow/example_dags/example_latest_only.py
[2022-06-07 01:25:30,098] {scheduler_job.py:643} INFO - DAG(s) dict_keys(['latest_only']) retrieved from /home/airflow/.local/lib/python3.6/site-packages/airflow/example_dags/example_latest_only.py
[2022-06-07 01:25:30,108] {logging_mixin.py:104} INFO - [2022-06-07 01:25:30,108] {dag.py:1832} INFO - Sync 1 DAGs
[2022-06-07 01:25:30,115] {logging_mixin.py:104} INFO - [2022-06-07 01:25:30,115] {dag.py:2305} INFO - Setting next_dagrun for latest_only to 2022-06-05 00:00:00+00:00
[2022-06-07 01:25:30,119] {scheduler_job.py:190} INFO - Processing /home/airflow/.local/lib/python3.6/site-packages/airflow/example_dags/example_latest_only.py took 0.031 seconds
[2022-06-07 01:26:00,869] {scheduler_job.py:182} INFO - Started process (PID=1259) to work on /home/airflow/.local/lib/python3.6/site-packages/airflow/example_dags/example_latest_only.py
[2022-06-07 01:26:00,869] {scheduler_job.py:633} INFO - Processing file /home/airflow/.local/lib/python3.6/site-packages/airflow/example_dags/example_latest_only.py for tasks to queue
[2022-06-07 01:26:00,869] {logging_mixin.py:104} INFO - [2022-06-07 01:26:00,869] {dagbag.py:487} INFO - Filling up the DagBag from /home/airflow/.local/lib/python3.6/site-packages/airflow/example_dags/example_latest_only.py
[2022-06-07 01:26:00,875] {scheduler_job.py:643} INFO - DAG(s) dict_keys(['latest_only']) retrieved from /home/airflow/.local/lib/python3.6/site-packages/airflow/example_dags/example_latest_only.py
[2022-06-07 01:26:00,885] {logging_mixin.py:104} INFO - [2022-06-07 01:26:00,885] {dag.py:1832} INFO - Sync 1 DAGs
[2022-06-07 01:26:00,891] {logging_mixin.py:104} INFO - [2022-06-07 01:26:00,890] {dag.py:2305} INFO - Setting next_dagrun for latest_only to 2022-06-05 00:00:00+00:00
[2022-06-07 01:26:00,895] {scheduler_job.py:190} INFO - Processing /home/airflow/.local/lib/python3.6/site-packages/airflow/example_dags/example_latest_only.py took 0.030 seconds
[2022-06-07 01:26:31,568] {scheduler_job.py:182} INFO - Started process (PID=1363) to work on /home/airflow/.local/lib/python3.6/site-packages/airflow/example_dags/example_latest_only.py
[2022-06-07 01:26:31,569] {scheduler_job.py:633} INFO - Processing file /home/airflow/.local/lib/python3.6/site-packages/airflow/example_dags/example_latest_only.py for tasks to queue
[2022-06-07 01:26:31,569] {logging_mixin.py:104} INFO - [2022-06-07 01:26:31,569] {dagbag.py:487} INFO - Filling up the DagBag from /home/airflow/.local/lib/python3.6/site-packages/airflow/example_dags/example_latest_only.py
[2022-06-07 01:26:31,574] {scheduler_job.py:643} INFO - DAG(s) dict_keys(['latest_only']) retrieved from /home/airflow/.local/lib/python3.6/site-packages/airflow/example_dags/example_latest_only.py
[2022-06-07 01:26:31,583] {logging_mixin.py:104} INFO - [2022-06-07 01:26:31,583] {dag.py:1832} INFO - Sync 1 DAGs
[2022-06-07 01:26:31,589] {logging_mixin.py:104} INFO - [2022-06-07 01:26:31,589] {dag.py:2305} INFO - Setting next_dagrun for latest_only to 2022-06-05 00:00:00+00:00
[2022-06-07 01:26:31,594] {scheduler_job.py:190} INFO - Processing /home/airflow/.local/lib/python3.6/site-packages/airflow/example_dags/example_latest_only.py took 0.027 seconds
[2022-06-07 01:27:02,284] {scheduler_job.py:182} INFO - Started process (PID=1486) to work on /home/airflow/.local/lib/python3.6/site-packages/airflow/example_dags/example_latest_only.py
[2022-06-07 01:27:02,284] {scheduler_job.py:633} INFO - Processing file /home/airflow/.local/lib/python3.6/site-packages/airflow/example_dags/example_latest_only.py for tasks to queue
[2022-06-07 01:27:02,284] {logging_mixin.py:104} INFO - [2022-06-07 01:27:02,284] {dagbag.py:487} INFO - Filling up the DagBag from /home/airflow/.local/lib/python3.6/site-packages/airflow/example_dags/example_latest_only.py
[2022-06-07 01:27:02,289] {scheduler_job.py:643} INFO - DAG(s) dict_keys(['latest_only']) retrieved from /home/airflow/.local/lib/python3.6/site-packages/airflow/example_dags/example_latest_only.py
[2022-06-07 01:27:02,298] {logging_mixin.py:104} INFO - [2022-06-07 01:27:02,298] {dag.py:1832} INFO - Sync 1 DAGs
[2022-06-07 01:27:02,305] {logging_mixin.py:104} INFO - [2022-06-07 01:27:02,305] {dag.py:2305} INFO - Setting next_dagrun for latest_only to 2022-06-05 00:00:00+00:00
[2022-06-07 01:27:02,311] {scheduler_job.py:190} INFO - Processing /home/airflow/.local/lib/python3.6/site-packages/airflow/example_dags/example_latest_only.py took 0.028 seconds
[2022-06-07 01:27:33,027] {scheduler_job.py:182} INFO - Started process (PID=1616) to work on /home/airflow/.local/lib/python3.6/site-packages/airflow/example_dags/example_latest_only.py
[2022-06-07 01:27:33,027] {scheduler_job.py:633} INFO - Processing file /home/airflow/.local/lib/python3.6/site-packages/airflow/example_dags/example_latest_only.py for tasks to queue
[2022-06-07 01:27:33,028] {logging_mixin.py:104} INFO - [2022-06-07 01:27:33,028] {dagbag.py:487} INFO - Filling up the DagBag from /home/airflow/.local/lib/python3.6/site-packages/airflow/example_dags/example_latest_only.py
[2022-06-07 01:27:33,034] {scheduler_job.py:643} INFO - DAG(s) dict_keys(['latest_only']) retrieved from /home/airflow/.local/lib/python3.6/site-packages/airflow/example_dags/example_latest_only.py
[2022-06-07 01:27:33,043] {logging_mixin.py:104} INFO - [2022-06-07 01:27:33,043] {dag.py:1832} INFO - Sync 1 DAGs
[2022-06-07 01:27:33,050] {logging_mixin.py:104} INFO - [2022-06-07 01:27:33,049] {dag.py:2305} INFO - Setting next_dagrun for latest_only to 2022-06-05 00:00:00+00:00
[2022-06-07 01:27:33,061] {scheduler_job.py:190} INFO - Processing /home/airflow/.local/lib/python3.6/site-packages/airflow/example_dags/example_latest_only.py took 0.035 seconds
