[2022-06-07 01:21:22,464] {scheduler_job.py:182} INFO - Started process (PID=136) to work on /home/airflow/.local/lib/python3.6/site-packages/airflow/example_dags/example_dag_decorator.py
[2022-06-07 01:21:22,465] {scheduler_job.py:633} INFO - Processing file /home/airflow/.local/lib/python3.6/site-packages/airflow/example_dags/example_dag_decorator.py for tasks to queue
[2022-06-07 01:21:22,465] {logging_mixin.py:104} INFO - [2022-06-07 01:21:22,465] {dagbag.py:487} INFO - Filling up the DagBag from /home/airflow/.local/lib/python3.6/site-packages/airflow/example_dags/example_dag_decorator.py
[2022-06-07 01:21:22,477] {scheduler_job.py:643} INFO - DAG(s) dict_keys(['example_dag_decorator']) retrieved from /home/airflow/.local/lib/python3.6/site-packages/airflow/example_dags/example_dag_decorator.py
[2022-06-07 01:21:23,329] {logging_mixin.py:104} INFO - [2022-06-07 01:21:23,329] {dag.py:1832} INFO - Sync 1 DAGs
[2022-06-07 01:21:23,334] {logging_mixin.py:104} INFO - [2022-06-07 01:21:23,333] {dag.py:1851} INFO - Creating ORM DAG for example_dag_decorator
[2022-06-07 01:21:23,336] {logging_mixin.py:104} INFO - [2022-06-07 01:21:23,336] {dag.py:2305} INFO - Setting next_dagrun for example_dag_decorator to None
[2022-06-07 01:21:23,340] {scheduler_job.py:190} INFO - Processing /home/airflow/.local/lib/python3.6/site-packages/airflow/example_dags/example_dag_decorator.py took 0.876 seconds
[2022-06-07 01:21:53,703] {scheduler_job.py:182} INFO - Started process (PID=262) to work on /home/airflow/.local/lib/python3.6/site-packages/airflow/example_dags/example_dag_decorator.py
[2022-06-07 01:21:53,703] {scheduler_job.py:633} INFO - Processing file /home/airflow/.local/lib/python3.6/site-packages/airflow/example_dags/example_dag_decorator.py for tasks to queue
[2022-06-07 01:21:53,704] {logging_mixin.py:104} INFO - [2022-06-07 01:21:53,704] {dagbag.py:487} INFO - Filling up the DagBag from /home/airflow/.local/lib/python3.6/site-packages/airflow/example_dags/example_dag_decorator.py
[2022-06-07 01:21:53,713] {scheduler_job.py:643} INFO - DAG(s) dict_keys(['example_dag_decorator']) retrieved from /home/airflow/.local/lib/python3.6/site-packages/airflow/example_dags/example_dag_decorator.py
[2022-06-07 01:21:53,831] {logging_mixin.py:104} INFO - [2022-06-07 01:21:53,831] {dag.py:1832} INFO - Sync 1 DAGs
[2022-06-07 01:21:53,836] {logging_mixin.py:104} INFO - [2022-06-07 01:21:53,836] {dag.py:2305} INFO - Setting next_dagrun for example_dag_decorator to None
[2022-06-07 01:21:53,842] {scheduler_job.py:190} INFO - Processing /home/airflow/.local/lib/python3.6/site-packages/airflow/example_dags/example_dag_decorator.py took 0.140 seconds
[2022-06-07 01:22:24,509] {scheduler_job.py:182} INFO - Started process (PID=381) to work on /home/airflow/.local/lib/python3.6/site-packages/airflow/example_dags/example_dag_decorator.py
[2022-06-07 01:22:24,509] {scheduler_job.py:633} INFO - Processing file /home/airflow/.local/lib/python3.6/site-packages/airflow/example_dags/example_dag_decorator.py for tasks to queue
[2022-06-07 01:22:24,509] {logging_mixin.py:104} INFO - [2022-06-07 01:22:24,509] {dagbag.py:487} INFO - Filling up the DagBag from /home/airflow/.local/lib/python3.6/site-packages/airflow/example_dags/example_dag_decorator.py
[2022-06-07 01:22:24,518] {scheduler_job.py:643} INFO - DAG(s) dict_keys(['example_dag_decorator']) retrieved from /home/airflow/.local/lib/python3.6/site-packages/airflow/example_dags/example_dag_decorator.py
[2022-06-07 01:22:24,640] {logging_mixin.py:104} INFO - [2022-06-07 01:22:24,640] {dag.py:1832} INFO - Sync 1 DAGs
[2022-06-07 01:22:24,645] {logging_mixin.py:104} INFO - [2022-06-07 01:22:24,645] {dag.py:2305} INFO - Setting next_dagrun for example_dag_decorator to None
[2022-06-07 01:22:24,652] {scheduler_job.py:190} INFO - Processing /home/airflow/.local/lib/python3.6/site-packages/airflow/example_dags/example_dag_decorator.py took 0.148 seconds
[2022-06-07 01:22:55,247] {scheduler_job.py:182} INFO - Started process (PID=511) to work on /home/airflow/.local/lib/python3.6/site-packages/airflow/example_dags/example_dag_decorator.py
[2022-06-07 01:22:55,248] {scheduler_job.py:633} INFO - Processing file /home/airflow/.local/lib/python3.6/site-packages/airflow/example_dags/example_dag_decorator.py for tasks to queue
[2022-06-07 01:22:55,248] {logging_mixin.py:104} INFO - [2022-06-07 01:22:55,248] {dagbag.py:487} INFO - Filling up the DagBag from /home/airflow/.local/lib/python3.6/site-packages/airflow/example_dags/example_dag_decorator.py
[2022-06-07 01:22:55,257] {scheduler_job.py:643} INFO - DAG(s) dict_keys(['example_dag_decorator']) retrieved from /home/airflow/.local/lib/python3.6/site-packages/airflow/example_dags/example_dag_decorator.py
[2022-06-07 01:22:55,377] {logging_mixin.py:104} INFO - [2022-06-07 01:22:55,377] {dag.py:1832} INFO - Sync 1 DAGs
[2022-06-07 01:22:55,383] {logging_mixin.py:104} INFO - [2022-06-07 01:22:55,383] {dag.py:2305} INFO - Setting next_dagrun for example_dag_decorator to None
[2022-06-07 01:22:55,388] {scheduler_job.py:190} INFO - Processing /home/airflow/.local/lib/python3.6/site-packages/airflow/example_dags/example_dag_decorator.py took 0.142 seconds
[2022-06-07 01:23:26,091] {scheduler_job.py:182} INFO - Started process (PID=641) to work on /home/airflow/.local/lib/python3.6/site-packages/airflow/example_dags/example_dag_decorator.py
[2022-06-07 01:23:26,092] {scheduler_job.py:633} INFO - Processing file /home/airflow/.local/lib/python3.6/site-packages/airflow/example_dags/example_dag_decorator.py for tasks to queue
[2022-06-07 01:23:26,092] {logging_mixin.py:104} INFO - [2022-06-07 01:23:26,092] {dagbag.py:487} INFO - Filling up the DagBag from /home/airflow/.local/lib/python3.6/site-packages/airflow/example_dags/example_dag_decorator.py
[2022-06-07 01:23:26,101] {scheduler_job.py:643} INFO - DAG(s) dict_keys(['example_dag_decorator']) retrieved from /home/airflow/.local/lib/python3.6/site-packages/airflow/example_dags/example_dag_decorator.py
[2022-06-07 01:23:26,238] {logging_mixin.py:104} INFO - [2022-06-07 01:23:26,237] {dag.py:1832} INFO - Sync 1 DAGs
[2022-06-07 01:23:26,243] {logging_mixin.py:104} INFO - [2022-06-07 01:23:26,243] {dag.py:2305} INFO - Setting next_dagrun for example_dag_decorator to None
[2022-06-07 01:23:26,250] {scheduler_job.py:190} INFO - Processing /home/airflow/.local/lib/python3.6/site-packages/airflow/example_dags/example_dag_decorator.py took 0.160 seconds
[2022-06-07 01:23:56,872] {scheduler_job.py:182} INFO - Started process (PID=771) to work on /home/airflow/.local/lib/python3.6/site-packages/airflow/example_dags/example_dag_decorator.py
[2022-06-07 01:23:56,873] {scheduler_job.py:633} INFO - Processing file /home/airflow/.local/lib/python3.6/site-packages/airflow/example_dags/example_dag_decorator.py for tasks to queue
[2022-06-07 01:23:56,873] {logging_mixin.py:104} INFO - [2022-06-07 01:23:56,873] {dagbag.py:487} INFO - Filling up the DagBag from /home/airflow/.local/lib/python3.6/site-packages/airflow/example_dags/example_dag_decorator.py
[2022-06-07 01:23:56,882] {scheduler_job.py:643} INFO - DAG(s) dict_keys(['example_dag_decorator']) retrieved from /home/airflow/.local/lib/python3.6/site-packages/airflow/example_dags/example_dag_decorator.py
[2022-06-07 01:23:57,002] {logging_mixin.py:104} INFO - [2022-06-07 01:23:57,002] {dag.py:1832} INFO - Sync 1 DAGs
[2022-06-07 01:23:57,008] {logging_mixin.py:104} INFO - [2022-06-07 01:23:57,008] {dag.py:2305} INFO - Setting next_dagrun for example_dag_decorator to None
[2022-06-07 01:23:57,015] {scheduler_job.py:190} INFO - Processing /home/airflow/.local/lib/python3.6/site-packages/airflow/example_dags/example_dag_decorator.py took 0.147 seconds
[2022-06-07 01:24:27,591] {scheduler_job.py:182} INFO - Started process (PID=868) to work on /home/airflow/.local/lib/python3.6/site-packages/airflow/example_dags/example_dag_decorator.py
[2022-06-07 01:24:27,591] {scheduler_job.py:633} INFO - Processing file /home/airflow/.local/lib/python3.6/site-packages/airflow/example_dags/example_dag_decorator.py for tasks to queue
[2022-06-07 01:24:27,591] {logging_mixin.py:104} INFO - [2022-06-07 01:24:27,591] {dagbag.py:487} INFO - Filling up the DagBag from /home/airflow/.local/lib/python3.6/site-packages/airflow/example_dags/example_dag_decorator.py
[2022-06-07 01:24:27,600] {scheduler_job.py:643} INFO - DAG(s) dict_keys(['example_dag_decorator']) retrieved from /home/airflow/.local/lib/python3.6/site-packages/airflow/example_dags/example_dag_decorator.py
[2022-06-07 01:24:27,721] {logging_mixin.py:104} INFO - [2022-06-07 01:24:27,721] {dag.py:1832} INFO - Sync 1 DAGs
[2022-06-07 01:24:27,727] {logging_mixin.py:104} INFO - [2022-06-07 01:24:27,727] {dag.py:2305} INFO - Setting next_dagrun for example_dag_decorator to None
[2022-06-07 01:24:27,733] {scheduler_job.py:190} INFO - Processing /home/airflow/.local/lib/python3.6/site-packages/airflow/example_dags/example_dag_decorator.py took 0.146 seconds
[2022-06-07 01:24:58,340] {scheduler_job.py:182} INFO - Started process (PID=998) to work on /home/airflow/.local/lib/python3.6/site-packages/airflow/example_dags/example_dag_decorator.py
[2022-06-07 01:24:58,340] {scheduler_job.py:633} INFO - Processing file /home/airflow/.local/lib/python3.6/site-packages/airflow/example_dags/example_dag_decorator.py for tasks to queue
[2022-06-07 01:24:58,341] {logging_mixin.py:104} INFO - [2022-06-07 01:24:58,341] {dagbag.py:487} INFO - Filling up the DagBag from /home/airflow/.local/lib/python3.6/site-packages/airflow/example_dags/example_dag_decorator.py
[2022-06-07 01:24:58,350] {scheduler_job.py:643} INFO - DAG(s) dict_keys(['example_dag_decorator']) retrieved from /home/airflow/.local/lib/python3.6/site-packages/airflow/example_dags/example_dag_decorator.py
[2022-06-07 01:24:58,471] {logging_mixin.py:104} INFO - [2022-06-07 01:24:58,471] {dag.py:1832} INFO - Sync 1 DAGs
[2022-06-07 01:24:58,476] {logging_mixin.py:104} INFO - [2022-06-07 01:24:58,476] {dag.py:2305} INFO - Setting next_dagrun for example_dag_decorator to None
[2022-06-07 01:24:58,482] {scheduler_job.py:190} INFO - Processing /home/airflow/.local/lib/python3.6/site-packages/airflow/example_dags/example_dag_decorator.py took 0.143 seconds
[2022-06-07 01:25:29,046] {scheduler_job.py:182} INFO - Started process (PID=1128) to work on /home/airflow/.local/lib/python3.6/site-packages/airflow/example_dags/example_dag_decorator.py
[2022-06-07 01:25:29,047] {scheduler_job.py:633} INFO - Processing file /home/airflow/.local/lib/python3.6/site-packages/airflow/example_dags/example_dag_decorator.py for tasks to queue
[2022-06-07 01:25:29,048] {logging_mixin.py:104} INFO - [2022-06-07 01:25:29,048] {dagbag.py:487} INFO - Filling up the DagBag from /home/airflow/.local/lib/python3.6/site-packages/airflow/example_dags/example_dag_decorator.py
[2022-06-07 01:25:29,057] {scheduler_job.py:643} INFO - DAG(s) dict_keys(['example_dag_decorator']) retrieved from /home/airflow/.local/lib/python3.6/site-packages/airflow/example_dags/example_dag_decorator.py
[2022-06-07 01:25:29,179] {logging_mixin.py:104} INFO - [2022-06-07 01:25:29,179] {dag.py:1832} INFO - Sync 1 DAGs
[2022-06-07 01:25:29,185] {logging_mixin.py:104} INFO - [2022-06-07 01:25:29,184] {dag.py:2305} INFO - Setting next_dagrun for example_dag_decorator to None
[2022-06-07 01:25:29,190] {scheduler_job.py:190} INFO - Processing /home/airflow/.local/lib/python3.6/site-packages/airflow/example_dags/example_dag_decorator.py took 0.146 seconds
[2022-06-07 01:25:59,818] {scheduler_job.py:182} INFO - Started process (PID=1257) to work on /home/airflow/.local/lib/python3.6/site-packages/airflow/example_dags/example_dag_decorator.py
[2022-06-07 01:25:59,820] {scheduler_job.py:633} INFO - Processing file /home/airflow/.local/lib/python3.6/site-packages/airflow/example_dags/example_dag_decorator.py for tasks to queue
[2022-06-07 01:25:59,820] {logging_mixin.py:104} INFO - [2022-06-07 01:25:59,820] {dagbag.py:487} INFO - Filling up the DagBag from /home/airflow/.local/lib/python3.6/site-packages/airflow/example_dags/example_dag_decorator.py
[2022-06-07 01:25:59,829] {scheduler_job.py:643} INFO - DAG(s) dict_keys(['example_dag_decorator']) retrieved from /home/airflow/.local/lib/python3.6/site-packages/airflow/example_dags/example_dag_decorator.py
[2022-06-07 01:25:59,951] {logging_mixin.py:104} INFO - [2022-06-07 01:25:59,951] {dag.py:1832} INFO - Sync 1 DAGs
[2022-06-07 01:25:59,956] {logging_mixin.py:104} INFO - [2022-06-07 01:25:59,956] {dag.py:2305} INFO - Setting next_dagrun for example_dag_decorator to None
[2022-06-07 01:25:59,961] {scheduler_job.py:190} INFO - Processing /home/airflow/.local/lib/python3.6/site-packages/airflow/example_dags/example_dag_decorator.py took 0.146 seconds
[2022-06-07 01:26:30,528] {scheduler_job.py:182} INFO - Started process (PID=1354) to work on /home/airflow/.local/lib/python3.6/site-packages/airflow/example_dags/example_dag_decorator.py
[2022-06-07 01:26:30,528] {scheduler_job.py:633} INFO - Processing file /home/airflow/.local/lib/python3.6/site-packages/airflow/example_dags/example_dag_decorator.py for tasks to queue
[2022-06-07 01:26:30,529] {logging_mixin.py:104} INFO - [2022-06-07 01:26:30,529] {dagbag.py:487} INFO - Filling up the DagBag from /home/airflow/.local/lib/python3.6/site-packages/airflow/example_dags/example_dag_decorator.py
[2022-06-07 01:26:30,536] {scheduler_job.py:643} INFO - DAG(s) dict_keys(['example_dag_decorator']) retrieved from /home/airflow/.local/lib/python3.6/site-packages/airflow/example_dags/example_dag_decorator.py
[2022-06-07 01:26:30,662] {logging_mixin.py:104} INFO - [2022-06-07 01:26:30,662] {dag.py:1832} INFO - Sync 1 DAGs
[2022-06-07 01:26:30,667] {logging_mixin.py:104} INFO - [2022-06-07 01:26:30,667] {dag.py:2305} INFO - Setting next_dagrun for example_dag_decorator to None
[2022-06-07 01:26:30,673] {scheduler_job.py:190} INFO - Processing /home/airflow/.local/lib/python3.6/site-packages/airflow/example_dags/example_dag_decorator.py took 0.146 seconds
[2022-06-07 01:27:01,244] {scheduler_job.py:182} INFO - Started process (PID=1484) to work on /home/airflow/.local/lib/python3.6/site-packages/airflow/example_dags/example_dag_decorator.py
[2022-06-07 01:27:01,244] {scheduler_job.py:633} INFO - Processing file /home/airflow/.local/lib/python3.6/site-packages/airflow/example_dags/example_dag_decorator.py for tasks to queue
[2022-06-07 01:27:01,245] {logging_mixin.py:104} INFO - [2022-06-07 01:27:01,245] {dagbag.py:487} INFO - Filling up the DagBag from /home/airflow/.local/lib/python3.6/site-packages/airflow/example_dags/example_dag_decorator.py
[2022-06-07 01:27:01,252] {scheduler_job.py:643} INFO - DAG(s) dict_keys(['example_dag_decorator']) retrieved from /home/airflow/.local/lib/python3.6/site-packages/airflow/example_dags/example_dag_decorator.py
[2022-06-07 01:27:01,375] {logging_mixin.py:104} INFO - [2022-06-07 01:27:01,375] {dag.py:1832} INFO - Sync 1 DAGs
[2022-06-07 01:27:01,381] {logging_mixin.py:104} INFO - [2022-06-07 01:27:01,381] {dag.py:2305} INFO - Setting next_dagrun for example_dag_decorator to None
[2022-06-07 01:27:01,386] {scheduler_job.py:190} INFO - Processing /home/airflow/.local/lib/python3.6/site-packages/airflow/example_dags/example_dag_decorator.py took 0.144 seconds
[2022-06-07 01:27:31,988] {scheduler_job.py:182} INFO - Started process (PID=1614) to work on /home/airflow/.local/lib/python3.6/site-packages/airflow/example_dags/example_dag_decorator.py
[2022-06-07 01:27:31,989] {scheduler_job.py:633} INFO - Processing file /home/airflow/.local/lib/python3.6/site-packages/airflow/example_dags/example_dag_decorator.py for tasks to queue
[2022-06-07 01:27:31,989] {logging_mixin.py:104} INFO - [2022-06-07 01:27:31,989] {dagbag.py:487} INFO - Filling up the DagBag from /home/airflow/.local/lib/python3.6/site-packages/airflow/example_dags/example_dag_decorator.py
[2022-06-07 01:27:31,997] {scheduler_job.py:643} INFO - DAG(s) dict_keys(['example_dag_decorator']) retrieved from /home/airflow/.local/lib/python3.6/site-packages/airflow/example_dags/example_dag_decorator.py
[2022-06-07 01:27:32,005] {logging_mixin.py:104} INFO - [2022-06-07 01:27:32,005] {dag.py:1832} INFO - Sync 1 DAGs
[2022-06-07 01:27:32,011] {logging_mixin.py:104} INFO - [2022-06-07 01:27:32,011] {dag.py:2305} INFO - Setting next_dagrun for example_dag_decorator to None
[2022-06-07 01:27:32,015] {scheduler_job.py:190} INFO - Processing /home/airflow/.local/lib/python3.6/site-packages/airflow/example_dags/example_dag_decorator.py took 0.029 seconds
