[2022-06-07 01:21:26,887] {scheduler_job.py:182} INFO - Started process (PID=156) to work on /home/airflow/.local/lib/python3.6/site-packages/airflow/example_dags/example_complex.py
[2022-06-07 01:21:26,888] {scheduler_job.py:633} INFO - Processing file /home/airflow/.local/lib/python3.6/site-packages/airflow/example_dags/example_complex.py for tasks to queue
[2022-06-07 01:21:26,888] {logging_mixin.py:104} INFO - [2022-06-07 01:21:26,888] {dagbag.py:487} INFO - Filling up the DagBag from /home/airflow/.local/lib/python3.6/site-packages/airflow/example_dags/example_complex.py
[2022-06-07 01:21:26,898] {scheduler_job.py:643} INFO - DAG(s) dict_keys(['example_complex']) retrieved from /home/airflow/.local/lib/python3.6/site-packages/airflow/example_dags/example_complex.py
[2022-06-07 01:21:27,751] {logging_mixin.py:104} INFO - [2022-06-07 01:21:27,751] {dag.py:1832} INFO - Sync 1 DAGs
[2022-06-07 01:21:27,755] {logging_mixin.py:104} INFO - [2022-06-07 01:21:27,755] {dag.py:1851} INFO - Creating ORM DAG for example_complex
[2022-06-07 01:21:27,757] {logging_mixin.py:104} INFO - [2022-06-07 01:21:27,757] {dag.py:2305} INFO - Setting next_dagrun for example_complex to None
[2022-06-07 01:21:27,761] {scheduler_job.py:190} INFO - Processing /home/airflow/.local/lib/python3.6/site-packages/airflow/example_dags/example_complex.py took 0.875 seconds
[2022-06-07 01:21:58,043] {scheduler_job.py:182} INFO - Started process (PID=295) to work on /home/airflow/.local/lib/python3.6/site-packages/airflow/example_dags/example_complex.py
[2022-06-07 01:21:58,044] {scheduler_job.py:633} INFO - Processing file /home/airflow/.local/lib/python3.6/site-packages/airflow/example_dags/example_complex.py for tasks to queue
[2022-06-07 01:21:58,044] {logging_mixin.py:104} INFO - [2022-06-07 01:21:58,044] {dagbag.py:487} INFO - Filling up the DagBag from /home/airflow/.local/lib/python3.6/site-packages/airflow/example_dags/example_complex.py
[2022-06-07 01:21:58,054] {scheduler_job.py:643} INFO - DAG(s) dict_keys(['example_complex']) retrieved from /home/airflow/.local/lib/python3.6/site-packages/airflow/example_dags/example_complex.py
[2022-06-07 01:21:58,065] {logging_mixin.py:104} INFO - [2022-06-07 01:21:58,064] {dag.py:1832} INFO - Sync 1 DAGs
[2022-06-07 01:21:58,070] {logging_mixin.py:104} INFO - [2022-06-07 01:21:58,070] {dag.py:2305} INFO - Setting next_dagrun for example_complex to None
[2022-06-07 01:21:58,075] {scheduler_job.py:190} INFO - Processing /home/airflow/.local/lib/python3.6/site-packages/airflow/example_dags/example_complex.py took 0.036 seconds
[2022-06-07 01:22:28,783] {scheduler_job.py:182} INFO - Started process (PID=424) to work on /home/airflow/.local/lib/python3.6/site-packages/airflow/example_dags/example_complex.py
[2022-06-07 01:22:28,784] {scheduler_job.py:633} INFO - Processing file /home/airflow/.local/lib/python3.6/site-packages/airflow/example_dags/example_complex.py for tasks to queue
[2022-06-07 01:22:28,784] {logging_mixin.py:104} INFO - [2022-06-07 01:22:28,784] {dagbag.py:487} INFO - Filling up the DagBag from /home/airflow/.local/lib/python3.6/site-packages/airflow/example_dags/example_complex.py
[2022-06-07 01:22:28,794] {scheduler_job.py:643} INFO - DAG(s) dict_keys(['example_complex']) retrieved from /home/airflow/.local/lib/python3.6/site-packages/airflow/example_dags/example_complex.py
[2022-06-07 01:22:28,804] {logging_mixin.py:104} INFO - [2022-06-07 01:22:28,804] {dag.py:1832} INFO - Sync 1 DAGs
[2022-06-07 01:22:28,810] {logging_mixin.py:104} INFO - [2022-06-07 01:22:28,810] {dag.py:2305} INFO - Setting next_dagrun for example_complex to None
[2022-06-07 01:22:28,814] {scheduler_job.py:190} INFO - Processing /home/airflow/.local/lib/python3.6/site-packages/airflow/example_dags/example_complex.py took 0.032 seconds
[2022-06-07 01:22:59,561] {scheduler_job.py:182} INFO - Started process (PID=521) to work on /home/airflow/.local/lib/python3.6/site-packages/airflow/example_dags/example_complex.py
[2022-06-07 01:22:59,561] {scheduler_job.py:633} INFO - Processing file /home/airflow/.local/lib/python3.6/site-packages/airflow/example_dags/example_complex.py for tasks to queue
[2022-06-07 01:22:59,562] {logging_mixin.py:104} INFO - [2022-06-07 01:22:59,562] {dagbag.py:487} INFO - Filling up the DagBag from /home/airflow/.local/lib/python3.6/site-packages/airflow/example_dags/example_complex.py
[2022-06-07 01:22:59,575] {scheduler_job.py:643} INFO - DAG(s) dict_keys(['example_complex']) retrieved from /home/airflow/.local/lib/python3.6/site-packages/airflow/example_dags/example_complex.py
[2022-06-07 01:22:59,647] {logging_mixin.py:104} INFO - [2022-06-07 01:22:59,647] {dag.py:1832} INFO - Sync 1 DAGs
[2022-06-07 01:22:59,655] {logging_mixin.py:104} INFO - [2022-06-07 01:22:59,655] {dag.py:2305} INFO - Setting next_dagrun for example_complex to None
[2022-06-07 01:22:59,660] {scheduler_job.py:190} INFO - Processing /home/airflow/.local/lib/python3.6/site-packages/airflow/example_dags/example_complex.py took 0.103 seconds
[2022-06-07 01:23:30,331] {scheduler_job.py:182} INFO - Started process (PID=651) to work on /home/airflow/.local/lib/python3.6/site-packages/airflow/example_dags/example_complex.py
[2022-06-07 01:23:30,332] {scheduler_job.py:633} INFO - Processing file /home/airflow/.local/lib/python3.6/site-packages/airflow/example_dags/example_complex.py for tasks to queue
[2022-06-07 01:23:30,333] {logging_mixin.py:104} INFO - [2022-06-07 01:23:30,333] {dagbag.py:487} INFO - Filling up the DagBag from /home/airflow/.local/lib/python3.6/site-packages/airflow/example_dags/example_complex.py
[2022-06-07 01:23:30,344] {scheduler_job.py:643} INFO - DAG(s) dict_keys(['example_complex']) retrieved from /home/airflow/.local/lib/python3.6/site-packages/airflow/example_dags/example_complex.py
[2022-06-07 01:23:30,354] {logging_mixin.py:104} INFO - [2022-06-07 01:23:30,354] {dag.py:1832} INFO - Sync 1 DAGs
[2022-06-07 01:23:30,360] {logging_mixin.py:104} INFO - [2022-06-07 01:23:30,360] {dag.py:2305} INFO - Setting next_dagrun for example_complex to None
[2022-06-07 01:23:30,364] {scheduler_job.py:190} INFO - Processing /home/airflow/.local/lib/python3.6/site-packages/airflow/example_dags/example_complex.py took 0.034 seconds
[2022-06-07 01:24:01,114] {scheduler_job.py:182} INFO - Started process (PID=781) to work on /home/airflow/.local/lib/python3.6/site-packages/airflow/example_dags/example_complex.py
[2022-06-07 01:24:01,115] {scheduler_job.py:633} INFO - Processing file /home/airflow/.local/lib/python3.6/site-packages/airflow/example_dags/example_complex.py for tasks to queue
[2022-06-07 01:24:01,115] {logging_mixin.py:104} INFO - [2022-06-07 01:24:01,115] {dagbag.py:487} INFO - Filling up the DagBag from /home/airflow/.local/lib/python3.6/site-packages/airflow/example_dags/example_complex.py
[2022-06-07 01:24:01,125] {scheduler_job.py:643} INFO - DAG(s) dict_keys(['example_complex']) retrieved from /home/airflow/.local/lib/python3.6/site-packages/airflow/example_dags/example_complex.py
[2022-06-07 01:24:01,135] {logging_mixin.py:104} INFO - [2022-06-07 01:24:01,135] {dag.py:1832} INFO - Sync 1 DAGs
[2022-06-07 01:24:01,141] {logging_mixin.py:104} INFO - [2022-06-07 01:24:01,141] {dag.py:2305} INFO - Setting next_dagrun for example_complex to None
[2022-06-07 01:24:01,144] {scheduler_job.py:190} INFO - Processing /home/airflow/.local/lib/python3.6/site-packages/airflow/example_dags/example_complex.py took 0.034 seconds
[2022-06-07 01:24:31,860] {scheduler_job.py:182} INFO - Started process (PID=911) to work on /home/airflow/.local/lib/python3.6/site-packages/airflow/example_dags/example_complex.py
[2022-06-07 01:24:31,860] {scheduler_job.py:633} INFO - Processing file /home/airflow/.local/lib/python3.6/site-packages/airflow/example_dags/example_complex.py for tasks to queue
[2022-06-07 01:24:31,861] {logging_mixin.py:104} INFO - [2022-06-07 01:24:31,861] {dagbag.py:487} INFO - Filling up the DagBag from /home/airflow/.local/lib/python3.6/site-packages/airflow/example_dags/example_complex.py
[2022-06-07 01:24:31,870] {scheduler_job.py:643} INFO - DAG(s) dict_keys(['example_complex']) retrieved from /home/airflow/.local/lib/python3.6/site-packages/airflow/example_dags/example_complex.py
[2022-06-07 01:24:31,881] {logging_mixin.py:104} INFO - [2022-06-07 01:24:31,881] {dag.py:1832} INFO - Sync 1 DAGs
[2022-06-07 01:24:31,887] {logging_mixin.py:104} INFO - [2022-06-07 01:24:31,887] {dag.py:2305} INFO - Setting next_dagrun for example_complex to None
[2022-06-07 01:24:31,891] {scheduler_job.py:190} INFO - Processing /home/airflow/.local/lib/python3.6/site-packages/airflow/example_dags/example_complex.py took 0.032 seconds
[2022-06-07 01:25:02,581] {scheduler_job.py:182} INFO - Started process (PID=1015) to work on /home/airflow/.local/lib/python3.6/site-packages/airflow/example_dags/example_complex.py
[2022-06-07 01:25:02,582] {scheduler_job.py:633} INFO - Processing file /home/airflow/.local/lib/python3.6/site-packages/airflow/example_dags/example_complex.py for tasks to queue
[2022-06-07 01:25:02,582] {logging_mixin.py:104} INFO - [2022-06-07 01:25:02,582] {dagbag.py:487} INFO - Filling up the DagBag from /home/airflow/.local/lib/python3.6/site-packages/airflow/example_dags/example_complex.py
[2022-06-07 01:25:02,592] {scheduler_job.py:643} INFO - DAG(s) dict_keys(['example_complex']) retrieved from /home/airflow/.local/lib/python3.6/site-packages/airflow/example_dags/example_complex.py
[2022-06-07 01:25:02,602] {logging_mixin.py:104} INFO - [2022-06-07 01:25:02,602] {dag.py:1832} INFO - Sync 1 DAGs
[2022-06-07 01:25:02,608] {logging_mixin.py:104} INFO - [2022-06-07 01:25:02,608] {dag.py:2305} INFO - Setting next_dagrun for example_complex to None
[2022-06-07 01:25:02,612] {scheduler_job.py:190} INFO - Processing /home/airflow/.local/lib/python3.6/site-packages/airflow/example_dags/example_complex.py took 0.033 seconds
[2022-06-07 01:25:33,288] {scheduler_job.py:182} INFO - Started process (PID=1138) to work on /home/airflow/.local/lib/python3.6/site-packages/airflow/example_dags/example_complex.py
[2022-06-07 01:25:33,289] {scheduler_job.py:633} INFO - Processing file /home/airflow/.local/lib/python3.6/site-packages/airflow/example_dags/example_complex.py for tasks to queue
[2022-06-07 01:25:33,289] {logging_mixin.py:104} INFO - [2022-06-07 01:25:33,289] {dagbag.py:487} INFO - Filling up the DagBag from /home/airflow/.local/lib/python3.6/site-packages/airflow/example_dags/example_complex.py
[2022-06-07 01:25:33,299] {scheduler_job.py:643} INFO - DAG(s) dict_keys(['example_complex']) retrieved from /home/airflow/.local/lib/python3.6/site-packages/airflow/example_dags/example_complex.py
[2022-06-07 01:25:33,357] {logging_mixin.py:104} INFO - [2022-06-07 01:25:33,357] {dag.py:1832} INFO - Sync 1 DAGs
[2022-06-07 01:25:33,364] {logging_mixin.py:104} INFO - [2022-06-07 01:25:33,364] {dag.py:2305} INFO - Setting next_dagrun for example_complex to None
[2022-06-07 01:25:33,368] {scheduler_job.py:190} INFO - Processing /home/airflow/.local/lib/python3.6/site-packages/airflow/example_dags/example_complex.py took 0.082 seconds
[2022-06-07 01:26:04,061] {scheduler_job.py:182} INFO - Started process (PID=1267) to work on /home/airflow/.local/lib/python3.6/site-packages/airflow/example_dags/example_complex.py
[2022-06-07 01:26:04,061] {scheduler_job.py:633} INFO - Processing file /home/airflow/.local/lib/python3.6/site-packages/airflow/example_dags/example_complex.py for tasks to queue
[2022-06-07 01:26:04,061] {logging_mixin.py:104} INFO - [2022-06-07 01:26:04,061] {dagbag.py:487} INFO - Filling up the DagBag from /home/airflow/.local/lib/python3.6/site-packages/airflow/example_dags/example_complex.py
[2022-06-07 01:26:04,071] {scheduler_job.py:643} INFO - DAG(s) dict_keys(['example_complex']) retrieved from /home/airflow/.local/lib/python3.6/site-packages/airflow/example_dags/example_complex.py
[2022-06-07 01:26:04,081] {logging_mixin.py:104} INFO - [2022-06-07 01:26:04,081] {dag.py:1832} INFO - Sync 1 DAGs
[2022-06-07 01:26:04,087] {logging_mixin.py:104} INFO - [2022-06-07 01:26:04,087] {dag.py:2305} INFO - Setting next_dagrun for example_complex to None
[2022-06-07 01:26:04,091] {scheduler_job.py:190} INFO - Processing /home/airflow/.local/lib/python3.6/site-packages/airflow/example_dags/example_complex.py took 0.035 seconds
[2022-06-07 01:26:34,736] {scheduler_job.py:182} INFO - Started process (PID=1397) to work on /home/airflow/.local/lib/python3.6/site-packages/airflow/example_dags/example_complex.py
[2022-06-07 01:26:34,737] {scheduler_job.py:633} INFO - Processing file /home/airflow/.local/lib/python3.6/site-packages/airflow/example_dags/example_complex.py for tasks to queue
[2022-06-07 01:26:34,737] {logging_mixin.py:104} INFO - [2022-06-07 01:26:34,737] {dagbag.py:487} INFO - Filling up the DagBag from /home/airflow/.local/lib/python3.6/site-packages/airflow/example_dags/example_complex.py
[2022-06-07 01:26:34,745] {scheduler_job.py:643} INFO - DAG(s) dict_keys(['example_complex']) retrieved from /home/airflow/.local/lib/python3.6/site-packages/airflow/example_dags/example_complex.py
[2022-06-07 01:26:34,756] {logging_mixin.py:104} INFO - [2022-06-07 01:26:34,756] {dag.py:1832} INFO - Sync 1 DAGs
[2022-06-07 01:26:34,763] {logging_mixin.py:104} INFO - [2022-06-07 01:26:34,762] {dag.py:2305} INFO - Setting next_dagrun for example_complex to None
[2022-06-07 01:26:34,767] {scheduler_job.py:190} INFO - Processing /home/airflow/.local/lib/python3.6/site-packages/airflow/example_dags/example_complex.py took 0.032 seconds
[2022-06-07 01:27:05,540] {scheduler_job.py:182} INFO - Started process (PID=1504) to work on /home/airflow/.local/lib/python3.6/site-packages/airflow/example_dags/example_complex.py
[2022-06-07 01:27:05,540] {scheduler_job.py:633} INFO - Processing file /home/airflow/.local/lib/python3.6/site-packages/airflow/example_dags/example_complex.py for tasks to queue
[2022-06-07 01:27:05,541] {logging_mixin.py:104} INFO - [2022-06-07 01:27:05,540] {dagbag.py:487} INFO - Filling up the DagBag from /home/airflow/.local/lib/python3.6/site-packages/airflow/example_dags/example_complex.py
[2022-06-07 01:27:05,551] {scheduler_job.py:643} INFO - DAG(s) dict_keys(['example_complex']) retrieved from /home/airflow/.local/lib/python3.6/site-packages/airflow/example_dags/example_complex.py
[2022-06-07 01:27:05,564] {logging_mixin.py:104} INFO - [2022-06-07 01:27:05,564] {dag.py:1832} INFO - Sync 1 DAGs
[2022-06-07 01:27:05,572] {logging_mixin.py:104} INFO - [2022-06-07 01:27:05,572] {dag.py:2305} INFO - Setting next_dagrun for example_complex to None
[2022-06-07 01:27:05,577] {scheduler_job.py:190} INFO - Processing /home/airflow/.local/lib/python3.6/site-packages/airflow/example_dags/example_complex.py took 0.038 seconds
[2022-06-07 01:27:36,159] {scheduler_job.py:182} INFO - Started process (PID=1624) to work on /home/airflow/.local/lib/python3.6/site-packages/airflow/example_dags/example_complex.py
[2022-06-07 01:27:36,160] {scheduler_job.py:633} INFO - Processing file /home/airflow/.local/lib/python3.6/site-packages/airflow/example_dags/example_complex.py for tasks to queue
[2022-06-07 01:27:36,160] {logging_mixin.py:104} INFO - [2022-06-07 01:27:36,160] {dagbag.py:487} INFO - Filling up the DagBag from /home/airflow/.local/lib/python3.6/site-packages/airflow/example_dags/example_complex.py
[2022-06-07 01:27:36,168] {scheduler_job.py:643} INFO - DAG(s) dict_keys(['example_complex']) retrieved from /home/airflow/.local/lib/python3.6/site-packages/airflow/example_dags/example_complex.py
[2022-06-07 01:27:36,179] {logging_mixin.py:104} INFO - [2022-06-07 01:27:36,179] {dag.py:1832} INFO - Sync 1 DAGs
[2022-06-07 01:27:36,186] {logging_mixin.py:104} INFO - [2022-06-07 01:27:36,186] {dag.py:2305} INFO - Setting next_dagrun for example_complex to None
[2022-06-07 01:27:36,190] {scheduler_job.py:190} INFO - Processing /home/airflow/.local/lib/python3.6/site-packages/airflow/example_dags/example_complex.py took 0.032 seconds
