[2022-06-07 01:21:21,568] {scheduler_job.py:182} INFO - Started process (PID=132) to work on /home/airflow/.local/lib/python3.6/site-packages/airflow/example_dags/example_branch_operator.py
[2022-06-07 01:21:21,569] {scheduler_job.py:633} INFO - Processing file /home/airflow/.local/lib/python3.6/site-packages/airflow/example_dags/example_branch_operator.py for tasks to queue
[2022-06-07 01:21:21,569] {logging_mixin.py:104} INFO - [2022-06-07 01:21:21,569] {dagbag.py:487} INFO - Filling up the DagBag from /home/airflow/.local/lib/python3.6/site-packages/airflow/example_dags/example_branch_operator.py
[2022-06-07 01:21:21,578] {scheduler_job.py:643} INFO - DAG(s) dict_keys(['example_branch_operator']) retrieved from /home/airflow/.local/lib/python3.6/site-packages/airflow/example_dags/example_branch_operator.py
[2022-06-07 01:21:22,437] {logging_mixin.py:104} INFO - [2022-06-07 01:21:22,437] {dag.py:1832} INFO - Sync 1 DAGs
[2022-06-07 01:21:22,441] {logging_mixin.py:104} INFO - [2022-06-07 01:21:22,441] {dag.py:1851} INFO - Creating ORM DAG for example_branch_operator
[2022-06-07 01:21:22,444] {logging_mixin.py:104} INFO - [2022-06-07 01:21:22,444] {dag.py:2305} INFO - Setting next_dagrun for example_branch_operator to 2022-06-05 00:00:00+00:00
[2022-06-07 01:21:22,448] {scheduler_job.py:190} INFO - Processing /home/airflow/.local/lib/python3.6/site-packages/airflow/example_dags/example_branch_operator.py took 0.881 seconds
[2022-06-07 01:21:52,665] {scheduler_job.py:182} INFO - Started process (PID=250) to work on /home/airflow/.local/lib/python3.6/site-packages/airflow/example_dags/example_branch_operator.py
[2022-06-07 01:21:52,666] {scheduler_job.py:633} INFO - Processing file /home/airflow/.local/lib/python3.6/site-packages/airflow/example_dags/example_branch_operator.py for tasks to queue
[2022-06-07 01:21:52,666] {logging_mixin.py:104} INFO - [2022-06-07 01:21:52,666] {dagbag.py:487} INFO - Filling up the DagBag from /home/airflow/.local/lib/python3.6/site-packages/airflow/example_dags/example_branch_operator.py
[2022-06-07 01:21:52,674] {scheduler_job.py:643} INFO - DAG(s) dict_keys(['example_branch_operator']) retrieved from /home/airflow/.local/lib/python3.6/site-packages/airflow/example_dags/example_branch_operator.py
[2022-06-07 01:21:52,683] {logging_mixin.py:104} INFO - [2022-06-07 01:21:52,683] {dag.py:1832} INFO - Sync 1 DAGs
[2022-06-07 01:21:52,690] {logging_mixin.py:104} INFO - [2022-06-07 01:21:52,690] {dag.py:2305} INFO - Setting next_dagrun for example_branch_operator to 2022-06-05 00:00:00+00:00
[2022-06-07 01:21:52,693] {scheduler_job.py:190} INFO - Processing /home/airflow/.local/lib/python3.6/site-packages/airflow/example_dags/example_branch_operator.py took 0.032 seconds
[2022-06-07 01:22:23,460] {scheduler_job.py:182} INFO - Started process (PID=379) to work on /home/airflow/.local/lib/python3.6/site-packages/airflow/example_dags/example_branch_operator.py
[2022-06-07 01:22:23,460] {scheduler_job.py:633} INFO - Processing file /home/airflow/.local/lib/python3.6/site-packages/airflow/example_dags/example_branch_operator.py for tasks to queue
[2022-06-07 01:22:23,460] {logging_mixin.py:104} INFO - [2022-06-07 01:22:23,460] {dagbag.py:487} INFO - Filling up the DagBag from /home/airflow/.local/lib/python3.6/site-packages/airflow/example_dags/example_branch_operator.py
[2022-06-07 01:22:23,468] {scheduler_job.py:643} INFO - DAG(s) dict_keys(['example_branch_operator']) retrieved from /home/airflow/.local/lib/python3.6/site-packages/airflow/example_dags/example_branch_operator.py
[2022-06-07 01:22:23,477] {logging_mixin.py:104} INFO - [2022-06-07 01:22:23,477] {dag.py:1832} INFO - Sync 1 DAGs
[2022-06-07 01:22:23,484] {logging_mixin.py:104} INFO - [2022-06-07 01:22:23,484] {dag.py:2305} INFO - Setting next_dagrun for example_branch_operator to 2022-06-05 00:00:00+00:00
[2022-06-07 01:22:23,505] {scheduler_job.py:190} INFO - Processing /home/airflow/.local/lib/python3.6/site-packages/airflow/example_dags/example_branch_operator.py took 0.049 seconds
[2022-06-07 01:22:54,236] {scheduler_job.py:182} INFO - Started process (PID=509) to work on /home/airflow/.local/lib/python3.6/site-packages/airflow/example_dags/example_branch_operator.py
[2022-06-07 01:22:54,236] {scheduler_job.py:633} INFO - Processing file /home/airflow/.local/lib/python3.6/site-packages/airflow/example_dags/example_branch_operator.py for tasks to queue
[2022-06-07 01:22:54,236] {logging_mixin.py:104} INFO - [2022-06-07 01:22:54,236] {dagbag.py:487} INFO - Filling up the DagBag from /home/airflow/.local/lib/python3.6/site-packages/airflow/example_dags/example_branch_operator.py
[2022-06-07 01:22:54,244] {scheduler_job.py:643} INFO - DAG(s) dict_keys(['example_branch_operator']) retrieved from /home/airflow/.local/lib/python3.6/site-packages/airflow/example_dags/example_branch_operator.py
[2022-06-07 01:22:54,253] {logging_mixin.py:104} INFO - [2022-06-07 01:22:54,253] {dag.py:1832} INFO - Sync 1 DAGs
[2022-06-07 01:22:54,260] {logging_mixin.py:104} INFO - [2022-06-07 01:22:54,260] {dag.py:2305} INFO - Setting next_dagrun for example_branch_operator to 2022-06-05 00:00:00+00:00
[2022-06-07 01:22:54,264] {scheduler_job.py:190} INFO - Processing /home/airflow/.local/lib/python3.6/site-packages/airflow/example_dags/example_branch_operator.py took 0.029 seconds
[2022-06-07 01:23:25,085] {scheduler_job.py:182} INFO - Started process (PID=639) to work on /home/airflow/.local/lib/python3.6/site-packages/airflow/example_dags/example_branch_operator.py
[2022-06-07 01:23:25,085] {scheduler_job.py:633} INFO - Processing file /home/airflow/.local/lib/python3.6/site-packages/airflow/example_dags/example_branch_operator.py for tasks to queue
[2022-06-07 01:23:25,085] {logging_mixin.py:104} INFO - [2022-06-07 01:23:25,085] {dagbag.py:487} INFO - Filling up the DagBag from /home/airflow/.local/lib/python3.6/site-packages/airflow/example_dags/example_branch_operator.py
[2022-06-07 01:23:25,093] {scheduler_job.py:643} INFO - DAG(s) dict_keys(['example_branch_operator']) retrieved from /home/airflow/.local/lib/python3.6/site-packages/airflow/example_dags/example_branch_operator.py
[2022-06-07 01:23:25,102] {logging_mixin.py:104} INFO - [2022-06-07 01:23:25,102] {dag.py:1832} INFO - Sync 1 DAGs
[2022-06-07 01:23:25,109] {logging_mixin.py:104} INFO - [2022-06-07 01:23:25,109] {dag.py:2305} INFO - Setting next_dagrun for example_branch_operator to 2022-06-05 00:00:00+00:00
[2022-06-07 01:23:25,117] {scheduler_job.py:190} INFO - Processing /home/airflow/.local/lib/python3.6/site-packages/airflow/example_dags/example_branch_operator.py took 0.034 seconds
[2022-06-07 01:23:55,790] {scheduler_job.py:182} INFO - Started process (PID=743) to work on /home/airflow/.local/lib/python3.6/site-packages/airflow/example_dags/example_branch_operator.py
[2022-06-07 01:23:55,790] {scheduler_job.py:633} INFO - Processing file /home/airflow/.local/lib/python3.6/site-packages/airflow/example_dags/example_branch_operator.py for tasks to queue
[2022-06-07 01:23:55,790] {logging_mixin.py:104} INFO - [2022-06-07 01:23:55,790] {dagbag.py:487} INFO - Filling up the DagBag from /home/airflow/.local/lib/python3.6/site-packages/airflow/example_dags/example_branch_operator.py
[2022-06-07 01:23:55,798] {scheduler_job.py:643} INFO - DAG(s) dict_keys(['example_branch_operator']) retrieved from /home/airflow/.local/lib/python3.6/site-packages/airflow/example_dags/example_branch_operator.py
[2022-06-07 01:23:55,868] {logging_mixin.py:104} INFO - [2022-06-07 01:23:55,868] {dag.py:1832} INFO - Sync 1 DAGs
[2022-06-07 01:23:55,879] {logging_mixin.py:104} INFO - [2022-06-07 01:23:55,879] {dag.py:2305} INFO - Setting next_dagrun for example_branch_operator to 2022-06-05 00:00:00+00:00
[2022-06-07 01:23:55,884] {scheduler_job.py:190} INFO - Processing /home/airflow/.local/lib/python3.6/site-packages/airflow/example_dags/example_branch_operator.py took 0.096 seconds
[2022-06-07 01:24:26,551] {scheduler_job.py:182} INFO - Started process (PID=866) to work on /home/airflow/.local/lib/python3.6/site-packages/airflow/example_dags/example_branch_operator.py
[2022-06-07 01:24:26,551] {scheduler_job.py:633} INFO - Processing file /home/airflow/.local/lib/python3.6/site-packages/airflow/example_dags/example_branch_operator.py for tasks to queue
[2022-06-07 01:24:26,551] {logging_mixin.py:104} INFO - [2022-06-07 01:24:26,551] {dagbag.py:487} INFO - Filling up the DagBag from /home/airflow/.local/lib/python3.6/site-packages/airflow/example_dags/example_branch_operator.py
[2022-06-07 01:24:26,559] {scheduler_job.py:643} INFO - DAG(s) dict_keys(['example_branch_operator']) retrieved from /home/airflow/.local/lib/python3.6/site-packages/airflow/example_dags/example_branch_operator.py
[2022-06-07 01:24:26,567] {logging_mixin.py:104} INFO - [2022-06-07 01:24:26,567] {dag.py:1832} INFO - Sync 1 DAGs
[2022-06-07 01:24:26,574] {logging_mixin.py:104} INFO - [2022-06-07 01:24:26,574] {dag.py:2305} INFO - Setting next_dagrun for example_branch_operator to 2022-06-05 00:00:00+00:00
[2022-06-07 01:24:26,578] {scheduler_job.py:190} INFO - Processing /home/airflow/.local/lib/python3.6/site-packages/airflow/example_dags/example_branch_operator.py took 0.028 seconds
[2022-06-07 01:24:57,297] {scheduler_job.py:182} INFO - Started process (PID=996) to work on /home/airflow/.local/lib/python3.6/site-packages/airflow/example_dags/example_branch_operator.py
[2022-06-07 01:24:57,297] {scheduler_job.py:633} INFO - Processing file /home/airflow/.local/lib/python3.6/site-packages/airflow/example_dags/example_branch_operator.py for tasks to queue
[2022-06-07 01:24:57,297] {logging_mixin.py:104} INFO - [2022-06-07 01:24:57,297] {dagbag.py:487} INFO - Filling up the DagBag from /home/airflow/.local/lib/python3.6/site-packages/airflow/example_dags/example_branch_operator.py
[2022-06-07 01:24:57,305] {scheduler_job.py:643} INFO - DAG(s) dict_keys(['example_branch_operator']) retrieved from /home/airflow/.local/lib/python3.6/site-packages/airflow/example_dags/example_branch_operator.py
[2022-06-07 01:24:57,313] {logging_mixin.py:104} INFO - [2022-06-07 01:24:57,313] {dag.py:1832} INFO - Sync 1 DAGs
[2022-06-07 01:24:57,320] {logging_mixin.py:104} INFO - [2022-06-07 01:24:57,320] {dag.py:2305} INFO - Setting next_dagrun for example_branch_operator to 2022-06-05 00:00:00+00:00
[2022-06-07 01:24:57,325] {scheduler_job.py:190} INFO - Processing /home/airflow/.local/lib/python3.6/site-packages/airflow/example_dags/example_branch_operator.py took 0.029 seconds
[2022-06-07 01:25:28,005] {scheduler_job.py:182} INFO - Started process (PID=1126) to work on /home/airflow/.local/lib/python3.6/site-packages/airflow/example_dags/example_branch_operator.py
[2022-06-07 01:25:28,006] {scheduler_job.py:633} INFO - Processing file /home/airflow/.local/lib/python3.6/site-packages/airflow/example_dags/example_branch_operator.py for tasks to queue
[2022-06-07 01:25:28,006] {logging_mixin.py:104} INFO - [2022-06-07 01:25:28,006] {dagbag.py:487} INFO - Filling up the DagBag from /home/airflow/.local/lib/python3.6/site-packages/airflow/example_dags/example_branch_operator.py
[2022-06-07 01:25:28,013] {scheduler_job.py:643} INFO - DAG(s) dict_keys(['example_branch_operator']) retrieved from /home/airflow/.local/lib/python3.6/site-packages/airflow/example_dags/example_branch_operator.py
[2022-06-07 01:25:28,023] {logging_mixin.py:104} INFO - [2022-06-07 01:25:28,023] {dag.py:1832} INFO - Sync 1 DAGs
[2022-06-07 01:25:28,030] {logging_mixin.py:104} INFO - [2022-06-07 01:25:28,030] {dag.py:2305} INFO - Setting next_dagrun for example_branch_operator to 2022-06-05 00:00:00+00:00
[2022-06-07 01:25:28,034] {scheduler_job.py:190} INFO - Processing /home/airflow/.local/lib/python3.6/site-packages/airflow/example_dags/example_branch_operator.py took 0.032 seconds
[2022-06-07 01:25:58,777] {scheduler_job.py:182} INFO - Started process (PID=1232) to work on /home/airflow/.local/lib/python3.6/site-packages/airflow/example_dags/example_branch_operator.py
[2022-06-07 01:25:58,778] {scheduler_job.py:633} INFO - Processing file /home/airflow/.local/lib/python3.6/site-packages/airflow/example_dags/example_branch_operator.py for tasks to queue
[2022-06-07 01:25:58,778] {logging_mixin.py:104} INFO - [2022-06-07 01:25:58,778] {dagbag.py:487} INFO - Filling up the DagBag from /home/airflow/.local/lib/python3.6/site-packages/airflow/example_dags/example_branch_operator.py
[2022-06-07 01:25:58,786] {scheduler_job.py:643} INFO - DAG(s) dict_keys(['example_branch_operator']) retrieved from /home/airflow/.local/lib/python3.6/site-packages/airflow/example_dags/example_branch_operator.py
[2022-06-07 01:25:58,795] {logging_mixin.py:104} INFO - [2022-06-07 01:25:58,795] {dag.py:1832} INFO - Sync 1 DAGs
[2022-06-07 01:25:58,803] {logging_mixin.py:104} INFO - [2022-06-07 01:25:58,803] {dag.py:2305} INFO - Setting next_dagrun for example_branch_operator to 2022-06-05 00:00:00+00:00
[2022-06-07 01:25:58,807] {scheduler_job.py:190} INFO - Processing /home/airflow/.local/lib/python3.6/site-packages/airflow/example_dags/example_branch_operator.py took 0.031 seconds
[2022-06-07 01:26:29,518] {scheduler_job.py:182} INFO - Started process (PID=1352) to work on /home/airflow/.local/lib/python3.6/site-packages/airflow/example_dags/example_branch_operator.py
[2022-06-07 01:26:29,518] {scheduler_job.py:633} INFO - Processing file /home/airflow/.local/lib/python3.6/site-packages/airflow/example_dags/example_branch_operator.py for tasks to queue
[2022-06-07 01:26:29,519] {logging_mixin.py:104} INFO - [2022-06-07 01:26:29,519] {dagbag.py:487} INFO - Filling up the DagBag from /home/airflow/.local/lib/python3.6/site-packages/airflow/example_dags/example_branch_operator.py
[2022-06-07 01:26:29,525] {scheduler_job.py:643} INFO - DAG(s) dict_keys(['example_branch_operator']) retrieved from /home/airflow/.local/lib/python3.6/site-packages/airflow/example_dags/example_branch_operator.py
[2022-06-07 01:26:29,535] {logging_mixin.py:104} INFO - [2022-06-07 01:26:29,535] {dag.py:1832} INFO - Sync 1 DAGs
[2022-06-07 01:26:29,542] {logging_mixin.py:104} INFO - [2022-06-07 01:26:29,542] {dag.py:2305} INFO - Setting next_dagrun for example_branch_operator to 2022-06-05 00:00:00+00:00
[2022-06-07 01:26:29,546] {scheduler_job.py:190} INFO - Processing /home/airflow/.local/lib/python3.6/site-packages/airflow/example_dags/example_branch_operator.py took 0.030 seconds
[2022-06-07 01:27:00,190] {scheduler_job.py:182} INFO - Started process (PID=1482) to work on /home/airflow/.local/lib/python3.6/site-packages/airflow/example_dags/example_branch_operator.py
[2022-06-07 01:27:00,190] {scheduler_job.py:633} INFO - Processing file /home/airflow/.local/lib/python3.6/site-packages/airflow/example_dags/example_branch_operator.py for tasks to queue
[2022-06-07 01:27:00,191] {logging_mixin.py:104} INFO - [2022-06-07 01:27:00,191] {dagbag.py:487} INFO - Filling up the DagBag from /home/airflow/.local/lib/python3.6/site-packages/airflow/example_dags/example_branch_operator.py
[2022-06-07 01:27:00,197] {scheduler_job.py:643} INFO - DAG(s) dict_keys(['example_branch_operator']) retrieved from /home/airflow/.local/lib/python3.6/site-packages/airflow/example_dags/example_branch_operator.py
[2022-06-07 01:27:00,207] {logging_mixin.py:104} INFO - [2022-06-07 01:27:00,207] {dag.py:1832} INFO - Sync 1 DAGs
[2022-06-07 01:27:00,214] {logging_mixin.py:104} INFO - [2022-06-07 01:27:00,214] {dag.py:2305} INFO - Setting next_dagrun for example_branch_operator to 2022-06-05 00:00:00+00:00
[2022-06-07 01:27:00,227] {scheduler_job.py:190} INFO - Processing /home/airflow/.local/lib/python3.6/site-packages/airflow/example_dags/example_branch_operator.py took 0.039 seconds
[2022-06-07 01:27:30,943] {scheduler_job.py:182} INFO - Started process (PID=1612) to work on /home/airflow/.local/lib/python3.6/site-packages/airflow/example_dags/example_branch_operator.py
[2022-06-07 01:27:30,943] {scheduler_job.py:633} INFO - Processing file /home/airflow/.local/lib/python3.6/site-packages/airflow/example_dags/example_branch_operator.py for tasks to queue
[2022-06-07 01:27:30,943] {logging_mixin.py:104} INFO - [2022-06-07 01:27:30,943] {dagbag.py:487} INFO - Filling up the DagBag from /home/airflow/.local/lib/python3.6/site-packages/airflow/example_dags/example_branch_operator.py
[2022-06-07 01:27:30,949] {scheduler_job.py:643} INFO - DAG(s) dict_keys(['example_branch_operator']) retrieved from /home/airflow/.local/lib/python3.6/site-packages/airflow/example_dags/example_branch_operator.py
[2022-06-07 01:27:30,959] {logging_mixin.py:104} INFO - [2022-06-07 01:27:30,959] {dag.py:1832} INFO - Sync 1 DAGs
[2022-06-07 01:27:30,966] {logging_mixin.py:104} INFO - [2022-06-07 01:27:30,966] {dag.py:2305} INFO - Setting next_dagrun for example_branch_operator to 2022-06-05 00:00:00+00:00
[2022-06-07 01:27:30,975] {scheduler_job.py:190} INFO - Processing /home/airflow/.local/lib/python3.6/site-packages/airflow/example_dags/example_branch_operator.py took 0.036 seconds
