[2022-06-07 01:21:14,979] {scheduler_job.py:182} INFO - Started process (PID=81) to work on /home/airflow/.local/lib/python3.6/site-packages/airflow/example_dags/tutorial.py
[2022-06-07 01:21:14,979] {scheduler_job.py:633} INFO - Processing file /home/airflow/.local/lib/python3.6/site-packages/airflow/example_dags/tutorial.py for tasks to queue
[2022-06-07 01:21:14,979] {logging_mixin.py:104} INFO - [2022-06-07 01:21:14,979] {dagbag.py:487} INFO - Filling up the DagBag from /home/airflow/.local/lib/python3.6/site-packages/airflow/example_dags/tutorial.py
[2022-06-07 01:21:14,987] {scheduler_job.py:643} INFO - DAG(s) dict_keys(['tutorial']) retrieved from /home/airflow/.local/lib/python3.6/site-packages/airflow/example_dags/tutorial.py
[2022-06-07 01:21:17,142] {logging_mixin.py:104} INFO - [2022-06-07 01:21:17,142] {dag.py:1832} INFO - Sync 1 DAGs
[2022-06-07 01:21:17,147] {logging_mixin.py:104} INFO - [2022-06-07 01:21:17,146] {dag.py:1851} INFO - Creating ORM DAG for tutorial
[2022-06-07 01:21:17,149] {logging_mixin.py:104} INFO - [2022-06-07 01:21:17,149] {dag.py:2305} INFO - Setting next_dagrun for tutorial to 2022-06-05 00:00:00+00:00
[2022-06-07 01:21:17,154] {scheduler_job.py:190} INFO - Processing /home/airflow/.local/lib/python3.6/site-packages/airflow/example_dags/tutorial.py took 2.177 seconds
[2022-06-07 01:21:47,361] {scheduler_job.py:182} INFO - Started process (PID=241) to work on /home/airflow/.local/lib/python3.6/site-packages/airflow/example_dags/tutorial.py
[2022-06-07 01:21:47,361] {scheduler_job.py:633} INFO - Processing file /home/airflow/.local/lib/python3.6/site-packages/airflow/example_dags/tutorial.py for tasks to queue
[2022-06-07 01:21:47,361] {logging_mixin.py:104} INFO - [2022-06-07 01:21:47,361] {dagbag.py:487} INFO - Filling up the DagBag from /home/airflow/.local/lib/python3.6/site-packages/airflow/example_dags/tutorial.py
[2022-06-07 01:21:47,366] {scheduler_job.py:643} INFO - DAG(s) dict_keys(['tutorial']) retrieved from /home/airflow/.local/lib/python3.6/site-packages/airflow/example_dags/tutorial.py
[2022-06-07 01:21:47,377] {logging_mixin.py:104} INFO - [2022-06-07 01:21:47,377] {dag.py:1832} INFO - Sync 1 DAGs
[2022-06-07 01:21:47,383] {logging_mixin.py:104} INFO - [2022-06-07 01:21:47,383] {dag.py:2305} INFO - Setting next_dagrun for tutorial to 2022-06-05 00:00:00+00:00
[2022-06-07 01:21:47,387] {scheduler_job.py:190} INFO - Processing /home/airflow/.local/lib/python3.6/site-packages/airflow/example_dags/tutorial.py took 0.029 seconds
[2022-06-07 01:22:18,253] {scheduler_job.py:182} INFO - Started process (PID=370) to work on /home/airflow/.local/lib/python3.6/site-packages/airflow/example_dags/tutorial.py
[2022-06-07 01:22:18,253] {scheduler_job.py:633} INFO - Processing file /home/airflow/.local/lib/python3.6/site-packages/airflow/example_dags/tutorial.py for tasks to queue
[2022-06-07 01:22:18,253] {logging_mixin.py:104} INFO - [2022-06-07 01:22:18,253] {dagbag.py:487} INFO - Filling up the DagBag from /home/airflow/.local/lib/python3.6/site-packages/airflow/example_dags/tutorial.py
[2022-06-07 01:22:18,258] {scheduler_job.py:643} INFO - DAG(s) dict_keys(['tutorial']) retrieved from /home/airflow/.local/lib/python3.6/site-packages/airflow/example_dags/tutorial.py
[2022-06-07 01:22:18,283] {logging_mixin.py:104} INFO - [2022-06-07 01:22:18,283] {dag.py:1832} INFO - Sync 1 DAGs
[2022-06-07 01:22:18,293] {logging_mixin.py:104} INFO - [2022-06-07 01:22:18,292] {dag.py:2305} INFO - Setting next_dagrun for tutorial to 2022-06-05 00:00:00+00:00
[2022-06-07 01:22:18,299] {scheduler_job.py:190} INFO - Processing /home/airflow/.local/lib/python3.6/site-packages/airflow/example_dags/tutorial.py took 0.049 seconds
[2022-06-07 01:22:49,052] {scheduler_job.py:182} INFO - Started process (PID=476) to work on /home/airflow/.local/lib/python3.6/site-packages/airflow/example_dags/tutorial.py
[2022-06-07 01:22:49,053] {scheduler_job.py:633} INFO - Processing file /home/airflow/.local/lib/python3.6/site-packages/airflow/example_dags/tutorial.py for tasks to queue
[2022-06-07 01:22:49,053] {logging_mixin.py:104} INFO - [2022-06-07 01:22:49,053] {dagbag.py:487} INFO - Filling up the DagBag from /home/airflow/.local/lib/python3.6/site-packages/airflow/example_dags/tutorial.py
[2022-06-07 01:22:49,058] {scheduler_job.py:643} INFO - DAG(s) dict_keys(['tutorial']) retrieved from /home/airflow/.local/lib/python3.6/site-packages/airflow/example_dags/tutorial.py
[2022-06-07 01:22:49,067] {logging_mixin.py:104} INFO - [2022-06-07 01:22:49,067] {dag.py:1832} INFO - Sync 1 DAGs
[2022-06-07 01:22:49,073] {logging_mixin.py:104} INFO - [2022-06-07 01:22:49,073] {dag.py:2305} INFO - Setting next_dagrun for tutorial to 2022-06-05 00:00:00+00:00
[2022-06-07 01:22:49,077] {scheduler_job.py:190} INFO - Processing /home/airflow/.local/lib/python3.6/site-packages/airflow/example_dags/tutorial.py took 0.026 seconds
[2022-06-07 01:23:19,876] {scheduler_job.py:182} INFO - Started process (PID=597) to work on /home/airflow/.local/lib/python3.6/site-packages/airflow/example_dags/tutorial.py
[2022-06-07 01:23:19,877] {scheduler_job.py:633} INFO - Processing file /home/airflow/.local/lib/python3.6/site-packages/airflow/example_dags/tutorial.py for tasks to queue
[2022-06-07 01:23:19,877] {logging_mixin.py:104} INFO - [2022-06-07 01:23:19,877] {dagbag.py:487} INFO - Filling up the DagBag from /home/airflow/.local/lib/python3.6/site-packages/airflow/example_dags/tutorial.py
[2022-06-07 01:23:19,883] {scheduler_job.py:643} INFO - DAG(s) dict_keys(['tutorial']) retrieved from /home/airflow/.local/lib/python3.6/site-packages/airflow/example_dags/tutorial.py
[2022-06-07 01:23:19,892] {logging_mixin.py:104} INFO - [2022-06-07 01:23:19,892] {dag.py:1832} INFO - Sync 1 DAGs
[2022-06-07 01:23:19,897] {logging_mixin.py:104} INFO - [2022-06-07 01:23:19,897] {dag.py:2305} INFO - Setting next_dagrun for tutorial to 2022-06-05 00:00:00+00:00
[2022-06-07 01:23:19,902] {scheduler_job.py:190} INFO - Processing /home/airflow/.local/lib/python3.6/site-packages/airflow/example_dags/tutorial.py took 0.027 seconds
[2022-06-07 01:23:50,571] {scheduler_job.py:182} INFO - Started process (PID=727) to work on /home/airflow/.local/lib/python3.6/site-packages/airflow/example_dags/tutorial.py
[2022-06-07 01:23:50,571] {scheduler_job.py:633} INFO - Processing file /home/airflow/.local/lib/python3.6/site-packages/airflow/example_dags/tutorial.py for tasks to queue
[2022-06-07 01:23:50,571] {logging_mixin.py:104} INFO - [2022-06-07 01:23:50,571] {dagbag.py:487} INFO - Filling up the DagBag from /home/airflow/.local/lib/python3.6/site-packages/airflow/example_dags/tutorial.py
[2022-06-07 01:23:50,577] {scheduler_job.py:643} INFO - DAG(s) dict_keys(['tutorial']) retrieved from /home/airflow/.local/lib/python3.6/site-packages/airflow/example_dags/tutorial.py
[2022-06-07 01:23:50,587] {logging_mixin.py:104} INFO - [2022-06-07 01:23:50,587] {dag.py:1832} INFO - Sync 1 DAGs
[2022-06-07 01:23:50,593] {logging_mixin.py:104} INFO - [2022-06-07 01:23:50,593] {dag.py:2305} INFO - Setting next_dagrun for tutorial to 2022-06-05 00:00:00+00:00
[2022-06-07 01:23:50,605] {scheduler_job.py:190} INFO - Processing /home/airflow/.local/lib/python3.6/site-packages/airflow/example_dags/tutorial.py took 0.036 seconds
[2022-06-07 01:24:21,372] {scheduler_job.py:182} INFO - Started process (PID=857) to work on /home/airflow/.local/lib/python3.6/site-packages/airflow/example_dags/tutorial.py
[2022-06-07 01:24:21,373] {scheduler_job.py:633} INFO - Processing file /home/airflow/.local/lib/python3.6/site-packages/airflow/example_dags/tutorial.py for tasks to queue
[2022-06-07 01:24:21,373] {logging_mixin.py:104} INFO - [2022-06-07 01:24:21,373] {dagbag.py:487} INFO - Filling up the DagBag from /home/airflow/.local/lib/python3.6/site-packages/airflow/example_dags/tutorial.py
[2022-06-07 01:24:21,380] {scheduler_job.py:643} INFO - DAG(s) dict_keys(['tutorial']) retrieved from /home/airflow/.local/lib/python3.6/site-packages/airflow/example_dags/tutorial.py
[2022-06-07 01:24:21,388] {logging_mixin.py:104} INFO - [2022-06-07 01:24:21,388] {dag.py:1832} INFO - Sync 1 DAGs
[2022-06-07 01:24:21,394] {logging_mixin.py:104} INFO - [2022-06-07 01:24:21,394] {dag.py:2305} INFO - Setting next_dagrun for tutorial to 2022-06-05 00:00:00+00:00
[2022-06-07 01:24:21,399] {scheduler_job.py:190} INFO - Processing /home/airflow/.local/lib/python3.6/site-packages/airflow/example_dags/tutorial.py took 0.030 seconds
[2022-06-07 01:24:52,111] {scheduler_job.py:182} INFO - Started process (PID=964) to work on /home/airflow/.local/lib/python3.6/site-packages/airflow/example_dags/tutorial.py
[2022-06-07 01:24:52,112] {scheduler_job.py:633} INFO - Processing file /home/airflow/.local/lib/python3.6/site-packages/airflow/example_dags/tutorial.py for tasks to queue
[2022-06-07 01:24:52,112] {logging_mixin.py:104} INFO - [2022-06-07 01:24:52,112] {dagbag.py:487} INFO - Filling up the DagBag from /home/airflow/.local/lib/python3.6/site-packages/airflow/example_dags/tutorial.py
[2022-06-07 01:24:52,118] {scheduler_job.py:643} INFO - DAG(s) dict_keys(['tutorial']) retrieved from /home/airflow/.local/lib/python3.6/site-packages/airflow/example_dags/tutorial.py
[2022-06-07 01:24:52,126] {logging_mixin.py:104} INFO - [2022-06-07 01:24:52,126] {dag.py:1832} INFO - Sync 1 DAGs
[2022-06-07 01:24:52,132] {logging_mixin.py:104} INFO - [2022-06-07 01:24:52,132] {dag.py:2305} INFO - Setting next_dagrun for tutorial to 2022-06-05 00:00:00+00:00
[2022-06-07 01:24:52,137] {scheduler_job.py:190} INFO - Processing /home/airflow/.local/lib/python3.6/site-packages/airflow/example_dags/tutorial.py took 0.027 seconds
[2022-06-07 01:25:22,824] {scheduler_job.py:182} INFO - Started process (PID=1084) to work on /home/airflow/.local/lib/python3.6/site-packages/airflow/example_dags/tutorial.py
[2022-06-07 01:25:22,825] {scheduler_job.py:633} INFO - Processing file /home/airflow/.local/lib/python3.6/site-packages/airflow/example_dags/tutorial.py for tasks to queue
[2022-06-07 01:25:22,826] {logging_mixin.py:104} INFO - [2022-06-07 01:25:22,826] {dagbag.py:487} INFO - Filling up the DagBag from /home/airflow/.local/lib/python3.6/site-packages/airflow/example_dags/tutorial.py
[2022-06-07 01:25:22,833] {scheduler_job.py:643} INFO - DAG(s) dict_keys(['tutorial']) retrieved from /home/airflow/.local/lib/python3.6/site-packages/airflow/example_dags/tutorial.py
[2022-06-07 01:25:22,842] {logging_mixin.py:104} INFO - [2022-06-07 01:25:22,842] {dag.py:1832} INFO - Sync 1 DAGs
[2022-06-07 01:25:22,848] {logging_mixin.py:104} INFO - [2022-06-07 01:25:22,848] {dag.py:2305} INFO - Setting next_dagrun for tutorial to 2022-06-05 00:00:00+00:00
[2022-06-07 01:25:22,853] {scheduler_job.py:190} INFO - Processing /home/airflow/.local/lib/python3.6/site-packages/airflow/example_dags/tutorial.py took 0.030 seconds
[2022-06-07 01:25:53,600] {scheduler_job.py:182} INFO - Started process (PID=1214) to work on /home/airflow/.local/lib/python3.6/site-packages/airflow/example_dags/tutorial.py
[2022-06-07 01:25:53,601] {scheduler_job.py:633} INFO - Processing file /home/airflow/.local/lib/python3.6/site-packages/airflow/example_dags/tutorial.py for tasks to queue
[2022-06-07 01:25:53,601] {logging_mixin.py:104} INFO - [2022-06-07 01:25:53,601] {dagbag.py:487} INFO - Filling up the DagBag from /home/airflow/.local/lib/python3.6/site-packages/airflow/example_dags/tutorial.py
[2022-06-07 01:25:53,607] {scheduler_job.py:643} INFO - DAG(s) dict_keys(['tutorial']) retrieved from /home/airflow/.local/lib/python3.6/site-packages/airflow/example_dags/tutorial.py
[2022-06-07 01:25:53,616] {logging_mixin.py:104} INFO - [2022-06-07 01:25:53,616] {dag.py:1832} INFO - Sync 1 DAGs
[2022-06-07 01:25:53,622] {logging_mixin.py:104} INFO - [2022-06-07 01:25:53,622] {dag.py:2305} INFO - Setting next_dagrun for tutorial to 2022-06-05 00:00:00+00:00
[2022-06-07 01:25:53,625] {scheduler_job.py:190} INFO - Processing /home/airflow/.local/lib/python3.6/site-packages/airflow/example_dags/tutorial.py took 0.026 seconds
[2022-06-07 01:26:24,330] {scheduler_job.py:182} INFO - Started process (PID=1343) to work on /home/airflow/.local/lib/python3.6/site-packages/airflow/example_dags/tutorial.py
[2022-06-07 01:26:24,331] {scheduler_job.py:633} INFO - Processing file /home/airflow/.local/lib/python3.6/site-packages/airflow/example_dags/tutorial.py for tasks to queue
[2022-06-07 01:26:24,331] {logging_mixin.py:104} INFO - [2022-06-07 01:26:24,331] {dagbag.py:487} INFO - Filling up the DagBag from /home/airflow/.local/lib/python3.6/site-packages/airflow/example_dags/tutorial.py
[2022-06-07 01:26:24,335] {scheduler_job.py:643} INFO - DAG(s) dict_keys(['tutorial']) retrieved from /home/airflow/.local/lib/python3.6/site-packages/airflow/example_dags/tutorial.py
[2022-06-07 01:26:24,347] {logging_mixin.py:104} INFO - [2022-06-07 01:26:24,347] {dag.py:1832} INFO - Sync 1 DAGs
[2022-06-07 01:26:24,354] {logging_mixin.py:104} INFO - [2022-06-07 01:26:24,354] {dag.py:2305} INFO - Setting next_dagrun for tutorial to 2022-06-05 00:00:00+00:00
[2022-06-07 01:26:24,358] {scheduler_job.py:190} INFO - Processing /home/airflow/.local/lib/python3.6/site-packages/airflow/example_dags/tutorial.py took 0.029 seconds
[2022-06-07 01:26:54,990] {scheduler_job.py:182} INFO - Started process (PID=1473) to work on /home/airflow/.local/lib/python3.6/site-packages/airflow/example_dags/tutorial.py
[2022-06-07 01:26:54,991] {scheduler_job.py:633} INFO - Processing file /home/airflow/.local/lib/python3.6/site-packages/airflow/example_dags/tutorial.py for tasks to queue
[2022-06-07 01:26:54,991] {logging_mixin.py:104} INFO - [2022-06-07 01:26:54,991] {dagbag.py:487} INFO - Filling up the DagBag from /home/airflow/.local/lib/python3.6/site-packages/airflow/example_dags/tutorial.py
[2022-06-07 01:26:54,995] {scheduler_job.py:643} INFO - DAG(s) dict_keys(['tutorial']) retrieved from /home/airflow/.local/lib/python3.6/site-packages/airflow/example_dags/tutorial.py
[2022-06-07 01:26:55,006] {logging_mixin.py:104} INFO - [2022-06-07 01:26:55,006] {dag.py:1832} INFO - Sync 1 DAGs
[2022-06-07 01:26:55,012] {logging_mixin.py:104} INFO - [2022-06-07 01:26:55,012] {dag.py:2305} INFO - Setting next_dagrun for tutorial to 2022-06-05 00:00:00+00:00
[2022-06-07 01:26:55,017] {scheduler_job.py:190} INFO - Processing /home/airflow/.local/lib/python3.6/site-packages/airflow/example_dags/tutorial.py took 0.028 seconds
[2022-06-07 01:27:25,795] {scheduler_job.py:182} INFO - Started process (PID=1570) to work on /home/airflow/.local/lib/python3.6/site-packages/airflow/example_dags/tutorial.py
[2022-06-07 01:27:25,795] {scheduler_job.py:633} INFO - Processing file /home/airflow/.local/lib/python3.6/site-packages/airflow/example_dags/tutorial.py for tasks to queue
[2022-06-07 01:27:25,796] {logging_mixin.py:104} INFO - [2022-06-07 01:27:25,796] {dagbag.py:487} INFO - Filling up the DagBag from /home/airflow/.local/lib/python3.6/site-packages/airflow/example_dags/tutorial.py
[2022-06-07 01:27:25,800] {scheduler_job.py:643} INFO - DAG(s) dict_keys(['tutorial']) retrieved from /home/airflow/.local/lib/python3.6/site-packages/airflow/example_dags/tutorial.py
[2022-06-07 01:27:25,809] {logging_mixin.py:104} INFO - [2022-06-07 01:27:25,809] {dag.py:1832} INFO - Sync 1 DAGs
[2022-06-07 01:27:25,815] {logging_mixin.py:104} INFO - [2022-06-07 01:27:25,815] {dag.py:2305} INFO - Setting next_dagrun for tutorial to 2022-06-05 00:00:00+00:00
[2022-06-07 01:27:25,822] {scheduler_job.py:190} INFO - Processing /home/airflow/.local/lib/python3.6/site-packages/airflow/example_dags/tutorial.py took 0.030 seconds
[2022-06-07 01:27:56,386] {scheduler_job.py:182} INFO - Started process (PID=1699) to work on /home/airflow/.local/lib/python3.6/site-packages/airflow/example_dags/tutorial.py
[2022-06-07 01:27:56,387] {scheduler_job.py:633} INFO - Processing file /home/airflow/.local/lib/python3.6/site-packages/airflow/example_dags/tutorial.py for tasks to queue
[2022-06-07 01:27:56,387] {logging_mixin.py:104} INFO - [2022-06-07 01:27:56,387] {dagbag.py:487} INFO - Filling up the DagBag from /home/airflow/.local/lib/python3.6/site-packages/airflow/example_dags/tutorial.py
[2022-06-07 01:27:56,392] {scheduler_job.py:643} INFO - DAG(s) dict_keys(['tutorial']) retrieved from /home/airflow/.local/lib/python3.6/site-packages/airflow/example_dags/tutorial.py
[2022-06-07 01:27:56,400] {logging_mixin.py:104} INFO - [2022-06-07 01:27:56,400] {dag.py:1832} INFO - Sync 1 DAGs
[2022-06-07 01:27:56,407] {logging_mixin.py:104} INFO - [2022-06-07 01:27:56,407] {dag.py:2305} INFO - Setting next_dagrun for tutorial to 2022-06-05 00:00:00+00:00
[2022-06-07 01:27:56,411] {scheduler_job.py:190} INFO - Processing /home/airflow/.local/lib/python3.6/site-packages/airflow/example_dags/tutorial.py took 0.026 seconds
