[2022-06-07 01:21:19,124] {scheduler_job.py:182} INFO - Started process (PID=91) to work on /home/airflow/.local/lib/python3.6/site-packages/airflow/example_dags/tutorial_taskflow_api_etl.py
[2022-06-07 01:21:19,125] {scheduler_job.py:633} INFO - Processing file /home/airflow/.local/lib/python3.6/site-packages/airflow/example_dags/tutorial_taskflow_api_etl.py for tasks to queue
[2022-06-07 01:21:19,125] {logging_mixin.py:104} INFO - [2022-06-07 01:21:19,125] {dagbag.py:487} INFO - Filling up the DagBag from /home/airflow/.local/lib/python3.6/site-packages/airflow/example_dags/tutorial_taskflow_api_etl.py
[2022-06-07 01:21:19,134] {scheduler_job.py:643} INFO - DAG(s) dict_keys(['tutorial_taskflow_api_etl']) retrieved from /home/airflow/.local/lib/python3.6/site-packages/airflow/example_dags/tutorial_taskflow_api_etl.py
[2022-06-07 01:21:20,555] {logging_mixin.py:104} INFO - [2022-06-07 01:21:20,555] {dag.py:1832} INFO - Sync 1 DAGs
[2022-06-07 01:21:20,562] {logging_mixin.py:104} INFO - [2022-06-07 01:21:20,561] {dag.py:1851} INFO - Creating ORM DAG for tutorial_taskflow_api_etl
[2022-06-07 01:21:20,565] {logging_mixin.py:104} INFO - [2022-06-07 01:21:20,565] {dag.py:2305} INFO - Setting next_dagrun for tutorial_taskflow_api_etl to None
[2022-06-07 01:21:20,570] {scheduler_job.py:190} INFO - Processing /home/airflow/.local/lib/python3.6/site-packages/airflow/example_dags/tutorial_taskflow_api_etl.py took 1.447 seconds
[2022-06-07 01:21:50,607] {scheduler_job.py:182} INFO - Started process (PID=246) to work on /home/airflow/.local/lib/python3.6/site-packages/airflow/example_dags/tutorial_taskflow_api_etl.py
[2022-06-07 01:21:50,607] {scheduler_job.py:633} INFO - Processing file /home/airflow/.local/lib/python3.6/site-packages/airflow/example_dags/tutorial_taskflow_api_etl.py for tasks to queue
[2022-06-07 01:21:50,607] {logging_mixin.py:104} INFO - [2022-06-07 01:21:50,607] {dagbag.py:487} INFO - Filling up the DagBag from /home/airflow/.local/lib/python3.6/site-packages/airflow/example_dags/tutorial_taskflow_api_etl.py
[2022-06-07 01:21:50,616] {scheduler_job.py:643} INFO - DAG(s) dict_keys(['tutorial_taskflow_api_etl']) retrieved from /home/airflow/.local/lib/python3.6/site-packages/airflow/example_dags/tutorial_taskflow_api_etl.py
[2022-06-07 01:21:50,738] {logging_mixin.py:104} INFO - [2022-06-07 01:21:50,738] {dag.py:1832} INFO - Sync 1 DAGs
[2022-06-07 01:21:50,744] {logging_mixin.py:104} INFO - [2022-06-07 01:21:50,744] {dag.py:2305} INFO - Setting next_dagrun for tutorial_taskflow_api_etl to None
[2022-06-07 01:21:50,750] {scheduler_job.py:190} INFO - Processing /home/airflow/.local/lib/python3.6/site-packages/airflow/example_dags/tutorial_taskflow_api_etl.py took 0.144 seconds
[2022-06-07 01:22:21,370] {scheduler_job.py:182} INFO - Started process (PID=375) to work on /home/airflow/.local/lib/python3.6/site-packages/airflow/example_dags/tutorial_taskflow_api_etl.py
[2022-06-07 01:22:21,370] {scheduler_job.py:633} INFO - Processing file /home/airflow/.local/lib/python3.6/site-packages/airflow/example_dags/tutorial_taskflow_api_etl.py for tasks to queue
[2022-06-07 01:22:21,371] {logging_mixin.py:104} INFO - [2022-06-07 01:22:21,371] {dagbag.py:487} INFO - Filling up the DagBag from /home/airflow/.local/lib/python3.6/site-packages/airflow/example_dags/tutorial_taskflow_api_etl.py
[2022-06-07 01:22:21,379] {scheduler_job.py:643} INFO - DAG(s) dict_keys(['tutorial_taskflow_api_etl']) retrieved from /home/airflow/.local/lib/python3.6/site-packages/airflow/example_dags/tutorial_taskflow_api_etl.py
[2022-06-07 01:22:21,500] {logging_mixin.py:104} INFO - [2022-06-07 01:22:21,500] {dag.py:1832} INFO - Sync 1 DAGs
[2022-06-07 01:22:21,505] {logging_mixin.py:104} INFO - [2022-06-07 01:22:21,505] {dag.py:2305} INFO - Setting next_dagrun for tutorial_taskflow_api_etl to None
[2022-06-07 01:22:21,513] {scheduler_job.py:190} INFO - Processing /home/airflow/.local/lib/python3.6/site-packages/airflow/example_dags/tutorial_taskflow_api_etl.py took 0.147 seconds
[2022-06-07 01:22:52,142] {scheduler_job.py:182} INFO - Started process (PID=505) to work on /home/airflow/.local/lib/python3.6/site-packages/airflow/example_dags/tutorial_taskflow_api_etl.py
[2022-06-07 01:22:52,142] {scheduler_job.py:633} INFO - Processing file /home/airflow/.local/lib/python3.6/site-packages/airflow/example_dags/tutorial_taskflow_api_etl.py for tasks to queue
[2022-06-07 01:22:52,143] {logging_mixin.py:104} INFO - [2022-06-07 01:22:52,143] {dagbag.py:487} INFO - Filling up the DagBag from /home/airflow/.local/lib/python3.6/site-packages/airflow/example_dags/tutorial_taskflow_api_etl.py
[2022-06-07 01:22:52,151] {scheduler_job.py:643} INFO - DAG(s) dict_keys(['tutorial_taskflow_api_etl']) retrieved from /home/airflow/.local/lib/python3.6/site-packages/airflow/example_dags/tutorial_taskflow_api_etl.py
[2022-06-07 01:22:52,275] {logging_mixin.py:104} INFO - [2022-06-07 01:22:52,275] {dag.py:1832} INFO - Sync 1 DAGs
[2022-06-07 01:22:52,281] {logging_mixin.py:104} INFO - [2022-06-07 01:22:52,280] {dag.py:2305} INFO - Setting next_dagrun for tutorial_taskflow_api_etl to None
[2022-06-07 01:22:52,286] {scheduler_job.py:190} INFO - Processing /home/airflow/.local/lib/python3.6/site-packages/airflow/example_dags/tutorial_taskflow_api_etl.py took 0.146 seconds
[2022-06-07 01:23:22,973] {scheduler_job.py:182} INFO - Started process (PID=612) to work on /home/airflow/.local/lib/python3.6/site-packages/airflow/example_dags/tutorial_taskflow_api_etl.py
[2022-06-07 01:23:22,974] {scheduler_job.py:633} INFO - Processing file /home/airflow/.local/lib/python3.6/site-packages/airflow/example_dags/tutorial_taskflow_api_etl.py for tasks to queue
[2022-06-07 01:23:22,974] {logging_mixin.py:104} INFO - [2022-06-07 01:23:22,974] {dagbag.py:487} INFO - Filling up the DagBag from /home/airflow/.local/lib/python3.6/site-packages/airflow/example_dags/tutorial_taskflow_api_etl.py
[2022-06-07 01:23:22,982] {scheduler_job.py:643} INFO - DAG(s) dict_keys(['tutorial_taskflow_api_etl']) retrieved from /home/airflow/.local/lib/python3.6/site-packages/airflow/example_dags/tutorial_taskflow_api_etl.py
[2022-06-07 01:23:23,118] {logging_mixin.py:104} INFO - [2022-06-07 01:23:23,117] {dag.py:1832} INFO - Sync 1 DAGs
[2022-06-07 01:23:23,123] {logging_mixin.py:104} INFO - [2022-06-07 01:23:23,122] {dag.py:2305} INFO - Setting next_dagrun for tutorial_taskflow_api_etl to None
[2022-06-07 01:23:23,128] {scheduler_job.py:190} INFO - Processing /home/airflow/.local/lib/python3.6/site-packages/airflow/example_dags/tutorial_taskflow_api_etl.py took 0.156 seconds
[2022-06-07 01:23:53,697] {scheduler_job.py:182} INFO - Started process (PID=732) to work on /home/airflow/.local/lib/python3.6/site-packages/airflow/example_dags/tutorial_taskflow_api_etl.py
[2022-06-07 01:23:53,697] {scheduler_job.py:633} INFO - Processing file /home/airflow/.local/lib/python3.6/site-packages/airflow/example_dags/tutorial_taskflow_api_etl.py for tasks to queue
[2022-06-07 01:23:53,697] {logging_mixin.py:104} INFO - [2022-06-07 01:23:53,697] {dagbag.py:487} INFO - Filling up the DagBag from /home/airflow/.local/lib/python3.6/site-packages/airflow/example_dags/tutorial_taskflow_api_etl.py
[2022-06-07 01:23:53,705] {scheduler_job.py:643} INFO - DAG(s) dict_keys(['tutorial_taskflow_api_etl']) retrieved from /home/airflow/.local/lib/python3.6/site-packages/airflow/example_dags/tutorial_taskflow_api_etl.py
[2022-06-07 01:23:53,826] {logging_mixin.py:104} INFO - [2022-06-07 01:23:53,826] {dag.py:1832} INFO - Sync 1 DAGs
[2022-06-07 01:23:53,831] {logging_mixin.py:104} INFO - [2022-06-07 01:23:53,831] {dag.py:2305} INFO - Setting next_dagrun for tutorial_taskflow_api_etl to None
[2022-06-07 01:23:53,839] {scheduler_job.py:190} INFO - Processing /home/airflow/.local/lib/python3.6/site-packages/airflow/example_dags/tutorial_taskflow_api_etl.py took 0.144 seconds
[2022-06-07 01:24:24,460] {scheduler_job.py:182} INFO - Started process (PID=862) to work on /home/airflow/.local/lib/python3.6/site-packages/airflow/example_dags/tutorial_taskflow_api_etl.py
[2022-06-07 01:24:24,461] {scheduler_job.py:633} INFO - Processing file /home/airflow/.local/lib/python3.6/site-packages/airflow/example_dags/tutorial_taskflow_api_etl.py for tasks to queue
[2022-06-07 01:24:24,461] {logging_mixin.py:104} INFO - [2022-06-07 01:24:24,461] {dagbag.py:487} INFO - Filling up the DagBag from /home/airflow/.local/lib/python3.6/site-packages/airflow/example_dags/tutorial_taskflow_api_etl.py
[2022-06-07 01:24:24,468] {scheduler_job.py:643} INFO - DAG(s) dict_keys(['tutorial_taskflow_api_etl']) retrieved from /home/airflow/.local/lib/python3.6/site-packages/airflow/example_dags/tutorial_taskflow_api_etl.py
[2022-06-07 01:24:24,589] {logging_mixin.py:104} INFO - [2022-06-07 01:24:24,589] {dag.py:1832} INFO - Sync 1 DAGs
[2022-06-07 01:24:24,595] {logging_mixin.py:104} INFO - [2022-06-07 01:24:24,595] {dag.py:2305} INFO - Setting next_dagrun for tutorial_taskflow_api_etl to None
[2022-06-07 01:24:24,600] {scheduler_job.py:190} INFO - Processing /home/airflow/.local/lib/python3.6/site-packages/airflow/example_dags/tutorial_taskflow_api_etl.py took 0.144 seconds
[2022-06-07 01:24:55,211] {scheduler_job.py:182} INFO - Started process (PID=992) to work on /home/airflow/.local/lib/python3.6/site-packages/airflow/example_dags/tutorial_taskflow_api_etl.py
[2022-06-07 01:24:55,212] {scheduler_job.py:633} INFO - Processing file /home/airflow/.local/lib/python3.6/site-packages/airflow/example_dags/tutorial_taskflow_api_etl.py for tasks to queue
[2022-06-07 01:24:55,212] {logging_mixin.py:104} INFO - [2022-06-07 01:24:55,212] {dagbag.py:487} INFO - Filling up the DagBag from /home/airflow/.local/lib/python3.6/site-packages/airflow/example_dags/tutorial_taskflow_api_etl.py
[2022-06-07 01:24:55,220] {scheduler_job.py:643} INFO - DAG(s) dict_keys(['tutorial_taskflow_api_etl']) retrieved from /home/airflow/.local/lib/python3.6/site-packages/airflow/example_dags/tutorial_taskflow_api_etl.py
[2022-06-07 01:24:55,341] {logging_mixin.py:104} INFO - [2022-06-07 01:24:55,341] {dag.py:1832} INFO - Sync 1 DAGs
[2022-06-07 01:24:55,347] {logging_mixin.py:104} INFO - [2022-06-07 01:24:55,347] {dag.py:2305} INFO - Setting next_dagrun for tutorial_taskflow_api_etl to None
[2022-06-07 01:24:55,356] {scheduler_job.py:190} INFO - Processing /home/airflow/.local/lib/python3.6/site-packages/airflow/example_dags/tutorial_taskflow_api_etl.py took 0.146 seconds
[2022-06-07 01:25:25,915] {scheduler_job.py:182} INFO - Started process (PID=1122) to work on /home/airflow/.local/lib/python3.6/site-packages/airflow/example_dags/tutorial_taskflow_api_etl.py
[2022-06-07 01:25:25,916] {scheduler_job.py:633} INFO - Processing file /home/airflow/.local/lib/python3.6/site-packages/airflow/example_dags/tutorial_taskflow_api_etl.py for tasks to queue
[2022-06-07 01:25:25,916] {logging_mixin.py:104} INFO - [2022-06-07 01:25:25,916] {dagbag.py:487} INFO - Filling up the DagBag from /home/airflow/.local/lib/python3.6/site-packages/airflow/example_dags/tutorial_taskflow_api_etl.py
[2022-06-07 01:25:25,924] {scheduler_job.py:643} INFO - DAG(s) dict_keys(['tutorial_taskflow_api_etl']) retrieved from /home/airflow/.local/lib/python3.6/site-packages/airflow/example_dags/tutorial_taskflow_api_etl.py
[2022-06-07 01:25:26,046] {logging_mixin.py:104} INFO - [2022-06-07 01:25:26,046] {dag.py:1832} INFO - Sync 1 DAGs
[2022-06-07 01:25:26,051] {logging_mixin.py:104} INFO - [2022-06-07 01:25:26,051] {dag.py:2305} INFO - Setting next_dagrun for tutorial_taskflow_api_etl to None
[2022-06-07 01:25:26,059] {scheduler_job.py:190} INFO - Processing /home/airflow/.local/lib/python3.6/site-packages/airflow/example_dags/tutorial_taskflow_api_etl.py took 0.147 seconds
[2022-06-07 01:25:56,694] {scheduler_job.py:182} INFO - Started process (PID=1219) to work on /home/airflow/.local/lib/python3.6/site-packages/airflow/example_dags/tutorial_taskflow_api_etl.py
[2022-06-07 01:25:56,694] {scheduler_job.py:633} INFO - Processing file /home/airflow/.local/lib/python3.6/site-packages/airflow/example_dags/tutorial_taskflow_api_etl.py for tasks to queue
[2022-06-07 01:25:56,695] {logging_mixin.py:104} INFO - [2022-06-07 01:25:56,695] {dagbag.py:487} INFO - Filling up the DagBag from /home/airflow/.local/lib/python3.6/site-packages/airflow/example_dags/tutorial_taskflow_api_etl.py
[2022-06-07 01:25:56,703] {scheduler_job.py:643} INFO - DAG(s) dict_keys(['tutorial_taskflow_api_etl']) retrieved from /home/airflow/.local/lib/python3.6/site-packages/airflow/example_dags/tutorial_taskflow_api_etl.py
[2022-06-07 01:25:56,825] {logging_mixin.py:104} INFO - [2022-06-07 01:25:56,825] {dag.py:1832} INFO - Sync 1 DAGs
[2022-06-07 01:25:56,831] {logging_mixin.py:104} INFO - [2022-06-07 01:25:56,831] {dag.py:2305} INFO - Setting next_dagrun for tutorial_taskflow_api_etl to None
[2022-06-07 01:25:56,836] {scheduler_job.py:190} INFO - Processing /home/airflow/.local/lib/python3.6/site-packages/airflow/example_dags/tutorial_taskflow_api_etl.py took 0.144 seconds
[2022-06-07 01:26:27,426] {scheduler_job.py:182} INFO - Started process (PID=1348) to work on /home/airflow/.local/lib/python3.6/site-packages/airflow/example_dags/tutorial_taskflow_api_etl.py
[2022-06-07 01:26:27,427] {scheduler_job.py:633} INFO - Processing file /home/airflow/.local/lib/python3.6/site-packages/airflow/example_dags/tutorial_taskflow_api_etl.py for tasks to queue
[2022-06-07 01:26:27,427] {logging_mixin.py:104} INFO - [2022-06-07 01:26:27,427] {dagbag.py:487} INFO - Filling up the DagBag from /home/airflow/.local/lib/python3.6/site-packages/airflow/example_dags/tutorial_taskflow_api_etl.py
[2022-06-07 01:26:27,433] {scheduler_job.py:643} INFO - DAG(s) dict_keys(['tutorial_taskflow_api_etl']) retrieved from /home/airflow/.local/lib/python3.6/site-packages/airflow/example_dags/tutorial_taskflow_api_etl.py
[2022-06-07 01:26:27,554] {logging_mixin.py:104} INFO - [2022-06-07 01:26:27,554] {dag.py:1832} INFO - Sync 1 DAGs
[2022-06-07 01:26:27,559] {logging_mixin.py:104} INFO - [2022-06-07 01:26:27,559] {dag.py:2305} INFO - Setting next_dagrun for tutorial_taskflow_api_etl to None
[2022-06-07 01:26:27,564] {scheduler_job.py:190} INFO - Processing /home/airflow/.local/lib/python3.6/site-packages/airflow/example_dags/tutorial_taskflow_api_etl.py took 0.139 seconds
[2022-06-07 01:26:58,090] {scheduler_job.py:182} INFO - Started process (PID=1478) to work on /home/airflow/.local/lib/python3.6/site-packages/airflow/example_dags/tutorial_taskflow_api_etl.py
[2022-06-07 01:26:58,091] {scheduler_job.py:633} INFO - Processing file /home/airflow/.local/lib/python3.6/site-packages/airflow/example_dags/tutorial_taskflow_api_etl.py for tasks to queue
[2022-06-07 01:26:58,091] {logging_mixin.py:104} INFO - [2022-06-07 01:26:58,091] {dagbag.py:487} INFO - Filling up the DagBag from /home/airflow/.local/lib/python3.6/site-packages/airflow/example_dags/tutorial_taskflow_api_etl.py
[2022-06-07 01:26:58,097] {scheduler_job.py:643} INFO - DAG(s) dict_keys(['tutorial_taskflow_api_etl']) retrieved from /home/airflow/.local/lib/python3.6/site-packages/airflow/example_dags/tutorial_taskflow_api_etl.py
[2022-06-07 01:26:58,221] {logging_mixin.py:104} INFO - [2022-06-07 01:26:58,220] {dag.py:1832} INFO - Sync 1 DAGs
[2022-06-07 01:26:58,226] {logging_mixin.py:104} INFO - [2022-06-07 01:26:58,226] {dag.py:2305} INFO - Setting next_dagrun for tutorial_taskflow_api_etl to None
[2022-06-07 01:26:58,232] {scheduler_job.py:190} INFO - Processing /home/airflow/.local/lib/python3.6/site-packages/airflow/example_dags/tutorial_taskflow_api_etl.py took 0.143 seconds
[2022-06-07 01:27:28,898] {scheduler_job.py:182} INFO - Started process (PID=1608) to work on /home/airflow/.local/lib/python3.6/site-packages/airflow/example_dags/tutorial_taskflow_api_etl.py
[2022-06-07 01:27:28,898] {scheduler_job.py:633} INFO - Processing file /home/airflow/.local/lib/python3.6/site-packages/airflow/example_dags/tutorial_taskflow_api_etl.py for tasks to queue
[2022-06-07 01:27:28,899] {logging_mixin.py:104} INFO - [2022-06-07 01:27:28,898] {dagbag.py:487} INFO - Filling up the DagBag from /home/airflow/.local/lib/python3.6/site-packages/airflow/example_dags/tutorial_taskflow_api_etl.py
[2022-06-07 01:27:28,905] {scheduler_job.py:643} INFO - DAG(s) dict_keys(['tutorial_taskflow_api_etl']) retrieved from /home/airflow/.local/lib/python3.6/site-packages/airflow/example_dags/tutorial_taskflow_api_etl.py
[2022-06-07 01:27:28,914] {logging_mixin.py:104} INFO - [2022-06-07 01:27:28,914] {dag.py:1832} INFO - Sync 1 DAGs
[2022-06-07 01:27:28,920] {logging_mixin.py:104} INFO - [2022-06-07 01:27:28,920] {dag.py:2305} INFO - Setting next_dagrun for tutorial_taskflow_api_etl to None
[2022-06-07 01:27:28,924] {scheduler_job.py:190} INFO - Processing /home/airflow/.local/lib/python3.6/site-packages/airflow/example_dags/tutorial_taskflow_api_etl.py took 0.029 seconds
