[2022-06-07 01:21:20,584] {scheduler_job.py:182} INFO - Started process (PID=105) to work on /home/airflow/.local/lib/python3.6/site-packages/airflow/example_dags/tutorial_taskflow_api_etl_virtualenv.py
[2022-06-07 01:21:20,584] {scheduler_job.py:633} INFO - Processing file /home/airflow/.local/lib/python3.6/site-packages/airflow/example_dags/tutorial_taskflow_api_etl_virtualenv.py for tasks to queue
[2022-06-07 01:21:20,584] {logging_mixin.py:104} INFO - [2022-06-07 01:21:20,584] {dagbag.py:487} INFO - Filling up the DagBag from /home/airflow/.local/lib/python3.6/site-packages/airflow/example_dags/tutorial_taskflow_api_etl_virtualenv.py
[2022-06-07 01:21:20,593] {scheduler_job.py:643} INFO - DAG(s) dict_keys(['tutorial_taskflow_api_etl_virtualenv']) retrieved from /home/airflow/.local/lib/python3.6/site-packages/airflow/example_dags/tutorial_taskflow_api_etl_virtualenv.py
[2022-06-07 01:21:21,541] {logging_mixin.py:104} INFO - [2022-06-07 01:21:21,541] {dag.py:1832} INFO - Sync 1 DAGs
[2022-06-07 01:21:21,545] {logging_mixin.py:104} INFO - [2022-06-07 01:21:21,545] {dag.py:1851} INFO - Creating ORM DAG for tutorial_taskflow_api_etl_virtualenv
[2022-06-07 01:21:21,547] {logging_mixin.py:104} INFO - [2022-06-07 01:21:21,547] {dag.py:2305} INFO - Setting next_dagrun for tutorial_taskflow_api_etl_virtualenv to None
[2022-06-07 01:21:21,551] {scheduler_job.py:190} INFO - Processing /home/airflow/.local/lib/python3.6/site-packages/airflow/example_dags/tutorial_taskflow_api_etl_virtualenv.py took 0.969 seconds
[2022-06-07 01:21:51,621] {scheduler_job.py:182} INFO - Started process (PID=248) to work on /home/airflow/.local/lib/python3.6/site-packages/airflow/example_dags/tutorial_taskflow_api_etl_virtualenv.py
[2022-06-07 01:21:51,622] {scheduler_job.py:633} INFO - Processing file /home/airflow/.local/lib/python3.6/site-packages/airflow/example_dags/tutorial_taskflow_api_etl_virtualenv.py for tasks to queue
[2022-06-07 01:21:51,622] {logging_mixin.py:104} INFO - [2022-06-07 01:21:51,622] {dagbag.py:487} INFO - Filling up the DagBag from /home/airflow/.local/lib/python3.6/site-packages/airflow/example_dags/tutorial_taskflow_api_etl_virtualenv.py
[2022-06-07 01:21:51,630] {scheduler_job.py:643} INFO - DAG(s) dict_keys(['tutorial_taskflow_api_etl_virtualenv']) retrieved from /home/airflow/.local/lib/python3.6/site-packages/airflow/example_dags/tutorial_taskflow_api_etl_virtualenv.py
[2022-06-07 01:21:51,750] {logging_mixin.py:104} INFO - [2022-06-07 01:21:51,750] {dag.py:1832} INFO - Sync 1 DAGs
[2022-06-07 01:21:51,756] {logging_mixin.py:104} INFO - [2022-06-07 01:21:51,756] {dag.py:2305} INFO - Setting next_dagrun for tutorial_taskflow_api_etl_virtualenv to None
[2022-06-07 01:21:51,762] {scheduler_job.py:190} INFO - Processing /home/airflow/.local/lib/python3.6/site-packages/airflow/example_dags/tutorial_taskflow_api_etl_virtualenv.py took 0.142 seconds
[2022-06-07 01:22:22,415] {scheduler_job.py:182} INFO - Started process (PID=377) to work on /home/airflow/.local/lib/python3.6/site-packages/airflow/example_dags/tutorial_taskflow_api_etl_virtualenv.py
[2022-06-07 01:22:22,416] {scheduler_job.py:633} INFO - Processing file /home/airflow/.local/lib/python3.6/site-packages/airflow/example_dags/tutorial_taskflow_api_etl_virtualenv.py for tasks to queue
[2022-06-07 01:22:22,416] {logging_mixin.py:104} INFO - [2022-06-07 01:22:22,416] {dagbag.py:487} INFO - Filling up the DagBag from /home/airflow/.local/lib/python3.6/site-packages/airflow/example_dags/tutorial_taskflow_api_etl_virtualenv.py
[2022-06-07 01:22:22,424] {scheduler_job.py:643} INFO - DAG(s) dict_keys(['tutorial_taskflow_api_etl_virtualenv']) retrieved from /home/airflow/.local/lib/python3.6/site-packages/airflow/example_dags/tutorial_taskflow_api_etl_virtualenv.py
[2022-06-07 01:22:22,543] {logging_mixin.py:104} INFO - [2022-06-07 01:22:22,543] {dag.py:1832} INFO - Sync 1 DAGs
[2022-06-07 01:22:22,550] {logging_mixin.py:104} INFO - [2022-06-07 01:22:22,550] {dag.py:2305} INFO - Setting next_dagrun for tutorial_taskflow_api_etl_virtualenv to None
[2022-06-07 01:22:22,556] {scheduler_job.py:190} INFO - Processing /home/airflow/.local/lib/python3.6/site-packages/airflow/example_dags/tutorial_taskflow_api_etl_virtualenv.py took 0.145 seconds
[2022-06-07 01:22:53,188] {scheduler_job.py:182} INFO - Started process (PID=507) to work on /home/airflow/.local/lib/python3.6/site-packages/airflow/example_dags/tutorial_taskflow_api_etl_virtualenv.py
[2022-06-07 01:22:53,188] {scheduler_job.py:633} INFO - Processing file /home/airflow/.local/lib/python3.6/site-packages/airflow/example_dags/tutorial_taskflow_api_etl_virtualenv.py for tasks to queue
[2022-06-07 01:22:53,188] {logging_mixin.py:104} INFO - [2022-06-07 01:22:53,188] {dagbag.py:487} INFO - Filling up the DagBag from /home/airflow/.local/lib/python3.6/site-packages/airflow/example_dags/tutorial_taskflow_api_etl_virtualenv.py
[2022-06-07 01:22:53,196] {scheduler_job.py:643} INFO - DAG(s) dict_keys(['tutorial_taskflow_api_etl_virtualenv']) retrieved from /home/airflow/.local/lib/python3.6/site-packages/airflow/example_dags/tutorial_taskflow_api_etl_virtualenv.py
[2022-06-07 01:22:53,317] {logging_mixin.py:104} INFO - [2022-06-07 01:22:53,317] {dag.py:1832} INFO - Sync 1 DAGs
[2022-06-07 01:22:53,322] {logging_mixin.py:104} INFO - [2022-06-07 01:22:53,322] {dag.py:2305} INFO - Setting next_dagrun for tutorial_taskflow_api_etl_virtualenv to None
[2022-06-07 01:22:53,329] {scheduler_job.py:190} INFO - Processing /home/airflow/.local/lib/python3.6/site-packages/airflow/example_dags/tutorial_taskflow_api_etl_virtualenv.py took 0.143 seconds
[2022-06-07 01:23:24,028] {scheduler_job.py:182} INFO - Started process (PID=637) to work on /home/airflow/.local/lib/python3.6/site-packages/airflow/example_dags/tutorial_taskflow_api_etl_virtualenv.py
[2022-06-07 01:23:24,029] {scheduler_job.py:633} INFO - Processing file /home/airflow/.local/lib/python3.6/site-packages/airflow/example_dags/tutorial_taskflow_api_etl_virtualenv.py for tasks to queue
[2022-06-07 01:23:24,029] {logging_mixin.py:104} INFO - [2022-06-07 01:23:24,029] {dagbag.py:487} INFO - Filling up the DagBag from /home/airflow/.local/lib/python3.6/site-packages/airflow/example_dags/tutorial_taskflow_api_etl_virtualenv.py
[2022-06-07 01:23:24,037] {scheduler_job.py:643} INFO - DAG(s) dict_keys(['tutorial_taskflow_api_etl_virtualenv']) retrieved from /home/airflow/.local/lib/python3.6/site-packages/airflow/example_dags/tutorial_taskflow_api_etl_virtualenv.py
[2022-06-07 01:23:24,158] {logging_mixin.py:104} INFO - [2022-06-07 01:23:24,158] {dag.py:1832} INFO - Sync 1 DAGs
[2022-06-07 01:23:24,164] {logging_mixin.py:104} INFO - [2022-06-07 01:23:24,164] {dag.py:2305} INFO - Setting next_dagrun for tutorial_taskflow_api_etl_virtualenv to None
[2022-06-07 01:23:24,170] {scheduler_job.py:190} INFO - Processing /home/airflow/.local/lib/python3.6/site-packages/airflow/example_dags/tutorial_taskflow_api_etl_virtualenv.py took 0.144 seconds
[2022-06-07 01:23:54,745] {scheduler_job.py:182} INFO - Started process (PID=734) to work on /home/airflow/.local/lib/python3.6/site-packages/airflow/example_dags/tutorial_taskflow_api_etl_virtualenv.py
[2022-06-07 01:23:54,745] {scheduler_job.py:633} INFO - Processing file /home/airflow/.local/lib/python3.6/site-packages/airflow/example_dags/tutorial_taskflow_api_etl_virtualenv.py for tasks to queue
[2022-06-07 01:23:54,745] {logging_mixin.py:104} INFO - [2022-06-07 01:23:54,745] {dagbag.py:487} INFO - Filling up the DagBag from /home/airflow/.local/lib/python3.6/site-packages/airflow/example_dags/tutorial_taskflow_api_etl_virtualenv.py
[2022-06-07 01:23:54,753] {scheduler_job.py:643} INFO - DAG(s) dict_keys(['tutorial_taskflow_api_etl_virtualenv']) retrieved from /home/airflow/.local/lib/python3.6/site-packages/airflow/example_dags/tutorial_taskflow_api_etl_virtualenv.py
[2022-06-07 01:23:54,874] {logging_mixin.py:104} INFO - [2022-06-07 01:23:54,874] {dag.py:1832} INFO - Sync 1 DAGs
[2022-06-07 01:23:54,879] {logging_mixin.py:104} INFO - [2022-06-07 01:23:54,879] {dag.py:2305} INFO - Setting next_dagrun for tutorial_taskflow_api_etl_virtualenv to None
[2022-06-07 01:23:54,887] {scheduler_job.py:190} INFO - Processing /home/airflow/.local/lib/python3.6/site-packages/airflow/example_dags/tutorial_taskflow_api_etl_virtualenv.py took 0.143 seconds
[2022-06-07 01:24:25,504] {scheduler_job.py:182} INFO - Started process (PID=864) to work on /home/airflow/.local/lib/python3.6/site-packages/airflow/example_dags/tutorial_taskflow_api_etl_virtualenv.py
[2022-06-07 01:24:25,505] {scheduler_job.py:633} INFO - Processing file /home/airflow/.local/lib/python3.6/site-packages/airflow/example_dags/tutorial_taskflow_api_etl_virtualenv.py for tasks to queue
[2022-06-07 01:24:25,505] {logging_mixin.py:104} INFO - [2022-06-07 01:24:25,505] {dagbag.py:487} INFO - Filling up the DagBag from /home/airflow/.local/lib/python3.6/site-packages/airflow/example_dags/tutorial_taskflow_api_etl_virtualenv.py
[2022-06-07 01:24:25,513] {scheduler_job.py:643} INFO - DAG(s) dict_keys(['tutorial_taskflow_api_etl_virtualenv']) retrieved from /home/airflow/.local/lib/python3.6/site-packages/airflow/example_dags/tutorial_taskflow_api_etl_virtualenv.py
[2022-06-07 01:24:25,633] {logging_mixin.py:104} INFO - [2022-06-07 01:24:25,633] {dag.py:1832} INFO - Sync 1 DAGs
[2022-06-07 01:24:25,638] {logging_mixin.py:104} INFO - [2022-06-07 01:24:25,638] {dag.py:2305} INFO - Setting next_dagrun for tutorial_taskflow_api_etl_virtualenv to None
[2022-06-07 01:24:25,643] {scheduler_job.py:190} INFO - Processing /home/airflow/.local/lib/python3.6/site-packages/airflow/example_dags/tutorial_taskflow_api_etl_virtualenv.py took 0.143 seconds
[2022-06-07 01:24:56,256] {scheduler_job.py:182} INFO - Started process (PID=994) to work on /home/airflow/.local/lib/python3.6/site-packages/airflow/example_dags/tutorial_taskflow_api_etl_virtualenv.py
[2022-06-07 01:24:56,256] {scheduler_job.py:633} INFO - Processing file /home/airflow/.local/lib/python3.6/site-packages/airflow/example_dags/tutorial_taskflow_api_etl_virtualenv.py for tasks to queue
[2022-06-07 01:24:56,256] {logging_mixin.py:104} INFO - [2022-06-07 01:24:56,256] {dagbag.py:487} INFO - Filling up the DagBag from /home/airflow/.local/lib/python3.6/site-packages/airflow/example_dags/tutorial_taskflow_api_etl_virtualenv.py
[2022-06-07 01:24:56,265] {scheduler_job.py:643} INFO - DAG(s) dict_keys(['tutorial_taskflow_api_etl_virtualenv']) retrieved from /home/airflow/.local/lib/python3.6/site-packages/airflow/example_dags/tutorial_taskflow_api_etl_virtualenv.py
[2022-06-07 01:24:56,383] {logging_mixin.py:104} INFO - [2022-06-07 01:24:56,383] {dag.py:1832} INFO - Sync 1 DAGs
[2022-06-07 01:24:56,388] {logging_mixin.py:104} INFO - [2022-06-07 01:24:56,388] {dag.py:2305} INFO - Setting next_dagrun for tutorial_taskflow_api_etl_virtualenv to None
[2022-06-07 01:24:56,394] {scheduler_job.py:190} INFO - Processing /home/airflow/.local/lib/python3.6/site-packages/airflow/example_dags/tutorial_taskflow_api_etl_virtualenv.py took 0.139 seconds
[2022-06-07 01:25:26,960] {scheduler_job.py:182} INFO - Started process (PID=1124) to work on /home/airflow/.local/lib/python3.6/site-packages/airflow/example_dags/tutorial_taskflow_api_etl_virtualenv.py
[2022-06-07 01:25:26,961] {scheduler_job.py:633} INFO - Processing file /home/airflow/.local/lib/python3.6/site-packages/airflow/example_dags/tutorial_taskflow_api_etl_virtualenv.py for tasks to queue
[2022-06-07 01:25:26,961] {logging_mixin.py:104} INFO - [2022-06-07 01:25:26,961] {dagbag.py:487} INFO - Filling up the DagBag from /home/airflow/.local/lib/python3.6/site-packages/airflow/example_dags/tutorial_taskflow_api_etl_virtualenv.py
[2022-06-07 01:25:26,969] {scheduler_job.py:643} INFO - DAG(s) dict_keys(['tutorial_taskflow_api_etl_virtualenv']) retrieved from /home/airflow/.local/lib/python3.6/site-packages/airflow/example_dags/tutorial_taskflow_api_etl_virtualenv.py
[2022-06-07 01:25:27,092] {logging_mixin.py:104} INFO - [2022-06-07 01:25:27,092] {dag.py:1832} INFO - Sync 1 DAGs
[2022-06-07 01:25:27,097] {logging_mixin.py:104} INFO - [2022-06-07 01:25:27,097] {dag.py:2305} INFO - Setting next_dagrun for tutorial_taskflow_api_etl_virtualenv to None
[2022-06-07 01:25:27,105] {scheduler_job.py:190} INFO - Processing /home/airflow/.local/lib/python3.6/site-packages/airflow/example_dags/tutorial_taskflow_api_etl_virtualenv.py took 0.148 seconds
[2022-06-07 01:25:57,738] {scheduler_job.py:182} INFO - Started process (PID=1221) to work on /home/airflow/.local/lib/python3.6/site-packages/airflow/example_dags/tutorial_taskflow_api_etl_virtualenv.py
[2022-06-07 01:25:57,738] {scheduler_job.py:633} INFO - Processing file /home/airflow/.local/lib/python3.6/site-packages/airflow/example_dags/tutorial_taskflow_api_etl_virtualenv.py for tasks to queue
[2022-06-07 01:25:57,739] {logging_mixin.py:104} INFO - [2022-06-07 01:25:57,739] {dagbag.py:487} INFO - Filling up the DagBag from /home/airflow/.local/lib/python3.6/site-packages/airflow/example_dags/tutorial_taskflow_api_etl_virtualenv.py
[2022-06-07 01:25:57,746] {scheduler_job.py:643} INFO - DAG(s) dict_keys(['tutorial_taskflow_api_etl_virtualenv']) retrieved from /home/airflow/.local/lib/python3.6/site-packages/airflow/example_dags/tutorial_taskflow_api_etl_virtualenv.py
[2022-06-07 01:25:57,867] {logging_mixin.py:104} INFO - [2022-06-07 01:25:57,867] {dag.py:1832} INFO - Sync 1 DAGs
[2022-06-07 01:25:57,873] {logging_mixin.py:104} INFO - [2022-06-07 01:25:57,873] {dag.py:2305} INFO - Setting next_dagrun for tutorial_taskflow_api_etl_virtualenv to None
[2022-06-07 01:25:57,880] {scheduler_job.py:190} INFO - Processing /home/airflow/.local/lib/python3.6/site-packages/airflow/example_dags/tutorial_taskflow_api_etl_virtualenv.py took 0.147 seconds
[2022-06-07 01:26:28,469] {scheduler_job.py:182} INFO - Started process (PID=1350) to work on /home/airflow/.local/lib/python3.6/site-packages/airflow/example_dags/tutorial_taskflow_api_etl_virtualenv.py
[2022-06-07 01:26:28,470] {scheduler_job.py:633} INFO - Processing file /home/airflow/.local/lib/python3.6/site-packages/airflow/example_dags/tutorial_taskflow_api_etl_virtualenv.py for tasks to queue
[2022-06-07 01:26:28,470] {logging_mixin.py:104} INFO - [2022-06-07 01:26:28,470] {dagbag.py:487} INFO - Filling up the DagBag from /home/airflow/.local/lib/python3.6/site-packages/airflow/example_dags/tutorial_taskflow_api_etl_virtualenv.py
[2022-06-07 01:26:28,477] {scheduler_job.py:643} INFO - DAG(s) dict_keys(['tutorial_taskflow_api_etl_virtualenv']) retrieved from /home/airflow/.local/lib/python3.6/site-packages/airflow/example_dags/tutorial_taskflow_api_etl_virtualenv.py
[2022-06-07 01:26:28,601] {logging_mixin.py:104} INFO - [2022-06-07 01:26:28,601] {dag.py:1832} INFO - Sync 1 DAGs
[2022-06-07 01:26:28,607] {logging_mixin.py:104} INFO - [2022-06-07 01:26:28,607] {dag.py:2305} INFO - Setting next_dagrun for tutorial_taskflow_api_etl_virtualenv to None
[2022-06-07 01:26:28,614] {scheduler_job.py:190} INFO - Processing /home/airflow/.local/lib/python3.6/site-packages/airflow/example_dags/tutorial_taskflow_api_etl_virtualenv.py took 0.146 seconds
[2022-06-07 01:26:59,140] {scheduler_job.py:182} INFO - Started process (PID=1480) to work on /home/airflow/.local/lib/python3.6/site-packages/airflow/example_dags/tutorial_taskflow_api_etl_virtualenv.py
[2022-06-07 01:26:59,141] {scheduler_job.py:633} INFO - Processing file /home/airflow/.local/lib/python3.6/site-packages/airflow/example_dags/tutorial_taskflow_api_etl_virtualenv.py for tasks to queue
[2022-06-07 01:26:59,141] {logging_mixin.py:104} INFO - [2022-06-07 01:26:59,141] {dagbag.py:487} INFO - Filling up the DagBag from /home/airflow/.local/lib/python3.6/site-packages/airflow/example_dags/tutorial_taskflow_api_etl_virtualenv.py
[2022-06-07 01:26:59,147] {scheduler_job.py:643} INFO - DAG(s) dict_keys(['tutorial_taskflow_api_etl_virtualenv']) retrieved from /home/airflow/.local/lib/python3.6/site-packages/airflow/example_dags/tutorial_taskflow_api_etl_virtualenv.py
[2022-06-07 01:26:59,271] {logging_mixin.py:104} INFO - [2022-06-07 01:26:59,271] {dag.py:1832} INFO - Sync 1 DAGs
[2022-06-07 01:26:59,276] {logging_mixin.py:104} INFO - [2022-06-07 01:26:59,276] {dag.py:2305} INFO - Setting next_dagrun for tutorial_taskflow_api_etl_virtualenv to None
[2022-06-07 01:26:59,282] {scheduler_job.py:190} INFO - Processing /home/airflow/.local/lib/python3.6/site-packages/airflow/example_dags/tutorial_taskflow_api_etl_virtualenv.py took 0.143 seconds
[2022-06-07 01:27:29,907] {scheduler_job.py:182} INFO - Started process (PID=1610) to work on /home/airflow/.local/lib/python3.6/site-packages/airflow/example_dags/tutorial_taskflow_api_etl_virtualenv.py
[2022-06-07 01:27:29,908] {scheduler_job.py:633} INFO - Processing file /home/airflow/.local/lib/python3.6/site-packages/airflow/example_dags/tutorial_taskflow_api_etl_virtualenv.py for tasks to queue
[2022-06-07 01:27:29,908] {logging_mixin.py:104} INFO - [2022-06-07 01:27:29,908] {dagbag.py:487} INFO - Filling up the DagBag from /home/airflow/.local/lib/python3.6/site-packages/airflow/example_dags/tutorial_taskflow_api_etl_virtualenv.py
[2022-06-07 01:27:29,915] {scheduler_job.py:643} INFO - DAG(s) dict_keys(['tutorial_taskflow_api_etl_virtualenv']) retrieved from /home/airflow/.local/lib/python3.6/site-packages/airflow/example_dags/tutorial_taskflow_api_etl_virtualenv.py
[2022-06-07 01:27:29,954] {logging_mixin.py:104} INFO - [2022-06-07 01:27:29,954] {dag.py:1832} INFO - Sync 1 DAGs
[2022-06-07 01:27:29,961] {logging_mixin.py:104} INFO - [2022-06-07 01:27:29,961] {dag.py:2305} INFO - Setting next_dagrun for tutorial_taskflow_api_etl_virtualenv to None
[2022-06-07 01:27:29,971] {scheduler_job.py:190} INFO - Processing /home/airflow/.local/lib/python3.6/site-packages/airflow/example_dags/tutorial_taskflow_api_etl_virtualenv.py took 0.066 seconds
