[2022-06-07 01:21:28,621] {scheduler_job.py:182} INFO - Started process (PID=163) to work on /home/airflow/.local/lib/python3.6/site-packages/airflow/example_dags/tutorial_etl_dag.py
[2022-06-07 01:21:28,622] {scheduler_job.py:633} INFO - Processing file /home/airflow/.local/lib/python3.6/site-packages/airflow/example_dags/tutorial_etl_dag.py for tasks to queue
[2022-06-07 01:21:28,622] {logging_mixin.py:104} INFO - [2022-06-07 01:21:28,622] {dagbag.py:487} INFO - Filling up the DagBag from /home/airflow/.local/lib/python3.6/site-packages/airflow/example_dags/tutorial_etl_dag.py
[2022-06-07 01:21:28,627] {scheduler_job.py:643} INFO - DAG(s) dict_keys(['tutorial_etl_dag']) retrieved from /home/airflow/.local/lib/python3.6/site-packages/airflow/example_dags/tutorial_etl_dag.py
[2022-06-07 01:21:29,483] {logging_mixin.py:104} INFO - [2022-06-07 01:21:29,483] {dag.py:1832} INFO - Sync 1 DAGs
[2022-06-07 01:21:29,487] {logging_mixin.py:104} INFO - [2022-06-07 01:21:29,487] {dag.py:1851} INFO - Creating ORM DAG for tutorial_etl_dag
[2022-06-07 01:21:29,489] {logging_mixin.py:104} INFO - [2022-06-07 01:21:29,489] {dag.py:2305} INFO - Setting next_dagrun for tutorial_etl_dag to None
[2022-06-07 01:21:29,493] {scheduler_job.py:190} INFO - Processing /home/airflow/.local/lib/python3.6/site-packages/airflow/example_dags/tutorial_etl_dag.py took 0.873 seconds
[2022-06-07 01:22:00,094] {scheduler_job.py:182} INFO - Started process (PID=298) to work on /home/airflow/.local/lib/python3.6/site-packages/airflow/example_dags/tutorial_etl_dag.py
[2022-06-07 01:22:00,095] {scheduler_job.py:633} INFO - Processing file /home/airflow/.local/lib/python3.6/site-packages/airflow/example_dags/tutorial_etl_dag.py for tasks to queue
[2022-06-07 01:22:00,095] {logging_mixin.py:104} INFO - [2022-06-07 01:22:00,095] {dagbag.py:487} INFO - Filling up the DagBag from /home/airflow/.local/lib/python3.6/site-packages/airflow/example_dags/tutorial_etl_dag.py
[2022-06-07 01:22:00,101] {scheduler_job.py:643} INFO - DAG(s) dict_keys(['tutorial_etl_dag']) retrieved from /home/airflow/.local/lib/python3.6/site-packages/airflow/example_dags/tutorial_etl_dag.py
[2022-06-07 01:22:00,112] {logging_mixin.py:104} INFO - [2022-06-07 01:22:00,112] {dag.py:1832} INFO - Sync 1 DAGs
[2022-06-07 01:22:00,118] {logging_mixin.py:104} INFO - [2022-06-07 01:22:00,117] {dag.py:2305} INFO - Setting next_dagrun for tutorial_etl_dag to None
[2022-06-07 01:22:00,126] {scheduler_job.py:190} INFO - Processing /home/airflow/.local/lib/python3.6/site-packages/airflow/example_dags/tutorial_etl_dag.py took 0.032 seconds
[2022-06-07 01:22:30,879] {scheduler_job.py:182} INFO - Started process (PID=427) to work on /home/airflow/.local/lib/python3.6/site-packages/airflow/example_dags/tutorial_etl_dag.py
[2022-06-07 01:22:30,880] {scheduler_job.py:633} INFO - Processing file /home/airflow/.local/lib/python3.6/site-packages/airflow/example_dags/tutorial_etl_dag.py for tasks to queue
[2022-06-07 01:22:30,881] {logging_mixin.py:104} INFO - [2022-06-07 01:22:30,881] {dagbag.py:487} INFO - Filling up the DagBag from /home/airflow/.local/lib/python3.6/site-packages/airflow/example_dags/tutorial_etl_dag.py
[2022-06-07 01:22:30,888] {scheduler_job.py:643} INFO - DAG(s) dict_keys(['tutorial_etl_dag']) retrieved from /home/airflow/.local/lib/python3.6/site-packages/airflow/example_dags/tutorial_etl_dag.py
[2022-06-07 01:22:30,896] {logging_mixin.py:104} INFO - [2022-06-07 01:22:30,896] {dag.py:1832} INFO - Sync 1 DAGs
[2022-06-07 01:22:30,902] {logging_mixin.py:104} INFO - [2022-06-07 01:22:30,902] {dag.py:2305} INFO - Setting next_dagrun for tutorial_etl_dag to None
[2022-06-07 01:22:30,906] {scheduler_job.py:190} INFO - Processing /home/airflow/.local/lib/python3.6/site-packages/airflow/example_dags/tutorial_etl_dag.py took 0.030 seconds
[2022-06-07 01:23:01,718] {scheduler_job.py:182} INFO - Started process (PID=557) to work on /home/airflow/.local/lib/python3.6/site-packages/airflow/example_dags/tutorial_etl_dag.py
[2022-06-07 01:23:01,718] {scheduler_job.py:633} INFO - Processing file /home/airflow/.local/lib/python3.6/site-packages/airflow/example_dags/tutorial_etl_dag.py for tasks to queue
[2022-06-07 01:23:01,719] {logging_mixin.py:104} INFO - [2022-06-07 01:23:01,719] {dagbag.py:487} INFO - Filling up the DagBag from /home/airflow/.local/lib/python3.6/site-packages/airflow/example_dags/tutorial_etl_dag.py
[2022-06-07 01:23:01,725] {scheduler_job.py:643} INFO - DAG(s) dict_keys(['tutorial_etl_dag']) retrieved from /home/airflow/.local/lib/python3.6/site-packages/airflow/example_dags/tutorial_etl_dag.py
[2022-06-07 01:23:01,735] {logging_mixin.py:104} INFO - [2022-06-07 01:23:01,735] {dag.py:1832} INFO - Sync 1 DAGs
[2022-06-07 01:23:01,741] {logging_mixin.py:104} INFO - [2022-06-07 01:23:01,741] {dag.py:2305} INFO - Setting next_dagrun for tutorial_etl_dag to None
[2022-06-07 01:23:01,746] {scheduler_job.py:190} INFO - Processing /home/airflow/.local/lib/python3.6/site-packages/airflow/example_dags/tutorial_etl_dag.py took 0.031 seconds
[2022-06-07 01:23:32,421] {scheduler_job.py:182} INFO - Started process (PID=654) to work on /home/airflow/.local/lib/python3.6/site-packages/airflow/example_dags/tutorial_etl_dag.py
[2022-06-07 01:23:32,423] {scheduler_job.py:633} INFO - Processing file /home/airflow/.local/lib/python3.6/site-packages/airflow/example_dags/tutorial_etl_dag.py for tasks to queue
[2022-06-07 01:23:32,423] {logging_mixin.py:104} INFO - [2022-06-07 01:23:32,423] {dagbag.py:487} INFO - Filling up the DagBag from /home/airflow/.local/lib/python3.6/site-packages/airflow/example_dags/tutorial_etl_dag.py
[2022-06-07 01:23:32,429] {scheduler_job.py:643} INFO - DAG(s) dict_keys(['tutorial_etl_dag']) retrieved from /home/airflow/.local/lib/python3.6/site-packages/airflow/example_dags/tutorial_etl_dag.py
[2022-06-07 01:23:32,438] {logging_mixin.py:104} INFO - [2022-06-07 01:23:32,438] {dag.py:1832} INFO - Sync 1 DAGs
[2022-06-07 01:23:32,443] {logging_mixin.py:104} INFO - [2022-06-07 01:23:32,443] {dag.py:2305} INFO - Setting next_dagrun for tutorial_etl_dag to None
[2022-06-07 01:23:32,447] {scheduler_job.py:190} INFO - Processing /home/airflow/.local/lib/python3.6/site-packages/airflow/example_dags/tutorial_etl_dag.py took 0.029 seconds
[2022-06-07 01:24:03,197] {scheduler_job.py:182} INFO - Started process (PID=784) to work on /home/airflow/.local/lib/python3.6/site-packages/airflow/example_dags/tutorial_etl_dag.py
[2022-06-07 01:24:03,198] {scheduler_job.py:633} INFO - Processing file /home/airflow/.local/lib/python3.6/site-packages/airflow/example_dags/tutorial_etl_dag.py for tasks to queue
[2022-06-07 01:24:03,198] {logging_mixin.py:104} INFO - [2022-06-07 01:24:03,198] {dagbag.py:487} INFO - Filling up the DagBag from /home/airflow/.local/lib/python3.6/site-packages/airflow/example_dags/tutorial_etl_dag.py
[2022-06-07 01:24:03,207] {scheduler_job.py:643} INFO - DAG(s) dict_keys(['tutorial_etl_dag']) retrieved from /home/airflow/.local/lib/python3.6/site-packages/airflow/example_dags/tutorial_etl_dag.py
[2022-06-07 01:24:03,216] {logging_mixin.py:104} INFO - [2022-06-07 01:24:03,216] {dag.py:1832} INFO - Sync 1 DAGs
[2022-06-07 01:24:03,222] {logging_mixin.py:104} INFO - [2022-06-07 01:24:03,222] {dag.py:2305} INFO - Setting next_dagrun for tutorial_etl_dag to None
[2022-06-07 01:24:03,227] {scheduler_job.py:190} INFO - Processing /home/airflow/.local/lib/python3.6/site-packages/airflow/example_dags/tutorial_etl_dag.py took 0.031 seconds
[2022-06-07 01:24:33,912] {scheduler_job.py:182} INFO - Started process (PID=914) to work on /home/airflow/.local/lib/python3.6/site-packages/airflow/example_dags/tutorial_etl_dag.py
[2022-06-07 01:24:33,912] {scheduler_job.py:633} INFO - Processing file /home/airflow/.local/lib/python3.6/site-packages/airflow/example_dags/tutorial_etl_dag.py for tasks to queue
[2022-06-07 01:24:33,912] {logging_mixin.py:104} INFO - [2022-06-07 01:24:33,912] {dagbag.py:487} INFO - Filling up the DagBag from /home/airflow/.local/lib/python3.6/site-packages/airflow/example_dags/tutorial_etl_dag.py
[2022-06-07 01:24:33,919] {scheduler_job.py:643} INFO - DAG(s) dict_keys(['tutorial_etl_dag']) retrieved from /home/airflow/.local/lib/python3.6/site-packages/airflow/example_dags/tutorial_etl_dag.py
[2022-06-07 01:24:33,927] {logging_mixin.py:104} INFO - [2022-06-07 01:24:33,927] {dag.py:1832} INFO - Sync 1 DAGs
[2022-06-07 01:24:33,933] {logging_mixin.py:104} INFO - [2022-06-07 01:24:33,933] {dag.py:2305} INFO - Setting next_dagrun for tutorial_etl_dag to None
[2022-06-07 01:24:33,938] {scheduler_job.py:190} INFO - Processing /home/airflow/.local/lib/python3.6/site-packages/airflow/example_dags/tutorial_etl_dag.py took 0.028 seconds
[2022-06-07 01:25:04,639] {scheduler_job.py:182} INFO - Started process (PID=1044) to work on /home/airflow/.local/lib/python3.6/site-packages/airflow/example_dags/tutorial_etl_dag.py
[2022-06-07 01:25:04,639] {scheduler_job.py:633} INFO - Processing file /home/airflow/.local/lib/python3.6/site-packages/airflow/example_dags/tutorial_etl_dag.py for tasks to queue
[2022-06-07 01:25:04,639] {logging_mixin.py:104} INFO - [2022-06-07 01:25:04,639] {dagbag.py:487} INFO - Filling up the DagBag from /home/airflow/.local/lib/python3.6/site-packages/airflow/example_dags/tutorial_etl_dag.py
[2022-06-07 01:25:04,646] {scheduler_job.py:643} INFO - DAG(s) dict_keys(['tutorial_etl_dag']) retrieved from /home/airflow/.local/lib/python3.6/site-packages/airflow/example_dags/tutorial_etl_dag.py
[2022-06-07 01:25:04,655] {logging_mixin.py:104} INFO - [2022-06-07 01:25:04,655] {dag.py:1832} INFO - Sync 1 DAGs
[2022-06-07 01:25:04,660] {logging_mixin.py:104} INFO - [2022-06-07 01:25:04,660] {dag.py:2305} INFO - Setting next_dagrun for tutorial_etl_dag to None
[2022-06-07 01:25:04,665] {scheduler_job.py:190} INFO - Processing /home/airflow/.local/lib/python3.6/site-packages/airflow/example_dags/tutorial_etl_dag.py took 0.028 seconds
[2022-06-07 01:25:35,423] {scheduler_job.py:182} INFO - Started process (PID=1141) to work on /home/airflow/.local/lib/python3.6/site-packages/airflow/example_dags/tutorial_etl_dag.py
[2022-06-07 01:25:35,423] {scheduler_job.py:633} INFO - Processing file /home/airflow/.local/lib/python3.6/site-packages/airflow/example_dags/tutorial_etl_dag.py for tasks to queue
[2022-06-07 01:25:35,424] {logging_mixin.py:104} INFO - [2022-06-07 01:25:35,424] {dagbag.py:487} INFO - Filling up the DagBag from /home/airflow/.local/lib/python3.6/site-packages/airflow/example_dags/tutorial_etl_dag.py
[2022-06-07 01:25:35,432] {scheduler_job.py:643} INFO - DAG(s) dict_keys(['tutorial_etl_dag']) retrieved from /home/airflow/.local/lib/python3.6/site-packages/airflow/example_dags/tutorial_etl_dag.py
[2022-06-07 01:25:35,442] {logging_mixin.py:104} INFO - [2022-06-07 01:25:35,441] {dag.py:1832} INFO - Sync 1 DAGs
[2022-06-07 01:25:35,448] {logging_mixin.py:104} INFO - [2022-06-07 01:25:35,448] {dag.py:2305} INFO - Setting next_dagrun for tutorial_etl_dag to None
[2022-06-07 01:25:35,460] {scheduler_job.py:190} INFO - Processing /home/airflow/.local/lib/python3.6/site-packages/airflow/example_dags/tutorial_etl_dag.py took 0.038 seconds
[2022-06-07 01:26:06,136] {scheduler_job.py:182} INFO - Started process (PID=1270) to work on /home/airflow/.local/lib/python3.6/site-packages/airflow/example_dags/tutorial_etl_dag.py
[2022-06-07 01:26:06,137] {scheduler_job.py:633} INFO - Processing file /home/airflow/.local/lib/python3.6/site-packages/airflow/example_dags/tutorial_etl_dag.py for tasks to queue
[2022-06-07 01:26:06,137] {logging_mixin.py:104} INFO - [2022-06-07 01:26:06,137] {dagbag.py:487} INFO - Filling up the DagBag from /home/airflow/.local/lib/python3.6/site-packages/airflow/example_dags/tutorial_etl_dag.py
[2022-06-07 01:26:06,145] {scheduler_job.py:643} INFO - DAG(s) dict_keys(['tutorial_etl_dag']) retrieved from /home/airflow/.local/lib/python3.6/site-packages/airflow/example_dags/tutorial_etl_dag.py
[2022-06-07 01:26:06,156] {logging_mixin.py:104} INFO - [2022-06-07 01:26:06,156] {dag.py:1832} INFO - Sync 1 DAGs
[2022-06-07 01:26:06,162] {logging_mixin.py:104} INFO - [2022-06-07 01:26:06,162] {dag.py:2305} INFO - Setting next_dagrun for tutorial_etl_dag to None
[2022-06-07 01:26:06,167] {scheduler_job.py:190} INFO - Processing /home/airflow/.local/lib/python3.6/site-packages/airflow/example_dags/tutorial_etl_dag.py took 0.032 seconds
[2022-06-07 01:26:36,794] {scheduler_job.py:182} INFO - Started process (PID=1400) to work on /home/airflow/.local/lib/python3.6/site-packages/airflow/example_dags/tutorial_etl_dag.py
[2022-06-07 01:26:36,794] {scheduler_job.py:633} INFO - Processing file /home/airflow/.local/lib/python3.6/site-packages/airflow/example_dags/tutorial_etl_dag.py for tasks to queue
[2022-06-07 01:26:36,795] {logging_mixin.py:104} INFO - [2022-06-07 01:26:36,795] {dagbag.py:487} INFO - Filling up the DagBag from /home/airflow/.local/lib/python3.6/site-packages/airflow/example_dags/tutorial_etl_dag.py
[2022-06-07 01:26:36,799] {scheduler_job.py:643} INFO - DAG(s) dict_keys(['tutorial_etl_dag']) retrieved from /home/airflow/.local/lib/python3.6/site-packages/airflow/example_dags/tutorial_etl_dag.py
[2022-06-07 01:26:36,812] {logging_mixin.py:104} INFO - [2022-06-07 01:26:36,812] {dag.py:1832} INFO - Sync 1 DAGs
[2022-06-07 01:26:36,818] {logging_mixin.py:104} INFO - [2022-06-07 01:26:36,818] {dag.py:2305} INFO - Setting next_dagrun for tutorial_etl_dag to None
[2022-06-07 01:26:36,822] {scheduler_job.py:190} INFO - Processing /home/airflow/.local/lib/python3.6/site-packages/airflow/example_dags/tutorial_etl_dag.py took 0.029 seconds
[2022-06-07 01:27:07,633] {scheduler_job.py:182} INFO - Started process (PID=1530) to work on /home/airflow/.local/lib/python3.6/site-packages/airflow/example_dags/tutorial_etl_dag.py
[2022-06-07 01:27:07,633] {scheduler_job.py:633} INFO - Processing file /home/airflow/.local/lib/python3.6/site-packages/airflow/example_dags/tutorial_etl_dag.py for tasks to queue
[2022-06-07 01:27:07,634] {logging_mixin.py:104} INFO - [2022-06-07 01:27:07,634] {dagbag.py:487} INFO - Filling up the DagBag from /home/airflow/.local/lib/python3.6/site-packages/airflow/example_dags/tutorial_etl_dag.py
[2022-06-07 01:27:07,640] {scheduler_job.py:643} INFO - DAG(s) dict_keys(['tutorial_etl_dag']) retrieved from /home/airflow/.local/lib/python3.6/site-packages/airflow/example_dags/tutorial_etl_dag.py
[2022-06-07 01:27:07,651] {logging_mixin.py:104} INFO - [2022-06-07 01:27:07,651] {dag.py:1832} INFO - Sync 1 DAGs
[2022-06-07 01:27:07,657] {logging_mixin.py:104} INFO - [2022-06-07 01:27:07,657] {dag.py:2305} INFO - Setting next_dagrun for tutorial_etl_dag to None
[2022-06-07 01:27:07,663] {scheduler_job.py:190} INFO - Processing /home/airflow/.local/lib/python3.6/site-packages/airflow/example_dags/tutorial_etl_dag.py took 0.031 seconds
[2022-06-07 01:27:38,232] {scheduler_job.py:182} INFO - Started process (PID=1633) to work on /home/airflow/.local/lib/python3.6/site-packages/airflow/example_dags/tutorial_etl_dag.py
[2022-06-07 01:27:38,232] {scheduler_job.py:633} INFO - Processing file /home/airflow/.local/lib/python3.6/site-packages/airflow/example_dags/tutorial_etl_dag.py for tasks to queue
[2022-06-07 01:27:38,232] {logging_mixin.py:104} INFO - [2022-06-07 01:27:38,232] {dagbag.py:487} INFO - Filling up the DagBag from /home/airflow/.local/lib/python3.6/site-packages/airflow/example_dags/tutorial_etl_dag.py
[2022-06-07 01:27:38,238] {scheduler_job.py:643} INFO - DAG(s) dict_keys(['tutorial_etl_dag']) retrieved from /home/airflow/.local/lib/python3.6/site-packages/airflow/example_dags/tutorial_etl_dag.py
[2022-06-07 01:27:38,246] {logging_mixin.py:104} INFO - [2022-06-07 01:27:38,246] {dag.py:1832} INFO - Sync 1 DAGs
[2022-06-07 01:27:38,253] {logging_mixin.py:104} INFO - [2022-06-07 01:27:38,253] {dag.py:2305} INFO - Setting next_dagrun for tutorial_etl_dag to None
[2022-06-07 01:27:38,257] {scheduler_job.py:190} INFO - Processing /home/airflow/.local/lib/python3.6/site-packages/airflow/example_dags/tutorial_etl_dag.py took 0.028 seconds
